[2024-09-19T23:36:28.617+0000] {manager.py:486} INFO - Processing files using up to 1 processes at a time 
[2024-09-19T23:36:28.617+0000] {manager.py:487} INFO - Process each file at most once every 30 seconds
[2024-09-19T23:36:28.618+0000] {manager.py:488} INFO - Checking for new files in /workspaces/hands-on-introduction-data-engineering-4395021/airflow/dags every 300 seconds
[2024-09-19T23:36:28.618+0000] {manager.py:832} INFO - Searching for files in /workspaces/hands-on-introduction-data-engineering-4395021/airflow/dags
[2024-09-19T23:36:28.619+0000] {manager.py:835} INFO - There are 0 files in /workspaces/hands-on-introduction-data-engineering-4395021/airflow/dags
[2024-09-19T23:41:28.701+0000] {manager.py:832} INFO - Searching for files in /workspaces/hands-on-introduction-data-engineering-4395021/airflow/dags
[2024-09-19T23:41:28.702+0000] {manager.py:835} INFO - There are 1 files in /workspaces/hands-on-introduction-data-engineering-4395021/airflow/dags
[2024-09-19T23:41:30.488+0000] {manager.py:1008} INFO - 
================================================================================
DAG File Processing Stats

File Path                                                                                PID    Runtime      # DAGs    # Errors  Last Runtime    Last Run               Last # of DB Queries
---------------------------------------------------------------------------------------  -----  ---------  --------  ----------  --------------  -------------------  ----------------------
/workspaces/hands-on-introduction-data-engineering-4395021/airflow/dags/two_task_dag.py                           0           1  0.10s           2024-09-19T23:41:28                       3
================================================================================
[2024-09-19T23:42:00.891+0000] {manager.py:1008} INFO - 
================================================================================
DAG File Processing Stats

File Path                                                                                PID    Runtime      # DAGs    # Errors  Last Runtime    Last Run               Last # of DB Queries
---------------------------------------------------------------------------------------  -----  ---------  --------  ----------  --------------  -------------------  ----------------------
/workspaces/hands-on-introduction-data-engineering-4395021/airflow/dags/two_task_dag.py                           0           0  0.10s           2024-09-19T23:42:00                       3
================================================================================
[2024-09-19T23:42:31.205+0000] {manager.py:1008} INFO - 
================================================================================
DAG File Processing Stats

File Path                                                                                PID    Runtime      # DAGs    # Errors  Last Runtime    Last Run               Last # of DB Queries
---------------------------------------------------------------------------------------  -----  ---------  --------  ----------  --------------  -------------------  ----------------------
/workspaces/hands-on-introduction-data-engineering-4395021/airflow/dags/two_task_dag.py                           0           0  0.10s           2024-09-19T23:42:31                       3
================================================================================
[2024-09-19T23:43:01.294+0000] {manager.py:1008} INFO - 
================================================================================
DAG File Processing Stats

File Path                                                                                PID    Runtime      # DAGs    # Errors  Last Runtime    Last Run               Last # of DB Queries
---------------------------------------------------------------------------------------  -----  ---------  --------  ----------  --------------  -------------------  ----------------------
/workspaces/hands-on-introduction-data-engineering-4395021/airflow/dags/two_task_dag.py                           0           1  0.10s           2024-09-19T23:43:01                       3
================================================================================
[2024-09-19T23:43:31.425+0000] {manager.py:1008} INFO - 
================================================================================
DAG File Processing Stats

File Path                                                                                PID    Runtime      # DAGs    # Errors  Last Runtime    Last Run               Last # of DB Queries
---------------------------------------------------------------------------------------  -----  ---------  --------  ----------  --------------  -------------------  ----------------------
/workspaces/hands-on-introduction-data-engineering-4395021/airflow/dags/two_task_dag.py                           0           1  0.10s           2024-09-19T23:43:30                       3
================================================================================
[2024-09-19T23:44:02.245+0000] {manager.py:1008} INFO - 
================================================================================
DAG File Processing Stats

File Path                                                                                PID    Runtime      # DAGs    # Errors  Last Runtime    Last Run               Last # of DB Queries
---------------------------------------------------------------------------------------  -----  ---------  --------  ----------  --------------  -------------------  ----------------------
/workspaces/hands-on-introduction-data-engineering-4395021/airflow/dags/two_task_dag.py                           0           1  0.10s           2024-09-19T23:44:01                       3
================================================================================
[2024-09-19T23:44:32.809+0000] {manager.py:1008} INFO - 
================================================================================
DAG File Processing Stats

File Path                                                                                PID    Runtime      # DAGs    # Errors  Last Runtime    Last Run               Last # of DB Queries
---------------------------------------------------------------------------------------  -----  ---------  --------  ----------  --------------  -------------------  ----------------------
/workspaces/hands-on-introduction-data-engineering-4395021/airflow/dags/two_task_dag.py                           0           1  0.10s           2024-09-19T23:44:32                       5
================================================================================
[2024-09-19T23:45:03.458+0000] {manager.py:1008} INFO - 
================================================================================
DAG File Processing Stats

File Path                                                                                PID    Runtime      # DAGs    # Errors  Last Runtime    Last Run               Last # of DB Queries
---------------------------------------------------------------------------------------  -----  ---------  --------  ----------  --------------  -------------------  ----------------------
/workspaces/hands-on-introduction-data-engineering-4395021/airflow/dags/two_task_dag.py                           0           1  0.11s           2024-09-19T23:45:03                       5
================================================================================
[2024-09-19T23:45:33.778+0000] {manager.py:1008} INFO - 
================================================================================
DAG File Processing Stats

File Path                                                                                PID    Runtime      # DAGs    # Errors  Last Runtime    Last Run               Last # of DB Queries
---------------------------------------------------------------------------------------  -----  ---------  --------  ----------  --------------  -------------------  ----------------------
/workspaces/hands-on-introduction-data-engineering-4395021/airflow/dags/two_task_dag.py                           0           1  0.10s           2024-09-19T23:45:18                       5
================================================================================
[2024-09-19T23:46:04.227+0000] {manager.py:1008} INFO - 
================================================================================
DAG File Processing Stats

File Path                                                                                PID    Runtime      # DAGs    # Errors  Last Runtime    Last Run               Last # of DB Queries
---------------------------------------------------------------------------------------  -----  ---------  --------  ----------  --------------  -------------------  ----------------------
/workspaces/hands-on-introduction-data-engineering-4395021/airflow/dags/two_task_dag.py                           0           1  0.10s           2024-09-19T23:45:49                       5
================================================================================
[2024-09-19T23:46:28.872+0000] {manager.py:832} INFO - Searching for files in /workspaces/hands-on-introduction-data-engineering-4395021/airflow/dags
[2024-09-19T23:46:28.874+0000] {manager.py:835} INFO - There are 1 files in /workspaces/hands-on-introduction-data-engineering-4395021/airflow/dags
[2024-09-19T23:46:34.699+0000] {manager.py:1008} INFO - 
================================================================================
DAG File Processing Stats

File Path                                                                                PID    Runtime      # DAGs    # Errors  Last Runtime    Last Run               Last # of DB Queries
---------------------------------------------------------------------------------------  -----  ---------  --------  ----------  --------------  -------------------  ----------------------
/workspaces/hands-on-introduction-data-engineering-4395021/airflow/dags/two_task_dag.py                           0           1  0.10s           2024-09-19T23:46:19                       5
================================================================================
[2024-09-19T23:47:05.288+0000] {manager.py:1008} INFO - 
================================================================================
DAG File Processing Stats

File Path                                                                                PID    Runtime      # DAGs    # Errors  Last Runtime    Last Run               Last # of DB Queries
---------------------------------------------------------------------------------------  -----  ---------  --------  ----------  --------------  -------------------  ----------------------
/workspaces/hands-on-introduction-data-engineering-4395021/airflow/dags/two_task_dag.py                           0           1  0.10s           2024-09-19T23:47:04                       5
================================================================================
[2024-09-19T23:47:35.595+0000] {manager.py:1008} INFO - 
================================================================================
DAG File Processing Stats

File Path                                                                                PID    Runtime      # DAGs    # Errors  Last Runtime    Last Run               Last # of DB Queries
---------------------------------------------------------------------------------------  -----  ---------  --------  ----------  --------------  -------------------  ----------------------
/workspaces/hands-on-introduction-data-engineering-4395021/airflow/dags/two_task_dag.py                           0           1  0.10s           2024-09-19T23:47:34                       5
================================================================================
[2024-09-19T23:48:06.160+0000] {manager.py:1008} INFO - 
================================================================================
DAG File Processing Stats

File Path                                                                                PID    Runtime      # DAGs    # Errors  Last Runtime    Last Run               Last # of DB Queries
---------------------------------------------------------------------------------------  -----  ---------  --------  ----------  --------------  -------------------  ----------------------
/workspaces/hands-on-introduction-data-engineering-4395021/airflow/dags/two_task_dag.py                           0           1  0.10s           2024-09-19T23:48:05                       5
================================================================================
[2024-09-19T23:48:36.809+0000] {manager.py:1008} INFO - 
================================================================================
DAG File Processing Stats

File Path                                                                                PID    Runtime      # DAGs    # Errors  Last Runtime    Last Run               Last # of DB Queries
---------------------------------------------------------------------------------------  -----  ---------  --------  ----------  --------------  -------------------  ----------------------
/workspaces/hands-on-introduction-data-engineering-4395021/airflow/dags/two_task_dag.py                           0           1  0.11s           2024-09-19T23:48:35                       5
================================================================================
[2024-09-19T23:49:07.496+0000] {manager.py:1008} INFO - 
================================================================================
DAG File Processing Stats

File Path                                                                                PID    Runtime      # DAGs    # Errors  Last Runtime    Last Run               Last # of DB Queries
---------------------------------------------------------------------------------------  -----  ---------  --------  ----------  --------------  -------------------  ----------------------
/workspaces/hands-on-introduction-data-engineering-4395021/airflow/dags/two_task_dag.py                           1           0  0.11s           2024-09-19T23:49:01                       9
================================================================================
[2024-09-19T23:49:37.914+0000] {manager.py:1008} INFO - 
================================================================================
DAG File Processing Stats

File Path                                                                                PID    Runtime      # DAGs    # Errors  Last Runtime    Last Run               Last # of DB Queries
---------------------------------------------------------------------------------------  -----  ---------  --------  ----------  --------------  -------------------  ----------------------
/workspaces/hands-on-introduction-data-engineering-4395021/airflow/dags/two_task_dag.py                           1           0  0.21s           2024-09-19T23:49:32                      32
================================================================================
[2024-09-19T23:50:08.605+0000] {manager.py:1008} INFO - 
================================================================================
DAG File Processing Stats

File Path                                                                                PID    Runtime      # DAGs    # Errors  Last Runtime    Last Run               Last # of DB Queries
---------------------------------------------------------------------------------------  -----  ---------  --------  ----------  --------------  -------------------  ----------------------
/workspaces/hands-on-introduction-data-engineering-4395021/airflow/dags/two_task_dag.py                           1           0  0.20s           2024-09-19T23:50:02                      10
================================================================================
[2024-09-19T23:50:39.189+0000] {manager.py:1008} INFO - 
================================================================================
DAG File Processing Stats

File Path                                                                                PID    Runtime      # DAGs    # Errors  Last Runtime    Last Run               Last # of DB Queries
---------------------------------------------------------------------------------------  -----  ---------  --------  ----------  --------------  -------------------  ----------------------
/workspaces/hands-on-introduction-data-engineering-4395021/airflow/dags/two_task_dag.py                           0           1  0.10s           2024-09-19T23:50:27                       5
================================================================================
[2024-09-19T23:51:09.758+0000] {manager.py:1008} INFO - 
================================================================================
DAG File Processing Stats

File Path                                                                                PID    Runtime      # DAGs    # Errors  Last Runtime    Last Run               Last # of DB Queries
---------------------------------------------------------------------------------------  -----  ---------  --------  ----------  --------------  -------------------  ----------------------
/workspaces/hands-on-introduction-data-engineering-4395021/airflow/dags/two_task_dag.py                           0           1  0.10s           2024-09-19T23:50:58                       5
================================================================================
[2024-09-19T23:51:28.986+0000] {manager.py:832} INFO - Searching for files in /workspaces/hands-on-introduction-data-engineering-4395021/airflow/dags
[2024-09-19T23:51:28.988+0000] {manager.py:835} INFO - There are 1 files in /workspaces/hands-on-introduction-data-engineering-4395021/airflow/dags
[2024-09-19T23:51:40.224+0000] {manager.py:1008} INFO - 
================================================================================
DAG File Processing Stats

File Path                                                                                PID    Runtime      # DAGs    # Errors  Last Runtime    Last Run               Last # of DB Queries
---------------------------------------------------------------------------------------  -----  ---------  --------  ----------  --------------  -------------------  ----------------------
/workspaces/hands-on-introduction-data-engineering-4395021/airflow/dags/two_task_dag.py                           0           1  0.10s           2024-09-19T23:51:28                       5
================================================================================
[2024-09-19T23:52:10.884+0000] {manager.py:1008} INFO - 
================================================================================
DAG File Processing Stats

File Path                                                                                PID    Runtime      # DAGs    # Errors  Last Runtime    Last Run               Last # of DB Queries
---------------------------------------------------------------------------------------  -----  ---------  --------  ----------  --------------  -------------------  ----------------------
/workspaces/hands-on-introduction-data-engineering-4395021/airflow/dags/two_task_dag.py                           0           1  0.10s           2024-09-19T23:52:09                       5
================================================================================
[2024-09-19T23:52:41.792+0000] {manager.py:1008} INFO - 
================================================================================
DAG File Processing Stats

File Path                                                                                PID    Runtime      # DAGs    # Errors  Last Runtime    Last Run               Last # of DB Queries
---------------------------------------------------------------------------------------  -----  ---------  --------  ----------  --------------  -------------------  ----------------------
/workspaces/hands-on-introduction-data-engineering-4395021/airflow/dags/two_task_dag.py                           1           0  0.10s           2024-09-19T23:52:34                       9
================================================================================
[2024-09-19T23:53:12.455+0000] {manager.py:1008} INFO - 
================================================================================
DAG File Processing Stats

File Path                                                                                PID    Runtime      # DAGs    # Errors  Last Runtime    Last Run               Last # of DB Queries
---------------------------------------------------------------------------------------  -----  ---------  --------  ----------  --------------  -------------------  ----------------------
/workspaces/hands-on-introduction-data-engineering-4395021/airflow/dags/two_task_dag.py                           1           0  0.20s           2024-09-19T23:52:56                      32
================================================================================
[2024-09-19T23:53:42.928+0000] {manager.py:1008} INFO - 
================================================================================
DAG File Processing Stats

File Path                                                                                PID    Runtime      # DAGs    # Errors  Last Runtime    Last Run               Last # of DB Queries
---------------------------------------------------------------------------------------  -----  ---------  --------  ----------  --------------  -------------------  ----------------------
/workspaces/hands-on-introduction-data-engineering-4395021/airflow/dags/two_task_dag.py                           1           0  0.10s           2024-09-19T23:53:32                       9
================================================================================
[2024-09-19T23:54:13.391+0000] {manager.py:1008} INFO - 
================================================================================
DAG File Processing Stats

File Path                                                                                PID    Runtime      # DAGs    # Errors  Last Runtime    Last Run               Last # of DB Queries
---------------------------------------------------------------------------------------  -----  ---------  --------  ----------  --------------  -------------------  ----------------------
/workspaces/hands-on-introduction-data-engineering-4395021/airflow/dags/two_task_dag.py                           1           0  0.20s           2024-09-19T23:54:03                      32
================================================================================
[2024-09-19T23:54:43.897+0000] {manager.py:1008} INFO - 
================================================================================
DAG File Processing Stats

File Path                                                                                PID    Runtime      # DAGs    # Errors  Last Runtime    Last Run               Last # of DB Queries
---------------------------------------------------------------------------------------  -----  ---------  --------  ----------  --------------  -------------------  ----------------------
/workspaces/hands-on-introduction-data-engineering-4395021/airflow/dags/two_task_dag.py                           1           0  0.11s           2024-09-19T23:54:33                      10
================================================================================
[2024-09-19T23:55:14.094+0000] {manager.py:1008} INFO - 
================================================================================
DAG File Processing Stats

File Path                                                                                PID    Runtime      # DAGs    # Errors  Last Runtime    Last Run               Last # of DB Queries
---------------------------------------------------------------------------------------  -----  ---------  --------  ----------  --------------  -------------------  ----------------------
/workspaces/hands-on-introduction-data-engineering-4395021/airflow/dags/two_task_dag.py                           1           0  0.10s           2024-09-19T23:55:04                      10
================================================================================
[2024-09-19T23:55:44.300+0000] {manager.py:1008} INFO - 
================================================================================
DAG File Processing Stats

File Path                                                                                PID    Runtime      # DAGs    # Errors  Last Runtime    Last Run               Last # of DB Queries
---------------------------------------------------------------------------------------  -----  ---------  --------  ----------  --------------  -------------------  ----------------------
/workspaces/hands-on-introduction-data-engineering-4395021/airflow/dags/two_task_dag.py                           1           0  0.10s           2024-09-19T23:55:34                      10
================================================================================
[2024-09-19T23:56:14.319+0000] {manager.py:1008} INFO - 
================================================================================
DAG File Processing Stats

File Path                                                                                PID    Runtime      # DAGs    # Errors  Last Runtime    Last Run               Last # of DB Queries
---------------------------------------------------------------------------------------  -----  ---------  --------  ----------  --------------  -------------------  ----------------------
/workspaces/hands-on-introduction-data-engineering-4395021/airflow/dags/two_task_dag.py                           1           0  0.10s           2024-09-19T23:56:04                      10
================================================================================
[2024-09-19T23:56:29.034+0000] {manager.py:832} INFO - Searching for files in /workspaces/hands-on-introduction-data-engineering-4395021/airflow/dags
[2024-09-19T23:56:29.035+0000] {manager.py:835} INFO - There are 1 files in /workspaces/hands-on-introduction-data-engineering-4395021/airflow/dags
[2024-09-19T23:56:46.152+0000] {manager.py:1008} INFO - 
================================================================================
DAG File Processing Stats

File Path                                                                                PID    Runtime      # DAGs    # Errors  Last Runtime    Last Run               Last # of DB Queries
---------------------------------------------------------------------------------------  -----  ---------  --------  ----------  --------------  -------------------  ----------------------
/workspaces/hands-on-introduction-data-engineering-4395021/airflow/dags/two_task_dag.py                           1           0  0.10s           2024-09-19T23:56:34                      10
================================================================================
[2024-09-19T23:57:16.255+0000] {manager.py:1008} INFO - 
================================================================================
DAG File Processing Stats

File Path                                                                                PID    Runtime      # DAGs    # Errors  Last Runtime    Last Run               Last # of DB Queries
---------------------------------------------------------------------------------------  -----  ---------  --------  ----------  --------------  -------------------  ----------------------
/workspaces/hands-on-introduction-data-engineering-4395021/airflow/dags/two_task_dag.py                           1           0  0.10s           2024-09-19T23:57:05                      10
================================================================================
[2024-09-19T23:57:46.341+0000] {manager.py:1008} INFO - 
================================================================================
DAG File Processing Stats

File Path                                                                                PID    Runtime      # DAGs    # Errors  Last Runtime    Last Run               Last # of DB Queries
---------------------------------------------------------------------------------------  -----  ---------  --------  ----------  --------------  -------------------  ----------------------
/workspaces/hands-on-introduction-data-engineering-4395021/airflow/dags/two_task_dag.py                           1           0  0.10s           2024-09-19T23:57:35                      10
================================================================================
[2024-09-19T23:58:16.451+0000] {manager.py:1008} INFO - 
================================================================================
DAG File Processing Stats

File Path                                                                                PID    Runtime      # DAGs    # Errors  Last Runtime    Last Run               Last # of DB Queries
---------------------------------------------------------------------------------------  -----  ---------  --------  ----------  --------------  -------------------  ----------------------
/workspaces/hands-on-introduction-data-engineering-4395021/airflow/dags/two_task_dag.py                           1           0  0.10s           2024-09-19T23:58:06                      10
================================================================================
[2024-09-19T23:58:46.649+0000] {manager.py:1008} INFO - 
================================================================================
DAG File Processing Stats

File Path                                                                                PID    Runtime      # DAGs    # Errors  Last Runtime    Last Run               Last # of DB Queries
---------------------------------------------------------------------------------------  -----  ---------  --------  ----------  --------------  -------------------  ----------------------
/workspaces/hands-on-introduction-data-engineering-4395021/airflow/dags/two_task_dag.py                           1           0  0.10s           2024-09-19T23:58:36                      10
================================================================================
[2024-09-19T23:59:16.738+0000] {manager.py:1008} INFO - 
================================================================================
DAG File Processing Stats

File Path                                                                                PID    Runtime      # DAGs    # Errors  Last Runtime    Last Run               Last # of DB Queries
---------------------------------------------------------------------------------------  -----  ---------  --------  ----------  --------------  -------------------  ----------------------
/workspaces/hands-on-introduction-data-engineering-4395021/airflow/dags/two_task_dag.py                           1           0  0.10s           2024-09-19T23:59:06                      10
================================================================================
[2024-09-19T23:59:46.800+0000] {manager.py:1008} INFO - 
================================================================================
DAG File Processing Stats

File Path                                                                                PID    Runtime      # DAGs    # Errors  Last Runtime    Last Run               Last # of DB Queries
---------------------------------------------------------------------------------------  -----  ---------  --------  ----------  --------------  -------------------  ----------------------
/workspaces/hands-on-introduction-data-engineering-4395021/airflow/dags/two_task_dag.py                           1           0  0.10s           2024-09-19T23:59:36                      10
================================================================================
[2024-09-20T00:00:16.857+0000] {manager.py:1008} INFO - 
================================================================================
DAG File Processing Stats

File Path                                                                                PID    Runtime      # DAGs    # Errors  Last Runtime    Last Run               Last # of DB Queries
---------------------------------------------------------------------------------------  -----  ---------  --------  ----------  --------------  -------------------  ----------------------
/workspaces/hands-on-introduction-data-engineering-4395021/airflow/dags/two_task_dag.py                           1           0  0.10s           2024-09-20T00:00:07                      10
================================================================================
[2024-09-20T00:00:46.912+0000] {manager.py:1008} INFO - 
================================================================================
DAG File Processing Stats

File Path                                                                                PID    Runtime      # DAGs    # Errors  Last Runtime    Last Run               Last # of DB Queries
---------------------------------------------------------------------------------------  -----  ---------  --------  ----------  --------------  -------------------  ----------------------
/workspaces/hands-on-introduction-data-engineering-4395021/airflow/dags/two_task_dag.py                           1           0  0.10s           2024-09-20T00:00:37                      10
================================================================================
[2024-09-20T00:01:16.968+0000] {manager.py:1008} INFO - 
================================================================================
DAG File Processing Stats

File Path                                                                                PID    Runtime      # DAGs    # Errors  Last Runtime    Last Run               Last # of DB Queries
---------------------------------------------------------------------------------------  -----  ---------  --------  ----------  --------------  -------------------  ----------------------
/workspaces/hands-on-introduction-data-engineering-4395021/airflow/dags/two_task_dag.py                           1           0  0.21s           2024-09-20T00:01:07                      10
================================================================================
[2024-09-20T00:01:29.485+0000] {manager.py:832} INFO - Searching for files in /workspaces/hands-on-introduction-data-engineering-4395021/airflow/dags
[2024-09-20T00:01:29.487+0000] {manager.py:835} INFO - There are 1 files in /workspaces/hands-on-introduction-data-engineering-4395021/airflow/dags
[2024-09-20T00:01:47.027+0000] {manager.py:1008} INFO - 
================================================================================
DAG File Processing Stats

File Path                                                                                PID    Runtime      # DAGs    # Errors  Last Runtime    Last Run               Last # of DB Queries
---------------------------------------------------------------------------------------  -----  ---------  --------  ----------  --------------  -------------------  ----------------------
/workspaces/hands-on-introduction-data-engineering-4395021/airflow/dags/two_task_dag.py                           1           0  0.11s           2024-09-20T00:01:37                      10
================================================================================
[2024-09-20T00:02:17.062+0000] {manager.py:1008} INFO - 
================================================================================
DAG File Processing Stats

File Path                                                                                PID    Runtime      # DAGs    # Errors  Last Runtime    Last Run               Last # of DB Queries
---------------------------------------------------------------------------------------  -----  ---------  --------  ----------  --------------  -------------------  ----------------------
/workspaces/hands-on-introduction-data-engineering-4395021/airflow/dags/two_task_dag.py                           1           0  0.20s           2024-09-20T00:02:08                      10
================================================================================
[2024-09-20T00:02:47.120+0000] {manager.py:1008} INFO - 
================================================================================
DAG File Processing Stats

File Path                                                                                PID    Runtime      # DAGs    # Errors  Last Runtime    Last Run               Last # of DB Queries
---------------------------------------------------------------------------------------  -----  ---------  --------  ----------  --------------  -------------------  ----------------------
/workspaces/hands-on-introduction-data-engineering-4395021/airflow/dags/two_task_dag.py                           1           0  0.10s           2024-09-20T00:02:38                      10
================================================================================
[2024-09-20T00:03:17.178+0000] {manager.py:1008} INFO - 
================================================================================
DAG File Processing Stats

File Path                                                                                PID    Runtime      # DAGs    # Errors  Last Runtime    Last Run               Last # of DB Queries
---------------------------------------------------------------------------------------  -----  ---------  --------  ----------  --------------  -------------------  ----------------------
/workspaces/hands-on-introduction-data-engineering-4395021/airflow/dags/two_task_dag.py                           1           0  0.10s           2024-09-20T00:03:08                      10
================================================================================
[2024-09-20T00:03:47.273+0000] {manager.py:1008} INFO - 
================================================================================
DAG File Processing Stats

File Path                                                                                PID    Runtime      # DAGs    # Errors  Last Runtime    Last Run               Last # of DB Queries
---------------------------------------------------------------------------------------  -----  ---------  --------  ----------  --------------  -------------------  ----------------------
/workspaces/hands-on-introduction-data-engineering-4395021/airflow/dags/two_task_dag.py                           1           0  0.10s           2024-09-20T00:03:38                      10
================================================================================
[2024-09-20T00:04:17.334+0000] {manager.py:1008} INFO - 
================================================================================
DAG File Processing Stats

File Path                                                                                PID    Runtime      # DAGs    # Errors  Last Runtime    Last Run               Last # of DB Queries
---------------------------------------------------------------------------------------  -----  ---------  --------  ----------  --------------  -------------------  ----------------------
/workspaces/hands-on-introduction-data-engineering-4395021/airflow/dags/two_task_dag.py                           1           0  0.10s           2024-09-20T00:04:08                      10
================================================================================
[2024-09-20T00:04:47.391+0000] {manager.py:1008} INFO - 
================================================================================
DAG File Processing Stats

File Path                                                                                PID    Runtime      # DAGs    # Errors  Last Runtime    Last Run               Last # of DB Queries
---------------------------------------------------------------------------------------  -----  ---------  --------  ----------  --------------  -------------------  ----------------------
/workspaces/hands-on-introduction-data-engineering-4395021/airflow/dags/two_task_dag.py                           1           0  0.10s           2024-09-20T00:04:39                      10
================================================================================
[2024-09-20T00:05:17.447+0000] {manager.py:1008} INFO - 
================================================================================
DAG File Processing Stats

File Path                                                                                PID    Runtime      # DAGs    # Errors  Last Runtime    Last Run               Last # of DB Queries
---------------------------------------------------------------------------------------  -----  ---------  --------  ----------  --------------  -------------------  ----------------------
/workspaces/hands-on-introduction-data-engineering-4395021/airflow/dags/two_task_dag.py                           1           0  0.10s           2024-09-20T00:05:09                      10
================================================================================
[2024-09-20T00:05:47.506+0000] {manager.py:1008} INFO - 
================================================================================
DAG File Processing Stats

File Path                                                                                PID    Runtime      # DAGs    # Errors  Last Runtime    Last Run               Last # of DB Queries
---------------------------------------------------------------------------------------  -----  ---------  --------  ----------  --------------  -------------------  ----------------------
/workspaces/hands-on-introduction-data-engineering-4395021/airflow/dags/two_task_dag.py                           1           0  0.11s           2024-09-20T00:05:39                      10
================================================================================
[2024-09-20T00:06:17.562+0000] {manager.py:1008} INFO - 
================================================================================
DAG File Processing Stats

File Path                                                                                PID    Runtime      # DAGs    # Errors  Last Runtime    Last Run               Last # of DB Queries
---------------------------------------------------------------------------------------  -----  ---------  --------  ----------  --------------  -------------------  ----------------------
/workspaces/hands-on-introduction-data-engineering-4395021/airflow/dags/two_task_dag.py                           1           0  0.10s           2024-09-20T00:06:09                      10
================================================================================
[2024-09-20T00:06:29.637+0000] {manager.py:832} INFO - Searching for files in /workspaces/hands-on-introduction-data-engineering-4395021/airflow/dags
[2024-09-20T00:06:29.638+0000] {manager.py:835} INFO - There are 1 files in /workspaces/hands-on-introduction-data-engineering-4395021/airflow/dags
[2024-09-20T00:06:47.619+0000] {manager.py:1008} INFO - 
================================================================================
DAG File Processing Stats

File Path                                                                                PID    Runtime      # DAGs    # Errors  Last Runtime    Last Run               Last # of DB Queries
---------------------------------------------------------------------------------------  -----  ---------  --------  ----------  --------------  -------------------  ----------------------
/workspaces/hands-on-introduction-data-engineering-4395021/airflow/dags/two_task_dag.py                           1           0  0.10s           2024-09-20T00:06:39                      10
================================================================================
[2024-09-20T00:07:17.678+0000] {manager.py:1008} INFO - 
================================================================================
DAG File Processing Stats

File Path                                                                                PID    Runtime      # DAGs    # Errors  Last Runtime    Last Run               Last # of DB Queries
---------------------------------------------------------------------------------------  -----  ---------  --------  ----------  --------------  -------------------  ----------------------
/workspaces/hands-on-introduction-data-engineering-4395021/airflow/dags/two_task_dag.py                           1           0  0.10s           2024-09-20T00:07:10                      10
================================================================================
[2024-09-20T00:07:47.734+0000] {manager.py:1008} INFO - 
================================================================================
DAG File Processing Stats

File Path                                                                                PID    Runtime      # DAGs    # Errors  Last Runtime    Last Run               Last # of DB Queries
---------------------------------------------------------------------------------------  -----  ---------  --------  ----------  --------------  -------------------  ----------------------
/workspaces/hands-on-introduction-data-engineering-4395021/airflow/dags/two_task_dag.py                           1           0  0.20s           2024-09-20T00:07:40                      10
================================================================================
[2024-09-20T00:08:17.789+0000] {manager.py:1008} INFO - 
================================================================================
DAG File Processing Stats

File Path                                                                                PID    Runtime      # DAGs    # Errors  Last Runtime    Last Run               Last # of DB Queries
---------------------------------------------------------------------------------------  -----  ---------  --------  ----------  --------------  -------------------  ----------------------
/workspaces/hands-on-introduction-data-engineering-4395021/airflow/dags/two_task_dag.py                           1           0  0.10s           2024-09-20T00:08:10                      10
================================================================================
[2024-09-20T00:08:47.848+0000] {manager.py:1008} INFO - 
================================================================================
DAG File Processing Stats

File Path                                                                                PID    Runtime      # DAGs    # Errors  Last Runtime    Last Run               Last # of DB Queries
---------------------------------------------------------------------------------------  -----  ---------  --------  ----------  --------------  -------------------  ----------------------
/workspaces/hands-on-introduction-data-engineering-4395021/airflow/dags/two_task_dag.py                           1           0  0.10s           2024-09-20T00:08:40                      10
================================================================================
[2024-09-20T00:09:17.865+0000] {manager.py:1008} INFO - 
================================================================================
DAG File Processing Stats

File Path                                                                                PID    Runtime      # DAGs    # Errors  Last Runtime    Last Run               Last # of DB Queries
---------------------------------------------------------------------------------------  -----  ---------  --------  ----------  --------------  -------------------  ----------------------
/workspaces/hands-on-introduction-data-engineering-4395021/airflow/dags/two_task_dag.py                           1           0  0.11s           2024-09-20T00:09:10                      10
================================================================================
[2024-09-20T00:09:47.965+0000] {manager.py:1008} INFO - 
================================================================================
DAG File Processing Stats

File Path                                                                                PID    Runtime      # DAGs    # Errors  Last Runtime    Last Run               Last # of DB Queries
---------------------------------------------------------------------------------------  -----  ---------  --------  ----------  --------------  -------------------  ----------------------
/workspaces/hands-on-introduction-data-engineering-4395021/airflow/dags/two_task_dag.py                           1           0  0.11s           2024-09-20T00:09:41                      10
================================================================================
[2024-09-20T00:10:18.022+0000] {manager.py:1008} INFO - 
================================================================================
DAG File Processing Stats

File Path                                                                                PID    Runtime      # DAGs    # Errors  Last Runtime    Last Run               Last # of DB Queries
---------------------------------------------------------------------------------------  -----  ---------  --------  ----------  --------------  -------------------  ----------------------
/workspaces/hands-on-introduction-data-engineering-4395021/airflow/dags/two_task_dag.py                           1           0  0.20s           2024-09-20T00:10:11                      10
================================================================================
[2024-09-20T00:10:48.080+0000] {manager.py:1008} INFO - 
================================================================================
DAG File Processing Stats

File Path                                                                                PID    Runtime      # DAGs    # Errors  Last Runtime    Last Run               Last # of DB Queries
---------------------------------------------------------------------------------------  -----  ---------  --------  ----------  --------------  -------------------  ----------------------
/workspaces/hands-on-introduction-data-engineering-4395021/airflow/dags/two_task_dag.py                           1           0  0.20s           2024-09-20T00:10:41                      10
================================================================================
[2024-09-20T00:11:18.136+0000] {manager.py:1008} INFO - 
================================================================================
DAG File Processing Stats

File Path                                                                                PID    Runtime      # DAGs    # Errors  Last Runtime    Last Run               Last # of DB Queries
---------------------------------------------------------------------------------------  -----  ---------  --------  ----------  --------------  -------------------  ----------------------
/workspaces/hands-on-introduction-data-engineering-4395021/airflow/dags/two_task_dag.py                           1           0  0.10s           2024-09-20T00:11:11                      10
================================================================================
[2024-09-20T00:11:29.785+0000] {manager.py:832} INFO - Searching for files in /workspaces/hands-on-introduction-data-engineering-4395021/airflow/dags
[2024-09-20T00:11:29.786+0000] {manager.py:835} INFO - There are 1 files in /workspaces/hands-on-introduction-data-engineering-4395021/airflow/dags
[2024-09-20T00:11:48.193+0000] {manager.py:1008} INFO - 
================================================================================
DAG File Processing Stats

File Path                                                                                PID    Runtime      # DAGs    # Errors  Last Runtime    Last Run               Last # of DB Queries
---------------------------------------------------------------------------------------  -----  ---------  --------  ----------  --------------  -------------------  ----------------------
/workspaces/hands-on-introduction-data-engineering-4395021/airflow/dags/two_task_dag.py                           1           0  0.10s           2024-09-20T00:11:42                      10
================================================================================
[2024-09-20T00:12:18.226+0000] {manager.py:1008} INFO - 
================================================================================
DAG File Processing Stats

File Path                                                                                PID    Runtime      # DAGs    # Errors  Last Runtime    Last Run               Last # of DB Queries
---------------------------------------------------------------------------------------  -----  ---------  --------  ----------  --------------  -------------------  ----------------------
/workspaces/hands-on-introduction-data-engineering-4395021/airflow/dags/two_task_dag.py                           1           0  0.10s           2024-09-20T00:12:12                      10
================================================================================
[2024-09-20T00:12:48.283+0000] {manager.py:1008} INFO - 
================================================================================
DAG File Processing Stats

File Path                                                                                PID    Runtime      # DAGs    # Errors  Last Runtime    Last Run               Last # of DB Queries
---------------------------------------------------------------------------------------  -----  ---------  --------  ----------  --------------  -------------------  ----------------------
/workspaces/hands-on-introduction-data-engineering-4395021/airflow/dags/two_task_dag.py                           1           0  0.10s           2024-09-20T00:12:42                      10
================================================================================
[2024-09-20T00:13:18.341+0000] {manager.py:1008} INFO - 
================================================================================
DAG File Processing Stats

File Path                                                                                PID    Runtime      # DAGs    # Errors  Last Runtime    Last Run               Last # of DB Queries
---------------------------------------------------------------------------------------  -----  ---------  --------  ----------  --------------  -------------------  ----------------------
/workspaces/hands-on-introduction-data-engineering-4395021/airflow/dags/two_task_dag.py                           1           0  0.10s           2024-09-20T00:13:12                      10
================================================================================
[2024-09-20T00:13:48.399+0000] {manager.py:1008} INFO - 
================================================================================
DAG File Processing Stats

File Path                                                                                PID    Runtime      # DAGs    # Errors  Last Runtime    Last Run               Last # of DB Queries
---------------------------------------------------------------------------------------  -----  ---------  --------  ----------  --------------  -------------------  ----------------------
/workspaces/hands-on-introduction-data-engineering-4395021/airflow/dags/two_task_dag.py                           1           0  0.10s           2024-09-20T00:13:42                      10
================================================================================
[2024-09-20T00:14:18.456+0000] {manager.py:1008} INFO - 
================================================================================
DAG File Processing Stats

File Path                                                                                PID    Runtime      # DAGs    # Errors  Last Runtime    Last Run               Last # of DB Queries
---------------------------------------------------------------------------------------  -----  ---------  --------  ----------  --------------  -------------------  ----------------------
/workspaces/hands-on-introduction-data-engineering-4395021/airflow/dags/two_task_dag.py                           1           0  0.10s           2024-09-20T00:14:13                      10
================================================================================
[2024-09-20T00:14:48.513+0000] {manager.py:1008} INFO - 
================================================================================
DAG File Processing Stats

File Path                                                                                PID    Runtime      # DAGs    # Errors  Last Runtime    Last Run               Last # of DB Queries
---------------------------------------------------------------------------------------  -----  ---------  --------  ----------  --------------  -------------------  ----------------------
/workspaces/hands-on-introduction-data-engineering-4395021/airflow/dags/two_task_dag.py                           1           0  0.20s           2024-09-20T00:14:43                      10
================================================================================
[2024-09-20T00:15:18.569+0000] {manager.py:1008} INFO - 
================================================================================
DAG File Processing Stats

File Path                                                                                PID    Runtime      # DAGs    # Errors  Last Runtime    Last Run               Last # of DB Queries
---------------------------------------------------------------------------------------  -----  ---------  --------  ----------  --------------  -------------------  ----------------------
/workspaces/hands-on-introduction-data-engineering-4395021/airflow/dags/two_task_dag.py                           1           0  0.10s           2024-09-20T00:15:13                      10
================================================================================
[2024-09-20T00:15:48.663+0000] {manager.py:1008} INFO - 
================================================================================
DAG File Processing Stats

File Path                                                                                PID    Runtime      # DAGs    # Errors  Last Runtime    Last Run               Last # of DB Queries
---------------------------------------------------------------------------------------  -----  ---------  --------  ----------  --------------  -------------------  ----------------------
/workspaces/hands-on-introduction-data-engineering-4395021/airflow/dags/two_task_dag.py                           1           0  0.11s           2024-09-20T00:15:43                      10
================================================================================
[2024-09-20T00:16:18.726+0000] {manager.py:1008} INFO - 
================================================================================
DAG File Processing Stats

File Path                                                                                PID    Runtime      # DAGs    # Errors  Last Runtime    Last Run               Last # of DB Queries
---------------------------------------------------------------------------------------  -----  ---------  --------  ----------  --------------  -------------------  ----------------------
/workspaces/hands-on-introduction-data-engineering-4395021/airflow/dags/two_task_dag.py                           1           0  0.10s           2024-09-20T00:16:14                      10
================================================================================
[2024-09-20T00:16:29.931+0000] {manager.py:832} INFO - Searching for files in /workspaces/hands-on-introduction-data-engineering-4395021/airflow/dags
[2024-09-20T00:16:29.932+0000] {manager.py:835} INFO - There are 1 files in /workspaces/hands-on-introduction-data-engineering-4395021/airflow/dags
[2024-09-20T00:16:48.786+0000] {manager.py:1008} INFO - 
================================================================================
DAG File Processing Stats

File Path                                                                                PID    Runtime      # DAGs    # Errors  Last Runtime    Last Run               Last # of DB Queries
---------------------------------------------------------------------------------------  -----  ---------  --------  ----------  --------------  -------------------  ----------------------
/workspaces/hands-on-introduction-data-engineering-4395021/airflow/dags/two_task_dag.py                           1           0  0.10s           2024-09-20T00:16:44                      10
================================================================================
[2024-09-20T00:17:18.842+0000] {manager.py:1008} INFO - 
================================================================================
DAG File Processing Stats

File Path                                                                                PID    Runtime      # DAGs    # Errors  Last Runtime    Last Run               Last # of DB Queries
---------------------------------------------------------------------------------------  -----  ---------  --------  ----------  --------------  -------------------  ----------------------
/workspaces/hands-on-introduction-data-engineering-4395021/airflow/dags/two_task_dag.py                           1           0  0.10s           2024-09-20T00:17:14                      10
================================================================================
[2024-09-20T00:17:48.902+0000] {manager.py:1008} INFO - 
================================================================================
DAG File Processing Stats

File Path                                                                                PID    Runtime      # DAGs    # Errors  Last Runtime    Last Run               Last # of DB Queries
---------------------------------------------------------------------------------------  -----  ---------  --------  ----------  --------------  -------------------  ----------------------
/workspaces/hands-on-introduction-data-engineering-4395021/airflow/dags/two_task_dag.py                           1           0  0.11s           2024-09-20T00:17:44                      10
================================================================================
[2024-09-20T00:18:18.960+0000] {manager.py:1008} INFO - 
================================================================================
DAG File Processing Stats

File Path                                                                                PID    Runtime      # DAGs    # Errors  Last Runtime    Last Run               Last # of DB Queries
---------------------------------------------------------------------------------------  -----  ---------  --------  ----------  --------------  -------------------  ----------------------
/workspaces/hands-on-introduction-data-engineering-4395021/airflow/dags/two_task_dag.py                           1           0  0.20s           2024-09-20T00:18:14                      10
================================================================================
[2024-09-20T00:18:49.014+0000] {manager.py:1008} INFO - 
================================================================================
DAG File Processing Stats

File Path                                                                                PID    Runtime      # DAGs    # Errors  Last Runtime    Last Run               Last # of DB Queries
---------------------------------------------------------------------------------------  -----  ---------  --------  ----------  --------------  -------------------  ----------------------
/workspaces/hands-on-introduction-data-engineering-4395021/airflow/dags/two_task_dag.py                           1           0  0.11s           2024-09-20T00:18:45                      10
================================================================================
[2024-09-20T00:19:19.072+0000] {manager.py:1008} INFO - 
================================================================================
DAG File Processing Stats

File Path                                                                                PID    Runtime      # DAGs    # Errors  Last Runtime    Last Run               Last # of DB Queries
---------------------------------------------------------------------------------------  -----  ---------  --------  ----------  --------------  -------------------  ----------------------
/workspaces/hands-on-introduction-data-engineering-4395021/airflow/dags/two_task_dag.py                           1           0  0.10s           2024-09-20T00:19:15                      10
================================================================================
[2024-09-20T00:19:49.130+0000] {manager.py:1008} INFO - 
================================================================================
DAG File Processing Stats

File Path                                                                                PID    Runtime      # DAGs    # Errors  Last Runtime    Last Run               Last # of DB Queries
---------------------------------------------------------------------------------------  -----  ---------  --------  ----------  --------------  -------------------  ----------------------
/workspaces/hands-on-introduction-data-engineering-4395021/airflow/dags/two_task_dag.py                           1           0  0.11s           2024-09-20T00:19:45                      10
================================================================================
[2024-09-20T00:20:19.185+0000] {manager.py:1008} INFO - 
================================================================================
DAG File Processing Stats

File Path                                                                                PID    Runtime      # DAGs    # Errors  Last Runtime    Last Run               Last # of DB Queries
---------------------------------------------------------------------------------------  -----  ---------  --------  ----------  --------------  -------------------  ----------------------
/workspaces/hands-on-introduction-data-engineering-4395021/airflow/dags/two_task_dag.py                           1           0  0.10s           2024-09-20T00:20:15                      10
================================================================================
[2024-09-20T00:20:49.245+0000] {manager.py:1008} INFO - 
================================================================================
DAG File Processing Stats

File Path                                                                                PID    Runtime      # DAGs    # Errors  Last Runtime    Last Run               Last # of DB Queries
---------------------------------------------------------------------------------------  -----  ---------  --------  ----------  --------------  -------------------  ----------------------
/workspaces/hands-on-introduction-data-engineering-4395021/airflow/dags/two_task_dag.py                           1           0  0.10s           2024-09-20T00:20:45                      10
================================================================================
[2024-09-20T00:21:19.307+0000] {manager.py:1008} INFO - 
================================================================================
DAG File Processing Stats

File Path                                                                                PID    Runtime      # DAGs    # Errors  Last Runtime    Last Run               Last # of DB Queries
---------------------------------------------------------------------------------------  -----  ---------  --------  ----------  --------------  -------------------  ----------------------
/workspaces/hands-on-introduction-data-engineering-4395021/airflow/dags/two_task_dag.py                           1           0  0.20s           2024-09-20T00:21:16                      10
================================================================================
[2024-09-20T00:21:30.079+0000] {manager.py:832} INFO - Searching for files in /workspaces/hands-on-introduction-data-engineering-4395021/airflow/dags
[2024-09-20T00:21:30.080+0000] {manager.py:835} INFO - There are 1 files in /workspaces/hands-on-introduction-data-engineering-4395021/airflow/dags
[2024-09-20T00:21:49.425+0000] {manager.py:1008} INFO - 
================================================================================
DAG File Processing Stats

File Path                                                                                PID    Runtime      # DAGs    # Errors  Last Runtime    Last Run               Last # of DB Queries
---------------------------------------------------------------------------------------  -----  ---------  --------  ----------  --------------  -------------------  ----------------------
/workspaces/hands-on-introduction-data-engineering-4395021/airflow/dags/two_task_dag.py                           1           0  0.21s           2024-09-20T00:21:46                      10
================================================================================
[2024-09-20T00:22:19.484+0000] {manager.py:1008} INFO - 
================================================================================
DAG File Processing Stats

File Path                                                                                PID    Runtime      # DAGs    # Errors  Last Runtime    Last Run               Last # of DB Queries
---------------------------------------------------------------------------------------  -----  ---------  --------  ----------  --------------  -------------------  ----------------------
/workspaces/hands-on-introduction-data-engineering-4395021/airflow/dags/two_task_dag.py                           1           0  0.10s           2024-09-20T00:22:16                      10
================================================================================
[2024-09-20T00:22:49.539+0000] {manager.py:1008} INFO - 
================================================================================
DAG File Processing Stats

File Path                                                                                PID    Runtime      # DAGs    # Errors  Last Runtime    Last Run               Last # of DB Queries
---------------------------------------------------------------------------------------  -----  ---------  --------  ----------  --------------  -------------------  ----------------------
/workspaces/hands-on-introduction-data-engineering-4395021/airflow/dags/two_task_dag.py                           1           0  0.10s           2024-09-20T00:22:46                      10
================================================================================
[2024-09-20T00:23:19.596+0000] {manager.py:1008} INFO - 
================================================================================
DAG File Processing Stats

File Path                                                                                PID    Runtime      # DAGs    # Errors  Last Runtime    Last Run               Last # of DB Queries
---------------------------------------------------------------------------------------  -----  ---------  --------  ----------  --------------  -------------------  ----------------------
/workspaces/hands-on-introduction-data-engineering-4395021/airflow/dags/two_task_dag.py                           1           0  0.20s           2024-09-20T00:23:17                      10
================================================================================
[2024-09-20T00:23:49.660+0000] {manager.py:1008} INFO - 
================================================================================
DAG File Processing Stats

File Path                                                                                PID    Runtime      # DAGs    # Errors  Last Runtime    Last Run               Last # of DB Queries
---------------------------------------------------------------------------------------  -----  ---------  --------  ----------  --------------  -------------------  ----------------------
/workspaces/hands-on-introduction-data-engineering-4395021/airflow/dags/two_task_dag.py                           1           0  0.10s           2024-09-20T00:23:47                      10
================================================================================
[2024-09-20T00:24:19.717+0000] {manager.py:1008} INFO - 
================================================================================
DAG File Processing Stats

File Path                                                                                PID    Runtime      # DAGs    # Errors  Last Runtime    Last Run               Last # of DB Queries
---------------------------------------------------------------------------------------  -----  ---------  --------  ----------  --------------  -------------------  ----------------------
/workspaces/hands-on-introduction-data-engineering-4395021/airflow/dags/two_task_dag.py                           1           0  0.10s           2024-09-20T00:24:17                      10
================================================================================
[2024-09-20T00:24:49.735+0000] {manager.py:1008} INFO - 
================================================================================
DAG File Processing Stats

File Path                                                                                PID    Runtime      # DAGs    # Errors  Last Runtime    Last Run               Last # of DB Queries
---------------------------------------------------------------------------------------  -----  ---------  --------  ----------  --------------  -------------------  ----------------------
/workspaces/hands-on-introduction-data-engineering-4395021/airflow/dags/two_task_dag.py                           1           0  0.10s           2024-09-20T00:24:47                      10
================================================================================
[2024-09-21T06:51:02.702+0000] {manager.py:486} INFO - Processing files using up to 1 processes at a time 
[2024-09-21T06:51:02.703+0000] {manager.py:487} INFO - Process each file at most once every 30 seconds
[2024-09-21T06:51:02.703+0000] {manager.py:488} INFO - Checking for new files in /workspaces/hands-on-introduction-data-engineering-4395021/airflow/dags every 300 seconds
[2024-09-21T06:51:02.703+0000] {manager.py:832} INFO - Searching for files in /workspaces/hands-on-introduction-data-engineering-4395021/airflow/dags
[2024-09-21T06:51:02.705+0000] {manager.py:835} INFO - There are 1 files in /workspaces/hands-on-introduction-data-engineering-4395021/airflow/dags
[2024-09-21T06:51:03.038+0000] {manager.py:1008} INFO - 
================================================================================
DAG File Processing Stats

File Path                                                                                PID    Runtime      # DAGs    # Errors  Last Runtime    Last Run               Last # of DB Queries
---------------------------------------------------------------------------------------  -----  ---------  --------  ----------  --------------  -------------------  ----------------------
/workspaces/hands-on-introduction-data-engineering-4395021/airflow/dags/two_task_dag.py                           1           0  0.20s           2024-09-21T06:51:02                      10
================================================================================
[2024-09-21T06:51:14.478+0000] {manager.py:468} INFO - Exiting gracefully upon receiving signal 15
