[2024-09-19T23:22:18.110+0000] {processor.py:186} INFO - Started process (PID=19898) to work on /workspaces/hands-on-introduction-data-engineering-4395021/airflow/dags/one_task_dag.py
[2024-09-19T23:22:18.111+0000] {processor.py:914} INFO - Processing file /workspaces/hands-on-introduction-data-engineering-4395021/airflow/dags/one_task_dag.py for tasks to queue
[2024-09-19T23:22:18.112+0000] {logging_mixin.py:190} INFO - [2024-09-19T23:22:18.112+0000] {dagbag.py:587} INFO - Filling up the DagBag from /workspaces/hands-on-introduction-data-engineering-4395021/airflow/dags/one_task_dag.py
[2024-09-19T23:22:18.119+0000] {processor.py:925} INFO - DAG(s) 'one_task_dag' retrieved from /workspaces/hands-on-introduction-data-engineering-4395021/airflow/dags/one_task_dag.py
[2024-09-19T23:22:18.301+0000] {logging_mixin.py:190} INFO - [2024-09-19T23:22:18.301+0000] {override.py:1900} INFO - Created Permission View: can delete on DAG:one_task_dag
[2024-09-19T23:22:18.360+0000] {logging_mixin.py:190} INFO - [2024-09-19T23:22:18.360+0000] {override.py:1900} INFO - Created Permission View: can edit on DAG:one_task_dag
[2024-09-19T23:22:18.405+0000] {logging_mixin.py:190} INFO - [2024-09-19T23:22:18.404+0000] {override.py:1900} INFO - Created Permission View: can read on DAG:one_task_dag
[2024-09-19T23:22:18.486+0000] {logging_mixin.py:190} INFO - [2024-09-19T23:22:18.486+0000] {override.py:1900} INFO - Created Permission View: can delete on DAG Run:one_task_dag
[2024-09-19T23:22:18.523+0000] {logging_mixin.py:190} INFO - [2024-09-19T23:22:18.522+0000] {override.py:1900} INFO - Created Permission View: can create on DAG Run:one_task_dag
[2024-09-19T23:22:18.569+0000] {logging_mixin.py:190} INFO - [2024-09-19T23:22:18.569+0000] {override.py:1900} INFO - Created Permission View: can read on DAG Run:one_task_dag
[2024-09-19T23:22:18.607+0000] {logging_mixin.py:190} INFO - [2024-09-19T23:22:18.606+0000] {override.py:1900} INFO - Created Permission View: menu access on DAG Run:one_task_dag
[2024-09-19T23:22:18.607+0000] {logging_mixin.py:190} INFO - [2024-09-19T23:22:18.607+0000] {dag.py:3229} INFO - Sync 1 DAGs
[2024-09-19T23:22:18.618+0000] {logging_mixin.py:190} INFO - [2024-09-19T23:22:18.618+0000] {dag.py:3252} INFO - Creating ORM DAG for one_task_dag
[2024-09-19T23:22:18.619+0000] {logging_mixin.py:190} INFO - [2024-09-19T23:22:18.618+0000] {dag.py:4156} INFO - Setting next_dagrun for one_task_dag to None, run_after=None
[2024-09-19T23:22:18.678+0000] {processor.py:208} INFO - Processing /workspaces/hands-on-introduction-data-engineering-4395021/airflow/dags/one_task_dag.py took 0.572 seconds
[2024-09-19T23:23:16.918+0000] {processor.py:186} INFO - Started process (PID=20319) to work on /workspaces/hands-on-introduction-data-engineering-4395021/airflow/dags/one_task_dag.py
[2024-09-19T23:23:16.919+0000] {processor.py:914} INFO - Processing file /workspaces/hands-on-introduction-data-engineering-4395021/airflow/dags/one_task_dag.py for tasks to queue
[2024-09-19T23:23:16.921+0000] {logging_mixin.py:190} INFO - [2024-09-19T23:23:16.920+0000] {dagbag.py:587} INFO - Filling up the DagBag from /workspaces/hands-on-introduction-data-engineering-4395021/airflow/dags/one_task_dag.py
[2024-09-19T23:23:16.926+0000] {processor.py:925} INFO - DAG(s) 'one_task_dag' retrieved from /workspaces/hands-on-introduction-data-engineering-4395021/airflow/dags/one_task_dag.py
[2024-09-19T23:23:16.936+0000] {logging_mixin.py:190} INFO - [2024-09-19T23:23:16.936+0000] {dag.py:3229} INFO - Sync 1 DAGs
[2024-09-19T23:23:16.945+0000] {logging_mixin.py:190} INFO - [2024-09-19T23:23:16.945+0000] {dag.py:4156} INFO - Setting next_dagrun for one_task_dag to None, run_after=None
[2024-09-19T23:23:16.991+0000] {processor.py:208} INFO - Processing /workspaces/hands-on-introduction-data-engineering-4395021/airflow/dags/one_task_dag.py took 0.077 seconds
[2024-09-19T23:24:13.604+0000] {processor.py:186} INFO - Started process (PID=20775) to work on /workspaces/hands-on-introduction-data-engineering-4395021/airflow/dags/one_task_dag.py
[2024-09-19T23:24:13.605+0000] {processor.py:914} INFO - Processing file /workspaces/hands-on-introduction-data-engineering-4395021/airflow/dags/one_task_dag.py for tasks to queue
[2024-09-19T23:24:13.607+0000] {logging_mixin.py:190} INFO - [2024-09-19T23:24:13.606+0000] {dagbag.py:587} INFO - Filling up the DagBag from /workspaces/hands-on-introduction-data-engineering-4395021/airflow/dags/one_task_dag.py
[2024-09-19T23:24:13.612+0000] {processor.py:925} INFO - DAG(s) 'one_task_dag' retrieved from /workspaces/hands-on-introduction-data-engineering-4395021/airflow/dags/one_task_dag.py
[2024-09-19T23:24:13.622+0000] {logging_mixin.py:190} INFO - [2024-09-19T23:24:13.622+0000] {dag.py:3229} INFO - Sync 1 DAGs
[2024-09-19T23:24:13.631+0000] {logging_mixin.py:190} INFO - [2024-09-19T23:24:13.631+0000] {dag.py:4156} INFO - Setting next_dagrun for one_task_dag to None, run_after=None
[2024-09-19T23:24:13.672+0000] {processor.py:208} INFO - Processing /workspaces/hands-on-introduction-data-engineering-4395021/airflow/dags/one_task_dag.py took 0.072 seconds
[2024-09-19T23:25:10.463+0000] {processor.py:186} INFO - Started process (PID=21227) to work on /workspaces/hands-on-introduction-data-engineering-4395021/airflow/dags/one_task_dag.py
[2024-09-19T23:25:10.464+0000] {processor.py:914} INFO - Processing file /workspaces/hands-on-introduction-data-engineering-4395021/airflow/dags/one_task_dag.py for tasks to queue
[2024-09-19T23:25:10.465+0000] {logging_mixin.py:190} INFO - [2024-09-19T23:25:10.465+0000] {dagbag.py:587} INFO - Filling up the DagBag from /workspaces/hands-on-introduction-data-engineering-4395021/airflow/dags/one_task_dag.py
[2024-09-19T23:25:10.471+0000] {processor.py:925} INFO - DAG(s) 'one_task_dag' retrieved from /workspaces/hands-on-introduction-data-engineering-4395021/airflow/dags/one_task_dag.py
[2024-09-19T23:25:10.481+0000] {logging_mixin.py:190} INFO - [2024-09-19T23:25:10.481+0000] {dag.py:3229} INFO - Sync 1 DAGs
[2024-09-19T23:25:10.490+0000] {logging_mixin.py:190} INFO - [2024-09-19T23:25:10.490+0000] {dag.py:4156} INFO - Setting next_dagrun for one_task_dag to None, run_after=None
[2024-09-19T23:25:10.547+0000] {processor.py:208} INFO - Processing /workspaces/hands-on-introduction-data-engineering-4395021/airflow/dags/one_task_dag.py took 0.088 seconds
[2024-09-19T23:25:59.540+0000] {processor.py:186} INFO - Started process (PID=21756) to work on /workspaces/hands-on-introduction-data-engineering-4395021/airflow/dags/one_task_dag.py
[2024-09-19T23:25:59.540+0000] {processor.py:914} INFO - Processing file /workspaces/hands-on-introduction-data-engineering-4395021/airflow/dags/one_task_dag.py for tasks to queue
[2024-09-19T23:25:59.542+0000] {logging_mixin.py:190} INFO - [2024-09-19T23:25:59.542+0000] {dagbag.py:587} INFO - Filling up the DagBag from /workspaces/hands-on-introduction-data-engineering-4395021/airflow/dags/one_task_dag.py
[2024-09-19T23:25:59.550+0000] {processor.py:925} INFO - DAG(s) 'one_task_dag' retrieved from /workspaces/hands-on-introduction-data-engineering-4395021/airflow/dags/one_task_dag.py
[2024-09-19T23:25:59.564+0000] {logging_mixin.py:190} INFO - [2024-09-19T23:25:59.564+0000] {dag.py:3229} INFO - Sync 1 DAGs
[2024-09-19T23:25:59.573+0000] {logging_mixin.py:190} INFO - [2024-09-19T23:25:59.573+0000] {dag.py:4156} INFO - Setting next_dagrun for one_task_dag to None, run_after=None
[2024-09-19T23:25:59.624+0000] {processor.py:208} INFO - Processing /workspaces/hands-on-introduction-data-engineering-4395021/airflow/dags/one_task_dag.py took 0.089 seconds
[2024-09-19T23:26:29.695+0000] {processor.py:186} INFO - Started process (PID=21964) to work on /workspaces/hands-on-introduction-data-engineering-4395021/airflow/dags/one_task_dag.py
[2024-09-19T23:26:29.696+0000] {processor.py:914} INFO - Processing file /workspaces/hands-on-introduction-data-engineering-4395021/airflow/dags/one_task_dag.py for tasks to queue
[2024-09-19T23:26:29.697+0000] {logging_mixin.py:190} INFO - [2024-09-19T23:26:29.697+0000] {dagbag.py:587} INFO - Filling up the DagBag from /workspaces/hands-on-introduction-data-engineering-4395021/airflow/dags/one_task_dag.py
[2024-09-19T23:26:29.704+0000] {processor.py:925} INFO - DAG(s) 'one_task_dag' retrieved from /workspaces/hands-on-introduction-data-engineering-4395021/airflow/dags/one_task_dag.py
[2024-09-19T23:26:29.722+0000] {logging_mixin.py:190} INFO - [2024-09-19T23:26:29.722+0000] {dag.py:3229} INFO - Sync 1 DAGs
[2024-09-19T23:26:29.732+0000] {logging_mixin.py:190} INFO - [2024-09-19T23:26:29.732+0000] {dag.py:4156} INFO - Setting next_dagrun for one_task_dag to None, run_after=None
[2024-09-19T23:26:29.788+0000] {processor.py:208} INFO - Processing /workspaces/hands-on-introduction-data-engineering-4395021/airflow/dags/one_task_dag.py took 0.098 seconds
[2024-09-19T23:27:00.273+0000] {processor.py:186} INFO - Started process (PID=22146) to work on /workspaces/hands-on-introduction-data-engineering-4395021/airflow/dags/one_task_dag.py
[2024-09-19T23:27:00.273+0000] {processor.py:914} INFO - Processing file /workspaces/hands-on-introduction-data-engineering-4395021/airflow/dags/one_task_dag.py for tasks to queue
[2024-09-19T23:27:00.275+0000] {logging_mixin.py:190} INFO - [2024-09-19T23:27:00.275+0000] {dagbag.py:587} INFO - Filling up the DagBag from /workspaces/hands-on-introduction-data-engineering-4395021/airflow/dags/one_task_dag.py
[2024-09-19T23:27:00.282+0000] {processor.py:925} INFO - DAG(s) 'one_task_dag' retrieved from /workspaces/hands-on-introduction-data-engineering-4395021/airflow/dags/one_task_dag.py
[2024-09-19T23:27:00.296+0000] {logging_mixin.py:190} INFO - [2024-09-19T23:27:00.296+0000] {dag.py:3229} INFO - Sync 1 DAGs
[2024-09-19T23:27:00.306+0000] {logging_mixin.py:190} INFO - [2024-09-19T23:27:00.306+0000] {dag.py:4156} INFO - Setting next_dagrun for one_task_dag to None, run_after=None
[2024-09-19T23:27:00.345+0000] {processor.py:208} INFO - Processing /workspaces/hands-on-introduction-data-engineering-4395021/airflow/dags/one_task_dag.py took 0.077 seconds
[2024-09-19T23:27:30.641+0000] {processor.py:186} INFO - Started process (PID=22330) to work on /workspaces/hands-on-introduction-data-engineering-4395021/airflow/dags/one_task_dag.py
[2024-09-19T23:27:30.642+0000] {processor.py:914} INFO - Processing file /workspaces/hands-on-introduction-data-engineering-4395021/airflow/dags/one_task_dag.py for tasks to queue
[2024-09-19T23:27:30.644+0000] {logging_mixin.py:190} INFO - [2024-09-19T23:27:30.644+0000] {dagbag.py:587} INFO - Filling up the DagBag from /workspaces/hands-on-introduction-data-engineering-4395021/airflow/dags/one_task_dag.py
[2024-09-19T23:27:30.653+0000] {processor.py:925} INFO - DAG(s) 'one_task_dag' retrieved from /workspaces/hands-on-introduction-data-engineering-4395021/airflow/dags/one_task_dag.py
[2024-09-19T23:27:30.669+0000] {logging_mixin.py:190} INFO - [2024-09-19T23:27:30.669+0000] {dag.py:3229} INFO - Sync 1 DAGs
[2024-09-19T23:27:30.678+0000] {logging_mixin.py:190} INFO - [2024-09-19T23:27:30.678+0000] {dag.py:4156} INFO - Setting next_dagrun for one_task_dag to None, run_after=None
[2024-09-19T23:27:30.744+0000] {processor.py:208} INFO - Processing /workspaces/hands-on-introduction-data-engineering-4395021/airflow/dags/one_task_dag.py took 0.109 seconds
[2024-09-19T23:28:01.306+0000] {processor.py:186} INFO - Started process (PID=22510) to work on /workspaces/hands-on-introduction-data-engineering-4395021/airflow/dags/one_task_dag.py
[2024-09-19T23:28:01.306+0000] {processor.py:914} INFO - Processing file /workspaces/hands-on-introduction-data-engineering-4395021/airflow/dags/one_task_dag.py for tasks to queue
[2024-09-19T23:28:01.308+0000] {logging_mixin.py:190} INFO - [2024-09-19T23:28:01.308+0000] {dagbag.py:587} INFO - Filling up the DagBag from /workspaces/hands-on-introduction-data-engineering-4395021/airflow/dags/one_task_dag.py
[2024-09-19T23:28:01.315+0000] {processor.py:925} INFO - DAG(s) 'one_task_dag' retrieved from /workspaces/hands-on-introduction-data-engineering-4395021/airflow/dags/one_task_dag.py
[2024-09-19T23:28:01.330+0000] {logging_mixin.py:190} INFO - [2024-09-19T23:28:01.329+0000] {dag.py:3229} INFO - Sync 1 DAGs
[2024-09-19T23:28:01.339+0000] {logging_mixin.py:190} INFO - [2024-09-19T23:28:01.339+0000] {dag.py:4156} INFO - Setting next_dagrun for one_task_dag to None, run_after=None
[2024-09-19T23:28:01.392+0000] {processor.py:208} INFO - Processing /workspaces/hands-on-introduction-data-engineering-4395021/airflow/dags/one_task_dag.py took 0.091 seconds
[2024-09-19T23:28:31.840+0000] {processor.py:186} INFO - Started process (PID=22685) to work on /workspaces/hands-on-introduction-data-engineering-4395021/airflow/dags/one_task_dag.py
[2024-09-19T23:28:31.841+0000] {processor.py:914} INFO - Processing file /workspaces/hands-on-introduction-data-engineering-4395021/airflow/dags/one_task_dag.py for tasks to queue
[2024-09-19T23:28:31.842+0000] {logging_mixin.py:190} INFO - [2024-09-19T23:28:31.842+0000] {dagbag.py:587} INFO - Filling up the DagBag from /workspaces/hands-on-introduction-data-engineering-4395021/airflow/dags/one_task_dag.py
[2024-09-19T23:28:31.851+0000] {processor.py:925} INFO - DAG(s) 'one_task_dag' retrieved from /workspaces/hands-on-introduction-data-engineering-4395021/airflow/dags/one_task_dag.py
[2024-09-19T23:28:31.867+0000] {logging_mixin.py:190} INFO - [2024-09-19T23:28:31.867+0000] {dag.py:3229} INFO - Sync 1 DAGs
[2024-09-19T23:28:31.876+0000] {logging_mixin.py:190} INFO - [2024-09-19T23:28:31.876+0000] {dag.py:4156} INFO - Setting next_dagrun for one_task_dag to None, run_after=None
[2024-09-19T23:28:31.918+0000] {processor.py:208} INFO - Processing /workspaces/hands-on-introduction-data-engineering-4395021/airflow/dags/one_task_dag.py took 0.084 seconds
[2024-09-19T23:29:02.437+0000] {processor.py:186} INFO - Started process (PID=22856) to work on /workspaces/hands-on-introduction-data-engineering-4395021/airflow/dags/one_task_dag.py
[2024-09-19T23:29:02.438+0000] {processor.py:914} INFO - Processing file /workspaces/hands-on-introduction-data-engineering-4395021/airflow/dags/one_task_dag.py for tasks to queue
[2024-09-19T23:29:02.440+0000] {logging_mixin.py:190} INFO - [2024-09-19T23:29:02.440+0000] {dagbag.py:587} INFO - Filling up the DagBag from /workspaces/hands-on-introduction-data-engineering-4395021/airflow/dags/one_task_dag.py
[2024-09-19T23:29:02.447+0000] {processor.py:925} INFO - DAG(s) 'one_task_dag' retrieved from /workspaces/hands-on-introduction-data-engineering-4395021/airflow/dags/one_task_dag.py
[2024-09-19T23:29:02.466+0000] {logging_mixin.py:190} INFO - [2024-09-19T23:29:02.466+0000] {dag.py:3229} INFO - Sync 1 DAGs
[2024-09-19T23:29:02.475+0000] {logging_mixin.py:190} INFO - [2024-09-19T23:29:02.475+0000] {dag.py:4156} INFO - Setting next_dagrun for one_task_dag to None, run_after=None
[2024-09-19T23:29:02.520+0000] {processor.py:208} INFO - Processing /workspaces/hands-on-introduction-data-engineering-4395021/airflow/dags/one_task_dag.py took 0.087 seconds
[2024-09-19T23:29:32.995+0000] {processor.py:186} INFO - Started process (PID=23092) to work on /workspaces/hands-on-introduction-data-engineering-4395021/airflow/dags/one_task_dag.py
[2024-09-19T23:29:32.996+0000] {processor.py:914} INFO - Processing file /workspaces/hands-on-introduction-data-engineering-4395021/airflow/dags/one_task_dag.py for tasks to queue
[2024-09-19T23:29:32.998+0000] {logging_mixin.py:190} INFO - [2024-09-19T23:29:32.998+0000] {dagbag.py:587} INFO - Filling up the DagBag from /workspaces/hands-on-introduction-data-engineering-4395021/airflow/dags/one_task_dag.py
[2024-09-19T23:29:33.006+0000] {processor.py:925} INFO - DAG(s) 'one_task_dag' retrieved from /workspaces/hands-on-introduction-data-engineering-4395021/airflow/dags/one_task_dag.py
[2024-09-19T23:29:33.022+0000] {logging_mixin.py:190} INFO - [2024-09-19T23:29:33.022+0000] {dag.py:3229} INFO - Sync 1 DAGs
[2024-09-19T23:29:33.032+0000] {logging_mixin.py:190} INFO - [2024-09-19T23:29:33.032+0000] {dag.py:4156} INFO - Setting next_dagrun for one_task_dag to None, run_after=None
[2024-09-19T23:29:33.080+0000] {processor.py:208} INFO - Processing /workspaces/hands-on-introduction-data-engineering-4395021/airflow/dags/one_task_dag.py took 0.089 seconds
[2024-09-19T23:30:03.134+0000] {processor.py:186} INFO - Started process (PID=23317) to work on /workspaces/hands-on-introduction-data-engineering-4395021/airflow/dags/one_task_dag.py
[2024-09-19T23:30:03.135+0000] {processor.py:914} INFO - Processing file /workspaces/hands-on-introduction-data-engineering-4395021/airflow/dags/one_task_dag.py for tasks to queue
[2024-09-19T23:30:03.137+0000] {logging_mixin.py:190} INFO - [2024-09-19T23:30:03.136+0000] {dagbag.py:587} INFO - Filling up the DagBag from /workspaces/hands-on-introduction-data-engineering-4395021/airflow/dags/one_task_dag.py
[2024-09-19T23:30:03.143+0000] {processor.py:925} INFO - DAG(s) 'one_task_dag' retrieved from /workspaces/hands-on-introduction-data-engineering-4395021/airflow/dags/one_task_dag.py
[2024-09-19T23:30:03.158+0000] {logging_mixin.py:190} INFO - [2024-09-19T23:30:03.158+0000] {dag.py:3229} INFO - Sync 1 DAGs
[2024-09-19T23:30:03.167+0000] {logging_mixin.py:190} INFO - [2024-09-19T23:30:03.167+0000] {dag.py:4156} INFO - Setting next_dagrun for one_task_dag to None, run_after=None
[2024-09-19T23:30:03.213+0000] {processor.py:208} INFO - Processing /workspaces/hands-on-introduction-data-engineering-4395021/airflow/dags/one_task_dag.py took 0.083 seconds
