[2024-09-19T23:26:48.866+0000] {local_task_job_runner.py:123} INFO - ::group::Pre task execution logs
[2024-09-19T23:26:48.874+0000] {taskinstance.py:2612} INFO - Dependencies all met for dep_context=non-requeueable deps ti=<TaskInstance: one_task_dag.one_task manual__2024-09-19T23:26:46.734156+00:00 [queued]>
[2024-09-19T23:26:48.878+0000] {taskinstance.py:2612} INFO - Dependencies all met for dep_context=requeueable deps ti=<TaskInstance: one_task_dag.one_task manual__2024-09-19T23:26:46.734156+00:00 [queued]>
[2024-09-19T23:26:48.878+0000] {taskinstance.py:2865} INFO - Starting attempt 1 of 1
[2024-09-19T23:26:48.930+0000] {taskinstance.py:2888} INFO - Executing <Task(BashOperator): one_task> on 2024-09-19 23:26:46.734156+00:00
[2024-09-19T23:26:48.933+0000] {standard_task_runner.py:72} INFO - Started process 22077 to run task
[2024-09-19T23:26:48.936+0000] {standard_task_runner.py:104} INFO - Running: ['airflow', 'tasks', 'run', 'one_task_dag', 'one_task', 'manual__2024-09-19T23:26:46.734156+00:00', '--job-id', '4', '--raw', '--subdir', 'DAGS_FOLDER/one_task_dag.py', '--cfg-path', '/tmp/tmppdtr7adj']
[2024-09-19T23:26:48.937+0000] {standard_task_runner.py:105} INFO - Job 4: Subtask one_task
[2024-09-19T23:26:49.004+0000] {task_command.py:467} INFO - Running <TaskInstance: one_task_dag.one_task manual__2024-09-19T23:26:46.734156+00:00 [running]> on host codespaces-af8981
[2024-09-19T23:26:49.121+0000] {taskinstance.py:3131} INFO - Exporting env vars: AIRFLOW_CTX_DAG_OWNER='Rama' AIRFLOW_CTX_DAG_ID='one_task_dag' AIRFLOW_CTX_TASK_ID='one_task' AIRFLOW_CTX_EXECUTION_DATE='2024-09-19T23:26:46.734156+00:00' AIRFLOW_CTX_TRY_NUMBER='1' AIRFLOW_CTX_DAG_RUN_ID='manual__2024-09-19T23:26:46.734156+00:00'
[2024-09-19T23:26:49.122+0000] {taskinstance.py:731} INFO - ::endgroup::
[2024-09-19T23:26:49.133+0000] {subprocess.py:63} INFO - Tmp dir root location: /tmp
[2024-09-19T23:26:49.134+0000] {subprocess.py:75} INFO - Running command: ['/usr/bin/bash', '-c', 'echo "hello, linkedin learning!" > /workspaces/hands-on-introduction-data-engineering-4395021/lab/createthisfile.txt']
[2024-09-19T23:26:49.139+0000] {subprocess.py:86} INFO - Output:
[2024-09-19T23:26:49.141+0000] {subprocess.py:97} INFO - Command exited with return code 0
[2024-09-19T23:26:49.179+0000] {taskinstance.py:340} INFO - ::group::Post task execution logs
[2024-09-19T23:26:49.180+0000] {taskinstance.py:352} INFO - Marking task as SUCCESS. dag_id=one_task_dag, task_id=one_task, run_id=manual__2024-09-19T23:26:46.734156+00:00, execution_date=20240919T232646, start_date=20240919T232648, end_date=20240919T232649
[2024-09-19T23:26:49.268+0000] {local_task_job_runner.py:266} INFO - Task exited with return code 0
[2024-09-19T23:26:49.277+0000] {taskinstance.py:3900} INFO - 0 downstream tasks scheduled from follow-on schedule check
[2024-09-19T23:26:49.278+0000] {local_task_job_runner.py:245} INFO - ::endgroup::
