[2024-09-19T16:25:01.800+0000] {processor.py:186} INFO - Started process (PID=11608) to work on /home/vscode/.local/lib/python3.10/site-packages/airflow/example_dags/plugins/event_listener.py
[2024-09-19T16:25:01.801+0000] {processor.py:914} INFO - Processing file /home/vscode/.local/lib/python3.10/site-packages/airflow/example_dags/plugins/event_listener.py for tasks to queue
[2024-09-19T16:25:01.802+0000] {logging_mixin.py:190} INFO - [2024-09-19T16:25:01.802+0000] {dagbag.py:587} INFO - Filling up the DagBag from /home/vscode/.local/lib/python3.10/site-packages/airflow/example_dags/plugins/event_listener.py
[2024-09-19T16:25:01.804+0000] {processor.py:927} WARNING - No viable dags retrieved from /home/vscode/.local/lib/python3.10/site-packages/airflow/example_dags/plugins/event_listener.py
[2024-09-19T16:25:01.815+0000] {processor.py:208} INFO - Processing /home/vscode/.local/lib/python3.10/site-packages/airflow/example_dags/plugins/event_listener.py took 0.021 seconds
[2024-09-19T16:26:19.627+0000] {processor.py:186} INFO - Started process (PID=12132) to work on /home/vscode/.local/lib/python3.10/site-packages/airflow/example_dags/plugins/event_listener.py
[2024-09-19T16:26:19.628+0000] {processor.py:914} INFO - Processing file /home/vscode/.local/lib/python3.10/site-packages/airflow/example_dags/plugins/event_listener.py for tasks to queue
[2024-09-19T16:26:19.629+0000] {logging_mixin.py:190} INFO - [2024-09-19T16:26:19.629+0000] {dagbag.py:587} INFO - Filling up the DagBag from /home/vscode/.local/lib/python3.10/site-packages/airflow/example_dags/plugins/event_listener.py
[2024-09-19T16:26:19.631+0000] {processor.py:927} WARNING - No viable dags retrieved from /home/vscode/.local/lib/python3.10/site-packages/airflow/example_dags/plugins/event_listener.py
[2024-09-19T16:26:19.639+0000] {processor.py:208} INFO - Processing /home/vscode/.local/lib/python3.10/site-packages/airflow/example_dags/plugins/event_listener.py took 0.016 seconds
[2024-09-19T16:27:15.037+0000] {processor.py:186} INFO - Started process (PID=12510) to work on /home/vscode/.local/lib/python3.10/site-packages/airflow/example_dags/plugins/event_listener.py
[2024-09-19T16:27:15.038+0000] {processor.py:914} INFO - Processing file /home/vscode/.local/lib/python3.10/site-packages/airflow/example_dags/plugins/event_listener.py for tasks to queue
[2024-09-19T16:27:15.040+0000] {logging_mixin.py:190} INFO - [2024-09-19T16:27:15.039+0000] {dagbag.py:587} INFO - Filling up the DagBag from /home/vscode/.local/lib/python3.10/site-packages/airflow/example_dags/plugins/event_listener.py
[2024-09-19T16:27:15.041+0000] {processor.py:927} WARNING - No viable dags retrieved from /home/vscode/.local/lib/python3.10/site-packages/airflow/example_dags/plugins/event_listener.py
[2024-09-19T16:27:15.052+0000] {processor.py:208} INFO - Processing /home/vscode/.local/lib/python3.10/site-packages/airflow/example_dags/plugins/event_listener.py took 0.019 seconds
[2024-09-19T16:28:08.884+0000] {processor.py:186} INFO - Started process (PID=12898) to work on /home/vscode/.local/lib/python3.10/site-packages/airflow/example_dags/plugins/event_listener.py
[2024-09-19T16:28:08.885+0000] {processor.py:914} INFO - Processing file /home/vscode/.local/lib/python3.10/site-packages/airflow/example_dags/plugins/event_listener.py for tasks to queue
[2024-09-19T16:28:08.886+0000] {logging_mixin.py:190} INFO - [2024-09-19T16:28:08.886+0000] {dagbag.py:587} INFO - Filling up the DagBag from /home/vscode/.local/lib/python3.10/site-packages/airflow/example_dags/plugins/event_listener.py
[2024-09-19T16:28:08.888+0000] {processor.py:927} WARNING - No viable dags retrieved from /home/vscode/.local/lib/python3.10/site-packages/airflow/example_dags/plugins/event_listener.py
[2024-09-19T16:28:08.896+0000] {processor.py:208} INFO - Processing /home/vscode/.local/lib/python3.10/site-packages/airflow/example_dags/plugins/event_listener.py took 0.017 seconds
[2024-09-19T16:29:01.646+0000] {processor.py:186} INFO - Started process (PID=13356) to work on /home/vscode/.local/lib/python3.10/site-packages/airflow/example_dags/plugins/event_listener.py
[2024-09-19T16:29:01.647+0000] {processor.py:914} INFO - Processing file /home/vscode/.local/lib/python3.10/site-packages/airflow/example_dags/plugins/event_listener.py for tasks to queue
[2024-09-19T16:29:01.648+0000] {logging_mixin.py:190} INFO - [2024-09-19T16:29:01.648+0000] {dagbag.py:587} INFO - Filling up the DagBag from /home/vscode/.local/lib/python3.10/site-packages/airflow/example_dags/plugins/event_listener.py
[2024-09-19T16:29:01.650+0000] {processor.py:927} WARNING - No viable dags retrieved from /home/vscode/.local/lib/python3.10/site-packages/airflow/example_dags/plugins/event_listener.py
[2024-09-19T16:29:01.658+0000] {processor.py:208} INFO - Processing /home/vscode/.local/lib/python3.10/site-packages/airflow/example_dags/plugins/event_listener.py took 0.016 seconds
[2024-09-19T16:29:51.190+0000] {processor.py:186} INFO - Started process (PID=13768) to work on /home/vscode/.local/lib/python3.10/site-packages/airflow/example_dags/plugins/event_listener.py
[2024-09-19T16:29:51.191+0000] {processor.py:914} INFO - Processing file /home/vscode/.local/lib/python3.10/site-packages/airflow/example_dags/plugins/event_listener.py for tasks to queue
[2024-09-19T16:29:51.193+0000] {logging_mixin.py:190} INFO - [2024-09-19T16:29:51.193+0000] {dagbag.py:587} INFO - Filling up the DagBag from /home/vscode/.local/lib/python3.10/site-packages/airflow/example_dags/plugins/event_listener.py
[2024-09-19T16:29:51.195+0000] {processor.py:927} WARNING - No viable dags retrieved from /home/vscode/.local/lib/python3.10/site-packages/airflow/example_dags/plugins/event_listener.py
[2024-09-19T16:29:51.207+0000] {processor.py:208} INFO - Processing /home/vscode/.local/lib/python3.10/site-packages/airflow/example_dags/plugins/event_listener.py took 0.024 seconds
[2024-09-19T16:30:41.846+0000] {processor.py:186} INFO - Started process (PID=14105) to work on /home/vscode/.local/lib/python3.10/site-packages/airflow/example_dags/plugins/event_listener.py
[2024-09-19T16:30:41.847+0000] {processor.py:914} INFO - Processing file /home/vscode/.local/lib/python3.10/site-packages/airflow/example_dags/plugins/event_listener.py for tasks to queue
[2024-09-19T16:30:41.848+0000] {logging_mixin.py:190} INFO - [2024-09-19T16:30:41.848+0000] {dagbag.py:587} INFO - Filling up the DagBag from /home/vscode/.local/lib/python3.10/site-packages/airflow/example_dags/plugins/event_listener.py
[2024-09-19T16:30:41.850+0000] {processor.py:927} WARNING - No viable dags retrieved from /home/vscode/.local/lib/python3.10/site-packages/airflow/example_dags/plugins/event_listener.py
[2024-09-19T16:30:41.859+0000] {processor.py:208} INFO - Processing /home/vscode/.local/lib/python3.10/site-packages/airflow/example_dags/plugins/event_listener.py took 0.018 seconds
[2024-09-19T16:31:32.660+0000] {processor.py:186} INFO - Started process (PID=14550) to work on /home/vscode/.local/lib/python3.10/site-packages/airflow/example_dags/plugins/event_listener.py
[2024-09-19T16:31:32.661+0000] {processor.py:914} INFO - Processing file /home/vscode/.local/lib/python3.10/site-packages/airflow/example_dags/plugins/event_listener.py for tasks to queue
[2024-09-19T16:31:32.662+0000] {logging_mixin.py:190} INFO - [2024-09-19T16:31:32.662+0000] {dagbag.py:587} INFO - Filling up the DagBag from /home/vscode/.local/lib/python3.10/site-packages/airflow/example_dags/plugins/event_listener.py
[2024-09-19T16:31:32.664+0000] {processor.py:927} WARNING - No viable dags retrieved from /home/vscode/.local/lib/python3.10/site-packages/airflow/example_dags/plugins/event_listener.py
[2024-09-19T16:31:32.672+0000] {processor.py:208} INFO - Processing /home/vscode/.local/lib/python3.10/site-packages/airflow/example_dags/plugins/event_listener.py took 0.017 seconds
[2024-09-19T16:32:27.388+0000] {processor.py:186} INFO - Started process (PID=15143) to work on /home/vscode/.local/lib/python3.10/site-packages/airflow/example_dags/plugins/event_listener.py
[2024-09-19T16:32:27.389+0000] {processor.py:914} INFO - Processing file /home/vscode/.local/lib/python3.10/site-packages/airflow/example_dags/plugins/event_listener.py for tasks to queue
[2024-09-19T16:32:27.390+0000] {logging_mixin.py:190} INFO - [2024-09-19T16:32:27.390+0000] {dagbag.py:587} INFO - Filling up the DagBag from /home/vscode/.local/lib/python3.10/site-packages/airflow/example_dags/plugins/event_listener.py
[2024-09-19T16:32:27.392+0000] {processor.py:927} WARNING - No viable dags retrieved from /home/vscode/.local/lib/python3.10/site-packages/airflow/example_dags/plugins/event_listener.py
[2024-09-19T16:32:27.400+0000] {processor.py:208} INFO - Processing /home/vscode/.local/lib/python3.10/site-packages/airflow/example_dags/plugins/event_listener.py took 0.017 seconds
[2024-09-19T16:33:19.048+0000] {processor.py:186} INFO - Started process (PID=15490) to work on /home/vscode/.local/lib/python3.10/site-packages/airflow/example_dags/plugins/event_listener.py
[2024-09-19T16:33:19.049+0000] {processor.py:914} INFO - Processing file /home/vscode/.local/lib/python3.10/site-packages/airflow/example_dags/plugins/event_listener.py for tasks to queue
[2024-09-19T16:33:19.050+0000] {logging_mixin.py:190} INFO - [2024-09-19T16:33:19.050+0000] {dagbag.py:587} INFO - Filling up the DagBag from /home/vscode/.local/lib/python3.10/site-packages/airflow/example_dags/plugins/event_listener.py
[2024-09-19T16:33:19.052+0000] {processor.py:927} WARNING - No viable dags retrieved from /home/vscode/.local/lib/python3.10/site-packages/airflow/example_dags/plugins/event_listener.py
[2024-09-19T16:33:19.060+0000] {processor.py:208} INFO - Processing /home/vscode/.local/lib/python3.10/site-packages/airflow/example_dags/plugins/event_listener.py took 0.016 seconds
[2024-09-19T16:34:08.590+0000] {processor.py:186} INFO - Started process (PID=15818) to work on /home/vscode/.local/lib/python3.10/site-packages/airflow/example_dags/plugins/event_listener.py
[2024-09-19T16:34:08.591+0000] {processor.py:914} INFO - Processing file /home/vscode/.local/lib/python3.10/site-packages/airflow/example_dags/plugins/event_listener.py for tasks to queue
[2024-09-19T16:34:08.593+0000] {logging_mixin.py:190} INFO - [2024-09-19T16:34:08.592+0000] {dagbag.py:587} INFO - Filling up the DagBag from /home/vscode/.local/lib/python3.10/site-packages/airflow/example_dags/plugins/event_listener.py
[2024-09-19T16:34:08.594+0000] {processor.py:927} WARNING - No viable dags retrieved from /home/vscode/.local/lib/python3.10/site-packages/airflow/example_dags/plugins/event_listener.py
[2024-09-19T16:34:08.603+0000] {processor.py:208} INFO - Processing /home/vscode/.local/lib/python3.10/site-packages/airflow/example_dags/plugins/event_listener.py took 0.017 seconds
[2024-09-19T16:34:55.696+0000] {processor.py:186} INFO - Started process (PID=16141) to work on /home/vscode/.local/lib/python3.10/site-packages/airflow/example_dags/plugins/event_listener.py
[2024-09-19T16:34:55.696+0000] {processor.py:914} INFO - Processing file /home/vscode/.local/lib/python3.10/site-packages/airflow/example_dags/plugins/event_listener.py for tasks to queue
[2024-09-19T16:34:55.698+0000] {logging_mixin.py:190} INFO - [2024-09-19T16:34:55.698+0000] {dagbag.py:587} INFO - Filling up the DagBag from /home/vscode/.local/lib/python3.10/site-packages/airflow/example_dags/plugins/event_listener.py
[2024-09-19T16:34:55.700+0000] {processor.py:927} WARNING - No viable dags retrieved from /home/vscode/.local/lib/python3.10/site-packages/airflow/example_dags/plugins/event_listener.py
[2024-09-19T16:34:55.708+0000] {processor.py:208} INFO - Processing /home/vscode/.local/lib/python3.10/site-packages/airflow/example_dags/plugins/event_listener.py took 0.018 seconds
