[2024-09-19T16:25:46.779+0000] {processor.py:157} INFO - Started process (PID=16158) to work on /home/vscode/.local/lib/python3.10/site-packages/airflow/example_dags/plugins/listener_plugin.py
[2024-09-19T16:25:46.780+0000] {processor.py:826} INFO - Processing file /home/vscode/.local/lib/python3.10/site-packages/airflow/example_dags/plugins/listener_plugin.py for tasks to queue
[2024-09-19T16:25:46.781+0000] {logging_mixin.py:150} INFO - [2024-09-19T16:25:46.780+0000] {dagbag.py:541} INFO - Filling up the DagBag from /home/vscode/.local/lib/python3.10/site-packages/airflow/example_dags/plugins/listener_plugin.py
[2024-09-19T16:25:46.782+0000] {processor.py:838} WARNING - No viable dags retrieved from /home/vscode/.local/lib/python3.10/site-packages/airflow/example_dags/plugins/listener_plugin.py
[2024-09-19T16:25:46.789+0000] {processor.py:179} INFO - Processing /home/vscode/.local/lib/python3.10/site-packages/airflow/example_dags/plugins/listener_plugin.py took 0.011 seconds
[2024-09-19T16:26:40.501+0000] {processor.py:157} INFO - Started process (PID=16510) to work on /home/vscode/.local/lib/python3.10/site-packages/airflow/example_dags/plugins/listener_plugin.py
[2024-09-19T16:26:40.501+0000] {processor.py:826} INFO - Processing file /home/vscode/.local/lib/python3.10/site-packages/airflow/example_dags/plugins/listener_plugin.py for tasks to queue
[2024-09-19T16:26:40.502+0000] {logging_mixin.py:150} INFO - [2024-09-19T16:26:40.502+0000] {dagbag.py:541} INFO - Filling up the DagBag from /home/vscode/.local/lib/python3.10/site-packages/airflow/example_dags/plugins/listener_plugin.py
[2024-09-19T16:26:40.504+0000] {processor.py:838} WARNING - No viable dags retrieved from /home/vscode/.local/lib/python3.10/site-packages/airflow/example_dags/plugins/listener_plugin.py
[2024-09-19T16:26:40.511+0000] {processor.py:179} INFO - Processing /home/vscode/.local/lib/python3.10/site-packages/airflow/example_dags/plugins/listener_plugin.py took 0.013 seconds
[2024-09-19T16:27:26.854+0000] {processor.py:157} INFO - Started process (PID=16822) to work on /home/vscode/.local/lib/python3.10/site-packages/airflow/example_dags/plugins/listener_plugin.py
[2024-09-19T16:27:26.854+0000] {processor.py:826} INFO - Processing file /home/vscode/.local/lib/python3.10/site-packages/airflow/example_dags/plugins/listener_plugin.py for tasks to queue
[2024-09-19T16:27:26.855+0000] {logging_mixin.py:150} INFO - [2024-09-19T16:27:26.855+0000] {dagbag.py:541} INFO - Filling up the DagBag from /home/vscode/.local/lib/python3.10/site-packages/airflow/example_dags/plugins/listener_plugin.py
[2024-09-19T16:27:26.857+0000] {processor.py:838} WARNING - No viable dags retrieved from /home/vscode/.local/lib/python3.10/site-packages/airflow/example_dags/plugins/listener_plugin.py
[2024-09-19T16:27:26.864+0000] {processor.py:179} INFO - Processing /home/vscode/.local/lib/python3.10/site-packages/airflow/example_dags/plugins/listener_plugin.py took 0.012 seconds
[2024-09-19T16:28:14.398+0000] {processor.py:157} INFO - Started process (PID=17159) to work on /home/vscode/.local/lib/python3.10/site-packages/airflow/example_dags/plugins/listener_plugin.py
[2024-09-19T16:28:14.399+0000] {processor.py:826} INFO - Processing file /home/vscode/.local/lib/python3.10/site-packages/airflow/example_dags/plugins/listener_plugin.py for tasks to queue
[2024-09-19T16:28:14.400+0000] {logging_mixin.py:150} INFO - [2024-09-19T16:28:14.399+0000] {dagbag.py:541} INFO - Filling up the DagBag from /home/vscode/.local/lib/python3.10/site-packages/airflow/example_dags/plugins/listener_plugin.py
[2024-09-19T16:28:14.402+0000] {processor.py:838} WARNING - No viable dags retrieved from /home/vscode/.local/lib/python3.10/site-packages/airflow/example_dags/plugins/listener_plugin.py
[2024-09-19T16:28:14.409+0000] {processor.py:179} INFO - Processing /home/vscode/.local/lib/python3.10/site-packages/airflow/example_dags/plugins/listener_plugin.py took 0.013 seconds
[2024-09-19T16:28:58.744+0000] {processor.py:157} INFO - Started process (PID=17492) to work on /home/vscode/.local/lib/python3.10/site-packages/airflow/example_dags/plugins/listener_plugin.py
[2024-09-19T16:28:58.744+0000] {processor.py:826} INFO - Processing file /home/vscode/.local/lib/python3.10/site-packages/airflow/example_dags/plugins/listener_plugin.py for tasks to queue
[2024-09-19T16:28:58.745+0000] {logging_mixin.py:150} INFO - [2024-09-19T16:28:58.745+0000] {dagbag.py:541} INFO - Filling up the DagBag from /home/vscode/.local/lib/python3.10/site-packages/airflow/example_dags/plugins/listener_plugin.py
[2024-09-19T16:28:58.747+0000] {processor.py:838} WARNING - No viable dags retrieved from /home/vscode/.local/lib/python3.10/site-packages/airflow/example_dags/plugins/listener_plugin.py
[2024-09-19T16:28:58.753+0000] {processor.py:179} INFO - Processing /home/vscode/.local/lib/python3.10/site-packages/airflow/example_dags/plugins/listener_plugin.py took 0.012 seconds
[2024-09-19T16:29:45.762+0000] {processor.py:157} INFO - Started process (PID=17889) to work on /home/vscode/.local/lib/python3.10/site-packages/airflow/example_dags/plugins/listener_plugin.py
[2024-09-19T16:29:45.763+0000] {processor.py:826} INFO - Processing file /home/vscode/.local/lib/python3.10/site-packages/airflow/example_dags/plugins/listener_plugin.py for tasks to queue
[2024-09-19T16:29:45.764+0000] {logging_mixin.py:150} INFO - [2024-09-19T16:29:45.763+0000] {dagbag.py:541} INFO - Filling up the DagBag from /home/vscode/.local/lib/python3.10/site-packages/airflow/example_dags/plugins/listener_plugin.py
[2024-09-19T16:29:45.766+0000] {processor.py:838} WARNING - No viable dags retrieved from /home/vscode/.local/lib/python3.10/site-packages/airflow/example_dags/plugins/listener_plugin.py
[2024-09-19T16:29:45.772+0000] {processor.py:179} INFO - Processing /home/vscode/.local/lib/python3.10/site-packages/airflow/example_dags/plugins/listener_plugin.py took 0.012 seconds
[2024-09-19T16:30:34.567+0000] {processor.py:157} INFO - Started process (PID=18263) to work on /home/vscode/.local/lib/python3.10/site-packages/airflow/example_dags/plugins/listener_plugin.py
[2024-09-19T16:30:34.568+0000] {processor.py:826} INFO - Processing file /home/vscode/.local/lib/python3.10/site-packages/airflow/example_dags/plugins/listener_plugin.py for tasks to queue
[2024-09-19T16:30:34.569+0000] {logging_mixin.py:150} INFO - [2024-09-19T16:30:34.568+0000] {dagbag.py:541} INFO - Filling up the DagBag from /home/vscode/.local/lib/python3.10/site-packages/airflow/example_dags/plugins/listener_plugin.py
[2024-09-19T16:30:34.571+0000] {processor.py:838} WARNING - No viable dags retrieved from /home/vscode/.local/lib/python3.10/site-packages/airflow/example_dags/plugins/listener_plugin.py
[2024-09-19T16:30:34.578+0000] {processor.py:179} INFO - Processing /home/vscode/.local/lib/python3.10/site-packages/airflow/example_dags/plugins/listener_plugin.py took 0.013 seconds
[2024-09-19T16:31:22.653+0000] {processor.py:157} INFO - Started process (PID=18627) to work on /home/vscode/.local/lib/python3.10/site-packages/airflow/example_dags/plugins/listener_plugin.py
[2024-09-19T16:31:22.654+0000] {processor.py:826} INFO - Processing file /home/vscode/.local/lib/python3.10/site-packages/airflow/example_dags/plugins/listener_plugin.py for tasks to queue
[2024-09-19T16:31:22.655+0000] {logging_mixin.py:150} INFO - [2024-09-19T16:31:22.654+0000] {dagbag.py:541} INFO - Filling up the DagBag from /home/vscode/.local/lib/python3.10/site-packages/airflow/example_dags/plugins/listener_plugin.py
[2024-09-19T16:31:22.657+0000] {processor.py:838} WARNING - No viable dags retrieved from /home/vscode/.local/lib/python3.10/site-packages/airflow/example_dags/plugins/listener_plugin.py
[2024-09-19T16:31:22.663+0000] {processor.py:179} INFO - Processing /home/vscode/.local/lib/python3.10/site-packages/airflow/example_dags/plugins/listener_plugin.py took 0.012 seconds
[2024-09-19T16:32:06.110+0000] {processor.py:157} INFO - Started process (PID=18920) to work on /home/vscode/.local/lib/python3.10/site-packages/airflow/example_dags/plugins/listener_plugin.py
[2024-09-19T16:32:06.110+0000] {processor.py:826} INFO - Processing file /home/vscode/.local/lib/python3.10/site-packages/airflow/example_dags/plugins/listener_plugin.py for tasks to queue
[2024-09-19T16:32:06.111+0000] {logging_mixin.py:150} INFO - [2024-09-19T16:32:06.111+0000] {dagbag.py:541} INFO - Filling up the DagBag from /home/vscode/.local/lib/python3.10/site-packages/airflow/example_dags/plugins/listener_plugin.py
[2024-09-19T16:32:06.113+0000] {processor.py:838} WARNING - No viable dags retrieved from /home/vscode/.local/lib/python3.10/site-packages/airflow/example_dags/plugins/listener_plugin.py
[2024-09-19T16:32:06.120+0000] {processor.py:179} INFO - Processing /home/vscode/.local/lib/python3.10/site-packages/airflow/example_dags/plugins/listener_plugin.py took 0.012 seconds
[2024-09-19T16:32:51.697+0000] {processor.py:157} INFO - Started process (PID=19393) to work on /home/vscode/.local/lib/python3.10/site-packages/airflow/example_dags/plugins/listener_plugin.py
[2024-09-19T16:32:51.698+0000] {processor.py:826} INFO - Processing file /home/vscode/.local/lib/python3.10/site-packages/airflow/example_dags/plugins/listener_plugin.py for tasks to queue
[2024-09-19T16:32:51.699+0000] {logging_mixin.py:150} INFO - [2024-09-19T16:32:51.698+0000] {dagbag.py:541} INFO - Filling up the DagBag from /home/vscode/.local/lib/python3.10/site-packages/airflow/example_dags/plugins/listener_plugin.py
[2024-09-19T16:32:51.701+0000] {processor.py:838} WARNING - No viable dags retrieved from /home/vscode/.local/lib/python3.10/site-packages/airflow/example_dags/plugins/listener_plugin.py
[2024-09-19T16:32:51.707+0000] {processor.py:179} INFO - Processing /home/vscode/.local/lib/python3.10/site-packages/airflow/example_dags/plugins/listener_plugin.py took 0.013 seconds
[2024-09-19T16:33:35.746+0000] {processor.py:157} INFO - Started process (PID=19773) to work on /home/vscode/.local/lib/python3.10/site-packages/airflow/example_dags/plugins/listener_plugin.py
[2024-09-19T16:33:35.746+0000] {processor.py:826} INFO - Processing file /home/vscode/.local/lib/python3.10/site-packages/airflow/example_dags/plugins/listener_plugin.py for tasks to queue
[2024-09-19T16:33:35.747+0000] {logging_mixin.py:150} INFO - [2024-09-19T16:33:35.747+0000] {dagbag.py:541} INFO - Filling up the DagBag from /home/vscode/.local/lib/python3.10/site-packages/airflow/example_dags/plugins/listener_plugin.py
[2024-09-19T16:33:35.749+0000] {processor.py:838} WARNING - No viable dags retrieved from /home/vscode/.local/lib/python3.10/site-packages/airflow/example_dags/plugins/listener_plugin.py
[2024-09-19T16:33:35.756+0000] {processor.py:179} INFO - Processing /home/vscode/.local/lib/python3.10/site-packages/airflow/example_dags/plugins/listener_plugin.py took 0.012 seconds
[2024-09-19T16:34:28.729+0000] {processor.py:157} INFO - Started process (PID=20279) to work on /home/vscode/.local/lib/python3.10/site-packages/airflow/example_dags/plugins/listener_plugin.py
[2024-09-19T16:34:28.730+0000] {processor.py:826} INFO - Processing file /home/vscode/.local/lib/python3.10/site-packages/airflow/example_dags/plugins/listener_plugin.py for tasks to queue
[2024-09-19T16:34:28.730+0000] {logging_mixin.py:150} INFO - [2024-09-19T16:34:28.730+0000] {dagbag.py:541} INFO - Filling up the DagBag from /home/vscode/.local/lib/python3.10/site-packages/airflow/example_dags/plugins/listener_plugin.py
[2024-09-19T16:34:28.732+0000] {processor.py:838} WARNING - No viable dags retrieved from /home/vscode/.local/lib/python3.10/site-packages/airflow/example_dags/plugins/listener_plugin.py
[2024-09-19T16:34:28.739+0000] {processor.py:179} INFO - Processing /home/vscode/.local/lib/python3.10/site-packages/airflow/example_dags/plugins/listener_plugin.py took 0.012 seconds
