[2024-09-19T16:25:40.175+0000] {processor.py:186} INFO - Started process (PID=11874) to work on /home/vscode/.local/lib/python3.10/site-packages/airflow/example_dags/example_branch_labels.py
[2024-09-19T16:25:40.175+0000] {processor.py:914} INFO - Processing file /home/vscode/.local/lib/python3.10/site-packages/airflow/example_dags/example_branch_labels.py for tasks to queue
[2024-09-19T16:25:40.177+0000] {logging_mixin.py:190} INFO - [2024-09-19T16:25:40.177+0000] {dagbag.py:587} INFO - Filling up the DagBag from /home/vscode/.local/lib/python3.10/site-packages/airflow/example_dags/example_branch_labels.py
[2024-09-19T16:25:40.185+0000] {processor.py:925} INFO - DAG(s) 'example_branch_labels' retrieved from /home/vscode/.local/lib/python3.10/site-packages/airflow/example_dags/example_branch_labels.py
[2024-09-19T16:25:40.313+0000] {logging_mixin.py:190} INFO - [2024-09-19T16:25:40.312+0000] {override.py:1900} INFO - Created Permission View: can edit on DAG:example_branch_labels
[2024-09-19T16:25:40.355+0000] {logging_mixin.py:190} INFO - [2024-09-19T16:25:40.354+0000] {override.py:1900} INFO - Created Permission View: can read on DAG:example_branch_labels
[2024-09-19T16:25:40.389+0000] {logging_mixin.py:190} INFO - [2024-09-19T16:25:40.389+0000] {override.py:1900} INFO - Created Permission View: can delete on DAG:example_branch_labels
[2024-09-19T16:25:40.435+0000] {logging_mixin.py:190} INFO - [2024-09-19T16:25:40.435+0000] {override.py:1900} INFO - Created Permission View: menu access on DAG Run:example_branch_labels
[2024-09-19T16:25:40.457+0000] {logging_mixin.py:190} INFO - [2024-09-19T16:25:40.457+0000] {override.py:1900} INFO - Created Permission View: can read on DAG Run:example_branch_labels
[2024-09-19T16:25:40.489+0000] {logging_mixin.py:190} INFO - [2024-09-19T16:25:40.488+0000] {override.py:1900} INFO - Created Permission View: can create on DAG Run:example_branch_labels
[2024-09-19T16:25:40.518+0000] {logging_mixin.py:190} INFO - [2024-09-19T16:25:40.517+0000] {override.py:1900} INFO - Created Permission View: can delete on DAG Run:example_branch_labels
[2024-09-19T16:25:40.518+0000] {logging_mixin.py:190} INFO - [2024-09-19T16:25:40.518+0000] {dag.py:3229} INFO - Sync 1 DAGs
[2024-09-19T16:25:40.528+0000] {logging_mixin.py:190} INFO - [2024-09-19T16:25:40.528+0000] {dag.py:3252} INFO - Creating ORM DAG for example_branch_labels
[2024-09-19T16:25:40.536+0000] {logging_mixin.py:190} INFO - [2024-09-19T16:25:40.536+0000] {dag.py:4156} INFO - Setting next_dagrun for example_branch_labels to 2024-09-18 00:00:00+00:00, run_after=2024-09-19 00:00:00+00:00
[2024-09-19T16:25:40.572+0000] {processor.py:208} INFO - Processing /home/vscode/.local/lib/python3.10/site-packages/airflow/example_dags/example_branch_labels.py took 0.403 seconds
[2024-09-19T16:26:55.446+0000] {processor.py:186} INFO - Started process (PID=12371) to work on /home/vscode/.local/lib/python3.10/site-packages/airflow/example_dags/example_branch_labels.py
[2024-09-19T16:26:55.447+0000] {processor.py:914} INFO - Processing file /home/vscode/.local/lib/python3.10/site-packages/airflow/example_dags/example_branch_labels.py for tasks to queue
[2024-09-19T16:26:55.449+0000] {logging_mixin.py:190} INFO - [2024-09-19T16:26:55.449+0000] {dagbag.py:587} INFO - Filling up the DagBag from /home/vscode/.local/lib/python3.10/site-packages/airflow/example_dags/example_branch_labels.py
[2024-09-19T16:26:55.457+0000] {processor.py:925} INFO - DAG(s) 'example_branch_labels' retrieved from /home/vscode/.local/lib/python3.10/site-packages/airflow/example_dags/example_branch_labels.py
[2024-09-19T16:26:55.470+0000] {logging_mixin.py:190} INFO - [2024-09-19T16:26:55.470+0000] {dag.py:3229} INFO - Sync 1 DAGs
[2024-09-19T16:26:55.486+0000] {logging_mixin.py:190} INFO - [2024-09-19T16:26:55.486+0000] {dag.py:4156} INFO - Setting next_dagrun for example_branch_labels to 2024-09-18 00:00:00+00:00, run_after=2024-09-19 00:00:00+00:00
[2024-09-19T16:26:55.518+0000] {processor.py:208} INFO - Processing /home/vscode/.local/lib/python3.10/site-packages/airflow/example_dags/example_branch_labels.py took 0.076 seconds
[2024-09-19T16:27:52.121+0000] {processor.py:186} INFO - Started process (PID=12781) to work on /home/vscode/.local/lib/python3.10/site-packages/airflow/example_dags/example_branch_labels.py
[2024-09-19T16:27:52.122+0000] {processor.py:914} INFO - Processing file /home/vscode/.local/lib/python3.10/site-packages/airflow/example_dags/example_branch_labels.py for tasks to queue
[2024-09-19T16:27:52.124+0000] {logging_mixin.py:190} INFO - [2024-09-19T16:27:52.123+0000] {dagbag.py:587} INFO - Filling up the DagBag from /home/vscode/.local/lib/python3.10/site-packages/airflow/example_dags/example_branch_labels.py
[2024-09-19T16:27:52.131+0000] {processor.py:925} INFO - DAG(s) 'example_branch_labels' retrieved from /home/vscode/.local/lib/python3.10/site-packages/airflow/example_dags/example_branch_labels.py
[2024-09-19T16:27:52.144+0000] {logging_mixin.py:190} INFO - [2024-09-19T16:27:52.143+0000] {dag.py:3229} INFO - Sync 1 DAGs
[2024-09-19T16:27:52.159+0000] {logging_mixin.py:190} INFO - [2024-09-19T16:27:52.159+0000] {dag.py:4156} INFO - Setting next_dagrun for example_branch_labels to 2024-09-18 00:00:00+00:00, run_after=2024-09-19 00:00:00+00:00
[2024-09-19T16:27:52.200+0000] {processor.py:208} INFO - Processing /home/vscode/.local/lib/python3.10/site-packages/airflow/example_dags/example_branch_labels.py took 0.084 seconds
[2024-09-19T16:28:47.969+0000] {processor.py:186} INFO - Started process (PID=13221) to work on /home/vscode/.local/lib/python3.10/site-packages/airflow/example_dags/example_branch_labels.py
[2024-09-19T16:28:47.970+0000] {processor.py:914} INFO - Processing file /home/vscode/.local/lib/python3.10/site-packages/airflow/example_dags/example_branch_labels.py for tasks to queue
[2024-09-19T16:28:47.971+0000] {logging_mixin.py:190} INFO - [2024-09-19T16:28:47.971+0000] {dagbag.py:587} INFO - Filling up the DagBag from /home/vscode/.local/lib/python3.10/site-packages/airflow/example_dags/example_branch_labels.py
[2024-09-19T16:28:47.979+0000] {processor.py:925} INFO - DAG(s) 'example_branch_labels' retrieved from /home/vscode/.local/lib/python3.10/site-packages/airflow/example_dags/example_branch_labels.py
[2024-09-19T16:28:47.992+0000] {logging_mixin.py:190} INFO - [2024-09-19T16:28:47.992+0000] {dag.py:3229} INFO - Sync 1 DAGs
[2024-09-19T16:28:48.007+0000] {logging_mixin.py:190} INFO - [2024-09-19T16:28:48.007+0000] {dag.py:4156} INFO - Setting next_dagrun for example_branch_labels to 2024-09-18 00:00:00+00:00, run_after=2024-09-19 00:00:00+00:00
[2024-09-19T16:28:48.040+0000] {processor.py:208} INFO - Processing /home/vscode/.local/lib/python3.10/site-packages/airflow/example_dags/example_branch_labels.py took 0.075 seconds
[2024-09-19T16:29:40.842+0000] {processor.py:186} INFO - Started process (PID=13698) to work on /home/vscode/.local/lib/python3.10/site-packages/airflow/example_dags/example_branch_labels.py
[2024-09-19T16:29:40.843+0000] {processor.py:914} INFO - Processing file /home/vscode/.local/lib/python3.10/site-packages/airflow/example_dags/example_branch_labels.py for tasks to queue
[2024-09-19T16:29:40.845+0000] {logging_mixin.py:190} INFO - [2024-09-19T16:29:40.844+0000] {dagbag.py:587} INFO - Filling up the DagBag from /home/vscode/.local/lib/python3.10/site-packages/airflow/example_dags/example_branch_labels.py
[2024-09-19T16:29:40.853+0000] {processor.py:925} INFO - DAG(s) 'example_branch_labels' retrieved from /home/vscode/.local/lib/python3.10/site-packages/airflow/example_dags/example_branch_labels.py
[2024-09-19T16:29:40.867+0000] {logging_mixin.py:190} INFO - [2024-09-19T16:29:40.866+0000] {dag.py:3229} INFO - Sync 1 DAGs
[2024-09-19T16:29:40.888+0000] {logging_mixin.py:190} INFO - [2024-09-19T16:29:40.887+0000] {dag.py:4156} INFO - Setting next_dagrun for example_branch_labels to 2024-09-18 00:00:00+00:00, run_after=2024-09-19 00:00:00+00:00
[2024-09-19T16:29:40.928+0000] {processor.py:208} INFO - Processing /home/vscode/.local/lib/python3.10/site-packages/airflow/example_dags/example_branch_labels.py took 0.091 seconds
[2024-09-19T16:30:34.338+0000] {processor.py:186} INFO - Started process (PID=14053) to work on /home/vscode/.local/lib/python3.10/site-packages/airflow/example_dags/example_branch_labels.py
[2024-09-19T16:30:34.339+0000] {processor.py:914} INFO - Processing file /home/vscode/.local/lib/python3.10/site-packages/airflow/example_dags/example_branch_labels.py for tasks to queue
[2024-09-19T16:30:34.341+0000] {logging_mixin.py:190} INFO - [2024-09-19T16:30:34.340+0000] {dagbag.py:587} INFO - Filling up the DagBag from /home/vscode/.local/lib/python3.10/site-packages/airflow/example_dags/example_branch_labels.py
[2024-09-19T16:30:34.349+0000] {processor.py:925} INFO - DAG(s) 'example_branch_labels' retrieved from /home/vscode/.local/lib/python3.10/site-packages/airflow/example_dags/example_branch_labels.py
[2024-09-19T16:30:34.362+0000] {logging_mixin.py:190} INFO - [2024-09-19T16:30:34.361+0000] {dag.py:3229} INFO - Sync 1 DAGs
[2024-09-19T16:30:34.378+0000] {logging_mixin.py:190} INFO - [2024-09-19T16:30:34.378+0000] {dag.py:4156} INFO - Setting next_dagrun for example_branch_labels to 2024-09-18 00:00:00+00:00, run_after=2024-09-19 00:00:00+00:00
[2024-09-19T16:30:34.427+0000] {processor.py:208} INFO - Processing /home/vscode/.local/lib/python3.10/site-packages/airflow/example_dags/example_branch_labels.py took 0.094 seconds
[2024-09-19T16:31:48.983+0000] {processor.py:186} INFO - Started process (PID=14757) to work on /home/vscode/.local/lib/python3.10/site-packages/airflow/example_dags/example_branch_labels.py
[2024-09-19T16:31:48.984+0000] {processor.py:914} INFO - Processing file /home/vscode/.local/lib/python3.10/site-packages/airflow/example_dags/example_branch_labels.py for tasks to queue
[2024-09-19T16:31:48.986+0000] {logging_mixin.py:190} INFO - [2024-09-19T16:31:48.985+0000] {dagbag.py:587} INFO - Filling up the DagBag from /home/vscode/.local/lib/python3.10/site-packages/airflow/example_dags/example_branch_labels.py
[2024-09-19T16:31:48.994+0000] {processor.py:925} INFO - DAG(s) 'example_branch_labels' retrieved from /home/vscode/.local/lib/python3.10/site-packages/airflow/example_dags/example_branch_labels.py
[2024-09-19T16:31:49.007+0000] {logging_mixin.py:190} INFO - [2024-09-19T16:31:49.007+0000] {dag.py:3229} INFO - Sync 1 DAGs
[2024-09-19T16:31:49.025+0000] {logging_mixin.py:190} INFO - [2024-09-19T16:31:49.025+0000] {dag.py:4156} INFO - Setting next_dagrun for example_branch_labels to 2024-09-18 00:00:00+00:00, run_after=2024-09-19 00:00:00+00:00
[2024-09-19T16:31:49.061+0000] {processor.py:208} INFO - Processing /home/vscode/.local/lib/python3.10/site-packages/airflow/example_dags/example_branch_labels.py took 0.083 seconds
[2024-09-19T16:32:43.642+0000] {processor.py:186} INFO - Started process (PID=15254) to work on /home/vscode/.local/lib/python3.10/site-packages/airflow/example_dags/example_branch_labels.py
[2024-09-19T16:32:43.642+0000] {processor.py:914} INFO - Processing file /home/vscode/.local/lib/python3.10/site-packages/airflow/example_dags/example_branch_labels.py for tasks to queue
[2024-09-19T16:32:43.644+0000] {logging_mixin.py:190} INFO - [2024-09-19T16:32:43.644+0000] {dagbag.py:587} INFO - Filling up the DagBag from /home/vscode/.local/lib/python3.10/site-packages/airflow/example_dags/example_branch_labels.py
[2024-09-19T16:32:43.652+0000] {processor.py:925} INFO - DAG(s) 'example_branch_labels' retrieved from /home/vscode/.local/lib/python3.10/site-packages/airflow/example_dags/example_branch_labels.py
[2024-09-19T16:32:43.665+0000] {logging_mixin.py:190} INFO - [2024-09-19T16:32:43.665+0000] {dag.py:3229} INFO - Sync 1 DAGs
[2024-09-19T16:32:43.681+0000] {logging_mixin.py:190} INFO - [2024-09-19T16:32:43.681+0000] {dag.py:4156} INFO - Setting next_dagrun for example_branch_labels to 2024-09-18 00:00:00+00:00, run_after=2024-09-19 00:00:00+00:00
[2024-09-19T16:32:43.728+0000] {processor.py:208} INFO - Processing /home/vscode/.local/lib/python3.10/site-packages/airflow/example_dags/example_branch_labels.py took 0.092 seconds
[2024-09-19T16:33:35.559+0000] {processor.py:186} INFO - Started process (PID=15600) to work on /home/vscode/.local/lib/python3.10/site-packages/airflow/example_dags/example_branch_labels.py
[2024-09-19T16:33:35.560+0000] {processor.py:914} INFO - Processing file /home/vscode/.local/lib/python3.10/site-packages/airflow/example_dags/example_branch_labels.py for tasks to queue
[2024-09-19T16:33:35.562+0000] {logging_mixin.py:190} INFO - [2024-09-19T16:33:35.562+0000] {dagbag.py:587} INFO - Filling up the DagBag from /home/vscode/.local/lib/python3.10/site-packages/airflow/example_dags/example_branch_labels.py
[2024-09-19T16:33:35.570+0000] {processor.py:925} INFO - DAG(s) 'example_branch_labels' retrieved from /home/vscode/.local/lib/python3.10/site-packages/airflow/example_dags/example_branch_labels.py
[2024-09-19T16:33:35.584+0000] {logging_mixin.py:190} INFO - [2024-09-19T16:33:35.583+0000] {dag.py:3229} INFO - Sync 1 DAGs
[2024-09-19T16:33:35.601+0000] {logging_mixin.py:190} INFO - [2024-09-19T16:33:35.601+0000] {dag.py:4156} INFO - Setting next_dagrun for example_branch_labels to 2024-09-18 00:00:00+00:00, run_after=2024-09-19 00:00:00+00:00
[2024-09-19T16:33:35.640+0000] {processor.py:208} INFO - Processing /home/vscode/.local/lib/python3.10/site-packages/airflow/example_dags/example_branch_labels.py took 0.085 seconds
[2024-09-19T16:34:24.089+0000] {processor.py:186} INFO - Started process (PID=15929) to work on /home/vscode/.local/lib/python3.10/site-packages/airflow/example_dags/example_branch_labels.py
[2024-09-19T16:34:24.090+0000] {processor.py:914} INFO - Processing file /home/vscode/.local/lib/python3.10/site-packages/airflow/example_dags/example_branch_labels.py for tasks to queue
[2024-09-19T16:34:24.091+0000] {logging_mixin.py:190} INFO - [2024-09-19T16:34:24.091+0000] {dagbag.py:587} INFO - Filling up the DagBag from /home/vscode/.local/lib/python3.10/site-packages/airflow/example_dags/example_branch_labels.py
[2024-09-19T16:34:24.099+0000] {processor.py:925} INFO - DAG(s) 'example_branch_labels' retrieved from /home/vscode/.local/lib/python3.10/site-packages/airflow/example_dags/example_branch_labels.py
[2024-09-19T16:34:24.112+0000] {logging_mixin.py:190} INFO - [2024-09-19T16:34:24.112+0000] {dag.py:3229} INFO - Sync 1 DAGs
[2024-09-19T16:34:24.129+0000] {logging_mixin.py:190} INFO - [2024-09-19T16:34:24.128+0000] {dag.py:4156} INFO - Setting next_dagrun for example_branch_labels to 2024-09-18 00:00:00+00:00, run_after=2024-09-19 00:00:00+00:00
[2024-09-19T16:34:24.182+0000] {processor.py:208} INFO - Processing /home/vscode/.local/lib/python3.10/site-packages/airflow/example_dags/example_branch_labels.py took 0.098 seconds
[2024-09-19T23:23:00.043+0000] {processor.py:186} INFO - Started process (PID=20200) to work on /home/vscode/.local/lib/python3.10/site-packages/airflow/example_dags/example_branch_labels.py
[2024-09-19T23:23:00.044+0000] {processor.py:914} INFO - Processing file /home/vscode/.local/lib/python3.10/site-packages/airflow/example_dags/example_branch_labels.py for tasks to queue
[2024-09-19T23:23:00.047+0000] {logging_mixin.py:190} INFO - [2024-09-19T23:23:00.046+0000] {dagbag.py:587} INFO - Filling up the DagBag from /home/vscode/.local/lib/python3.10/site-packages/airflow/example_dags/example_branch_labels.py
[2024-09-19T23:23:00.057+0000] {processor.py:925} INFO - DAG(s) 'example_branch_labels' retrieved from /home/vscode/.local/lib/python3.10/site-packages/airflow/example_dags/example_branch_labels.py
[2024-09-19T23:23:00.082+0000] {logging_mixin.py:190} INFO - [2024-09-19T23:23:00.081+0000] {dag.py:3229} INFO - Sync 1 DAGs
[2024-09-19T23:23:00.123+0000] {logging_mixin.py:190} INFO - [2024-09-19T23:23:00.123+0000] {dag.py:4156} INFO - Setting next_dagrun for example_branch_labels to 2024-09-18 00:00:00+00:00, run_after=2024-09-19 00:00:00+00:00
[2024-09-19T23:23:00.182+0000] {processor.py:208} INFO - Processing /home/vscode/.local/lib/python3.10/site-packages/airflow/example_dags/example_branch_labels.py took 0.146 seconds
[2024-09-19T23:23:58.305+0000] {processor.py:186} INFO - Started process (PID=20648) to work on /home/vscode/.local/lib/python3.10/site-packages/airflow/example_dags/example_branch_labels.py
[2024-09-19T23:23:58.306+0000] {processor.py:914} INFO - Processing file /home/vscode/.local/lib/python3.10/site-packages/airflow/example_dags/example_branch_labels.py for tasks to queue
[2024-09-19T23:23:58.307+0000] {logging_mixin.py:190} INFO - [2024-09-19T23:23:58.307+0000] {dagbag.py:587} INFO - Filling up the DagBag from /home/vscode/.local/lib/python3.10/site-packages/airflow/example_dags/example_branch_labels.py
[2024-09-19T23:23:58.316+0000] {processor.py:925} INFO - DAG(s) 'example_branch_labels' retrieved from /home/vscode/.local/lib/python3.10/site-packages/airflow/example_dags/example_branch_labels.py
[2024-09-19T23:23:58.328+0000] {logging_mixin.py:190} INFO - [2024-09-19T23:23:58.328+0000] {dag.py:3229} INFO - Sync 1 DAGs
[2024-09-19T23:23:58.343+0000] {logging_mixin.py:190} INFO - [2024-09-19T23:23:58.343+0000] {dag.py:4156} INFO - Setting next_dagrun for example_branch_labels to 2024-09-18 00:00:00+00:00, run_after=2024-09-19 00:00:00+00:00
[2024-09-19T23:23:58.385+0000] {processor.py:208} INFO - Processing /home/vscode/.local/lib/python3.10/site-packages/airflow/example_dags/example_branch_labels.py took 0.085 seconds
[2024-09-19T23:24:56.111+0000] {processor.py:186} INFO - Started process (PID=21131) to work on /home/vscode/.local/lib/python3.10/site-packages/airflow/example_dags/example_branch_labels.py
[2024-09-19T23:24:56.112+0000] {processor.py:914} INFO - Processing file /home/vscode/.local/lib/python3.10/site-packages/airflow/example_dags/example_branch_labels.py for tasks to queue
[2024-09-19T23:24:56.114+0000] {logging_mixin.py:190} INFO - [2024-09-19T23:24:56.114+0000] {dagbag.py:587} INFO - Filling up the DagBag from /home/vscode/.local/lib/python3.10/site-packages/airflow/example_dags/example_branch_labels.py
[2024-09-19T23:24:56.122+0000] {processor.py:925} INFO - DAG(s) 'example_branch_labels' retrieved from /home/vscode/.local/lib/python3.10/site-packages/airflow/example_dags/example_branch_labels.py
[2024-09-19T23:24:56.133+0000] {logging_mixin.py:190} INFO - [2024-09-19T23:24:56.133+0000] {dag.py:3229} INFO - Sync 1 DAGs
[2024-09-19T23:24:56.148+0000] {logging_mixin.py:190} INFO - [2024-09-19T23:24:56.148+0000] {dag.py:4156} INFO - Setting next_dagrun for example_branch_labels to 2024-09-18 00:00:00+00:00, run_after=2024-09-19 00:00:00+00:00
[2024-09-19T23:24:56.198+0000] {processor.py:208} INFO - Processing /home/vscode/.local/lib/python3.10/site-packages/airflow/example_dags/example_branch_labels.py took 0.092 seconds
