[2024-09-19T16:25:32.359+0000] {processor.py:186} INFO - Started process (PID=11826) to work on /home/vscode/.local/lib/python3.10/site-packages/airflow/example_dags/example_outlet_event_extra.py
[2024-09-19T16:25:32.360+0000] {processor.py:914} INFO - Processing file /home/vscode/.local/lib/python3.10/site-packages/airflow/example_dags/example_outlet_event_extra.py for tasks to queue
[2024-09-19T16:25:32.363+0000] {logging_mixin.py:190} INFO - [2024-09-19T16:25:32.363+0000] {dagbag.py:587} INFO - Filling up the DagBag from /home/vscode/.local/lib/python3.10/site-packages/airflow/example_dags/example_outlet_event_extra.py
[2024-09-19T16:25:32.374+0000] {processor.py:925} INFO - DAG(s) 'dataset_with_extra_by_yield', 'dataset_with_extra_by_context', 'dataset_with_extra_from_classic_operator' retrieved from /home/vscode/.local/lib/python3.10/site-packages/airflow/example_dags/example_outlet_event_extra.py
[2024-09-19T16:25:32.530+0000] {logging_mixin.py:190} INFO - [2024-09-19T16:25:32.530+0000] {override.py:1900} INFO - Created Permission View: can edit on DAG:dataset_with_extra_by_yield
[2024-09-19T16:25:32.562+0000] {logging_mixin.py:190} INFO - [2024-09-19T16:25:32.561+0000] {override.py:1900} INFO - Created Permission View: can read on DAG:dataset_with_extra_by_yield
[2024-09-19T16:25:32.588+0000] {logging_mixin.py:190} INFO - [2024-09-19T16:25:32.587+0000] {override.py:1900} INFO - Created Permission View: can delete on DAG:dataset_with_extra_by_yield
[2024-09-19T16:25:32.634+0000] {logging_mixin.py:190} INFO - [2024-09-19T16:25:32.633+0000] {override.py:1900} INFO - Created Permission View: menu access on DAG Run:dataset_with_extra_by_yield
[2024-09-19T16:25:32.657+0000] {logging_mixin.py:190} INFO - [2024-09-19T16:25:32.657+0000] {override.py:1900} INFO - Created Permission View: can read on DAG Run:dataset_with_extra_by_yield
[2024-09-19T16:25:32.682+0000] {logging_mixin.py:190} INFO - [2024-09-19T16:25:32.681+0000] {override.py:1900} INFO - Created Permission View: can create on DAG Run:dataset_with_extra_by_yield
[2024-09-19T16:25:32.734+0000] {logging_mixin.py:190} INFO - [2024-09-19T16:25:32.733+0000] {override.py:1900} INFO - Created Permission View: can delete on DAG Run:dataset_with_extra_by_yield
[2024-09-19T16:25:32.794+0000] {logging_mixin.py:190} INFO - [2024-09-19T16:25:32.794+0000] {override.py:1900} INFO - Created Permission View: can edit on DAG:dataset_with_extra_by_context
[2024-09-19T16:25:32.832+0000] {logging_mixin.py:190} INFO - [2024-09-19T16:25:32.831+0000] {override.py:1900} INFO - Created Permission View: can read on DAG:dataset_with_extra_by_context
[2024-09-19T16:25:32.858+0000] {logging_mixin.py:190} INFO - [2024-09-19T16:25:32.858+0000] {override.py:1900} INFO - Created Permission View: can delete on DAG:dataset_with_extra_by_context
[2024-09-19T16:25:32.904+0000] {logging_mixin.py:190} INFO - [2024-09-19T16:25:32.903+0000] {override.py:1900} INFO - Created Permission View: menu access on DAG Run:dataset_with_extra_by_context
[2024-09-19T16:25:32.931+0000] {logging_mixin.py:190} INFO - [2024-09-19T16:25:32.931+0000] {override.py:1900} INFO - Created Permission View: can read on DAG Run:dataset_with_extra_by_context
[2024-09-19T16:25:32.956+0000] {logging_mixin.py:190} INFO - [2024-09-19T16:25:32.956+0000] {override.py:1900} INFO - Created Permission View: can create on DAG Run:dataset_with_extra_by_context
[2024-09-19T16:25:32.982+0000] {logging_mixin.py:190} INFO - [2024-09-19T16:25:32.981+0000] {override.py:1900} INFO - Created Permission View: can delete on DAG Run:dataset_with_extra_by_context
[2024-09-19T16:25:33.118+0000] {logging_mixin.py:190} INFO - [2024-09-19T16:25:33.118+0000] {override.py:1900} INFO - Created Permission View: can edit on DAG:dataset_with_extra_from_classic_operator
[2024-09-19T16:25:33.153+0000] {logging_mixin.py:190} INFO - [2024-09-19T16:25:33.152+0000] {override.py:1900} INFO - Created Permission View: can read on DAG:dataset_with_extra_from_classic_operator
[2024-09-19T16:25:33.181+0000] {logging_mixin.py:190} INFO - [2024-09-19T16:25:33.181+0000] {override.py:1900} INFO - Created Permission View: can delete on DAG:dataset_with_extra_from_classic_operator
[2024-09-19T16:25:33.226+0000] {logging_mixin.py:190} INFO - [2024-09-19T16:25:33.226+0000] {override.py:1900} INFO - Created Permission View: menu access on DAG Run:dataset_with_extra_from_classic_operator
[2024-09-19T16:25:33.252+0000] {logging_mixin.py:190} INFO - [2024-09-19T16:25:33.251+0000] {override.py:1900} INFO - Created Permission View: can read on DAG Run:dataset_with_extra_from_classic_operator
[2024-09-19T16:25:33.274+0000] {logging_mixin.py:190} INFO - [2024-09-19T16:25:33.273+0000] {override.py:1900} INFO - Created Permission View: can create on DAG Run:dataset_with_extra_from_classic_operator
[2024-09-19T16:25:33.297+0000] {logging_mixin.py:190} INFO - [2024-09-19T16:25:33.297+0000] {override.py:1900} INFO - Created Permission View: can delete on DAG Run:dataset_with_extra_from_classic_operator
[2024-09-19T16:25:33.298+0000] {logging_mixin.py:190} INFO - [2024-09-19T16:25:33.298+0000] {dag.py:3229} INFO - Sync 3 DAGs
[2024-09-19T16:25:33.308+0000] {logging_mixin.py:190} INFO - [2024-09-19T16:25:33.308+0000] {dag.py:3252} INFO - Creating ORM DAG for dataset_with_extra_by_yield
[2024-09-19T16:25:33.309+0000] {logging_mixin.py:190} INFO - [2024-09-19T16:25:33.309+0000] {dag.py:3252} INFO - Creating ORM DAG for dataset_with_extra_by_context
[2024-09-19T16:25:33.309+0000] {logging_mixin.py:190} INFO - [2024-09-19T16:25:33.309+0000] {dag.py:3252} INFO - Creating ORM DAG for dataset_with_extra_from_classic_operator
[2024-09-19T16:25:33.318+0000] {logging_mixin.py:190} INFO - [2024-09-19T16:25:33.318+0000] {dag.py:4156} INFO - Setting next_dagrun for dataset_with_extra_by_context to 2024-09-18 00:00:00+00:00, run_after=2024-09-19 00:00:00+00:00
[2024-09-19T16:25:33.320+0000] {logging_mixin.py:190} INFO - [2024-09-19T16:25:33.320+0000] {dag.py:4156} INFO - Setting next_dagrun for dataset_with_extra_by_yield to 2024-09-18 00:00:00+00:00, run_after=2024-09-19 00:00:00+00:00
[2024-09-19T16:25:33.321+0000] {logging_mixin.py:190} INFO - [2024-09-19T16:25:33.321+0000] {dag.py:4156} INFO - Setting next_dagrun for dataset_with_extra_from_classic_operator to 2024-09-18 00:00:00+00:00, run_after=2024-09-19 00:00:00+00:00
[2024-09-19T16:25:33.462+0000] {processor.py:208} INFO - Processing /home/vscode/.local/lib/python3.10/site-packages/airflow/example_dags/example_outlet_event_extra.py took 1.107 seconds
[2024-09-19T16:26:43.315+0000] {processor.py:186} INFO - Started process (PID=12290) to work on /home/vscode/.local/lib/python3.10/site-packages/airflow/example_dags/example_outlet_event_extra.py
[2024-09-19T16:26:43.316+0000] {processor.py:914} INFO - Processing file /home/vscode/.local/lib/python3.10/site-packages/airflow/example_dags/example_outlet_event_extra.py for tasks to queue
[2024-09-19T16:26:43.318+0000] {logging_mixin.py:190} INFO - [2024-09-19T16:26:43.317+0000] {dagbag.py:587} INFO - Filling up the DagBag from /home/vscode/.local/lib/python3.10/site-packages/airflow/example_dags/example_outlet_event_extra.py
[2024-09-19T16:26:43.329+0000] {processor.py:925} INFO - DAG(s) 'dataset_with_extra_from_classic_operator', 'dataset_with_extra_by_context', 'dataset_with_extra_by_yield' retrieved from /home/vscode/.local/lib/python3.10/site-packages/airflow/example_dags/example_outlet_event_extra.py
[2024-09-19T16:26:43.345+0000] {logging_mixin.py:190} INFO - [2024-09-19T16:26:43.345+0000] {dag.py:3229} INFO - Sync 3 DAGs
[2024-09-19T16:26:43.363+0000] {logging_mixin.py:190} INFO - [2024-09-19T16:26:43.363+0000] {dag.py:4156} INFO - Setting next_dagrun for dataset_with_extra_by_context to 2024-09-18 00:00:00+00:00, run_after=2024-09-19 00:00:00+00:00
[2024-09-19T16:26:43.367+0000] {logging_mixin.py:190} INFO - [2024-09-19T16:26:43.367+0000] {dag.py:4156} INFO - Setting next_dagrun for dataset_with_extra_by_yield to 2024-09-18 00:00:00+00:00, run_after=2024-09-19 00:00:00+00:00
[2024-09-19T16:26:43.369+0000] {logging_mixin.py:190} INFO - [2024-09-19T16:26:43.368+0000] {dag.py:4156} INFO - Setting next_dagrun for dataset_with_extra_from_classic_operator to 2024-09-18 00:00:00+00:00, run_after=2024-09-19 00:00:00+00:00
[2024-09-19T16:26:43.404+0000] {processor.py:208} INFO - Processing /home/vscode/.local/lib/python3.10/site-packages/airflow/example_dags/example_outlet_event_extra.py took 0.093 seconds
[2024-09-19T16:27:48.220+0000] {processor.py:186} INFO - Started process (PID=12754) to work on /home/vscode/.local/lib/python3.10/site-packages/airflow/example_dags/example_outlet_event_extra.py
[2024-09-19T16:27:48.221+0000] {processor.py:914} INFO - Processing file /home/vscode/.local/lib/python3.10/site-packages/airflow/example_dags/example_outlet_event_extra.py for tasks to queue
[2024-09-19T16:27:48.222+0000] {logging_mixin.py:190} INFO - [2024-09-19T16:27:48.222+0000] {dagbag.py:587} INFO - Filling up the DagBag from /home/vscode/.local/lib/python3.10/site-packages/airflow/example_dags/example_outlet_event_extra.py
[2024-09-19T16:27:48.233+0000] {processor.py:925} INFO - DAG(s) 'dataset_with_extra_by_context', 'dataset_with_extra_from_classic_operator', 'dataset_with_extra_by_yield' retrieved from /home/vscode/.local/lib/python3.10/site-packages/airflow/example_dags/example_outlet_event_extra.py
[2024-09-19T16:27:48.250+0000] {logging_mixin.py:190} INFO - [2024-09-19T16:27:48.249+0000] {dag.py:3229} INFO - Sync 3 DAGs
[2024-09-19T16:27:48.266+0000] {logging_mixin.py:190} INFO - [2024-09-19T16:27:48.266+0000] {dag.py:4156} INFO - Setting next_dagrun for dataset_with_extra_by_context to 2024-09-18 00:00:00+00:00, run_after=2024-09-19 00:00:00+00:00
[2024-09-19T16:27:48.270+0000] {logging_mixin.py:190} INFO - [2024-09-19T16:27:48.270+0000] {dag.py:4156} INFO - Setting next_dagrun for dataset_with_extra_by_yield to 2024-09-18 00:00:00+00:00, run_after=2024-09-19 00:00:00+00:00
[2024-09-19T16:27:48.271+0000] {logging_mixin.py:190} INFO - [2024-09-19T16:27:48.271+0000] {dag.py:4156} INFO - Setting next_dagrun for dataset_with_extra_from_classic_operator to 2024-09-18 00:00:00+00:00, run_after=2024-09-19 00:00:00+00:00
[2024-09-19T16:27:48.313+0000] {processor.py:208} INFO - Processing /home/vscode/.local/lib/python3.10/site-packages/airflow/example_dags/example_outlet_event_extra.py took 0.098 seconds
[2024-09-19T16:28:42.801+0000] {processor.py:186} INFO - Started process (PID=13145) to work on /home/vscode/.local/lib/python3.10/site-packages/airflow/example_dags/example_outlet_event_extra.py
[2024-09-19T16:28:42.801+0000] {processor.py:914} INFO - Processing file /home/vscode/.local/lib/python3.10/site-packages/airflow/example_dags/example_outlet_event_extra.py for tasks to queue
[2024-09-19T16:28:42.803+0000] {logging_mixin.py:190} INFO - [2024-09-19T16:28:42.802+0000] {dagbag.py:587} INFO - Filling up the DagBag from /home/vscode/.local/lib/python3.10/site-packages/airflow/example_dags/example_outlet_event_extra.py
[2024-09-19T16:28:42.814+0000] {processor.py:925} INFO - DAG(s) 'dataset_with_extra_by_context', 'dataset_with_extra_from_classic_operator', 'dataset_with_extra_by_yield' retrieved from /home/vscode/.local/lib/python3.10/site-packages/airflow/example_dags/example_outlet_event_extra.py
[2024-09-19T16:28:42.831+0000] {logging_mixin.py:190} INFO - [2024-09-19T16:28:42.831+0000] {dag.py:3229} INFO - Sync 3 DAGs
[2024-09-19T16:28:42.848+0000] {logging_mixin.py:190} INFO - [2024-09-19T16:28:42.848+0000] {dag.py:4156} INFO - Setting next_dagrun for dataset_with_extra_by_context to 2024-09-18 00:00:00+00:00, run_after=2024-09-19 00:00:00+00:00
[2024-09-19T16:28:42.852+0000] {logging_mixin.py:190} INFO - [2024-09-19T16:28:42.852+0000] {dag.py:4156} INFO - Setting next_dagrun for dataset_with_extra_by_yield to 2024-09-18 00:00:00+00:00, run_after=2024-09-19 00:00:00+00:00
[2024-09-19T16:28:42.854+0000] {logging_mixin.py:190} INFO - [2024-09-19T16:28:42.854+0000] {dag.py:4156} INFO - Setting next_dagrun for dataset_with_extra_from_classic_operator to 2024-09-18 00:00:00+00:00, run_after=2024-09-19 00:00:00+00:00
[2024-09-19T16:28:42.894+0000] {processor.py:208} INFO - Processing /home/vscode/.local/lib/python3.10/site-packages/airflow/example_dags/example_outlet_event_extra.py took 0.098 seconds
[2024-09-19T16:29:35.679+0000] {processor.py:186} INFO - Started process (PID=13662) to work on /home/vscode/.local/lib/python3.10/site-packages/airflow/example_dags/example_outlet_event_extra.py
[2024-09-19T16:29:35.680+0000] {processor.py:914} INFO - Processing file /home/vscode/.local/lib/python3.10/site-packages/airflow/example_dags/example_outlet_event_extra.py for tasks to queue
[2024-09-19T16:29:35.681+0000] {logging_mixin.py:190} INFO - [2024-09-19T16:29:35.681+0000] {dagbag.py:587} INFO - Filling up the DagBag from /home/vscode/.local/lib/python3.10/site-packages/airflow/example_dags/example_outlet_event_extra.py
[2024-09-19T16:29:35.692+0000] {processor.py:925} INFO - DAG(s) 'dataset_with_extra_from_classic_operator', 'dataset_with_extra_by_context', 'dataset_with_extra_by_yield' retrieved from /home/vscode/.local/lib/python3.10/site-packages/airflow/example_dags/example_outlet_event_extra.py
[2024-09-19T16:29:35.709+0000] {logging_mixin.py:190} INFO - [2024-09-19T16:29:35.709+0000] {dag.py:3229} INFO - Sync 3 DAGs
[2024-09-19T16:29:35.727+0000] {logging_mixin.py:190} INFO - [2024-09-19T16:29:35.726+0000] {dag.py:4156} INFO - Setting next_dagrun for dataset_with_extra_by_context to 2024-09-18 00:00:00+00:00, run_after=2024-09-19 00:00:00+00:00
[2024-09-19T16:29:35.730+0000] {logging_mixin.py:190} INFO - [2024-09-19T16:29:35.730+0000] {dag.py:4156} INFO - Setting next_dagrun for dataset_with_extra_by_yield to 2024-09-18 00:00:00+00:00, run_after=2024-09-19 00:00:00+00:00
[2024-09-19T16:29:35.732+0000] {logging_mixin.py:190} INFO - [2024-09-19T16:29:35.732+0000] {dag.py:4156} INFO - Setting next_dagrun for dataset_with_extra_from_classic_operator to 2024-09-18 00:00:00+00:00, run_after=2024-09-19 00:00:00+00:00
[2024-09-19T16:29:35.768+0000] {processor.py:208} INFO - Processing /home/vscode/.local/lib/python3.10/site-packages/airflow/example_dags/example_outlet_event_extra.py took 0.094 seconds
[2024-09-19T16:30:29.793+0000] {processor.py:186} INFO - Started process (PID=14026) to work on /home/vscode/.local/lib/python3.10/site-packages/airflow/example_dags/example_outlet_event_extra.py
[2024-09-19T16:30:29.794+0000] {processor.py:914} INFO - Processing file /home/vscode/.local/lib/python3.10/site-packages/airflow/example_dags/example_outlet_event_extra.py for tasks to queue
[2024-09-19T16:30:29.796+0000] {logging_mixin.py:190} INFO - [2024-09-19T16:30:29.795+0000] {dagbag.py:587} INFO - Filling up the DagBag from /home/vscode/.local/lib/python3.10/site-packages/airflow/example_dags/example_outlet_event_extra.py
[2024-09-19T16:30:29.807+0000] {processor.py:925} INFO - DAG(s) 'dataset_with_extra_by_context', 'dataset_with_extra_by_yield', 'dataset_with_extra_from_classic_operator' retrieved from /home/vscode/.local/lib/python3.10/site-packages/airflow/example_dags/example_outlet_event_extra.py
[2024-09-19T16:30:29.826+0000] {logging_mixin.py:190} INFO - [2024-09-19T16:30:29.826+0000] {dag.py:3229} INFO - Sync 3 DAGs
[2024-09-19T16:30:29.845+0000] {logging_mixin.py:190} INFO - [2024-09-19T16:30:29.844+0000] {dag.py:4156} INFO - Setting next_dagrun for dataset_with_extra_by_context to 2024-09-18 00:00:00+00:00, run_after=2024-09-19 00:00:00+00:00
[2024-09-19T16:30:29.849+0000] {logging_mixin.py:190} INFO - [2024-09-19T16:30:29.849+0000] {dag.py:4156} INFO - Setting next_dagrun for dataset_with_extra_by_yield to 2024-09-18 00:00:00+00:00, run_after=2024-09-19 00:00:00+00:00
[2024-09-19T16:30:29.851+0000] {logging_mixin.py:190} INFO - [2024-09-19T16:30:29.851+0000] {dag.py:4156} INFO - Setting next_dagrun for dataset_with_extra_from_classic_operator to 2024-09-18 00:00:00+00:00, run_after=2024-09-19 00:00:00+00:00
[2024-09-19T16:30:29.885+0000] {processor.py:208} INFO - Processing /home/vscode/.local/lib/python3.10/site-packages/airflow/example_dags/example_outlet_event_extra.py took 0.097 seconds
[2024-09-19T16:31:20.385+0000] {processor.py:186} INFO - Started process (PID=14417) to work on /home/vscode/.local/lib/python3.10/site-packages/airflow/example_dags/example_outlet_event_extra.py
[2024-09-19T16:31:20.386+0000] {processor.py:914} INFO - Processing file /home/vscode/.local/lib/python3.10/site-packages/airflow/example_dags/example_outlet_event_extra.py for tasks to queue
[2024-09-19T16:31:20.387+0000] {logging_mixin.py:190} INFO - [2024-09-19T16:31:20.387+0000] {dagbag.py:587} INFO - Filling up the DagBag from /home/vscode/.local/lib/python3.10/site-packages/airflow/example_dags/example_outlet_event_extra.py
[2024-09-19T16:31:20.401+0000] {processor.py:925} INFO - DAG(s) 'dataset_with_extra_by_yield', 'dataset_with_extra_by_context', 'dataset_with_extra_from_classic_operator' retrieved from /home/vscode/.local/lib/python3.10/site-packages/airflow/example_dags/example_outlet_event_extra.py
[2024-09-19T16:31:20.420+0000] {logging_mixin.py:190} INFO - [2024-09-19T16:31:20.420+0000] {dag.py:3229} INFO - Sync 3 DAGs
[2024-09-19T16:31:20.439+0000] {logging_mixin.py:190} INFO - [2024-09-19T16:31:20.439+0000] {dag.py:4156} INFO - Setting next_dagrun for dataset_with_extra_by_context to 2024-09-18 00:00:00+00:00, run_after=2024-09-19 00:00:00+00:00
[2024-09-19T16:31:20.443+0000] {logging_mixin.py:190} INFO - [2024-09-19T16:31:20.443+0000] {dag.py:4156} INFO - Setting next_dagrun for dataset_with_extra_by_yield to 2024-09-18 00:00:00+00:00, run_after=2024-09-19 00:00:00+00:00
[2024-09-19T16:31:20.445+0000] {logging_mixin.py:190} INFO - [2024-09-19T16:31:20.445+0000] {dag.py:4156} INFO - Setting next_dagrun for dataset_with_extra_from_classic_operator to 2024-09-18 00:00:00+00:00, run_after=2024-09-19 00:00:00+00:00
[2024-09-19T16:31:20.488+0000] {processor.py:208} INFO - Processing /home/vscode/.local/lib/python3.10/site-packages/airflow/example_dags/example_outlet_event_extra.py took 0.108 seconds
[2024-09-19T16:32:13.019+0000] {processor.py:186} INFO - Started process (PID=15037) to work on /home/vscode/.local/lib/python3.10/site-packages/airflow/example_dags/example_outlet_event_extra.py
[2024-09-19T16:32:13.019+0000] {processor.py:914} INFO - Processing file /home/vscode/.local/lib/python3.10/site-packages/airflow/example_dags/example_outlet_event_extra.py for tasks to queue
[2024-09-19T16:32:13.021+0000] {logging_mixin.py:190} INFO - [2024-09-19T16:32:13.021+0000] {dagbag.py:587} INFO - Filling up the DagBag from /home/vscode/.local/lib/python3.10/site-packages/airflow/example_dags/example_outlet_event_extra.py
[2024-09-19T16:32:13.033+0000] {processor.py:925} INFO - DAG(s) 'dataset_with_extra_by_yield', 'dataset_with_extra_from_classic_operator', 'dataset_with_extra_by_context' retrieved from /home/vscode/.local/lib/python3.10/site-packages/airflow/example_dags/example_outlet_event_extra.py
[2024-09-19T16:32:13.049+0000] {logging_mixin.py:190} INFO - [2024-09-19T16:32:13.049+0000] {dag.py:3229} INFO - Sync 3 DAGs
[2024-09-19T16:32:13.067+0000] {logging_mixin.py:190} INFO - [2024-09-19T16:32:13.066+0000] {dag.py:4156} INFO - Setting next_dagrun for dataset_with_extra_by_context to 2024-09-18 00:00:00+00:00, run_after=2024-09-19 00:00:00+00:00
[2024-09-19T16:32:13.070+0000] {logging_mixin.py:190} INFO - [2024-09-19T16:32:13.070+0000] {dag.py:4156} INFO - Setting next_dagrun for dataset_with_extra_by_yield to 2024-09-18 00:00:00+00:00, run_after=2024-09-19 00:00:00+00:00
[2024-09-19T16:32:13.072+0000] {logging_mixin.py:190} INFO - [2024-09-19T16:32:13.072+0000] {dag.py:4156} INFO - Setting next_dagrun for dataset_with_extra_from_classic_operator to 2024-09-18 00:00:00+00:00, run_after=2024-09-19 00:00:00+00:00
[2024-09-19T16:32:13.124+0000] {processor.py:208} INFO - Processing /home/vscode/.local/lib/python3.10/site-packages/airflow/example_dags/example_outlet_event_extra.py took 0.110 seconds
[2024-09-19T16:33:06.407+0000] {processor.py:186} INFO - Started process (PID=15404) to work on /home/vscode/.local/lib/python3.10/site-packages/airflow/example_dags/example_outlet_event_extra.py
[2024-09-19T16:33:06.408+0000] {processor.py:914} INFO - Processing file /home/vscode/.local/lib/python3.10/site-packages/airflow/example_dags/example_outlet_event_extra.py for tasks to queue
[2024-09-19T16:33:06.410+0000] {logging_mixin.py:190} INFO - [2024-09-19T16:33:06.410+0000] {dagbag.py:587} INFO - Filling up the DagBag from /home/vscode/.local/lib/python3.10/site-packages/airflow/example_dags/example_outlet_event_extra.py
[2024-09-19T16:33:06.422+0000] {processor.py:925} INFO - DAG(s) 'dataset_with_extra_from_classic_operator', 'dataset_with_extra_by_yield', 'dataset_with_extra_by_context' retrieved from /home/vscode/.local/lib/python3.10/site-packages/airflow/example_dags/example_outlet_event_extra.py
[2024-09-19T16:33:06.440+0000] {logging_mixin.py:190} INFO - [2024-09-19T16:33:06.440+0000] {dag.py:3229} INFO - Sync 3 DAGs
[2024-09-19T16:33:06.458+0000] {logging_mixin.py:190} INFO - [2024-09-19T16:33:06.458+0000] {dag.py:4156} INFO - Setting next_dagrun for dataset_with_extra_by_context to 2024-09-18 00:00:00+00:00, run_after=2024-09-19 00:00:00+00:00
[2024-09-19T16:33:06.462+0000] {logging_mixin.py:190} INFO - [2024-09-19T16:33:06.461+0000] {dag.py:4156} INFO - Setting next_dagrun for dataset_with_extra_by_yield to 2024-09-18 00:00:00+00:00, run_after=2024-09-19 00:00:00+00:00
[2024-09-19T16:33:06.464+0000] {logging_mixin.py:190} INFO - [2024-09-19T16:33:06.464+0000] {dag.py:4156} INFO - Setting next_dagrun for dataset_with_extra_from_classic_operator to 2024-09-18 00:00:00+00:00, run_after=2024-09-19 00:00:00+00:00
[2024-09-19T16:33:06.501+0000] {processor.py:208} INFO - Processing /home/vscode/.local/lib/python3.10/site-packages/airflow/example_dags/example_outlet_event_extra.py took 0.099 seconds
[2024-09-19T16:33:55.838+0000] {processor.py:186} INFO - Started process (PID=15739) to work on /home/vscode/.local/lib/python3.10/site-packages/airflow/example_dags/example_outlet_event_extra.py
[2024-09-19T16:33:55.838+0000] {processor.py:914} INFO - Processing file /home/vscode/.local/lib/python3.10/site-packages/airflow/example_dags/example_outlet_event_extra.py for tasks to queue
[2024-09-19T16:33:55.840+0000] {logging_mixin.py:190} INFO - [2024-09-19T16:33:55.840+0000] {dagbag.py:587} INFO - Filling up the DagBag from /home/vscode/.local/lib/python3.10/site-packages/airflow/example_dags/example_outlet_event_extra.py
[2024-09-19T16:33:55.851+0000] {processor.py:925} INFO - DAG(s) 'dataset_with_extra_by_context', 'dataset_with_extra_from_classic_operator', 'dataset_with_extra_by_yield' retrieved from /home/vscode/.local/lib/python3.10/site-packages/airflow/example_dags/example_outlet_event_extra.py
[2024-09-19T16:33:55.867+0000] {logging_mixin.py:190} INFO - [2024-09-19T16:33:55.867+0000] {dag.py:3229} INFO - Sync 3 DAGs
[2024-09-19T16:33:55.896+0000] {logging_mixin.py:190} INFO - [2024-09-19T16:33:55.895+0000] {dag.py:4156} INFO - Setting next_dagrun for dataset_with_extra_by_context to 2024-09-18 00:00:00+00:00, run_after=2024-09-19 00:00:00+00:00
[2024-09-19T16:33:55.901+0000] {logging_mixin.py:190} INFO - [2024-09-19T16:33:55.901+0000] {dag.py:4156} INFO - Setting next_dagrun for dataset_with_extra_by_yield to 2024-09-18 00:00:00+00:00, run_after=2024-09-19 00:00:00+00:00
[2024-09-19T16:33:55.904+0000] {logging_mixin.py:190} INFO - [2024-09-19T16:33:55.904+0000] {dag.py:4156} INFO - Setting next_dagrun for dataset_with_extra_from_classic_operator to 2024-09-18 00:00:00+00:00, run_after=2024-09-19 00:00:00+00:00
[2024-09-19T16:33:55.957+0000] {processor.py:208} INFO - Processing /home/vscode/.local/lib/python3.10/site-packages/airflow/example_dags/example_outlet_event_extra.py took 0.124 seconds
[2024-09-19T16:34:46.021+0000] {processor.py:186} INFO - Started process (PID=16078) to work on /home/vscode/.local/lib/python3.10/site-packages/airflow/example_dags/example_outlet_event_extra.py
[2024-09-19T16:34:46.022+0000] {processor.py:914} INFO - Processing file /home/vscode/.local/lib/python3.10/site-packages/airflow/example_dags/example_outlet_event_extra.py for tasks to queue
[2024-09-19T16:34:46.023+0000] {logging_mixin.py:190} INFO - [2024-09-19T16:34:46.023+0000] {dagbag.py:587} INFO - Filling up the DagBag from /home/vscode/.local/lib/python3.10/site-packages/airflow/example_dags/example_outlet_event_extra.py
[2024-09-19T16:34:46.034+0000] {processor.py:925} INFO - DAG(s) 'dataset_with_extra_from_classic_operator', 'dataset_with_extra_by_yield', 'dataset_with_extra_by_context' retrieved from /home/vscode/.local/lib/python3.10/site-packages/airflow/example_dags/example_outlet_event_extra.py
[2024-09-19T16:34:46.050+0000] {logging_mixin.py:190} INFO - [2024-09-19T16:34:46.050+0000] {dag.py:3229} INFO - Sync 3 DAGs
[2024-09-19T16:34:46.067+0000] {logging_mixin.py:190} INFO - [2024-09-19T16:34:46.067+0000] {dag.py:4156} INFO - Setting next_dagrun for dataset_with_extra_by_context to 2024-09-18 00:00:00+00:00, run_after=2024-09-19 00:00:00+00:00
[2024-09-19T16:34:46.071+0000] {logging_mixin.py:190} INFO - [2024-09-19T16:34:46.070+0000] {dag.py:4156} INFO - Setting next_dagrun for dataset_with_extra_by_yield to 2024-09-18 00:00:00+00:00, run_after=2024-09-19 00:00:00+00:00
[2024-09-19T16:34:46.072+0000] {logging_mixin.py:190} INFO - [2024-09-19T16:34:46.072+0000] {dag.py:4156} INFO - Setting next_dagrun for dataset_with_extra_from_classic_operator to 2024-09-18 00:00:00+00:00, run_after=2024-09-19 00:00:00+00:00
[2024-09-19T16:34:46.108+0000] {processor.py:208} INFO - Processing /home/vscode/.local/lib/python3.10/site-packages/airflow/example_dags/example_outlet_event_extra.py took 0.092 seconds
[2024-09-19T23:22:54.936+0000] {processor.py:186} INFO - Started process (PID=20172) to work on /home/vscode/.local/lib/python3.10/site-packages/airflow/example_dags/example_outlet_event_extra.py
[2024-09-19T23:22:54.937+0000] {processor.py:914} INFO - Processing file /home/vscode/.local/lib/python3.10/site-packages/airflow/example_dags/example_outlet_event_extra.py for tasks to queue
[2024-09-19T23:22:54.939+0000] {logging_mixin.py:190} INFO - [2024-09-19T23:22:54.938+0000] {dagbag.py:587} INFO - Filling up the DagBag from /home/vscode/.local/lib/python3.10/site-packages/airflow/example_dags/example_outlet_event_extra.py
[2024-09-19T23:22:54.960+0000] {processor.py:925} INFO - DAG(s) 'dataset_with_extra_from_classic_operator', 'dataset_with_extra_by_context', 'dataset_with_extra_by_yield' retrieved from /home/vscode/.local/lib/python3.10/site-packages/airflow/example_dags/example_outlet_event_extra.py
[2024-09-19T23:22:54.983+0000] {logging_mixin.py:190} INFO - [2024-09-19T23:22:54.983+0000] {dag.py:3229} INFO - Sync 3 DAGs
[2024-09-19T23:22:55.006+0000] {logging_mixin.py:190} INFO - [2024-09-19T23:22:55.006+0000] {dag.py:4156} INFO - Setting next_dagrun for dataset_with_extra_by_context to 2024-09-18 00:00:00+00:00, run_after=2024-09-19 00:00:00+00:00
[2024-09-19T23:22:55.014+0000] {logging_mixin.py:190} INFO - [2024-09-19T23:22:55.014+0000] {dag.py:4156} INFO - Setting next_dagrun for dataset_with_extra_by_yield to 2024-09-18 00:00:00+00:00, run_after=2024-09-19 00:00:00+00:00
[2024-09-19T23:22:55.017+0000] {logging_mixin.py:190} INFO - [2024-09-19T23:22:55.017+0000] {dag.py:4156} INFO - Setting next_dagrun for dataset_with_extra_from_classic_operator to 2024-09-18 00:00:00+00:00, run_after=2024-09-19 00:00:00+00:00
[2024-09-19T23:22:55.114+0000] {processor.py:208} INFO - Processing /home/vscode/.local/lib/python3.10/site-packages/airflow/example_dags/example_outlet_event_extra.py took 0.183 seconds
[2024-09-19T23:23:53.030+0000] {processor.py:186} INFO - Started process (PID=20614) to work on /home/vscode/.local/lib/python3.10/site-packages/airflow/example_dags/example_outlet_event_extra.py
[2024-09-19T23:23:53.031+0000] {processor.py:914} INFO - Processing file /home/vscode/.local/lib/python3.10/site-packages/airflow/example_dags/example_outlet_event_extra.py for tasks to queue
[2024-09-19T23:23:53.032+0000] {logging_mixin.py:190} INFO - [2024-09-19T23:23:53.032+0000] {dagbag.py:587} INFO - Filling up the DagBag from /home/vscode/.local/lib/python3.10/site-packages/airflow/example_dags/example_outlet_event_extra.py
[2024-09-19T23:23:53.043+0000] {processor.py:925} INFO - DAG(s) 'dataset_with_extra_by_yield', 'dataset_with_extra_by_context', 'dataset_with_extra_from_classic_operator' retrieved from /home/vscode/.local/lib/python3.10/site-packages/airflow/example_dags/example_outlet_event_extra.py
[2024-09-19T23:23:53.057+0000] {logging_mixin.py:190} INFO - [2024-09-19T23:23:53.057+0000] {dag.py:3229} INFO - Sync 3 DAGs
[2024-09-19T23:23:53.072+0000] {logging_mixin.py:190} INFO - [2024-09-19T23:23:53.072+0000] {dag.py:4156} INFO - Setting next_dagrun for dataset_with_extra_by_context to 2024-09-18 00:00:00+00:00, run_after=2024-09-19 00:00:00+00:00
[2024-09-19T23:23:53.076+0000] {logging_mixin.py:190} INFO - [2024-09-19T23:23:53.075+0000] {dag.py:4156} INFO - Setting next_dagrun for dataset_with_extra_by_yield to 2024-09-18 00:00:00+00:00, run_after=2024-09-19 00:00:00+00:00
[2024-09-19T23:23:53.077+0000] {logging_mixin.py:190} INFO - [2024-09-19T23:23:53.077+0000] {dag.py:4156} INFO - Setting next_dagrun for dataset_with_extra_from_classic_operator to 2024-09-18 00:00:00+00:00, run_after=2024-09-19 00:00:00+00:00
[2024-09-19T23:23:53.139+0000] {processor.py:208} INFO - Processing /home/vscode/.local/lib/python3.10/site-packages/airflow/example_dags/example_outlet_event_extra.py took 0.113 seconds
[2024-09-19T23:24:50.479+0000] {processor.py:186} INFO - Started process (PID=21090) to work on /home/vscode/.local/lib/python3.10/site-packages/airflow/example_dags/example_outlet_event_extra.py
[2024-09-19T23:24:50.480+0000] {processor.py:914} INFO - Processing file /home/vscode/.local/lib/python3.10/site-packages/airflow/example_dags/example_outlet_event_extra.py for tasks to queue
[2024-09-19T23:24:50.482+0000] {logging_mixin.py:190} INFO - [2024-09-19T23:24:50.481+0000] {dagbag.py:587} INFO - Filling up the DagBag from /home/vscode/.local/lib/python3.10/site-packages/airflow/example_dags/example_outlet_event_extra.py
[2024-09-19T23:24:50.492+0000] {processor.py:925} INFO - DAG(s) 'dataset_with_extra_by_yield', 'dataset_with_extra_by_context', 'dataset_with_extra_from_classic_operator' retrieved from /home/vscode/.local/lib/python3.10/site-packages/airflow/example_dags/example_outlet_event_extra.py
[2024-09-19T23:24:50.507+0000] {logging_mixin.py:190} INFO - [2024-09-19T23:24:50.507+0000] {dag.py:3229} INFO - Sync 3 DAGs
[2024-09-19T23:24:50.523+0000] {logging_mixin.py:190} INFO - [2024-09-19T23:24:50.523+0000] {dag.py:4156} INFO - Setting next_dagrun for dataset_with_extra_by_context to 2024-09-18 00:00:00+00:00, run_after=2024-09-19 00:00:00+00:00
[2024-09-19T23:24:50.526+0000] {logging_mixin.py:190} INFO - [2024-09-19T23:24:50.526+0000] {dag.py:4156} INFO - Setting next_dagrun for dataset_with_extra_by_yield to 2024-09-18 00:00:00+00:00, run_after=2024-09-19 00:00:00+00:00
[2024-09-19T23:24:50.528+0000] {logging_mixin.py:190} INFO - [2024-09-19T23:24:50.528+0000] {dag.py:4156} INFO - Setting next_dagrun for dataset_with_extra_from_classic_operator to 2024-09-18 00:00:00+00:00, run_after=2024-09-19 00:00:00+00:00
[2024-09-19T23:24:50.596+0000] {processor.py:208} INFO - Processing /home/vscode/.local/lib/python3.10/site-packages/airflow/example_dags/example_outlet_event_extra.py took 0.121 seconds
