[2024-09-19T16:25:25.190+0000] {processor.py:157} INFO - Started process (PID=15998) to work on /home/vscode/.local/lib/python3.10/site-packages/airflow/example_dags/example_time_delta_sensor_async.py
[2024-09-19T16:25:25.190+0000] {processor.py:826} INFO - Processing file /home/vscode/.local/lib/python3.10/site-packages/airflow/example_dags/example_time_delta_sensor_async.py for tasks to queue
[2024-09-19T16:25:25.191+0000] {logging_mixin.py:150} INFO - [2024-09-19T16:25:25.191+0000] {dagbag.py:541} INFO - Filling up the DagBag from /home/vscode/.local/lib/python3.10/site-packages/airflow/example_dags/example_time_delta_sensor_async.py
[2024-09-19T16:25:25.199+0000] {processor.py:836} INFO - DAG(s) dict_keys(['example_time_delta_sensor_async']) retrieved from /home/vscode/.local/lib/python3.10/site-packages/airflow/example_dags/example_time_delta_sensor_async.py
[2024-09-19T16:25:25.398+0000] {logging_mixin.py:150} INFO - [2024-09-19T16:25:25.398+0000] {manager.py:504} INFO - Created Permission View: can edit on DAG:example_time_delta_sensor_async
[2024-09-19T16:25:25.426+0000] {logging_mixin.py:150} INFO - [2024-09-19T16:25:25.426+0000] {manager.py:504} INFO - Created Permission View: can delete on DAG:example_time_delta_sensor_async
[2024-09-19T16:25:25.454+0000] {logging_mixin.py:150} INFO - [2024-09-19T16:25:25.454+0000] {manager.py:504} INFO - Created Permission View: can read on DAG:example_time_delta_sensor_async
[2024-09-19T16:25:25.462+0000] {logging_mixin.py:150} INFO - [2024-09-19T16:25:25.461+0000] {dag.py:2742} INFO - Sync 1 DAGs
[2024-09-19T16:25:25.468+0000] {logging_mixin.py:150} INFO - [2024-09-19T16:25:25.468+0000] {dag.py:2763} INFO - Creating ORM DAG for example_time_delta_sensor_async
[2024-09-19T16:25:25.473+0000] {logging_mixin.py:150} INFO - [2024-09-19T16:25:25.473+0000] {dag.py:3504} INFO - Setting next_dagrun for example_time_delta_sensor_async to None, run_after=None
[2024-09-19T16:25:25.506+0000] {processor.py:179} INFO - Processing /home/vscode/.local/lib/python3.10/site-packages/airflow/example_dags/example_time_delta_sensor_async.py took 0.319 seconds
[2024-09-19T16:26:26.243+0000] {processor.py:157} INFO - Started process (PID=16414) to work on /home/vscode/.local/lib/python3.10/site-packages/airflow/example_dags/example_time_delta_sensor_async.py
[2024-09-19T16:26:26.243+0000] {processor.py:826} INFO - Processing file /home/vscode/.local/lib/python3.10/site-packages/airflow/example_dags/example_time_delta_sensor_async.py for tasks to queue
[2024-09-19T16:26:26.244+0000] {logging_mixin.py:150} INFO - [2024-09-19T16:26:26.244+0000] {dagbag.py:541} INFO - Filling up the DagBag from /home/vscode/.local/lib/python3.10/site-packages/airflow/example_dags/example_time_delta_sensor_async.py
[2024-09-19T16:26:26.248+0000] {processor.py:836} INFO - DAG(s) dict_keys(['example_time_delta_sensor_async']) retrieved from /home/vscode/.local/lib/python3.10/site-packages/airflow/example_dags/example_time_delta_sensor_async.py
[2024-09-19T16:26:26.259+0000] {logging_mixin.py:150} INFO - [2024-09-19T16:26:26.259+0000] {dag.py:2742} INFO - Sync 1 DAGs
[2024-09-19T16:26:26.273+0000] {logging_mixin.py:150} INFO - [2024-09-19T16:26:26.273+0000] {dag.py:3504} INFO - Setting next_dagrun for example_time_delta_sensor_async to None, run_after=None
[2024-09-19T16:26:26.312+0000] {processor.py:179} INFO - Processing /home/vscode/.local/lib/python3.10/site-packages/airflow/example_dags/example_time_delta_sensor_async.py took 0.071 seconds
[2024-09-19T16:27:04.490+0000] {processor.py:157} INFO - Started process (PID=16666) to work on /home/vscode/.local/lib/python3.10/site-packages/airflow/example_dags/example_time_delta_sensor_async.py
[2024-09-19T16:27:04.490+0000] {processor.py:826} INFO - Processing file /home/vscode/.local/lib/python3.10/site-packages/airflow/example_dags/example_time_delta_sensor_async.py for tasks to queue
[2024-09-19T16:27:04.491+0000] {logging_mixin.py:150} INFO - [2024-09-19T16:27:04.491+0000] {dagbag.py:541} INFO - Filling up the DagBag from /home/vscode/.local/lib/python3.10/site-packages/airflow/example_dags/example_time_delta_sensor_async.py
[2024-09-19T16:27:04.495+0000] {processor.py:836} INFO - DAG(s) dict_keys(['example_time_delta_sensor_async']) retrieved from /home/vscode/.local/lib/python3.10/site-packages/airflow/example_dags/example_time_delta_sensor_async.py
[2024-09-19T16:27:04.507+0000] {logging_mixin.py:150} INFO - [2024-09-19T16:27:04.506+0000] {dag.py:2742} INFO - Sync 1 DAGs
[2024-09-19T16:27:04.521+0000] {logging_mixin.py:150} INFO - [2024-09-19T16:27:04.521+0000] {dag.py:3504} INFO - Setting next_dagrun for example_time_delta_sensor_async to None, run_after=None
[2024-09-19T16:27:04.554+0000] {processor.py:179} INFO - Processing /home/vscode/.local/lib/python3.10/site-packages/airflow/example_dags/example_time_delta_sensor_async.py took 0.066 seconds
[2024-09-19T16:27:37.171+0000] {processor.py:157} INFO - Started process (PID=16902) to work on /home/vscode/.local/lib/python3.10/site-packages/airflow/example_dags/example_time_delta_sensor_async.py
[2024-09-19T16:27:37.172+0000] {processor.py:826} INFO - Processing file /home/vscode/.local/lib/python3.10/site-packages/airflow/example_dags/example_time_delta_sensor_async.py for tasks to queue
[2024-09-19T16:27:37.172+0000] {logging_mixin.py:150} INFO - [2024-09-19T16:27:37.172+0000] {dagbag.py:541} INFO - Filling up the DagBag from /home/vscode/.local/lib/python3.10/site-packages/airflow/example_dags/example_time_delta_sensor_async.py
[2024-09-19T16:27:37.176+0000] {processor.py:836} INFO - DAG(s) dict_keys(['example_time_delta_sensor_async']) retrieved from /home/vscode/.local/lib/python3.10/site-packages/airflow/example_dags/example_time_delta_sensor_async.py
[2024-09-19T16:27:37.188+0000] {logging_mixin.py:150} INFO - [2024-09-19T16:27:37.187+0000] {dag.py:2742} INFO - Sync 1 DAGs
[2024-09-19T16:27:37.201+0000] {logging_mixin.py:150} INFO - [2024-09-19T16:27:37.201+0000] {dag.py:3504} INFO - Setting next_dagrun for example_time_delta_sensor_async to None, run_after=None
[2024-09-19T16:27:37.235+0000] {processor.py:179} INFO - Processing /home/vscode/.local/lib/python3.10/site-packages/airflow/example_dags/example_time_delta_sensor_async.py took 0.066 seconds
[2024-09-19T16:28:09.228+0000] {processor.py:157} INFO - Started process (PID=17118) to work on /home/vscode/.local/lib/python3.10/site-packages/airflow/example_dags/example_time_delta_sensor_async.py
[2024-09-19T16:28:09.229+0000] {processor.py:826} INFO - Processing file /home/vscode/.local/lib/python3.10/site-packages/airflow/example_dags/example_time_delta_sensor_async.py for tasks to queue
[2024-09-19T16:28:09.229+0000] {logging_mixin.py:150} INFO - [2024-09-19T16:28:09.229+0000] {dagbag.py:541} INFO - Filling up the DagBag from /home/vscode/.local/lib/python3.10/site-packages/airflow/example_dags/example_time_delta_sensor_async.py
[2024-09-19T16:28:09.233+0000] {processor.py:836} INFO - DAG(s) dict_keys(['example_time_delta_sensor_async']) retrieved from /home/vscode/.local/lib/python3.10/site-packages/airflow/example_dags/example_time_delta_sensor_async.py
[2024-09-19T16:28:09.244+0000] {logging_mixin.py:150} INFO - [2024-09-19T16:28:09.244+0000] {dag.py:2742} INFO - Sync 1 DAGs
[2024-09-19T16:28:09.257+0000] {logging_mixin.py:150} INFO - [2024-09-19T16:28:09.257+0000] {dag.py:3504} INFO - Setting next_dagrun for example_time_delta_sensor_async to None, run_after=None
[2024-09-19T16:28:09.293+0000] {processor.py:179} INFO - Processing /home/vscode/.local/lib/python3.10/site-packages/airflow/example_dags/example_time_delta_sensor_async.py took 0.067 seconds
[2024-09-19T16:28:53.869+0000] {processor.py:157} INFO - Started process (PID=17464) to work on /home/vscode/.local/lib/python3.10/site-packages/airflow/example_dags/example_time_delta_sensor_async.py
[2024-09-19T16:28:53.870+0000] {processor.py:826} INFO - Processing file /home/vscode/.local/lib/python3.10/site-packages/airflow/example_dags/example_time_delta_sensor_async.py for tasks to queue
[2024-09-19T16:28:53.871+0000] {logging_mixin.py:150} INFO - [2024-09-19T16:28:53.870+0000] {dagbag.py:541} INFO - Filling up the DagBag from /home/vscode/.local/lib/python3.10/site-packages/airflow/example_dags/example_time_delta_sensor_async.py
[2024-09-19T16:28:53.874+0000] {processor.py:836} INFO - DAG(s) dict_keys(['example_time_delta_sensor_async']) retrieved from /home/vscode/.local/lib/python3.10/site-packages/airflow/example_dags/example_time_delta_sensor_async.py
[2024-09-19T16:28:53.886+0000] {logging_mixin.py:150} INFO - [2024-09-19T16:28:53.886+0000] {dag.py:2742} INFO - Sync 1 DAGs
[2024-09-19T16:28:53.900+0000] {logging_mixin.py:150} INFO - [2024-09-19T16:28:53.900+0000] {dag.py:3504} INFO - Setting next_dagrun for example_time_delta_sensor_async to None, run_after=None
[2024-09-19T16:28:53.941+0000] {processor.py:179} INFO - Processing /home/vscode/.local/lib/python3.10/site-packages/airflow/example_dags/example_time_delta_sensor_async.py took 0.074 seconds
[2024-09-19T16:29:24.700+0000] {processor.py:157} INFO - Started process (PID=17670) to work on /home/vscode/.local/lib/python3.10/site-packages/airflow/example_dags/example_time_delta_sensor_async.py
[2024-09-19T16:29:24.701+0000] {processor.py:826} INFO - Processing file /home/vscode/.local/lib/python3.10/site-packages/airflow/example_dags/example_time_delta_sensor_async.py for tasks to queue
[2024-09-19T16:29:24.701+0000] {logging_mixin.py:150} INFO - [2024-09-19T16:29:24.701+0000] {dagbag.py:541} INFO - Filling up the DagBag from /home/vscode/.local/lib/python3.10/site-packages/airflow/example_dags/example_time_delta_sensor_async.py
[2024-09-19T16:29:24.704+0000] {processor.py:836} INFO - DAG(s) dict_keys(['example_time_delta_sensor_async']) retrieved from /home/vscode/.local/lib/python3.10/site-packages/airflow/example_dags/example_time_delta_sensor_async.py
[2024-09-19T16:29:24.716+0000] {logging_mixin.py:150} INFO - [2024-09-19T16:29:24.716+0000] {dag.py:2742} INFO - Sync 1 DAGs
[2024-09-19T16:29:24.729+0000] {logging_mixin.py:150} INFO - [2024-09-19T16:29:24.729+0000] {dag.py:3504} INFO - Setting next_dagrun for example_time_delta_sensor_async to None, run_after=None
[2024-09-19T16:29:24.764+0000] {processor.py:179} INFO - Processing /home/vscode/.local/lib/python3.10/site-packages/airflow/example_dags/example_time_delta_sensor_async.py took 0.066 seconds
[2024-09-19T16:29:57.392+0000] {processor.py:157} INFO - Started process (PID=18012) to work on /home/vscode/.local/lib/python3.10/site-packages/airflow/example_dags/example_time_delta_sensor_async.py
[2024-09-19T16:29:57.393+0000] {processor.py:826} INFO - Processing file /home/vscode/.local/lib/python3.10/site-packages/airflow/example_dags/example_time_delta_sensor_async.py for tasks to queue
[2024-09-19T16:29:57.393+0000] {logging_mixin.py:150} INFO - [2024-09-19T16:29:57.393+0000] {dagbag.py:541} INFO - Filling up the DagBag from /home/vscode/.local/lib/python3.10/site-packages/airflow/example_dags/example_time_delta_sensor_async.py
[2024-09-19T16:29:57.397+0000] {processor.py:836} INFO - DAG(s) dict_keys(['example_time_delta_sensor_async']) retrieved from /home/vscode/.local/lib/python3.10/site-packages/airflow/example_dags/example_time_delta_sensor_async.py
[2024-09-19T16:29:57.409+0000] {logging_mixin.py:150} INFO - [2024-09-19T16:29:57.409+0000] {dag.py:2742} INFO - Sync 1 DAGs
[2024-09-19T16:29:57.422+0000] {logging_mixin.py:150} INFO - [2024-09-19T16:29:57.422+0000] {dag.py:3504} INFO - Setting next_dagrun for example_time_delta_sensor_async to None, run_after=None
[2024-09-19T16:29:57.457+0000] {processor.py:179} INFO - Processing /home/vscode/.local/lib/python3.10/site-packages/airflow/example_dags/example_time_delta_sensor_async.py took 0.067 seconds
[2024-09-19T16:30:30.958+0000] {processor.py:157} INFO - Started process (PID=18231) to work on /home/vscode/.local/lib/python3.10/site-packages/airflow/example_dags/example_time_delta_sensor_async.py
[2024-09-19T16:30:30.959+0000] {processor.py:826} INFO - Processing file /home/vscode/.local/lib/python3.10/site-packages/airflow/example_dags/example_time_delta_sensor_async.py for tasks to queue
[2024-09-19T16:30:30.959+0000] {logging_mixin.py:150} INFO - [2024-09-19T16:30:30.959+0000] {dagbag.py:541} INFO - Filling up the DagBag from /home/vscode/.local/lib/python3.10/site-packages/airflow/example_dags/example_time_delta_sensor_async.py
[2024-09-19T16:30:30.963+0000] {processor.py:836} INFO - DAG(s) dict_keys(['example_time_delta_sensor_async']) retrieved from /home/vscode/.local/lib/python3.10/site-packages/airflow/example_dags/example_time_delta_sensor_async.py
[2024-09-19T16:30:30.975+0000] {logging_mixin.py:150} INFO - [2024-09-19T16:30:30.975+0000] {dag.py:2742} INFO - Sync 1 DAGs
[2024-09-19T16:30:30.989+0000] {logging_mixin.py:150} INFO - [2024-09-19T16:30:30.989+0000] {dag.py:3504} INFO - Setting next_dagrun for example_time_delta_sensor_async to None, run_after=None
[2024-09-19T16:30:31.042+0000] {processor.py:179} INFO - Processing /home/vscode/.local/lib/python3.10/site-packages/airflow/example_dags/example_time_delta_sensor_async.py took 0.086 seconds
[2024-09-19T16:31:01.251+0000] {processor.py:157} INFO - Started process (PID=18481) to work on /home/vscode/.local/lib/python3.10/site-packages/airflow/example_dags/example_time_delta_sensor_async.py
[2024-09-19T16:31:01.252+0000] {processor.py:826} INFO - Processing file /home/vscode/.local/lib/python3.10/site-packages/airflow/example_dags/example_time_delta_sensor_async.py for tasks to queue
[2024-09-19T16:31:01.252+0000] {logging_mixin.py:150} INFO - [2024-09-19T16:31:01.252+0000] {dagbag.py:541} INFO - Filling up the DagBag from /home/vscode/.local/lib/python3.10/site-packages/airflow/example_dags/example_time_delta_sensor_async.py
[2024-09-19T16:31:01.256+0000] {processor.py:836} INFO - DAG(s) dict_keys(['example_time_delta_sensor_async']) retrieved from /home/vscode/.local/lib/python3.10/site-packages/airflow/example_dags/example_time_delta_sensor_async.py
[2024-09-19T16:31:01.267+0000] {logging_mixin.py:150} INFO - [2024-09-19T16:31:01.267+0000] {dag.py:2742} INFO - Sync 1 DAGs
[2024-09-19T16:31:01.281+0000] {logging_mixin.py:150} INFO - [2024-09-19T16:31:01.281+0000] {dag.py:3504} INFO - Setting next_dagrun for example_time_delta_sensor_async to None, run_after=None
[2024-09-19T16:31:01.313+0000] {processor.py:179} INFO - Processing /home/vscode/.local/lib/python3.10/site-packages/airflow/example_dags/example_time_delta_sensor_async.py took 0.064 seconds
[2024-09-19T16:31:34.024+0000] {processor.py:157} INFO - Started process (PID=18704) to work on /home/vscode/.local/lib/python3.10/site-packages/airflow/example_dags/example_time_delta_sensor_async.py
[2024-09-19T16:31:34.025+0000] {processor.py:826} INFO - Processing file /home/vscode/.local/lib/python3.10/site-packages/airflow/example_dags/example_time_delta_sensor_async.py for tasks to queue
[2024-09-19T16:31:34.025+0000] {logging_mixin.py:150} INFO - [2024-09-19T16:31:34.025+0000] {dagbag.py:541} INFO - Filling up the DagBag from /home/vscode/.local/lib/python3.10/site-packages/airflow/example_dags/example_time_delta_sensor_async.py
[2024-09-19T16:31:34.029+0000] {processor.py:836} INFO - DAG(s) dict_keys(['example_time_delta_sensor_async']) retrieved from /home/vscode/.local/lib/python3.10/site-packages/airflow/example_dags/example_time_delta_sensor_async.py
[2024-09-19T16:31:34.040+0000] {logging_mixin.py:150} INFO - [2024-09-19T16:31:34.040+0000] {dag.py:2742} INFO - Sync 1 DAGs
[2024-09-19T16:31:34.054+0000] {logging_mixin.py:150} INFO - [2024-09-19T16:31:34.054+0000] {dag.py:3504} INFO - Setting next_dagrun for example_time_delta_sensor_async to None, run_after=None
[2024-09-19T16:31:34.091+0000] {processor.py:179} INFO - Processing /home/vscode/.local/lib/python3.10/site-packages/airflow/example_dags/example_time_delta_sensor_async.py took 0.069 seconds
[2024-09-19T16:32:18.644+0000] {processor.py:157} INFO - Started process (PID=19000) to work on /home/vscode/.local/lib/python3.10/site-packages/airflow/example_dags/example_time_delta_sensor_async.py
[2024-09-19T16:32:18.644+0000] {processor.py:826} INFO - Processing file /home/vscode/.local/lib/python3.10/site-packages/airflow/example_dags/example_time_delta_sensor_async.py for tasks to queue
[2024-09-19T16:32:18.645+0000] {logging_mixin.py:150} INFO - [2024-09-19T16:32:18.644+0000] {dagbag.py:541} INFO - Filling up the DagBag from /home/vscode/.local/lib/python3.10/site-packages/airflow/example_dags/example_time_delta_sensor_async.py
[2024-09-19T16:32:18.648+0000] {processor.py:836} INFO - DAG(s) dict_keys(['example_time_delta_sensor_async']) retrieved from /home/vscode/.local/lib/python3.10/site-packages/airflow/example_dags/example_time_delta_sensor_async.py
[2024-09-19T16:32:18.659+0000] {logging_mixin.py:150} INFO - [2024-09-19T16:32:18.659+0000] {dag.py:2742} INFO - Sync 1 DAGs
[2024-09-19T16:32:18.673+0000] {logging_mixin.py:150} INFO - [2024-09-19T16:32:18.673+0000] {dag.py:3504} INFO - Setting next_dagrun for example_time_delta_sensor_async to None, run_after=None
[2024-09-19T16:32:18.704+0000] {processor.py:179} INFO - Processing /home/vscode/.local/lib/python3.10/site-packages/airflow/example_dags/example_time_delta_sensor_async.py took 0.063 seconds
[2024-09-19T16:32:49.603+0000] {processor.py:157} INFO - Started process (PID=19371) to work on /home/vscode/.local/lib/python3.10/site-packages/airflow/example_dags/example_time_delta_sensor_async.py
[2024-09-19T16:32:49.603+0000] {processor.py:826} INFO - Processing file /home/vscode/.local/lib/python3.10/site-packages/airflow/example_dags/example_time_delta_sensor_async.py for tasks to queue
[2024-09-19T16:32:49.604+0000] {logging_mixin.py:150} INFO - [2024-09-19T16:32:49.604+0000] {dagbag.py:541} INFO - Filling up the DagBag from /home/vscode/.local/lib/python3.10/site-packages/airflow/example_dags/example_time_delta_sensor_async.py
[2024-09-19T16:32:49.607+0000] {processor.py:836} INFO - DAG(s) dict_keys(['example_time_delta_sensor_async']) retrieved from /home/vscode/.local/lib/python3.10/site-packages/airflow/example_dags/example_time_delta_sensor_async.py
[2024-09-19T16:32:49.618+0000] {logging_mixin.py:150} INFO - [2024-09-19T16:32:49.618+0000] {dag.py:2742} INFO - Sync 1 DAGs
[2024-09-19T16:32:49.631+0000] {logging_mixin.py:150} INFO - [2024-09-19T16:32:49.631+0000] {dag.py:3504} INFO - Setting next_dagrun for example_time_delta_sensor_async to None, run_after=None
[2024-09-19T16:32:49.675+0000] {processor.py:179} INFO - Processing /home/vscode/.local/lib/python3.10/site-packages/airflow/example_dags/example_time_delta_sensor_async.py took 0.074 seconds
[2024-09-19T16:33:32.322+0000] {processor.py:157} INFO - Started process (PID=19748) to work on /home/vscode/.local/lib/python3.10/site-packages/airflow/example_dags/example_time_delta_sensor_async.py
[2024-09-19T16:33:32.323+0000] {processor.py:826} INFO - Processing file /home/vscode/.local/lib/python3.10/site-packages/airflow/example_dags/example_time_delta_sensor_async.py for tasks to queue
[2024-09-19T16:33:32.323+0000] {logging_mixin.py:150} INFO - [2024-09-19T16:33:32.323+0000] {dagbag.py:541} INFO - Filling up the DagBag from /home/vscode/.local/lib/python3.10/site-packages/airflow/example_dags/example_time_delta_sensor_async.py
[2024-09-19T16:33:32.327+0000] {processor.py:836} INFO - DAG(s) dict_keys(['example_time_delta_sensor_async']) retrieved from /home/vscode/.local/lib/python3.10/site-packages/airflow/example_dags/example_time_delta_sensor_async.py
[2024-09-19T16:33:32.339+0000] {logging_mixin.py:150} INFO - [2024-09-19T16:33:32.339+0000] {dag.py:2742} INFO - Sync 1 DAGs
[2024-09-19T16:33:32.352+0000] {logging_mixin.py:150} INFO - [2024-09-19T16:33:32.352+0000] {dag.py:3504} INFO - Setting next_dagrun for example_time_delta_sensor_async to None, run_after=None
[2024-09-19T16:33:32.383+0000] {processor.py:179} INFO - Processing /home/vscode/.local/lib/python3.10/site-packages/airflow/example_dags/example_time_delta_sensor_async.py took 0.063 seconds
[2024-09-19T16:34:03.379+0000] {processor.py:157} INFO - Started process (PID=20001) to work on /home/vscode/.local/lib/python3.10/site-packages/airflow/example_dags/example_time_delta_sensor_async.py
[2024-09-19T16:34:03.380+0000] {processor.py:826} INFO - Processing file /home/vscode/.local/lib/python3.10/site-packages/airflow/example_dags/example_time_delta_sensor_async.py for tasks to queue
[2024-09-19T16:34:03.380+0000] {logging_mixin.py:150} INFO - [2024-09-19T16:34:03.380+0000] {dagbag.py:541} INFO - Filling up the DagBag from /home/vscode/.local/lib/python3.10/site-packages/airflow/example_dags/example_time_delta_sensor_async.py
[2024-09-19T16:34:03.384+0000] {processor.py:836} INFO - DAG(s) dict_keys(['example_time_delta_sensor_async']) retrieved from /home/vscode/.local/lib/python3.10/site-packages/airflow/example_dags/example_time_delta_sensor_async.py
[2024-09-19T16:34:03.399+0000] {logging_mixin.py:150} INFO - [2024-09-19T16:34:03.398+0000] {dag.py:2742} INFO - Sync 1 DAGs
[2024-09-19T16:34:03.419+0000] {logging_mixin.py:150} INFO - [2024-09-19T16:34:03.419+0000] {dag.py:3504} INFO - Setting next_dagrun for example_time_delta_sensor_async to None, run_after=None
[2024-09-19T16:34:03.476+0000] {processor.py:179} INFO - Processing /home/vscode/.local/lib/python3.10/site-packages/airflow/example_dags/example_time_delta_sensor_async.py took 0.099 seconds
