[2024-09-19T16:26:22.234+0000] {processor.py:157} INFO - Started process (PID=16395) to work on /home/vscode/.local/lib/python3.10/site-packages/airflow/example_dags/example_branch_day_of_week_operator.py
[2024-09-19T16:26:22.234+0000] {processor.py:826} INFO - Processing file /home/vscode/.local/lib/python3.10/site-packages/airflow/example_dags/example_branch_day_of_week_operator.py for tasks to queue
[2024-09-19T16:26:22.235+0000] {logging_mixin.py:150} INFO - [2024-09-19T16:26:22.235+0000] {dagbag.py:541} INFO - Filling up the DagBag from /home/vscode/.local/lib/python3.10/site-packages/airflow/example_dags/example_branch_day_of_week_operator.py
[2024-09-19T16:26:22.241+0000] {processor.py:836} INFO - DAG(s) dict_keys(['example_weekday_branch_operator']) retrieved from /home/vscode/.local/lib/python3.10/site-packages/airflow/example_dags/example_branch_day_of_week_operator.py
[2024-09-19T16:26:22.372+0000] {logging_mixin.py:150} INFO - [2024-09-19T16:26:22.371+0000] {manager.py:504} INFO - Created Permission View: can edit on DAG:example_weekday_branch_operator
[2024-09-19T16:26:22.402+0000] {logging_mixin.py:150} INFO - [2024-09-19T16:26:22.402+0000] {manager.py:504} INFO - Created Permission View: can delete on DAG:example_weekday_branch_operator
[2024-09-19T16:26:22.432+0000] {logging_mixin.py:150} INFO - [2024-09-19T16:26:22.431+0000] {manager.py:504} INFO - Created Permission View: can read on DAG:example_weekday_branch_operator
[2024-09-19T16:26:22.440+0000] {logging_mixin.py:150} INFO - [2024-09-19T16:26:22.440+0000] {dag.py:2742} INFO - Sync 1 DAGs
[2024-09-19T16:26:22.446+0000] {logging_mixin.py:150} INFO - [2024-09-19T16:26:22.446+0000] {dag.py:2763} INFO - Creating ORM DAG for example_weekday_branch_operator
[2024-09-19T16:26:22.453+0000] {logging_mixin.py:150} INFO - [2024-09-19T16:26:22.453+0000] {dag.py:3504} INFO - Setting next_dagrun for example_weekday_branch_operator to 2024-09-18T00:00:00+00:00, run_after=2024-09-19T00:00:00+00:00
[2024-09-19T16:26:22.497+0000] {processor.py:179} INFO - Processing /home/vscode/.local/lib/python3.10/site-packages/airflow/example_dags/example_branch_day_of_week_operator.py took 0.265 seconds
[2024-09-19T16:27:16.539+0000] {processor.py:157} INFO - Started process (PID=16750) to work on /home/vscode/.local/lib/python3.10/site-packages/airflow/example_dags/example_branch_day_of_week_operator.py
[2024-09-19T16:27:16.539+0000] {processor.py:826} INFO - Processing file /home/vscode/.local/lib/python3.10/site-packages/airflow/example_dags/example_branch_day_of_week_operator.py for tasks to queue
[2024-09-19T16:27:16.540+0000] {logging_mixin.py:150} INFO - [2024-09-19T16:27:16.540+0000] {dagbag.py:541} INFO - Filling up the DagBag from /home/vscode/.local/lib/python3.10/site-packages/airflow/example_dags/example_branch_day_of_week_operator.py
[2024-09-19T16:27:16.546+0000] {processor.py:836} INFO - DAG(s) dict_keys(['example_weekday_branch_operator']) retrieved from /home/vscode/.local/lib/python3.10/site-packages/airflow/example_dags/example_branch_day_of_week_operator.py
[2024-09-19T16:27:16.558+0000] {logging_mixin.py:150} INFO - [2024-09-19T16:27:16.558+0000] {dag.py:2742} INFO - Sync 1 DAGs
[2024-09-19T16:27:16.573+0000] {logging_mixin.py:150} INFO - [2024-09-19T16:27:16.573+0000] {dag.py:3504} INFO - Setting next_dagrun for example_weekday_branch_operator to 2024-09-18T00:00:00+00:00, run_after=2024-09-19T00:00:00+00:00
[2024-09-19T16:27:16.610+0000] {processor.py:179} INFO - Processing /home/vscode/.local/lib/python3.10/site-packages/airflow/example_dags/example_branch_day_of_week_operator.py took 0.073 seconds
[2024-09-19T16:28:06.433+0000] {processor.py:157} INFO - Started process (PID=17106) to work on /home/vscode/.local/lib/python3.10/site-packages/airflow/example_dags/example_branch_day_of_week_operator.py
[2024-09-19T16:28:06.434+0000] {processor.py:826} INFO - Processing file /home/vscode/.local/lib/python3.10/site-packages/airflow/example_dags/example_branch_day_of_week_operator.py for tasks to queue
[2024-09-19T16:28:06.434+0000] {logging_mixin.py:150} INFO - [2024-09-19T16:28:06.434+0000] {dagbag.py:541} INFO - Filling up the DagBag from /home/vscode/.local/lib/python3.10/site-packages/airflow/example_dags/example_branch_day_of_week_operator.py
[2024-09-19T16:28:06.440+0000] {processor.py:836} INFO - DAG(s) dict_keys(['example_weekday_branch_operator']) retrieved from /home/vscode/.local/lib/python3.10/site-packages/airflow/example_dags/example_branch_day_of_week_operator.py
[2024-09-19T16:28:06.452+0000] {logging_mixin.py:150} INFO - [2024-09-19T16:28:06.452+0000] {dag.py:2742} INFO - Sync 1 DAGs
[2024-09-19T16:28:06.468+0000] {logging_mixin.py:150} INFO - [2024-09-19T16:28:06.468+0000] {dag.py:3504} INFO - Setting next_dagrun for example_weekday_branch_operator to 2024-09-18T00:00:00+00:00, run_after=2024-09-19T00:00:00+00:00
[2024-09-19T16:28:06.503+0000] {processor.py:179} INFO - Processing /home/vscode/.local/lib/python3.10/site-packages/airflow/example_dags/example_branch_day_of_week_operator.py took 0.072 seconds
[2024-09-19T16:28:50.470+0000] {processor.py:157} INFO - Started process (PID=17439) to work on /home/vscode/.local/lib/python3.10/site-packages/airflow/example_dags/example_branch_day_of_week_operator.py
[2024-09-19T16:28:50.470+0000] {processor.py:826} INFO - Processing file /home/vscode/.local/lib/python3.10/site-packages/airflow/example_dags/example_branch_day_of_week_operator.py for tasks to queue
[2024-09-19T16:28:50.471+0000] {logging_mixin.py:150} INFO - [2024-09-19T16:28:50.470+0000] {dagbag.py:541} INFO - Filling up the DagBag from /home/vscode/.local/lib/python3.10/site-packages/airflow/example_dags/example_branch_day_of_week_operator.py
[2024-09-19T16:28:50.476+0000] {processor.py:836} INFO - DAG(s) dict_keys(['example_weekday_branch_operator']) retrieved from /home/vscode/.local/lib/python3.10/site-packages/airflow/example_dags/example_branch_day_of_week_operator.py
[2024-09-19T16:28:50.489+0000] {logging_mixin.py:150} INFO - [2024-09-19T16:28:50.488+0000] {dag.py:2742} INFO - Sync 1 DAGs
[2024-09-19T16:28:50.504+0000] {logging_mixin.py:150} INFO - [2024-09-19T16:28:50.504+0000] {dag.py:3504} INFO - Setting next_dagrun for example_weekday_branch_operator to 2024-09-18T00:00:00+00:00, run_after=2024-09-19T00:00:00+00:00
[2024-09-19T16:28:50.553+0000] {processor.py:179} INFO - Processing /home/vscode/.local/lib/python3.10/site-packages/airflow/example_dags/example_branch_day_of_week_operator.py took 0.085 seconds
[2024-09-19T16:29:37.741+0000] {processor.py:157} INFO - Started process (PID=17793) to work on /home/vscode/.local/lib/python3.10/site-packages/airflow/example_dags/example_branch_day_of_week_operator.py
[2024-09-19T16:29:37.741+0000] {processor.py:826} INFO - Processing file /home/vscode/.local/lib/python3.10/site-packages/airflow/example_dags/example_branch_day_of_week_operator.py for tasks to queue
[2024-09-19T16:29:37.742+0000] {logging_mixin.py:150} INFO - [2024-09-19T16:29:37.742+0000] {dagbag.py:541} INFO - Filling up the DagBag from /home/vscode/.local/lib/python3.10/site-packages/airflow/example_dags/example_branch_day_of_week_operator.py
[2024-09-19T16:29:37.748+0000] {processor.py:836} INFO - DAG(s) dict_keys(['example_weekday_branch_operator']) retrieved from /home/vscode/.local/lib/python3.10/site-packages/airflow/example_dags/example_branch_day_of_week_operator.py
[2024-09-19T16:29:37.761+0000] {logging_mixin.py:150} INFO - [2024-09-19T16:29:37.761+0000] {dag.py:2742} INFO - Sync 1 DAGs
[2024-09-19T16:29:37.776+0000] {logging_mixin.py:150} INFO - [2024-09-19T16:29:37.776+0000] {dag.py:3504} INFO - Setting next_dagrun for example_weekday_branch_operator to 2024-09-18T00:00:00+00:00, run_after=2024-09-19T00:00:00+00:00
[2024-09-19T16:29:37.835+0000] {processor.py:179} INFO - Processing /home/vscode/.local/lib/python3.10/site-packages/airflow/example_dags/example_branch_day_of_week_operator.py took 0.096 seconds
[2024-09-19T16:30:28.279+0000] {processor.py:157} INFO - Started process (PID=18220) to work on /home/vscode/.local/lib/python3.10/site-packages/airflow/example_dags/example_branch_day_of_week_operator.py
[2024-09-19T16:30:28.280+0000] {processor.py:826} INFO - Processing file /home/vscode/.local/lib/python3.10/site-packages/airflow/example_dags/example_branch_day_of_week_operator.py for tasks to queue
[2024-09-19T16:30:28.280+0000] {logging_mixin.py:150} INFO - [2024-09-19T16:30:28.280+0000] {dagbag.py:541} INFO - Filling up the DagBag from /home/vscode/.local/lib/python3.10/site-packages/airflow/example_dags/example_branch_day_of_week_operator.py
[2024-09-19T16:30:28.286+0000] {processor.py:836} INFO - DAG(s) dict_keys(['example_weekday_branch_operator']) retrieved from /home/vscode/.local/lib/python3.10/site-packages/airflow/example_dags/example_branch_day_of_week_operator.py
[2024-09-19T16:30:28.299+0000] {logging_mixin.py:150} INFO - [2024-09-19T16:30:28.299+0000] {dag.py:2742} INFO - Sync 1 DAGs
[2024-09-19T16:30:28.316+0000] {logging_mixin.py:150} INFO - [2024-09-19T16:30:28.315+0000] {dag.py:3504} INFO - Setting next_dagrun for example_weekday_branch_operator to 2024-09-18T00:00:00+00:00, run_after=2024-09-19T00:00:00+00:00
[2024-09-19T16:30:28.360+0000] {processor.py:179} INFO - Processing /home/vscode/.local/lib/python3.10/site-packages/airflow/example_dags/example_branch_day_of_week_operator.py took 0.082 seconds
[2024-09-19T16:31:14.564+0000] {processor.py:157} INFO - Started process (PID=18575) to work on /home/vscode/.local/lib/python3.10/site-packages/airflow/example_dags/example_branch_day_of_week_operator.py
[2024-09-19T16:31:14.565+0000] {processor.py:826} INFO - Processing file /home/vscode/.local/lib/python3.10/site-packages/airflow/example_dags/example_branch_day_of_week_operator.py for tasks to queue
[2024-09-19T16:31:14.566+0000] {logging_mixin.py:150} INFO - [2024-09-19T16:31:14.565+0000] {dagbag.py:541} INFO - Filling up the DagBag from /home/vscode/.local/lib/python3.10/site-packages/airflow/example_dags/example_branch_day_of_week_operator.py
[2024-09-19T16:31:14.571+0000] {processor.py:836} INFO - DAG(s) dict_keys(['example_weekday_branch_operator']) retrieved from /home/vscode/.local/lib/python3.10/site-packages/airflow/example_dags/example_branch_day_of_week_operator.py
[2024-09-19T16:31:14.583+0000] {logging_mixin.py:150} INFO - [2024-09-19T16:31:14.583+0000] {dag.py:2742} INFO - Sync 1 DAGs
[2024-09-19T16:31:14.598+0000] {logging_mixin.py:150} INFO - [2024-09-19T16:31:14.598+0000] {dag.py:3504} INFO - Setting next_dagrun for example_weekday_branch_operator to 2024-09-18T00:00:00+00:00, run_after=2024-09-19T00:00:00+00:00
[2024-09-19T16:31:14.629+0000] {processor.py:179} INFO - Processing /home/vscode/.local/lib/python3.10/site-packages/airflow/example_dags/example_branch_day_of_week_operator.py took 0.067 seconds
[2024-09-19T16:31:59.968+0000] {processor.py:157} INFO - Started process (PID=18878) to work on /home/vscode/.local/lib/python3.10/site-packages/airflow/example_dags/example_branch_day_of_week_operator.py
[2024-09-19T16:31:59.968+0000] {processor.py:826} INFO - Processing file /home/vscode/.local/lib/python3.10/site-packages/airflow/example_dags/example_branch_day_of_week_operator.py for tasks to queue
[2024-09-19T16:31:59.969+0000] {logging_mixin.py:150} INFO - [2024-09-19T16:31:59.969+0000] {dagbag.py:541} INFO - Filling up the DagBag from /home/vscode/.local/lib/python3.10/site-packages/airflow/example_dags/example_branch_day_of_week_operator.py
[2024-09-19T16:31:59.975+0000] {processor.py:836} INFO - DAG(s) dict_keys(['example_weekday_branch_operator']) retrieved from /home/vscode/.local/lib/python3.10/site-packages/airflow/example_dags/example_branch_day_of_week_operator.py
[2024-09-19T16:31:59.988+0000] {logging_mixin.py:150} INFO - [2024-09-19T16:31:59.988+0000] {dag.py:2742} INFO - Sync 1 DAGs
[2024-09-19T16:32:00.002+0000] {logging_mixin.py:150} INFO - [2024-09-19T16:32:00.002+0000] {dag.py:3504} INFO - Setting next_dagrun for example_weekday_branch_operator to 2024-09-18T00:00:00+00:00, run_after=2024-09-19T00:00:00+00:00
[2024-09-19T16:32:00.032+0000] {processor.py:179} INFO - Processing /home/vscode/.local/lib/python3.10/site-packages/airflow/example_dags/example_branch_day_of_week_operator.py took 0.067 seconds
[2024-09-19T16:32:46.180+0000] {processor.py:157} INFO - Started process (PID=19343) to work on /home/vscode/.local/lib/python3.10/site-packages/airflow/example_dags/example_branch_day_of_week_operator.py
[2024-09-19T16:32:46.180+0000] {processor.py:826} INFO - Processing file /home/vscode/.local/lib/python3.10/site-packages/airflow/example_dags/example_branch_day_of_week_operator.py for tasks to queue
[2024-09-19T16:32:46.181+0000] {logging_mixin.py:150} INFO - [2024-09-19T16:32:46.181+0000] {dagbag.py:541} INFO - Filling up the DagBag from /home/vscode/.local/lib/python3.10/site-packages/airflow/example_dags/example_branch_day_of_week_operator.py
[2024-09-19T16:32:46.186+0000] {processor.py:836} INFO - DAG(s) dict_keys(['example_weekday_branch_operator']) retrieved from /home/vscode/.local/lib/python3.10/site-packages/airflow/example_dags/example_branch_day_of_week_operator.py
[2024-09-19T16:32:46.198+0000] {logging_mixin.py:150} INFO - [2024-09-19T16:32:46.198+0000] {dag.py:2742} INFO - Sync 1 DAGs
[2024-09-19T16:32:46.213+0000] {logging_mixin.py:150} INFO - [2024-09-19T16:32:46.213+0000] {dag.py:3504} INFO - Setting next_dagrun for example_weekday_branch_operator to 2024-09-18T00:00:00+00:00, run_after=2024-09-19T00:00:00+00:00
[2024-09-19T16:32:46.258+0000] {processor.py:179} INFO - Processing /home/vscode/.local/lib/python3.10/site-packages/airflow/example_dags/example_branch_day_of_week_operator.py took 0.080 seconds
[2024-09-19T16:33:31.015+0000] {processor.py:157} INFO - Started process (PID=19737) to work on /home/vscode/.local/lib/python3.10/site-packages/airflow/example_dags/example_branch_day_of_week_operator.py
[2024-09-19T16:33:31.016+0000] {processor.py:826} INFO - Processing file /home/vscode/.local/lib/python3.10/site-packages/airflow/example_dags/example_branch_day_of_week_operator.py for tasks to queue
[2024-09-19T16:33:31.016+0000] {logging_mixin.py:150} INFO - [2024-09-19T16:33:31.016+0000] {dagbag.py:541} INFO - Filling up the DagBag from /home/vscode/.local/lib/python3.10/site-packages/airflow/example_dags/example_branch_day_of_week_operator.py
[2024-09-19T16:33:31.022+0000] {processor.py:836} INFO - DAG(s) dict_keys(['example_weekday_branch_operator']) retrieved from /home/vscode/.local/lib/python3.10/site-packages/airflow/example_dags/example_branch_day_of_week_operator.py
[2024-09-19T16:33:31.046+0000] {logging_mixin.py:150} INFO - [2024-09-19T16:33:31.045+0000] {dag.py:2742} INFO - Sync 1 DAGs
[2024-09-19T16:33:31.068+0000] {logging_mixin.py:150} INFO - [2024-09-19T16:33:31.068+0000] {dag.py:3504} INFO - Setting next_dagrun for example_weekday_branch_operator to 2024-09-18T00:00:00+00:00, run_after=2024-09-19T00:00:00+00:00
[2024-09-19T16:33:31.102+0000] {processor.py:179} INFO - Processing /home/vscode/.local/lib/python3.10/site-packages/airflow/example_dags/example_branch_day_of_week_operator.py took 0.089 seconds
[2024-09-19T16:34:20.850+0000] {processor.py:157} INFO - Started process (PID=20200) to work on /home/vscode/.local/lib/python3.10/site-packages/airflow/example_dags/example_branch_day_of_week_operator.py
[2024-09-19T16:34:20.851+0000] {processor.py:826} INFO - Processing file /home/vscode/.local/lib/python3.10/site-packages/airflow/example_dags/example_branch_day_of_week_operator.py for tasks to queue
[2024-09-19T16:34:20.852+0000] {logging_mixin.py:150} INFO - [2024-09-19T16:34:20.851+0000] {dagbag.py:541} INFO - Filling up the DagBag from /home/vscode/.local/lib/python3.10/site-packages/airflow/example_dags/example_branch_day_of_week_operator.py
[2024-09-19T16:34:20.857+0000] {processor.py:836} INFO - DAG(s) dict_keys(['example_weekday_branch_operator']) retrieved from /home/vscode/.local/lib/python3.10/site-packages/airflow/example_dags/example_branch_day_of_week_operator.py
[2024-09-19T16:34:20.870+0000] {logging_mixin.py:150} INFO - [2024-09-19T16:34:20.870+0000] {dag.py:2742} INFO - Sync 1 DAGs
[2024-09-19T16:34:20.885+0000] {logging_mixin.py:150} INFO - [2024-09-19T16:34:20.884+0000] {dag.py:3504} INFO - Setting next_dagrun for example_weekday_branch_operator to 2024-09-18T00:00:00+00:00, run_after=2024-09-19T00:00:00+00:00
[2024-09-19T16:34:21.133+0000] {processor.py:179} INFO - Processing /home/vscode/.local/lib/python3.10/site-packages/airflow/example_dags/example_branch_day_of_week_operator.py took 0.285 seconds
