[2024-09-19T16:26:23.568+0000] {processor.py:157} INFO - Started process (PID=16397) to work on /home/vscode/.local/lib/python3.10/site-packages/airflow/example_dags/example_branch_datetime_operator.py
[2024-09-19T16:26:23.568+0000] {processor.py:826} INFO - Processing file /home/vscode/.local/lib/python3.10/site-packages/airflow/example_dags/example_branch_datetime_operator.py for tasks to queue
[2024-09-19T16:26:23.569+0000] {logging_mixin.py:150} INFO - [2024-09-19T16:26:23.569+0000] {dagbag.py:541} INFO - Filling up the DagBag from /home/vscode/.local/lib/python3.10/site-packages/airflow/example_dags/example_branch_datetime_operator.py
[2024-09-19T16:26:23.576+0000] {processor.py:836} INFO - DAG(s) dict_keys(['example_branch_datetime_operator_3', 'example_branch_datetime_operator_2', 'example_branch_datetime_operator']) retrieved from /home/vscode/.local/lib/python3.10/site-packages/airflow/example_dags/example_branch_datetime_operator.py
[2024-09-19T16:26:23.703+0000] {logging_mixin.py:150} INFO - [2024-09-19T16:26:23.703+0000] {manager.py:504} INFO - Created Permission View: can edit on DAG:example_branch_datetime_operator_3
[2024-09-19T16:26:23.739+0000] {logging_mixin.py:150} INFO - [2024-09-19T16:26:23.738+0000] {manager.py:504} INFO - Created Permission View: can delete on DAG:example_branch_datetime_operator_3
[2024-09-19T16:26:23.766+0000] {logging_mixin.py:150} INFO - [2024-09-19T16:26:23.766+0000] {manager.py:504} INFO - Created Permission View: can read on DAG:example_branch_datetime_operator_3
[2024-09-19T16:26:23.836+0000] {logging_mixin.py:150} INFO - [2024-09-19T16:26:23.836+0000] {manager.py:504} INFO - Created Permission View: can edit on DAG:example_branch_datetime_operator_2
[2024-09-19T16:26:23.868+0000] {logging_mixin.py:150} INFO - [2024-09-19T16:26:23.868+0000] {manager.py:504} INFO - Created Permission View: can delete on DAG:example_branch_datetime_operator_2
[2024-09-19T16:26:23.895+0000] {logging_mixin.py:150} INFO - [2024-09-19T16:26:23.895+0000] {manager.py:504} INFO - Created Permission View: can read on DAG:example_branch_datetime_operator_2
[2024-09-19T16:26:23.991+0000] {logging_mixin.py:150} INFO - [2024-09-19T16:26:23.991+0000] {manager.py:504} INFO - Created Permission View: can edit on DAG:example_branch_datetime_operator
[2024-09-19T16:26:24.016+0000] {logging_mixin.py:150} INFO - [2024-09-19T16:26:24.016+0000] {manager.py:504} INFO - Created Permission View: can delete on DAG:example_branch_datetime_operator
[2024-09-19T16:26:24.038+0000] {logging_mixin.py:150} INFO - [2024-09-19T16:26:24.038+0000] {manager.py:504} INFO - Created Permission View: can read on DAG:example_branch_datetime_operator
[2024-09-19T16:26:24.041+0000] {logging_mixin.py:150} INFO - [2024-09-19T16:26:24.041+0000] {dag.py:2742} INFO - Sync 3 DAGs
[2024-09-19T16:26:24.048+0000] {logging_mixin.py:150} INFO - [2024-09-19T16:26:24.048+0000] {dag.py:2763} INFO - Creating ORM DAG for example_branch_datetime_operator_3
[2024-09-19T16:26:24.048+0000] {logging_mixin.py:150} INFO - [2024-09-19T16:26:24.048+0000] {dag.py:2763} INFO - Creating ORM DAG for example_branch_datetime_operator
[2024-09-19T16:26:24.049+0000] {logging_mixin.py:150} INFO - [2024-09-19T16:26:24.049+0000] {dag.py:2763} INFO - Creating ORM DAG for example_branch_datetime_operator_2
[2024-09-19T16:26:24.062+0000] {logging_mixin.py:150} INFO - [2024-09-19T16:26:24.062+0000] {dag.py:3504} INFO - Setting next_dagrun for example_branch_datetime_operator to 2024-09-18T00:00:00+00:00, run_after=2024-09-19T00:00:00+00:00
[2024-09-19T16:26:24.064+0000] {logging_mixin.py:150} INFO - [2024-09-19T16:26:24.063+0000] {dag.py:3504} INFO - Setting next_dagrun for example_branch_datetime_operator_2 to 2024-09-18T00:00:00+00:00, run_after=2024-09-19T00:00:00+00:00
[2024-09-19T16:26:24.065+0000] {logging_mixin.py:150} INFO - [2024-09-19T16:26:24.065+0000] {dag.py:3504} INFO - Setting next_dagrun for example_branch_datetime_operator_3 to 2024-09-18T00:00:00+00:00, run_after=2024-09-19T00:00:00+00:00
[2024-09-19T16:26:24.109+0000] {processor.py:179} INFO - Processing /home/vscode/.local/lib/python3.10/site-packages/airflow/example_dags/example_branch_datetime_operator.py took 0.543 seconds
[2024-09-19T16:27:17.520+0000] {processor.py:157} INFO - Started process (PID=16758) to work on /home/vscode/.local/lib/python3.10/site-packages/airflow/example_dags/example_branch_datetime_operator.py
[2024-09-19T16:27:17.521+0000] {processor.py:826} INFO - Processing file /home/vscode/.local/lib/python3.10/site-packages/airflow/example_dags/example_branch_datetime_operator.py for tasks to queue
[2024-09-19T16:27:17.521+0000] {logging_mixin.py:150} INFO - [2024-09-19T16:27:17.521+0000] {dagbag.py:541} INFO - Filling up the DagBag from /home/vscode/.local/lib/python3.10/site-packages/airflow/example_dags/example_branch_datetime_operator.py
[2024-09-19T16:27:17.529+0000] {processor.py:836} INFO - DAG(s) dict_keys(['example_branch_datetime_operator_3', 'example_branch_datetime_operator_2', 'example_branch_datetime_operator']) retrieved from /home/vscode/.local/lib/python3.10/site-packages/airflow/example_dags/example_branch_datetime_operator.py
[2024-09-19T16:27:17.545+0000] {logging_mixin.py:150} INFO - [2024-09-19T16:27:17.545+0000] {dag.py:2742} INFO - Sync 3 DAGs
[2024-09-19T16:27:17.561+0000] {logging_mixin.py:150} INFO - [2024-09-19T16:27:17.561+0000] {dag.py:3504} INFO - Setting next_dagrun for example_branch_datetime_operator to 2024-09-18T00:00:00+00:00, run_after=2024-09-19T00:00:00+00:00
[2024-09-19T16:27:17.565+0000] {logging_mixin.py:150} INFO - [2024-09-19T16:27:17.565+0000] {dag.py:3504} INFO - Setting next_dagrun for example_branch_datetime_operator_2 to 2024-09-18T00:00:00+00:00, run_after=2024-09-19T00:00:00+00:00
[2024-09-19T16:27:17.566+0000] {logging_mixin.py:150} INFO - [2024-09-19T16:27:17.566+0000] {dag.py:3504} INFO - Setting next_dagrun for example_branch_datetime_operator_3 to 2024-09-18T00:00:00+00:00, run_after=2024-09-19T00:00:00+00:00
[2024-09-19T16:27:17.607+0000] {processor.py:179} INFO - Processing /home/vscode/.local/lib/python3.10/site-packages/airflow/example_dags/example_branch_datetime_operator.py took 0.089 seconds
[2024-09-19T16:28:07.566+0000] {processor.py:157} INFO - Started process (PID=17108) to work on /home/vscode/.local/lib/python3.10/site-packages/airflow/example_dags/example_branch_datetime_operator.py
[2024-09-19T16:28:07.566+0000] {processor.py:826} INFO - Processing file /home/vscode/.local/lib/python3.10/site-packages/airflow/example_dags/example_branch_datetime_operator.py for tasks to queue
[2024-09-19T16:28:07.567+0000] {logging_mixin.py:150} INFO - [2024-09-19T16:28:07.567+0000] {dagbag.py:541} INFO - Filling up the DagBag from /home/vscode/.local/lib/python3.10/site-packages/airflow/example_dags/example_branch_datetime_operator.py
[2024-09-19T16:28:07.574+0000] {processor.py:836} INFO - DAG(s) dict_keys(['example_branch_datetime_operator', 'example_branch_datetime_operator_2', 'example_branch_datetime_operator_3']) retrieved from /home/vscode/.local/lib/python3.10/site-packages/airflow/example_dags/example_branch_datetime_operator.py
[2024-09-19T16:28:07.590+0000] {logging_mixin.py:150} INFO - [2024-09-19T16:28:07.590+0000] {dag.py:2742} INFO - Sync 3 DAGs
[2024-09-19T16:28:07.605+0000] {logging_mixin.py:150} INFO - [2024-09-19T16:28:07.605+0000] {dag.py:3504} INFO - Setting next_dagrun for example_branch_datetime_operator to 2024-09-18T00:00:00+00:00, run_after=2024-09-19T00:00:00+00:00
[2024-09-19T16:28:07.608+0000] {logging_mixin.py:150} INFO - [2024-09-19T16:28:07.608+0000] {dag.py:3504} INFO - Setting next_dagrun for example_branch_datetime_operator_2 to 2024-09-18T00:00:00+00:00, run_after=2024-09-19T00:00:00+00:00
[2024-09-19T16:28:07.610+0000] {logging_mixin.py:150} INFO - [2024-09-19T16:28:07.610+0000] {dag.py:3504} INFO - Setting next_dagrun for example_branch_datetime_operator_3 to 2024-09-18T00:00:00+00:00, run_after=2024-09-19T00:00:00+00:00
[2024-09-19T16:28:07.642+0000] {processor.py:179} INFO - Processing /home/vscode/.local/lib/python3.10/site-packages/airflow/example_dags/example_branch_datetime_operator.py took 0.078 seconds
[2024-09-19T16:28:51.602+0000] {processor.py:157} INFO - Started process (PID=17447) to work on /home/vscode/.local/lib/python3.10/site-packages/airflow/example_dags/example_branch_datetime_operator.py
[2024-09-19T16:28:51.603+0000] {processor.py:826} INFO - Processing file /home/vscode/.local/lib/python3.10/site-packages/airflow/example_dags/example_branch_datetime_operator.py for tasks to queue
[2024-09-19T16:28:51.603+0000] {logging_mixin.py:150} INFO - [2024-09-19T16:28:51.603+0000] {dagbag.py:541} INFO - Filling up the DagBag from /home/vscode/.local/lib/python3.10/site-packages/airflow/example_dags/example_branch_datetime_operator.py
[2024-09-19T16:28:51.611+0000] {processor.py:836} INFO - DAG(s) dict_keys(['example_branch_datetime_operator', 'example_branch_datetime_operator_2', 'example_branch_datetime_operator_3']) retrieved from /home/vscode/.local/lib/python3.10/site-packages/airflow/example_dags/example_branch_datetime_operator.py
[2024-09-19T16:28:51.627+0000] {logging_mixin.py:150} INFO - [2024-09-19T16:28:51.627+0000] {dag.py:2742} INFO - Sync 3 DAGs
[2024-09-19T16:28:51.642+0000] {logging_mixin.py:150} INFO - [2024-09-19T16:28:51.642+0000] {dag.py:3504} INFO - Setting next_dagrun for example_branch_datetime_operator to 2024-09-18T00:00:00+00:00, run_after=2024-09-19T00:00:00+00:00
[2024-09-19T16:28:51.645+0000] {logging_mixin.py:150} INFO - [2024-09-19T16:28:51.645+0000] {dag.py:3504} INFO - Setting next_dagrun for example_branch_datetime_operator_2 to 2024-09-18T00:00:00+00:00, run_after=2024-09-19T00:00:00+00:00
[2024-09-19T16:28:51.647+0000] {logging_mixin.py:150} INFO - [2024-09-19T16:28:51.647+0000] {dag.py:3504} INFO - Setting next_dagrun for example_branch_datetime_operator_3 to 2024-09-18T00:00:00+00:00, run_after=2024-09-19T00:00:00+00:00
[2024-09-19T16:28:51.681+0000] {processor.py:179} INFO - Processing /home/vscode/.local/lib/python3.10/site-packages/airflow/example_dags/example_branch_datetime_operator.py took 0.081 seconds
[2024-09-19T16:29:38.876+0000] {processor.py:157} INFO - Started process (PID=17804) to work on /home/vscode/.local/lib/python3.10/site-packages/airflow/example_dags/example_branch_datetime_operator.py
[2024-09-19T16:29:38.877+0000] {processor.py:826} INFO - Processing file /home/vscode/.local/lib/python3.10/site-packages/airflow/example_dags/example_branch_datetime_operator.py for tasks to queue
[2024-09-19T16:29:38.877+0000] {logging_mixin.py:150} INFO - [2024-09-19T16:29:38.877+0000] {dagbag.py:541} INFO - Filling up the DagBag from /home/vscode/.local/lib/python3.10/site-packages/airflow/example_dags/example_branch_datetime_operator.py
[2024-09-19T16:29:38.884+0000] {processor.py:836} INFO - DAG(s) dict_keys(['example_branch_datetime_operator_2', 'example_branch_datetime_operator', 'example_branch_datetime_operator_3']) retrieved from /home/vscode/.local/lib/python3.10/site-packages/airflow/example_dags/example_branch_datetime_operator.py
[2024-09-19T16:29:38.900+0000] {logging_mixin.py:150} INFO - [2024-09-19T16:29:38.900+0000] {dag.py:2742} INFO - Sync 3 DAGs
[2024-09-19T16:29:38.916+0000] {logging_mixin.py:150} INFO - [2024-09-19T16:29:38.916+0000] {dag.py:3504} INFO - Setting next_dagrun for example_branch_datetime_operator to 2024-09-18T00:00:00+00:00, run_after=2024-09-19T00:00:00+00:00
[2024-09-19T16:29:38.920+0000] {logging_mixin.py:150} INFO - [2024-09-19T16:29:38.919+0000] {dag.py:3504} INFO - Setting next_dagrun for example_branch_datetime_operator_2 to 2024-09-18T00:00:00+00:00, run_after=2024-09-19T00:00:00+00:00
[2024-09-19T16:29:38.921+0000] {logging_mixin.py:150} INFO - [2024-09-19T16:29:38.921+0000] {dag.py:3504} INFO - Setting next_dagrun for example_branch_datetime_operator_3 to 2024-09-18T00:00:00+00:00, run_after=2024-09-19T00:00:00+00:00
[2024-09-19T16:29:38.958+0000] {processor.py:179} INFO - Processing /home/vscode/.local/lib/python3.10/site-packages/airflow/example_dags/example_branch_datetime_operator.py took 0.084 seconds
[2024-09-19T16:30:29.151+0000] {processor.py:157} INFO - Started process (PID=18228) to work on /home/vscode/.local/lib/python3.10/site-packages/airflow/example_dags/example_branch_datetime_operator.py
[2024-09-19T16:30:29.152+0000] {processor.py:826} INFO - Processing file /home/vscode/.local/lib/python3.10/site-packages/airflow/example_dags/example_branch_datetime_operator.py for tasks to queue
[2024-09-19T16:30:29.153+0000] {logging_mixin.py:150} INFO - [2024-09-19T16:30:29.152+0000] {dagbag.py:541} INFO - Filling up the DagBag from /home/vscode/.local/lib/python3.10/site-packages/airflow/example_dags/example_branch_datetime_operator.py
[2024-09-19T16:30:29.160+0000] {processor.py:836} INFO - DAG(s) dict_keys(['example_branch_datetime_operator_2', 'example_branch_datetime_operator', 'example_branch_datetime_operator_3']) retrieved from /home/vscode/.local/lib/python3.10/site-packages/airflow/example_dags/example_branch_datetime_operator.py
[2024-09-19T16:30:29.177+0000] {logging_mixin.py:150} INFO - [2024-09-19T16:30:29.177+0000] {dag.py:2742} INFO - Sync 3 DAGs
[2024-09-19T16:30:29.193+0000] {logging_mixin.py:150} INFO - [2024-09-19T16:30:29.192+0000] {dag.py:3504} INFO - Setting next_dagrun for example_branch_datetime_operator to 2024-09-18T00:00:00+00:00, run_after=2024-09-19T00:00:00+00:00
[2024-09-19T16:30:29.196+0000] {logging_mixin.py:150} INFO - [2024-09-19T16:30:29.196+0000] {dag.py:3504} INFO - Setting next_dagrun for example_branch_datetime_operator_2 to 2024-09-18T00:00:00+00:00, run_after=2024-09-19T00:00:00+00:00
[2024-09-19T16:30:29.197+0000] {logging_mixin.py:150} INFO - [2024-09-19T16:30:29.197+0000] {dag.py:3504} INFO - Setting next_dagrun for example_branch_datetime_operator_3 to 2024-09-18T00:00:00+00:00, run_after=2024-09-19T00:00:00+00:00
[2024-09-19T16:30:29.242+0000] {processor.py:179} INFO - Processing /home/vscode/.local/lib/python3.10/site-packages/airflow/example_dags/example_branch_datetime_operator.py took 0.093 seconds
[2024-09-19T16:31:15.699+0000] {processor.py:157} INFO - Started process (PID=18583) to work on /home/vscode/.local/lib/python3.10/site-packages/airflow/example_dags/example_branch_datetime_operator.py
[2024-09-19T16:31:15.700+0000] {processor.py:826} INFO - Processing file /home/vscode/.local/lib/python3.10/site-packages/airflow/example_dags/example_branch_datetime_operator.py for tasks to queue
[2024-09-19T16:31:15.700+0000] {logging_mixin.py:150} INFO - [2024-09-19T16:31:15.700+0000] {dagbag.py:541} INFO - Filling up the DagBag from /home/vscode/.local/lib/python3.10/site-packages/airflow/example_dags/example_branch_datetime_operator.py
[2024-09-19T16:31:15.707+0000] {processor.py:836} INFO - DAG(s) dict_keys(['example_branch_datetime_operator', 'example_branch_datetime_operator_2', 'example_branch_datetime_operator_3']) retrieved from /home/vscode/.local/lib/python3.10/site-packages/airflow/example_dags/example_branch_datetime_operator.py
[2024-09-19T16:31:15.724+0000] {logging_mixin.py:150} INFO - [2024-09-19T16:31:15.724+0000] {dag.py:2742} INFO - Sync 3 DAGs
[2024-09-19T16:31:15.739+0000] {logging_mixin.py:150} INFO - [2024-09-19T16:31:15.739+0000] {dag.py:3504} INFO - Setting next_dagrun for example_branch_datetime_operator to 2024-09-18T00:00:00+00:00, run_after=2024-09-19T00:00:00+00:00
[2024-09-19T16:31:15.742+0000] {logging_mixin.py:150} INFO - [2024-09-19T16:31:15.742+0000] {dag.py:3504} INFO - Setting next_dagrun for example_branch_datetime_operator_2 to 2024-09-18T00:00:00+00:00, run_after=2024-09-19T00:00:00+00:00
[2024-09-19T16:31:15.744+0000] {logging_mixin.py:150} INFO - [2024-09-19T16:31:15.744+0000] {dag.py:3504} INFO - Setting next_dagrun for example_branch_datetime_operator_3 to 2024-09-18T00:00:00+00:00, run_after=2024-09-19T00:00:00+00:00
[2024-09-19T16:31:15.773+0000] {processor.py:179} INFO - Processing /home/vscode/.local/lib/python3.10/site-packages/airflow/example_dags/example_branch_datetime_operator.py took 0.076 seconds
[2024-09-19T16:32:01.025+0000] {processor.py:157} INFO - Started process (PID=18886) to work on /home/vscode/.local/lib/python3.10/site-packages/airflow/example_dags/example_branch_datetime_operator.py
[2024-09-19T16:32:01.025+0000] {processor.py:826} INFO - Processing file /home/vscode/.local/lib/python3.10/site-packages/airflow/example_dags/example_branch_datetime_operator.py for tasks to queue
[2024-09-19T16:32:01.026+0000] {logging_mixin.py:150} INFO - [2024-09-19T16:32:01.026+0000] {dagbag.py:541} INFO - Filling up the DagBag from /home/vscode/.local/lib/python3.10/site-packages/airflow/example_dags/example_branch_datetime_operator.py
[2024-09-19T16:32:01.033+0000] {processor.py:836} INFO - DAG(s) dict_keys(['example_branch_datetime_operator', 'example_branch_datetime_operator_3', 'example_branch_datetime_operator_2']) retrieved from /home/vscode/.local/lib/python3.10/site-packages/airflow/example_dags/example_branch_datetime_operator.py
[2024-09-19T16:32:01.049+0000] {logging_mixin.py:150} INFO - [2024-09-19T16:32:01.049+0000] {dag.py:2742} INFO - Sync 3 DAGs
[2024-09-19T16:32:01.064+0000] {logging_mixin.py:150} INFO - [2024-09-19T16:32:01.063+0000] {dag.py:3504} INFO - Setting next_dagrun for example_branch_datetime_operator to 2024-09-18T00:00:00+00:00, run_after=2024-09-19T00:00:00+00:00
[2024-09-19T16:32:01.067+0000] {logging_mixin.py:150} INFO - [2024-09-19T16:32:01.067+0000] {dag.py:3504} INFO - Setting next_dagrun for example_branch_datetime_operator_2 to 2024-09-18T00:00:00+00:00, run_after=2024-09-19T00:00:00+00:00
[2024-09-19T16:32:01.069+0000] {logging_mixin.py:150} INFO - [2024-09-19T16:32:01.068+0000] {dag.py:3504} INFO - Setting next_dagrun for example_branch_datetime_operator_3 to 2024-09-18T00:00:00+00:00, run_after=2024-09-19T00:00:00+00:00
[2024-09-19T16:32:01.098+0000] {processor.py:179} INFO - Processing /home/vscode/.local/lib/python3.10/site-packages/airflow/example_dags/example_branch_datetime_operator.py took 0.076 seconds
[2024-09-19T16:32:47.335+0000] {processor.py:157} INFO - Started process (PID=19352) to work on /home/vscode/.local/lib/python3.10/site-packages/airflow/example_dags/example_branch_datetime_operator.py
[2024-09-19T16:32:47.336+0000] {processor.py:826} INFO - Processing file /home/vscode/.local/lib/python3.10/site-packages/airflow/example_dags/example_branch_datetime_operator.py for tasks to queue
[2024-09-19T16:32:47.337+0000] {logging_mixin.py:150} INFO - [2024-09-19T16:32:47.336+0000] {dagbag.py:541} INFO - Filling up the DagBag from /home/vscode/.local/lib/python3.10/site-packages/airflow/example_dags/example_branch_datetime_operator.py
[2024-09-19T16:32:47.347+0000] {processor.py:836} INFO - DAG(s) dict_keys(['example_branch_datetime_operator', 'example_branch_datetime_operator_2', 'example_branch_datetime_operator_3']) retrieved from /home/vscode/.local/lib/python3.10/site-packages/airflow/example_dags/example_branch_datetime_operator.py
[2024-09-19T16:32:47.369+0000] {logging_mixin.py:150} INFO - [2024-09-19T16:32:47.368+0000] {dag.py:2742} INFO - Sync 3 DAGs
[2024-09-19T16:32:47.384+0000] {logging_mixin.py:150} INFO - [2024-09-19T16:32:47.384+0000] {dag.py:3504} INFO - Setting next_dagrun for example_branch_datetime_operator to 2024-09-18T00:00:00+00:00, run_after=2024-09-19T00:00:00+00:00
[2024-09-19T16:32:47.387+0000] {logging_mixin.py:150} INFO - [2024-09-19T16:32:47.387+0000] {dag.py:3504} INFO - Setting next_dagrun for example_branch_datetime_operator_2 to 2024-09-18T00:00:00+00:00, run_after=2024-09-19T00:00:00+00:00
[2024-09-19T16:32:47.389+0000] {logging_mixin.py:150} INFO - [2024-09-19T16:32:47.389+0000] {dag.py:3504} INFO - Setting next_dagrun for example_branch_datetime_operator_3 to 2024-09-18T00:00:00+00:00, run_after=2024-09-19T00:00:00+00:00
[2024-09-19T16:32:47.428+0000] {processor.py:179} INFO - Processing /home/vscode/.local/lib/python3.10/site-packages/airflow/example_dags/example_branch_datetime_operator.py took 0.096 seconds
[2024-09-19T16:33:32.152+0000] {processor.py:157} INFO - Started process (PID=19747) to work on /home/vscode/.local/lib/python3.10/site-packages/airflow/example_dags/example_branch_datetime_operator.py
[2024-09-19T16:33:32.152+0000] {processor.py:826} INFO - Processing file /home/vscode/.local/lib/python3.10/site-packages/airflow/example_dags/example_branch_datetime_operator.py for tasks to queue
[2024-09-19T16:33:32.153+0000] {logging_mixin.py:150} INFO - [2024-09-19T16:33:32.153+0000] {dagbag.py:541} INFO - Filling up the DagBag from /home/vscode/.local/lib/python3.10/site-packages/airflow/example_dags/example_branch_datetime_operator.py
[2024-09-19T16:33:32.160+0000] {processor.py:836} INFO - DAG(s) dict_keys(['example_branch_datetime_operator_3', 'example_branch_datetime_operator', 'example_branch_datetime_operator_2']) retrieved from /home/vscode/.local/lib/python3.10/site-packages/airflow/example_dags/example_branch_datetime_operator.py
[2024-09-19T16:33:32.176+0000] {logging_mixin.py:150} INFO - [2024-09-19T16:33:32.176+0000] {dag.py:2742} INFO - Sync 3 DAGs
[2024-09-19T16:33:32.191+0000] {logging_mixin.py:150} INFO - [2024-09-19T16:33:32.191+0000] {dag.py:3504} INFO - Setting next_dagrun for example_branch_datetime_operator to 2024-09-18T00:00:00+00:00, run_after=2024-09-19T00:00:00+00:00
[2024-09-19T16:33:32.194+0000] {logging_mixin.py:150} INFO - [2024-09-19T16:33:32.194+0000] {dag.py:3504} INFO - Setting next_dagrun for example_branch_datetime_operator_2 to 2024-09-18T00:00:00+00:00, run_after=2024-09-19T00:00:00+00:00
[2024-09-19T16:33:32.196+0000] {logging_mixin.py:150} INFO - [2024-09-19T16:33:32.196+0000] {dag.py:3504} INFO - Setting next_dagrun for example_branch_datetime_operator_3 to 2024-09-18T00:00:00+00:00, run_after=2024-09-19T00:00:00+00:00
[2024-09-19T16:33:32.231+0000] {processor.py:179} INFO - Processing /home/vscode/.local/lib/python3.10/site-packages/airflow/example_dags/example_branch_datetime_operator.py took 0.081 seconds
[2024-09-19T16:34:22.184+0000] {processor.py:157} INFO - Started process (PID=20208) to work on /home/vscode/.local/lib/python3.10/site-packages/airflow/example_dags/example_branch_datetime_operator.py
[2024-09-19T16:34:22.185+0000] {processor.py:826} INFO - Processing file /home/vscode/.local/lib/python3.10/site-packages/airflow/example_dags/example_branch_datetime_operator.py for tasks to queue
[2024-09-19T16:34:22.186+0000] {logging_mixin.py:150} INFO - [2024-09-19T16:34:22.185+0000] {dagbag.py:541} INFO - Filling up the DagBag from /home/vscode/.local/lib/python3.10/site-packages/airflow/example_dags/example_branch_datetime_operator.py
[2024-09-19T16:34:22.193+0000] {processor.py:836} INFO - DAG(s) dict_keys(['example_branch_datetime_operator_2', 'example_branch_datetime_operator_3', 'example_branch_datetime_operator']) retrieved from /home/vscode/.local/lib/python3.10/site-packages/airflow/example_dags/example_branch_datetime_operator.py
[2024-09-19T16:34:22.209+0000] {logging_mixin.py:150} INFO - [2024-09-19T16:34:22.209+0000] {dag.py:2742} INFO - Sync 3 DAGs
[2024-09-19T16:34:22.225+0000] {logging_mixin.py:150} INFO - [2024-09-19T16:34:22.225+0000] {dag.py:3504} INFO - Setting next_dagrun for example_branch_datetime_operator to 2024-09-18T00:00:00+00:00, run_after=2024-09-19T00:00:00+00:00
[2024-09-19T16:34:22.229+0000] {logging_mixin.py:150} INFO - [2024-09-19T16:34:22.228+0000] {dag.py:3504} INFO - Setting next_dagrun for example_branch_datetime_operator_2 to 2024-09-18T00:00:00+00:00, run_after=2024-09-19T00:00:00+00:00
[2024-09-19T16:34:22.230+0000] {logging_mixin.py:150} INFO - [2024-09-19T16:34:22.230+0000] {dag.py:3504} INFO - Setting next_dagrun for example_branch_datetime_operator_3 to 2024-09-18T00:00:00+00:00, run_after=2024-09-19T00:00:00+00:00
[2024-09-19T16:34:22.398+0000] {processor.py:179} INFO - Processing /home/vscode/.local/lib/python3.10/site-packages/airflow/example_dags/example_branch_datetime_operator.py took 0.215 seconds
