[2024-09-19T16:26:00.985+0000] {processor.py:157} INFO - Started process (PID=16249) to work on /home/vscode/.local/lib/python3.10/site-packages/airflow/example_dags/example_external_task_marker_dag.py
[2024-09-19T16:26:00.985+0000] {processor.py:826} INFO - Processing file /home/vscode/.local/lib/python3.10/site-packages/airflow/example_dags/example_external_task_marker_dag.py for tasks to queue
[2024-09-19T16:26:00.986+0000] {logging_mixin.py:150} INFO - [2024-09-19T16:26:00.986+0000] {dagbag.py:541} INFO - Filling up the DagBag from /home/vscode/.local/lib/python3.10/site-packages/airflow/example_dags/example_external_task_marker_dag.py
[2024-09-19T16:26:00.990+0000] {processor.py:836} INFO - DAG(s) dict_keys(['example_external_task_marker_child', 'example_external_task_marker_parent']) retrieved from /home/vscode/.local/lib/python3.10/site-packages/airflow/example_dags/example_external_task_marker_dag.py
[2024-09-19T16:26:01.200+0000] {logging_mixin.py:150} INFO - [2024-09-19T16:26:01.200+0000] {manager.py:504} INFO - Created Permission View: can edit on DAG:example_external_task_marker_child
[2024-09-19T16:26:01.230+0000] {logging_mixin.py:150} INFO - [2024-09-19T16:26:01.230+0000] {manager.py:504} INFO - Created Permission View: can delete on DAG:example_external_task_marker_child
[2024-09-19T16:26:01.260+0000] {logging_mixin.py:150} INFO - [2024-09-19T16:26:01.260+0000] {manager.py:504} INFO - Created Permission View: can read on DAG:example_external_task_marker_child
[2024-09-19T16:26:01.331+0000] {logging_mixin.py:150} INFO - [2024-09-19T16:26:01.331+0000] {manager.py:504} INFO - Created Permission View: can edit on DAG:example_external_task_marker_parent
[2024-09-19T16:26:01.354+0000] {logging_mixin.py:150} INFO - [2024-09-19T16:26:01.354+0000] {manager.py:504} INFO - Created Permission View: can delete on DAG:example_external_task_marker_parent
[2024-09-19T16:26:01.379+0000] {logging_mixin.py:150} INFO - [2024-09-19T16:26:01.379+0000] {manager.py:504} INFO - Created Permission View: can read on DAG:example_external_task_marker_parent
[2024-09-19T16:26:01.385+0000] {logging_mixin.py:150} INFO - [2024-09-19T16:26:01.384+0000] {dag.py:2742} INFO - Sync 2 DAGs
[2024-09-19T16:26:01.393+0000] {logging_mixin.py:150} INFO - [2024-09-19T16:26:01.393+0000] {dag.py:2763} INFO - Creating ORM DAG for example_external_task_marker_child
[2024-09-19T16:26:01.394+0000] {logging_mixin.py:150} INFO - [2024-09-19T16:26:01.394+0000] {dag.py:2763} INFO - Creating ORM DAG for example_external_task_marker_parent
[2024-09-19T16:26:01.402+0000] {logging_mixin.py:150} INFO - [2024-09-19T16:26:01.402+0000] {dag.py:3504} INFO - Setting next_dagrun for example_external_task_marker_child to None, run_after=None
[2024-09-19T16:26:01.403+0000] {logging_mixin.py:150} INFO - [2024-09-19T16:26:01.403+0000] {dag.py:3504} INFO - Setting next_dagrun for example_external_task_marker_parent to None, run_after=None
[2024-09-19T16:26:01.445+0000] {processor.py:179} INFO - Processing /home/vscode/.local/lib/python3.10/site-packages/airflow/example_dags/example_external_task_marker_dag.py took 0.463 seconds
[2024-09-19T16:26:50.734+0000] {processor.py:157} INFO - Started process (PID=16580) to work on /home/vscode/.local/lib/python3.10/site-packages/airflow/example_dags/example_external_task_marker_dag.py
[2024-09-19T16:26:50.735+0000] {processor.py:826} INFO - Processing file /home/vscode/.local/lib/python3.10/site-packages/airflow/example_dags/example_external_task_marker_dag.py for tasks to queue
[2024-09-19T16:26:50.735+0000] {logging_mixin.py:150} INFO - [2024-09-19T16:26:50.735+0000] {dagbag.py:541} INFO - Filling up the DagBag from /home/vscode/.local/lib/python3.10/site-packages/airflow/example_dags/example_external_task_marker_dag.py
[2024-09-19T16:26:50.740+0000] {processor.py:836} INFO - DAG(s) dict_keys(['example_external_task_marker_parent', 'example_external_task_marker_child']) retrieved from /home/vscode/.local/lib/python3.10/site-packages/airflow/example_dags/example_external_task_marker_dag.py
[2024-09-19T16:26:50.754+0000] {logging_mixin.py:150} INFO - [2024-09-19T16:26:50.754+0000] {dag.py:2742} INFO - Sync 2 DAGs
[2024-09-19T16:26:50.768+0000] {logging_mixin.py:150} INFO - [2024-09-19T16:26:50.768+0000] {dag.py:3504} INFO - Setting next_dagrun for example_external_task_marker_child to None, run_after=None
[2024-09-19T16:26:50.770+0000] {logging_mixin.py:150} INFO - [2024-09-19T16:26:50.770+0000] {dag.py:3504} INFO - Setting next_dagrun for example_external_task_marker_parent to None, run_after=None
[2024-09-19T16:26:50.805+0000] {processor.py:179} INFO - Processing /home/vscode/.local/lib/python3.10/site-packages/airflow/example_dags/example_external_task_marker_dag.py took 0.073 seconds
[2024-09-19T16:27:41.184+0000] {processor.py:157} INFO - Started process (PID=16928) to work on /home/vscode/.local/lib/python3.10/site-packages/airflow/example_dags/example_external_task_marker_dag.py
[2024-09-19T16:27:41.185+0000] {processor.py:826} INFO - Processing file /home/vscode/.local/lib/python3.10/site-packages/airflow/example_dags/example_external_task_marker_dag.py for tasks to queue
[2024-09-19T16:27:41.186+0000] {logging_mixin.py:150} INFO - [2024-09-19T16:27:41.185+0000] {dagbag.py:541} INFO - Filling up the DagBag from /home/vscode/.local/lib/python3.10/site-packages/airflow/example_dags/example_external_task_marker_dag.py
[2024-09-19T16:27:41.190+0000] {processor.py:836} INFO - DAG(s) dict_keys(['example_external_task_marker_child', 'example_external_task_marker_parent']) retrieved from /home/vscode/.local/lib/python3.10/site-packages/airflow/example_dags/example_external_task_marker_dag.py
[2024-09-19T16:27:41.203+0000] {logging_mixin.py:150} INFO - [2024-09-19T16:27:41.203+0000] {dag.py:2742} INFO - Sync 2 DAGs
[2024-09-19T16:27:41.217+0000] {logging_mixin.py:150} INFO - [2024-09-19T16:27:41.216+0000] {dag.py:3504} INFO - Setting next_dagrun for example_external_task_marker_child to None, run_after=None
[2024-09-19T16:27:41.219+0000] {logging_mixin.py:150} INFO - [2024-09-19T16:27:41.218+0000] {dag.py:3504} INFO - Setting next_dagrun for example_external_task_marker_parent to None, run_after=None
[2024-09-19T16:27:41.262+0000] {processor.py:179} INFO - Processing /home/vscode/.local/lib/python3.10/site-packages/airflow/example_dags/example_external_task_marker_dag.py took 0.080 seconds
[2024-09-19T16:28:26.403+0000] {processor.py:157} INFO - Started process (PID=17252) to work on /home/vscode/.local/lib/python3.10/site-packages/airflow/example_dags/example_external_task_marker_dag.py
[2024-09-19T16:28:26.404+0000] {processor.py:826} INFO - Processing file /home/vscode/.local/lib/python3.10/site-packages/airflow/example_dags/example_external_task_marker_dag.py for tasks to queue
[2024-09-19T16:28:26.408+0000] {logging_mixin.py:150} INFO - [2024-09-19T16:28:26.405+0000] {dagbag.py:541} INFO - Filling up the DagBag from /home/vscode/.local/lib/python3.10/site-packages/airflow/example_dags/example_external_task_marker_dag.py
[2024-09-19T16:28:26.415+0000] {processor.py:836} INFO - DAG(s) dict_keys(['example_external_task_marker_parent', 'example_external_task_marker_child']) retrieved from /home/vscode/.local/lib/python3.10/site-packages/airflow/example_dags/example_external_task_marker_dag.py
[2024-09-19T16:28:26.432+0000] {logging_mixin.py:150} INFO - [2024-09-19T16:28:26.432+0000] {dag.py:2742} INFO - Sync 2 DAGs
[2024-09-19T16:28:26.447+0000] {logging_mixin.py:150} INFO - [2024-09-19T16:28:26.447+0000] {dag.py:3504} INFO - Setting next_dagrun for example_external_task_marker_child to None, run_after=None
[2024-09-19T16:28:26.449+0000] {logging_mixin.py:150} INFO - [2024-09-19T16:28:26.449+0000] {dag.py:3504} INFO - Setting next_dagrun for example_external_task_marker_parent to None, run_after=None
[2024-09-19T16:28:26.482+0000] {processor.py:179} INFO - Processing /home/vscode/.local/lib/python3.10/site-packages/airflow/example_dags/example_external_task_marker_dag.py took 0.082 seconds
[2024-09-19T16:29:12.235+0000] {processor.py:157} INFO - Started process (PID=17585) to work on /home/vscode/.local/lib/python3.10/site-packages/airflow/example_dags/example_external_task_marker_dag.py
[2024-09-19T16:29:12.236+0000] {processor.py:826} INFO - Processing file /home/vscode/.local/lib/python3.10/site-packages/airflow/example_dags/example_external_task_marker_dag.py for tasks to queue
[2024-09-19T16:29:12.236+0000] {logging_mixin.py:150} INFO - [2024-09-19T16:29:12.236+0000] {dagbag.py:541} INFO - Filling up the DagBag from /home/vscode/.local/lib/python3.10/site-packages/airflow/example_dags/example_external_task_marker_dag.py
[2024-09-19T16:29:12.241+0000] {processor.py:836} INFO - DAG(s) dict_keys(['example_external_task_marker_parent', 'example_external_task_marker_child']) retrieved from /home/vscode/.local/lib/python3.10/site-packages/airflow/example_dags/example_external_task_marker_dag.py
[2024-09-19T16:29:12.258+0000] {logging_mixin.py:150} INFO - [2024-09-19T16:29:12.258+0000] {dag.py:2742} INFO - Sync 2 DAGs
[2024-09-19T16:29:12.272+0000] {logging_mixin.py:150} INFO - [2024-09-19T16:29:12.272+0000] {dag.py:3504} INFO - Setting next_dagrun for example_external_task_marker_child to None, run_after=None
[2024-09-19T16:29:12.275+0000] {logging_mixin.py:150} INFO - [2024-09-19T16:29:12.274+0000] {dag.py:3504} INFO - Setting next_dagrun for example_external_task_marker_parent to None, run_after=None
[2024-09-19T16:29:12.318+0000] {processor.py:179} INFO - Processing /home/vscode/.local/lib/python3.10/site-packages/airflow/example_dags/example_external_task_marker_dag.py took 0.085 seconds
[2024-09-19T16:30:00.557+0000] {processor.py:157} INFO - Started process (PID=18037) to work on /home/vscode/.local/lib/python3.10/site-packages/airflow/example_dags/example_external_task_marker_dag.py
[2024-09-19T16:30:00.558+0000] {processor.py:826} INFO - Processing file /home/vscode/.local/lib/python3.10/site-packages/airflow/example_dags/example_external_task_marker_dag.py for tasks to queue
[2024-09-19T16:30:00.558+0000] {logging_mixin.py:150} INFO - [2024-09-19T16:30:00.558+0000] {dagbag.py:541} INFO - Filling up the DagBag from /home/vscode/.local/lib/python3.10/site-packages/airflow/example_dags/example_external_task_marker_dag.py
[2024-09-19T16:30:00.563+0000] {processor.py:836} INFO - DAG(s) dict_keys(['example_external_task_marker_child', 'example_external_task_marker_parent']) retrieved from /home/vscode/.local/lib/python3.10/site-packages/airflow/example_dags/example_external_task_marker_dag.py
[2024-09-19T16:30:00.578+0000] {logging_mixin.py:150} INFO - [2024-09-19T16:30:00.578+0000] {dag.py:2742} INFO - Sync 2 DAGs
[2024-09-19T16:30:00.593+0000] {logging_mixin.py:150} INFO - [2024-09-19T16:30:00.593+0000] {dag.py:3504} INFO - Setting next_dagrun for example_external_task_marker_child to None, run_after=None
[2024-09-19T16:30:00.595+0000] {logging_mixin.py:150} INFO - [2024-09-19T16:30:00.595+0000] {dag.py:3504} INFO - Setting next_dagrun for example_external_task_marker_parent to None, run_after=None
[2024-09-19T16:30:00.646+0000] {processor.py:179} INFO - Processing /home/vscode/.local/lib/python3.10/site-packages/airflow/example_dags/example_external_task_marker_dag.py took 0.091 seconds
[2024-09-19T16:30:45.429+0000] {processor.py:157} INFO - Started process (PID=18356) to work on /home/vscode/.local/lib/python3.10/site-packages/airflow/example_dags/example_external_task_marker_dag.py
[2024-09-19T16:30:45.430+0000] {processor.py:826} INFO - Processing file /home/vscode/.local/lib/python3.10/site-packages/airflow/example_dags/example_external_task_marker_dag.py for tasks to queue
[2024-09-19T16:30:45.430+0000] {logging_mixin.py:150} INFO - [2024-09-19T16:30:45.430+0000] {dagbag.py:541} INFO - Filling up the DagBag from /home/vscode/.local/lib/python3.10/site-packages/airflow/example_dags/example_external_task_marker_dag.py
[2024-09-19T16:30:45.435+0000] {processor.py:836} INFO - DAG(s) dict_keys(['example_external_task_marker_parent', 'example_external_task_marker_child']) retrieved from /home/vscode/.local/lib/python3.10/site-packages/airflow/example_dags/example_external_task_marker_dag.py
[2024-09-19T16:30:45.449+0000] {logging_mixin.py:150} INFO - [2024-09-19T16:30:45.448+0000] {dag.py:2742} INFO - Sync 2 DAGs
[2024-09-19T16:30:45.462+0000] {logging_mixin.py:150} INFO - [2024-09-19T16:30:45.462+0000] {dag.py:3504} INFO - Setting next_dagrun for example_external_task_marker_child to None, run_after=None
[2024-09-19T16:30:45.464+0000] {logging_mixin.py:150} INFO - [2024-09-19T16:30:45.464+0000] {dag.py:3504} INFO - Setting next_dagrun for example_external_task_marker_parent to None, run_after=None
[2024-09-19T16:30:45.499+0000] {processor.py:179} INFO - Processing /home/vscode/.local/lib/python3.10/site-packages/airflow/example_dags/example_external_task_marker_dag.py took 0.072 seconds
[2024-09-19T16:31:32.891+0000] {processor.py:157} INFO - Started process (PID=18696) to work on /home/vscode/.local/lib/python3.10/site-packages/airflow/example_dags/example_external_task_marker_dag.py
[2024-09-19T16:31:32.892+0000] {processor.py:826} INFO - Processing file /home/vscode/.local/lib/python3.10/site-packages/airflow/example_dags/example_external_task_marker_dag.py for tasks to queue
[2024-09-19T16:31:32.893+0000] {logging_mixin.py:150} INFO - [2024-09-19T16:31:32.892+0000] {dagbag.py:541} INFO - Filling up the DagBag from /home/vscode/.local/lib/python3.10/site-packages/airflow/example_dags/example_external_task_marker_dag.py
[2024-09-19T16:31:32.897+0000] {processor.py:836} INFO - DAG(s) dict_keys(['example_external_task_marker_parent', 'example_external_task_marker_child']) retrieved from /home/vscode/.local/lib/python3.10/site-packages/airflow/example_dags/example_external_task_marker_dag.py
[2024-09-19T16:31:32.910+0000] {logging_mixin.py:150} INFO - [2024-09-19T16:31:32.910+0000] {dag.py:2742} INFO - Sync 2 DAGs
[2024-09-19T16:31:32.924+0000] {logging_mixin.py:150} INFO - [2024-09-19T16:31:32.924+0000] {dag.py:3504} INFO - Setting next_dagrun for example_external_task_marker_child to None, run_after=None
[2024-09-19T16:31:32.926+0000] {logging_mixin.py:150} INFO - [2024-09-19T16:31:32.926+0000] {dag.py:3504} INFO - Setting next_dagrun for example_external_task_marker_parent to None, run_after=None
[2024-09-19T16:31:32.957+0000] {processor.py:179} INFO - Processing /home/vscode/.local/lib/python3.10/site-packages/airflow/example_dags/example_external_task_marker_dag.py took 0.068 seconds
[2024-09-19T16:32:17.505+0000] {processor.py:157} INFO - Started process (PID=18998) to work on /home/vscode/.local/lib/python3.10/site-packages/airflow/example_dags/example_external_task_marker_dag.py
[2024-09-19T16:32:17.506+0000] {processor.py:826} INFO - Processing file /home/vscode/.local/lib/python3.10/site-packages/airflow/example_dags/example_external_task_marker_dag.py for tasks to queue
[2024-09-19T16:32:17.507+0000] {logging_mixin.py:150} INFO - [2024-09-19T16:32:17.506+0000] {dagbag.py:541} INFO - Filling up the DagBag from /home/vscode/.local/lib/python3.10/site-packages/airflow/example_dags/example_external_task_marker_dag.py
[2024-09-19T16:32:17.511+0000] {processor.py:836} INFO - DAG(s) dict_keys(['example_external_task_marker_child', 'example_external_task_marker_parent']) retrieved from /home/vscode/.local/lib/python3.10/site-packages/airflow/example_dags/example_external_task_marker_dag.py
[2024-09-19T16:32:17.525+0000] {logging_mixin.py:150} INFO - [2024-09-19T16:32:17.525+0000] {dag.py:2742} INFO - Sync 2 DAGs
[2024-09-19T16:32:17.541+0000] {logging_mixin.py:150} INFO - [2024-09-19T16:32:17.540+0000] {dag.py:3504} INFO - Setting next_dagrun for example_external_task_marker_child to None, run_after=None
[2024-09-19T16:32:17.543+0000] {logging_mixin.py:150} INFO - [2024-09-19T16:32:17.543+0000] {dag.py:3504} INFO - Setting next_dagrun for example_external_task_marker_parent to None, run_after=None
[2024-09-19T16:32:17.582+0000] {processor.py:179} INFO - Processing /home/vscode/.local/lib/python3.10/site-packages/airflow/example_dags/example_external_task_marker_dag.py took 0.078 seconds
[2024-09-19T16:33:01.834+0000] {processor.py:157} INFO - Started process (PID=19519) to work on /home/vscode/.local/lib/python3.10/site-packages/airflow/example_dags/example_external_task_marker_dag.py
[2024-09-19T16:33:01.835+0000] {processor.py:826} INFO - Processing file /home/vscode/.local/lib/python3.10/site-packages/airflow/example_dags/example_external_task_marker_dag.py for tasks to queue
[2024-09-19T16:33:01.835+0000] {logging_mixin.py:150} INFO - [2024-09-19T16:33:01.835+0000] {dagbag.py:541} INFO - Filling up the DagBag from /home/vscode/.local/lib/python3.10/site-packages/airflow/example_dags/example_external_task_marker_dag.py
[2024-09-19T16:33:01.839+0000] {processor.py:836} INFO - DAG(s) dict_keys(['example_external_task_marker_parent', 'example_external_task_marker_child']) retrieved from /home/vscode/.local/lib/python3.10/site-packages/airflow/example_dags/example_external_task_marker_dag.py
[2024-09-19T16:33:01.855+0000] {logging_mixin.py:150} INFO - [2024-09-19T16:33:01.855+0000] {dag.py:2742} INFO - Sync 2 DAGs
[2024-09-19T16:33:01.870+0000] {logging_mixin.py:150} INFO - [2024-09-19T16:33:01.870+0000] {dag.py:3504} INFO - Setting next_dagrun for example_external_task_marker_child to None, run_after=None
[2024-09-19T16:33:01.872+0000] {logging_mixin.py:150} INFO - [2024-09-19T16:33:01.872+0000] {dag.py:3504} INFO - Setting next_dagrun for example_external_task_marker_parent to None, run_after=None
[2024-09-19T16:33:01.909+0000] {processor.py:179} INFO - Processing /home/vscode/.local/lib/python3.10/site-packages/airflow/example_dags/example_external_task_marker_dag.py took 0.077 seconds
[2024-09-19T16:33:46.152+0000] {processor.py:157} INFO - Started process (PID=19860) to work on /home/vscode/.local/lib/python3.10/site-packages/airflow/example_dags/example_external_task_marker_dag.py
[2024-09-19T16:33:46.153+0000] {processor.py:826} INFO - Processing file /home/vscode/.local/lib/python3.10/site-packages/airflow/example_dags/example_external_task_marker_dag.py for tasks to queue
[2024-09-19T16:33:46.153+0000] {logging_mixin.py:150} INFO - [2024-09-19T16:33:46.153+0000] {dagbag.py:541} INFO - Filling up the DagBag from /home/vscode/.local/lib/python3.10/site-packages/airflow/example_dags/example_external_task_marker_dag.py
[2024-09-19T16:33:46.158+0000] {processor.py:836} INFO - DAG(s) dict_keys(['example_external_task_marker_parent', 'example_external_task_marker_child']) retrieved from /home/vscode/.local/lib/python3.10/site-packages/airflow/example_dags/example_external_task_marker_dag.py
[2024-09-19T16:33:46.171+0000] {logging_mixin.py:150} INFO - [2024-09-19T16:33:46.171+0000] {dag.py:2742} INFO - Sync 2 DAGs
[2024-09-19T16:33:46.186+0000] {logging_mixin.py:150} INFO - [2024-09-19T16:33:46.186+0000] {dag.py:3504} INFO - Setting next_dagrun for example_external_task_marker_child to None, run_after=None
[2024-09-19T16:33:46.188+0000] {logging_mixin.py:150} INFO - [2024-09-19T16:33:46.188+0000] {dag.py:3504} INFO - Setting next_dagrun for example_external_task_marker_parent to None, run_after=None
[2024-09-19T16:33:46.257+0000] {processor.py:179} INFO - Processing /home/vscode/.local/lib/python3.10/site-packages/airflow/example_dags/example_external_task_marker_dag.py took 0.107 seconds
