[2024-09-19T16:25:56.139+0000] {processor.py:186} INFO - Started process (PID=11980) to work on /home/vscode/.local/lib/python3.10/site-packages/airflow/example_dags/example_dynamic_task_mapping_with_no_taskflow_operators.py
[2024-09-19T16:25:56.140+0000] {processor.py:914} INFO - Processing file /home/vscode/.local/lib/python3.10/site-packages/airflow/example_dags/example_dynamic_task_mapping_with_no_taskflow_operators.py for tasks to queue
[2024-09-19T16:25:56.142+0000] {logging_mixin.py:190} INFO - [2024-09-19T16:25:56.142+0000] {dagbag.py:587} INFO - Filling up the DagBag from /home/vscode/.local/lib/python3.10/site-packages/airflow/example_dags/example_dynamic_task_mapping_with_no_taskflow_operators.py
[2024-09-19T16:25:56.148+0000] {processor.py:925} INFO - DAG(s) 'example_dynamic_task_mapping_with_no_taskflow_operators' retrieved from /home/vscode/.local/lib/python3.10/site-packages/airflow/example_dags/example_dynamic_task_mapping_with_no_taskflow_operators.py
[2024-09-19T16:25:56.283+0000] {logging_mixin.py:190} INFO - [2024-09-19T16:25:56.282+0000] {override.py:1900} INFO - Created Permission View: can edit on DAG:example_dynamic_task_mapping_with_no_taskflow_operators
[2024-09-19T16:25:56.346+0000] {logging_mixin.py:190} INFO - [2024-09-19T16:25:56.345+0000] {override.py:1900} INFO - Created Permission View: can read on DAG:example_dynamic_task_mapping_with_no_taskflow_operators
[2024-09-19T16:25:56.372+0000] {logging_mixin.py:190} INFO - [2024-09-19T16:25:56.372+0000] {override.py:1900} INFO - Created Permission View: can delete on DAG:example_dynamic_task_mapping_with_no_taskflow_operators
[2024-09-19T16:25:56.418+0000] {logging_mixin.py:190} INFO - [2024-09-19T16:25:56.418+0000] {override.py:1900} INFO - Created Permission View: menu access on DAG Run:example_dynamic_task_mapping_with_no_taskflow_operators
[2024-09-19T16:25:56.442+0000] {logging_mixin.py:190} INFO - [2024-09-19T16:25:56.442+0000] {override.py:1900} INFO - Created Permission View: can read on DAG Run:example_dynamic_task_mapping_with_no_taskflow_operators
[2024-09-19T16:25:56.491+0000] {logging_mixin.py:190} INFO - [2024-09-19T16:25:56.490+0000] {override.py:1900} INFO - Created Permission View: can create on DAG Run:example_dynamic_task_mapping_with_no_taskflow_operators
[2024-09-19T16:25:56.519+0000] {logging_mixin.py:190} INFO - [2024-09-19T16:25:56.519+0000] {override.py:1900} INFO - Created Permission View: can delete on DAG Run:example_dynamic_task_mapping_with_no_taskflow_operators
[2024-09-19T16:25:56.519+0000] {logging_mixin.py:190} INFO - [2024-09-19T16:25:56.519+0000] {dag.py:3229} INFO - Sync 1 DAGs
[2024-09-19T16:25:56.531+0000] {logging_mixin.py:190} INFO - [2024-09-19T16:25:56.530+0000] {dag.py:3252} INFO - Creating ORM DAG for example_dynamic_task_mapping_with_no_taskflow_operators
[2024-09-19T16:25:56.531+0000] {logging_mixin.py:190} INFO - [2024-09-19T16:25:56.531+0000] {dag.py:4156} INFO - Setting next_dagrun for example_dynamic_task_mapping_with_no_taskflow_operators to None, run_after=None
[2024-09-19T16:25:56.568+0000] {processor.py:208} INFO - Processing /home/vscode/.local/lib/python3.10/site-packages/airflow/example_dags/example_dynamic_task_mapping_with_no_taskflow_operators.py took 0.433 seconds
[2024-09-19T16:27:05.774+0000] {processor.py:186} INFO - Started process (PID=12440) to work on /home/vscode/.local/lib/python3.10/site-packages/airflow/example_dags/example_dynamic_task_mapping_with_no_taskflow_operators.py
[2024-09-19T16:27:05.775+0000] {processor.py:914} INFO - Processing file /home/vscode/.local/lib/python3.10/site-packages/airflow/example_dags/example_dynamic_task_mapping_with_no_taskflow_operators.py for tasks to queue
[2024-09-19T16:27:05.776+0000] {logging_mixin.py:190} INFO - [2024-09-19T16:27:05.776+0000] {dagbag.py:587} INFO - Filling up the DagBag from /home/vscode/.local/lib/python3.10/site-packages/airflow/example_dags/example_dynamic_task_mapping_with_no_taskflow_operators.py
[2024-09-19T16:27:05.784+0000] {processor.py:925} INFO - DAG(s) 'example_dynamic_task_mapping_with_no_taskflow_operators' retrieved from /home/vscode/.local/lib/python3.10/site-packages/airflow/example_dags/example_dynamic_task_mapping_with_no_taskflow_operators.py
[2024-09-19T16:27:05.798+0000] {logging_mixin.py:190} INFO - [2024-09-19T16:27:05.797+0000] {dag.py:3229} INFO - Sync 1 DAGs
[2024-09-19T16:27:05.807+0000] {logging_mixin.py:190} INFO - [2024-09-19T16:27:05.807+0000] {dag.py:4156} INFO - Setting next_dagrun for example_dynamic_task_mapping_with_no_taskflow_operators to None, run_after=None
[2024-09-19T16:27:05.837+0000] {processor.py:208} INFO - Processing /home/vscode/.local/lib/python3.10/site-packages/airflow/example_dags/example_dynamic_task_mapping_with_no_taskflow_operators.py took 0.068 seconds
[2024-09-19T16:28:02.563+0000] {processor.py:186} INFO - Started process (PID=12850) to work on /home/vscode/.local/lib/python3.10/site-packages/airflow/example_dags/example_dynamic_task_mapping_with_no_taskflow_operators.py
[2024-09-19T16:28:02.564+0000] {processor.py:914} INFO - Processing file /home/vscode/.local/lib/python3.10/site-packages/airflow/example_dags/example_dynamic_task_mapping_with_no_taskflow_operators.py for tasks to queue
[2024-09-19T16:28:02.566+0000] {logging_mixin.py:190} INFO - [2024-09-19T16:28:02.565+0000] {dagbag.py:587} INFO - Filling up the DagBag from /home/vscode/.local/lib/python3.10/site-packages/airflow/example_dags/example_dynamic_task_mapping_with_no_taskflow_operators.py
[2024-09-19T16:28:02.572+0000] {processor.py:925} INFO - DAG(s) 'example_dynamic_task_mapping_with_no_taskflow_operators' retrieved from /home/vscode/.local/lib/python3.10/site-packages/airflow/example_dags/example_dynamic_task_mapping_with_no_taskflow_operators.py
[2024-09-19T16:28:02.584+0000] {logging_mixin.py:190} INFO - [2024-09-19T16:28:02.584+0000] {dag.py:3229} INFO - Sync 1 DAGs
[2024-09-19T16:28:02.594+0000] {logging_mixin.py:190} INFO - [2024-09-19T16:28:02.594+0000] {dag.py:4156} INFO - Setting next_dagrun for example_dynamic_task_mapping_with_no_taskflow_operators to None, run_after=None
[2024-09-19T16:28:02.632+0000] {processor.py:208} INFO - Processing /home/vscode/.local/lib/python3.10/site-packages/airflow/example_dags/example_dynamic_task_mapping_with_no_taskflow_operators.py took 0.074 seconds
[2024-09-19T16:28:57.935+0000] {processor.py:186} INFO - Started process (PID=13330) to work on /home/vscode/.local/lib/python3.10/site-packages/airflow/example_dags/example_dynamic_task_mapping_with_no_taskflow_operators.py
[2024-09-19T16:28:57.936+0000] {processor.py:914} INFO - Processing file /home/vscode/.local/lib/python3.10/site-packages/airflow/example_dags/example_dynamic_task_mapping_with_no_taskflow_operators.py for tasks to queue
[2024-09-19T16:28:57.938+0000] {logging_mixin.py:190} INFO - [2024-09-19T16:28:57.937+0000] {dagbag.py:587} INFO - Filling up the DagBag from /home/vscode/.local/lib/python3.10/site-packages/airflow/example_dags/example_dynamic_task_mapping_with_no_taskflow_operators.py
[2024-09-19T16:28:57.944+0000] {processor.py:925} INFO - DAG(s) 'example_dynamic_task_mapping_with_no_taskflow_operators' retrieved from /home/vscode/.local/lib/python3.10/site-packages/airflow/example_dags/example_dynamic_task_mapping_with_no_taskflow_operators.py
[2024-09-19T16:28:57.956+0000] {logging_mixin.py:190} INFO - [2024-09-19T16:28:57.956+0000] {dag.py:3229} INFO - Sync 1 DAGs
[2024-09-19T16:28:57.967+0000] {logging_mixin.py:190} INFO - [2024-09-19T16:28:57.966+0000] {dag.py:4156} INFO - Setting next_dagrun for example_dynamic_task_mapping_with_no_taskflow_operators to None, run_after=None
[2024-09-19T16:28:58.001+0000] {processor.py:208} INFO - Processing /home/vscode/.local/lib/python3.10/site-packages/airflow/example_dags/example_dynamic_task_mapping_with_no_taskflow_operators.py took 0.071 seconds
[2024-09-19T16:30:11.681+0000] {processor.py:186} INFO - Started process (PID=13907) to work on /home/vscode/.local/lib/python3.10/site-packages/airflow/example_dags/example_dynamic_task_mapping_with_no_taskflow_operators.py
[2024-09-19T16:30:11.682+0000] {processor.py:914} INFO - Processing file /home/vscode/.local/lib/python3.10/site-packages/airflow/example_dags/example_dynamic_task_mapping_with_no_taskflow_operators.py for tasks to queue
[2024-09-19T16:30:11.684+0000] {logging_mixin.py:190} INFO - [2024-09-19T16:30:11.683+0000] {dagbag.py:587} INFO - Filling up the DagBag from /home/vscode/.local/lib/python3.10/site-packages/airflow/example_dags/example_dynamic_task_mapping_with_no_taskflow_operators.py
[2024-09-19T16:30:11.690+0000] {processor.py:925} INFO - DAG(s) 'example_dynamic_task_mapping_with_no_taskflow_operators' retrieved from /home/vscode/.local/lib/python3.10/site-packages/airflow/example_dags/example_dynamic_task_mapping_with_no_taskflow_operators.py
[2024-09-19T16:30:11.703+0000] {logging_mixin.py:190} INFO - [2024-09-19T16:30:11.703+0000] {dag.py:3229} INFO - Sync 1 DAGs
[2024-09-19T16:30:11.713+0000] {logging_mixin.py:190} INFO - [2024-09-19T16:30:11.712+0000] {dag.py:4156} INFO - Setting next_dagrun for example_dynamic_task_mapping_with_no_taskflow_operators to None, run_after=None
[2024-09-19T16:30:11.755+0000] {processor.py:208} INFO - Processing /home/vscode/.local/lib/python3.10/site-packages/airflow/example_dags/example_dynamic_task_mapping_with_no_taskflow_operators.py took 0.078 seconds
[2024-09-19T16:31:28.423+0000] {processor.py:186} INFO - Started process (PID=14514) to work on /home/vscode/.local/lib/python3.10/site-packages/airflow/example_dags/example_dynamic_task_mapping_with_no_taskflow_operators.py
[2024-09-19T16:31:28.423+0000] {processor.py:914} INFO - Processing file /home/vscode/.local/lib/python3.10/site-packages/airflow/example_dags/example_dynamic_task_mapping_with_no_taskflow_operators.py for tasks to queue
[2024-09-19T16:31:28.425+0000] {logging_mixin.py:190} INFO - [2024-09-19T16:31:28.425+0000] {dagbag.py:587} INFO - Filling up the DagBag from /home/vscode/.local/lib/python3.10/site-packages/airflow/example_dags/example_dynamic_task_mapping_with_no_taskflow_operators.py
[2024-09-19T16:31:28.431+0000] {processor.py:925} INFO - DAG(s) 'example_dynamic_task_mapping_with_no_taskflow_operators' retrieved from /home/vscode/.local/lib/python3.10/site-packages/airflow/example_dags/example_dynamic_task_mapping_with_no_taskflow_operators.py
[2024-09-19T16:31:28.446+0000] {logging_mixin.py:190} INFO - [2024-09-19T16:31:28.445+0000] {dag.py:3229} INFO - Sync 1 DAGs
[2024-09-19T16:31:28.456+0000] {logging_mixin.py:190} INFO - [2024-09-19T16:31:28.456+0000] {dag.py:4156} INFO - Setting next_dagrun for example_dynamic_task_mapping_with_no_taskflow_operators to None, run_after=None
[2024-09-19T16:31:28.488+0000] {processor.py:208} INFO - Processing /home/vscode/.local/lib/python3.10/site-packages/airflow/example_dags/example_dynamic_task_mapping_with_no_taskflow_operators.py took 0.071 seconds
[2024-09-19T16:32:50.265+0000] {processor.py:186} INFO - Started process (PID=15298) to work on /home/vscode/.local/lib/python3.10/site-packages/airflow/example_dags/example_dynamic_task_mapping_with_no_taskflow_operators.py
[2024-09-19T16:32:50.266+0000] {processor.py:914} INFO - Processing file /home/vscode/.local/lib/python3.10/site-packages/airflow/example_dags/example_dynamic_task_mapping_with_no_taskflow_operators.py for tasks to queue
[2024-09-19T16:32:50.267+0000] {logging_mixin.py:190} INFO - [2024-09-19T16:32:50.267+0000] {dagbag.py:587} INFO - Filling up the DagBag from /home/vscode/.local/lib/python3.10/site-packages/airflow/example_dags/example_dynamic_task_mapping_with_no_taskflow_operators.py
[2024-09-19T16:32:50.273+0000] {processor.py:925} INFO - DAG(s) 'example_dynamic_task_mapping_with_no_taskflow_operators' retrieved from /home/vscode/.local/lib/python3.10/site-packages/airflow/example_dags/example_dynamic_task_mapping_with_no_taskflow_operators.py
[2024-09-19T16:32:50.285+0000] {logging_mixin.py:190} INFO - [2024-09-19T16:32:50.285+0000] {dag.py:3229} INFO - Sync 1 DAGs
[2024-09-19T16:32:50.295+0000] {logging_mixin.py:190} INFO - [2024-09-19T16:32:50.295+0000] {dag.py:4156} INFO - Setting next_dagrun for example_dynamic_task_mapping_with_no_taskflow_operators to None, run_after=None
[2024-09-19T16:32:50.348+0000] {processor.py:208} INFO - Processing /home/vscode/.local/lib/python3.10/site-packages/airflow/example_dags/example_dynamic_task_mapping_with_no_taskflow_operators.py took 0.088 seconds
[2024-09-19T16:34:04.837+0000] {processor.py:186} INFO - Started process (PID=15799) to work on /home/vscode/.local/lib/python3.10/site-packages/airflow/example_dags/example_dynamic_task_mapping_with_no_taskflow_operators.py
[2024-09-19T16:34:04.838+0000] {processor.py:914} INFO - Processing file /home/vscode/.local/lib/python3.10/site-packages/airflow/example_dags/example_dynamic_task_mapping_with_no_taskflow_operators.py for tasks to queue
[2024-09-19T16:34:04.839+0000] {logging_mixin.py:190} INFO - [2024-09-19T16:34:04.839+0000] {dagbag.py:587} INFO - Filling up the DagBag from /home/vscode/.local/lib/python3.10/site-packages/airflow/example_dags/example_dynamic_task_mapping_with_no_taskflow_operators.py
[2024-09-19T16:34:04.846+0000] {processor.py:925} INFO - DAG(s) 'example_dynamic_task_mapping_with_no_taskflow_operators' retrieved from /home/vscode/.local/lib/python3.10/site-packages/airflow/example_dags/example_dynamic_task_mapping_with_no_taskflow_operators.py
[2024-09-19T16:34:04.857+0000] {logging_mixin.py:190} INFO - [2024-09-19T16:34:04.857+0000] {dag.py:3229} INFO - Sync 1 DAGs
[2024-09-19T16:34:04.867+0000] {logging_mixin.py:190} INFO - [2024-09-19T16:34:04.867+0000] {dag.py:4156} INFO - Setting next_dagrun for example_dynamic_task_mapping_with_no_taskflow_operators to None, run_after=None
[2024-09-19T16:34:04.907+0000] {processor.py:208} INFO - Processing /home/vscode/.local/lib/python3.10/site-packages/airflow/example_dags/example_dynamic_task_mapping_with_no_taskflow_operators.py took 0.075 seconds
[2024-09-19T16:35:16.270+0000] {processor.py:186} INFO - Started process (PID=16308) to work on /home/vscode/.local/lib/python3.10/site-packages/airflow/example_dags/example_dynamic_task_mapping_with_no_taskflow_operators.py
[2024-09-19T16:35:16.271+0000] {processor.py:914} INFO - Processing file /home/vscode/.local/lib/python3.10/site-packages/airflow/example_dags/example_dynamic_task_mapping_with_no_taskflow_operators.py for tasks to queue
[2024-09-19T16:35:16.272+0000] {logging_mixin.py:190} INFO - [2024-09-19T16:35:16.272+0000] {dagbag.py:587} INFO - Filling up the DagBag from /home/vscode/.local/lib/python3.10/site-packages/airflow/example_dags/example_dynamic_task_mapping_with_no_taskflow_operators.py
[2024-09-19T16:35:16.278+0000] {processor.py:925} INFO - DAG(s) 'example_dynamic_task_mapping_with_no_taskflow_operators' retrieved from /home/vscode/.local/lib/python3.10/site-packages/airflow/example_dags/example_dynamic_task_mapping_with_no_taskflow_operators.py
[2024-09-19T16:35:16.290+0000] {logging_mixin.py:190} INFO - [2024-09-19T16:35:16.290+0000] {dag.py:3229} INFO - Sync 1 DAGs
[2024-09-19T16:35:16.300+0000] {logging_mixin.py:190} INFO - [2024-09-19T16:35:16.300+0000] {dag.py:4156} INFO - Setting next_dagrun for example_dynamic_task_mapping_with_no_taskflow_operators to None, run_after=None
[2024-09-19T16:35:16.336+0000] {processor.py:208} INFO - Processing /home/vscode/.local/lib/python3.10/site-packages/airflow/example_dags/example_dynamic_task_mapping_with_no_taskflow_operators.py took 0.071 seconds
