[2024-09-19T16:26:17.679+0000] {processor.py:157} INFO - Started process (PID=16358) to work on /home/vscode/.local/lib/python3.10/site-packages/airflow/example_dags/example_datasets.py
[2024-09-19T16:26:17.680+0000] {processor.py:826} INFO - Processing file /home/vscode/.local/lib/python3.10/site-packages/airflow/example_dags/example_datasets.py for tasks to queue
[2024-09-19T16:26:17.680+0000] {logging_mixin.py:150} INFO - [2024-09-19T16:26:17.680+0000] {dagbag.py:541} INFO - Filling up the DagBag from /home/vscode/.local/lib/python3.10/site-packages/airflow/example_dags/example_datasets.py
[2024-09-19T16:26:17.690+0000] {processor.py:836} INFO - DAG(s) dict_keys(['dataset_consumes_unknown_never_scheduled', 'dataset_consumes_1_and_2', 'dataset_consumes_1_never_scheduled', 'dataset_consumes_1', 'dataset_produces_1', 'dataset_produces_2']) retrieved from /home/vscode/.local/lib/python3.10/site-packages/airflow/example_dags/example_datasets.py
[2024-09-19T16:26:18.087+0000] {logging_mixin.py:150} INFO - [2024-09-19T16:26:18.087+0000] {manager.py:504} INFO - Created Permission View: can edit on DAG:dataset_consumes_unknown_never_scheduled
[2024-09-19T16:26:18.118+0000] {logging_mixin.py:150} INFO - [2024-09-19T16:26:18.118+0000] {manager.py:504} INFO - Created Permission View: can delete on DAG:dataset_consumes_unknown_never_scheduled
[2024-09-19T16:26:18.155+0000] {logging_mixin.py:150} INFO - [2024-09-19T16:26:18.155+0000] {manager.py:504} INFO - Created Permission View: can read on DAG:dataset_consumes_unknown_never_scheduled
[2024-09-19T16:26:18.225+0000] {logging_mixin.py:150} INFO - [2024-09-19T16:26:18.225+0000] {manager.py:504} INFO - Created Permission View: can edit on DAG:dataset_consumes_1_and_2
[2024-09-19T16:26:18.254+0000] {logging_mixin.py:150} INFO - [2024-09-19T16:26:18.254+0000] {manager.py:504} INFO - Created Permission View: can delete on DAG:dataset_consumes_1_and_2
[2024-09-19T16:26:18.281+0000] {logging_mixin.py:150} INFO - [2024-09-19T16:26:18.281+0000] {manager.py:504} INFO - Created Permission View: can read on DAG:dataset_consumes_1_and_2
[2024-09-19T16:26:18.344+0000] {logging_mixin.py:150} INFO - [2024-09-19T16:26:18.343+0000] {manager.py:504} INFO - Created Permission View: can edit on DAG:dataset_consumes_1_never_scheduled
[2024-09-19T16:26:18.368+0000] {logging_mixin.py:150} INFO - [2024-09-19T16:26:18.368+0000] {manager.py:504} INFO - Created Permission View: can delete on DAG:dataset_consumes_1_never_scheduled
[2024-09-19T16:26:18.404+0000] {logging_mixin.py:150} INFO - [2024-09-19T16:26:18.404+0000] {manager.py:504} INFO - Created Permission View: can read on DAG:dataset_consumes_1_never_scheduled
[2024-09-19T16:26:18.469+0000] {logging_mixin.py:150} INFO - [2024-09-19T16:26:18.469+0000] {manager.py:504} INFO - Created Permission View: can edit on DAG:dataset_consumes_1
[2024-09-19T16:26:18.590+0000] {logging_mixin.py:150} INFO - [2024-09-19T16:26:18.590+0000] {manager.py:504} INFO - Created Permission View: can delete on DAG:dataset_consumes_1
[2024-09-19T16:26:18.614+0000] {logging_mixin.py:150} INFO - [2024-09-19T16:26:18.614+0000] {manager.py:504} INFO - Created Permission View: can read on DAG:dataset_consumes_1
[2024-09-19T16:26:18.684+0000] {logging_mixin.py:150} INFO - [2024-09-19T16:26:18.684+0000] {manager.py:504} INFO - Created Permission View: can edit on DAG:dataset_produces_1
[2024-09-19T16:26:18.710+0000] {logging_mixin.py:150} INFO - [2024-09-19T16:26:18.710+0000] {manager.py:504} INFO - Created Permission View: can delete on DAG:dataset_produces_1
[2024-09-19T16:26:18.750+0000] {logging_mixin.py:150} INFO - [2024-09-19T16:26:18.750+0000] {manager.py:504} INFO - Created Permission View: can read on DAG:dataset_produces_1
[2024-09-19T16:26:18.814+0000] {logging_mixin.py:150} INFO - [2024-09-19T16:26:18.814+0000] {manager.py:504} INFO - Created Permission View: can edit on DAG:dataset_produces_2
[2024-09-19T16:26:18.839+0000] {logging_mixin.py:150} INFO - [2024-09-19T16:26:18.839+0000] {manager.py:504} INFO - Created Permission View: can delete on DAG:dataset_produces_2
[2024-09-19T16:26:18.870+0000] {logging_mixin.py:150} INFO - [2024-09-19T16:26:18.870+0000] {manager.py:504} INFO - Created Permission View: can read on DAG:dataset_produces_2
[2024-09-19T16:26:18.874+0000] {logging_mixin.py:150} INFO - [2024-09-19T16:26:18.874+0000] {dag.py:2742} INFO - Sync 6 DAGs
[2024-09-19T16:26:18.882+0000] {logging_mixin.py:150} INFO - [2024-09-19T16:26:18.882+0000] {dag.py:2763} INFO - Creating ORM DAG for dataset_consumes_1_never_scheduled
[2024-09-19T16:26:18.882+0000] {logging_mixin.py:150} INFO - [2024-09-19T16:26:18.882+0000] {dag.py:2763} INFO - Creating ORM DAG for dataset_consumes_1
[2024-09-19T16:26:18.882+0000] {logging_mixin.py:150} INFO - [2024-09-19T16:26:18.882+0000] {dag.py:2763} INFO - Creating ORM DAG for dataset_consumes_1_and_2
[2024-09-19T16:26:18.883+0000] {logging_mixin.py:150} INFO - [2024-09-19T16:26:18.883+0000] {dag.py:2763} INFO - Creating ORM DAG for dataset_consumes_unknown_never_scheduled
[2024-09-19T16:26:18.883+0000] {logging_mixin.py:150} INFO - [2024-09-19T16:26:18.883+0000] {dag.py:2763} INFO - Creating ORM DAG for dataset_produces_1
[2024-09-19T16:26:18.883+0000] {logging_mixin.py:150} INFO - [2024-09-19T16:26:18.883+0000] {dag.py:2763} INFO - Creating ORM DAG for dataset_produces_2
[2024-09-19T16:26:18.890+0000] {logging_mixin.py:150} INFO - [2024-09-19T16:26:18.890+0000] {dag.py:3504} INFO - Setting next_dagrun for dataset_consumes_1 to None, run_after=None
[2024-09-19T16:26:18.891+0000] {logging_mixin.py:150} INFO - [2024-09-19T16:26:18.891+0000] {dag.py:3504} INFO - Setting next_dagrun for dataset_consumes_1_and_2 to None, run_after=None
[2024-09-19T16:26:18.891+0000] {logging_mixin.py:150} INFO - [2024-09-19T16:26:18.891+0000] {dag.py:3504} INFO - Setting next_dagrun for dataset_consumes_1_never_scheduled to None, run_after=None
[2024-09-19T16:26:18.892+0000] {logging_mixin.py:150} INFO - [2024-09-19T16:26:18.892+0000] {dag.py:3504} INFO - Setting next_dagrun for dataset_consumes_unknown_never_scheduled to None, run_after=None
[2024-09-19T16:26:18.893+0000] {logging_mixin.py:150} INFO - [2024-09-19T16:26:18.893+0000] {dag.py:3504} INFO - Setting next_dagrun for dataset_produces_1 to 2024-09-18T00:00:00+00:00, run_after=2024-09-19T00:00:00+00:00
[2024-09-19T16:26:18.894+0000] {logging_mixin.py:150} INFO - [2024-09-19T16:26:18.893+0000] {dag.py:3504} INFO - Setting next_dagrun for dataset_produces_2 to None, run_after=None
[2024-09-19T16:26:18.947+0000] {processor.py:179} INFO - Processing /home/vscode/.local/lib/python3.10/site-packages/airflow/example_dags/example_datasets.py took 1.271 seconds
[2024-09-19T16:27:13.643+0000] {processor.py:157} INFO - Started process (PID=16732) to work on /home/vscode/.local/lib/python3.10/site-packages/airflow/example_dags/example_datasets.py
[2024-09-19T16:27:13.644+0000] {processor.py:826} INFO - Processing file /home/vscode/.local/lib/python3.10/site-packages/airflow/example_dags/example_datasets.py for tasks to queue
[2024-09-19T16:27:13.645+0000] {logging_mixin.py:150} INFO - [2024-09-19T16:27:13.644+0000] {dagbag.py:541} INFO - Filling up the DagBag from /home/vscode/.local/lib/python3.10/site-packages/airflow/example_dags/example_datasets.py
[2024-09-19T16:27:13.652+0000] {processor.py:836} INFO - DAG(s) dict_keys(['dataset_consumes_unknown_never_scheduled', 'dataset_consumes_1_never_scheduled', 'dataset_consumes_1', 'dataset_produces_2', 'dataset_produces_1', 'dataset_consumes_1_and_2']) retrieved from /home/vscode/.local/lib/python3.10/site-packages/airflow/example_dags/example_datasets.py
[2024-09-19T16:27:13.671+0000] {logging_mixin.py:150} INFO - [2024-09-19T16:27:13.671+0000] {dag.py:2742} INFO - Sync 6 DAGs
[2024-09-19T16:27:13.686+0000] {logging_mixin.py:150} INFO - [2024-09-19T16:27:13.686+0000] {dag.py:3504} INFO - Setting next_dagrun for dataset_consumes_1 to None, run_after=None
[2024-09-19T16:27:13.688+0000] {logging_mixin.py:150} INFO - [2024-09-19T16:27:13.688+0000] {dag.py:3504} INFO - Setting next_dagrun for dataset_consumes_1_and_2 to None, run_after=None
[2024-09-19T16:27:13.689+0000] {logging_mixin.py:150} INFO - [2024-09-19T16:27:13.689+0000] {dag.py:3504} INFO - Setting next_dagrun for dataset_consumes_1_never_scheduled to None, run_after=None
[2024-09-19T16:27:13.689+0000] {logging_mixin.py:150} INFO - [2024-09-19T16:27:13.689+0000] {dag.py:3504} INFO - Setting next_dagrun for dataset_consumes_unknown_never_scheduled to None, run_after=None
[2024-09-19T16:27:13.691+0000] {logging_mixin.py:150} INFO - [2024-09-19T16:27:13.691+0000] {dag.py:3504} INFO - Setting next_dagrun for dataset_produces_1 to 2024-09-18T00:00:00+00:00, run_after=2024-09-19T00:00:00+00:00
[2024-09-19T16:27:13.692+0000] {logging_mixin.py:150} INFO - [2024-09-19T16:27:13.692+0000] {dag.py:3504} INFO - Setting next_dagrun for dataset_produces_2 to None, run_after=None
[2024-09-19T16:27:13.731+0000] {processor.py:179} INFO - Processing /home/vscode/.local/lib/python3.10/site-packages/airflow/example_dags/example_datasets.py took 0.090 seconds
[2024-09-19T16:28:02.875+0000] {processor.py:157} INFO - Started process (PID=17082) to work on /home/vscode/.local/lib/python3.10/site-packages/airflow/example_dags/example_datasets.py
[2024-09-19T16:28:02.875+0000] {processor.py:826} INFO - Processing file /home/vscode/.local/lib/python3.10/site-packages/airflow/example_dags/example_datasets.py for tasks to queue
[2024-09-19T16:28:02.876+0000] {logging_mixin.py:150} INFO - [2024-09-19T16:28:02.876+0000] {dagbag.py:541} INFO - Filling up the DagBag from /home/vscode/.local/lib/python3.10/site-packages/airflow/example_dags/example_datasets.py
[2024-09-19T16:28:02.883+0000] {processor.py:836} INFO - DAG(s) dict_keys(['dataset_consumes_1', 'dataset_consumes_unknown_never_scheduled', 'dataset_produces_2', 'dataset_consumes_1_and_2', 'dataset_produces_1', 'dataset_consumes_1_never_scheduled']) retrieved from /home/vscode/.local/lib/python3.10/site-packages/airflow/example_dags/example_datasets.py
[2024-09-19T16:28:02.903+0000] {logging_mixin.py:150} INFO - [2024-09-19T16:28:02.903+0000] {dag.py:2742} INFO - Sync 6 DAGs
[2024-09-19T16:28:02.919+0000] {logging_mixin.py:150} INFO - [2024-09-19T16:28:02.919+0000] {dag.py:3504} INFO - Setting next_dagrun for dataset_consumes_1 to None, run_after=None
[2024-09-19T16:28:02.921+0000] {logging_mixin.py:150} INFO - [2024-09-19T16:28:02.921+0000] {dag.py:3504} INFO - Setting next_dagrun for dataset_consumes_1_and_2 to None, run_after=None
[2024-09-19T16:28:02.921+0000] {logging_mixin.py:150} INFO - [2024-09-19T16:28:02.921+0000] {dag.py:3504} INFO - Setting next_dagrun for dataset_consumes_1_never_scheduled to None, run_after=None
[2024-09-19T16:28:02.922+0000] {logging_mixin.py:150} INFO - [2024-09-19T16:28:02.922+0000] {dag.py:3504} INFO - Setting next_dagrun for dataset_consumes_unknown_never_scheduled to None, run_after=None
[2024-09-19T16:28:02.924+0000] {logging_mixin.py:150} INFO - [2024-09-19T16:28:02.924+0000] {dag.py:3504} INFO - Setting next_dagrun for dataset_produces_1 to 2024-09-18T00:00:00+00:00, run_after=2024-09-19T00:00:00+00:00
[2024-09-19T16:28:02.925+0000] {logging_mixin.py:150} INFO - [2024-09-19T16:28:02.925+0000] {dag.py:3504} INFO - Setting next_dagrun for dataset_produces_2 to None, run_after=None
[2024-09-19T16:28:02.975+0000] {processor.py:179} INFO - Processing /home/vscode/.local/lib/python3.10/site-packages/airflow/example_dags/example_datasets.py took 0.103 seconds
[2024-09-19T16:28:47.561+0000] {processor.py:157} INFO - Started process (PID=17421) to work on /home/vscode/.local/lib/python3.10/site-packages/airflow/example_dags/example_datasets.py
[2024-09-19T16:28:47.561+0000] {processor.py:826} INFO - Processing file /home/vscode/.local/lib/python3.10/site-packages/airflow/example_dags/example_datasets.py for tasks to queue
[2024-09-19T16:28:47.562+0000] {logging_mixin.py:150} INFO - [2024-09-19T16:28:47.562+0000] {dagbag.py:541} INFO - Filling up the DagBag from /home/vscode/.local/lib/python3.10/site-packages/airflow/example_dags/example_datasets.py
[2024-09-19T16:28:47.569+0000] {processor.py:836} INFO - DAG(s) dict_keys(['dataset_consumes_unknown_never_scheduled', 'dataset_consumes_1_and_2', 'dataset_produces_2', 'dataset_produces_1', 'dataset_consumes_1', 'dataset_consumes_1_never_scheduled']) retrieved from /home/vscode/.local/lib/python3.10/site-packages/airflow/example_dags/example_datasets.py
[2024-09-19T16:28:47.589+0000] {logging_mixin.py:150} INFO - [2024-09-19T16:28:47.589+0000] {dag.py:2742} INFO - Sync 6 DAGs
[2024-09-19T16:28:47.604+0000] {logging_mixin.py:150} INFO - [2024-09-19T16:28:47.604+0000] {dag.py:3504} INFO - Setting next_dagrun for dataset_consumes_1 to None, run_after=None
[2024-09-19T16:28:47.606+0000] {logging_mixin.py:150} INFO - [2024-09-19T16:28:47.606+0000] {dag.py:3504} INFO - Setting next_dagrun for dataset_consumes_1_and_2 to None, run_after=None
[2024-09-19T16:28:47.606+0000] {logging_mixin.py:150} INFO - [2024-09-19T16:28:47.606+0000] {dag.py:3504} INFO - Setting next_dagrun for dataset_consumes_1_never_scheduled to None, run_after=None
[2024-09-19T16:28:47.607+0000] {logging_mixin.py:150} INFO - [2024-09-19T16:28:47.607+0000] {dag.py:3504} INFO - Setting next_dagrun for dataset_consumes_unknown_never_scheduled to None, run_after=None
[2024-09-19T16:28:47.609+0000] {logging_mixin.py:150} INFO - [2024-09-19T16:28:47.609+0000] {dag.py:3504} INFO - Setting next_dagrun for dataset_produces_1 to 2024-09-18T00:00:00+00:00, run_after=2024-09-19T00:00:00+00:00
[2024-09-19T16:28:47.609+0000] {logging_mixin.py:150} INFO - [2024-09-19T16:28:47.609+0000] {dag.py:3504} INFO - Setting next_dagrun for dataset_produces_2 to None, run_after=None
[2024-09-19T16:28:47.650+0000] {processor.py:179} INFO - Processing /home/vscode/.local/lib/python3.10/site-packages/airflow/example_dags/example_datasets.py took 0.092 seconds
[2024-09-19T16:29:34.840+0000] {processor.py:157} INFO - Started process (PID=17763) to work on /home/vscode/.local/lib/python3.10/site-packages/airflow/example_dags/example_datasets.py
[2024-09-19T16:29:34.840+0000] {processor.py:826} INFO - Processing file /home/vscode/.local/lib/python3.10/site-packages/airflow/example_dags/example_datasets.py for tasks to queue
[2024-09-19T16:29:34.841+0000] {logging_mixin.py:150} INFO - [2024-09-19T16:29:34.841+0000] {dagbag.py:541} INFO - Filling up the DagBag from /home/vscode/.local/lib/python3.10/site-packages/airflow/example_dags/example_datasets.py
[2024-09-19T16:29:34.850+0000] {processor.py:836} INFO - DAG(s) dict_keys(['dataset_consumes_unknown_never_scheduled', 'dataset_produces_2', 'dataset_consumes_1_never_scheduled', 'dataset_consumes_1_and_2', 'dataset_consumes_1', 'dataset_produces_1']) retrieved from /home/vscode/.local/lib/python3.10/site-packages/airflow/example_dags/example_datasets.py
[2024-09-19T16:29:34.873+0000] {logging_mixin.py:150} INFO - [2024-09-19T16:29:34.872+0000] {dag.py:2742} INFO - Sync 6 DAGs
[2024-09-19T16:29:34.887+0000] {logging_mixin.py:150} INFO - [2024-09-19T16:29:34.887+0000] {dag.py:3504} INFO - Setting next_dagrun for dataset_consumes_1 to None, run_after=None
[2024-09-19T16:29:34.889+0000] {logging_mixin.py:150} INFO - [2024-09-19T16:29:34.889+0000] {dag.py:3504} INFO - Setting next_dagrun for dataset_consumes_1_and_2 to None, run_after=None
[2024-09-19T16:29:34.890+0000] {logging_mixin.py:150} INFO - [2024-09-19T16:29:34.890+0000] {dag.py:3504} INFO - Setting next_dagrun for dataset_consumes_1_never_scheduled to None, run_after=None
[2024-09-19T16:29:34.891+0000] {logging_mixin.py:150} INFO - [2024-09-19T16:29:34.891+0000] {dag.py:3504} INFO - Setting next_dagrun for dataset_consumes_unknown_never_scheduled to None, run_after=None
[2024-09-19T16:29:34.893+0000] {logging_mixin.py:150} INFO - [2024-09-19T16:29:34.893+0000] {dag.py:3504} INFO - Setting next_dagrun for dataset_produces_1 to 2024-09-18T00:00:00+00:00, run_after=2024-09-19T00:00:00+00:00
[2024-09-19T16:29:34.894+0000] {logging_mixin.py:150} INFO - [2024-09-19T16:29:34.894+0000] {dag.py:3504} INFO - Setting next_dagrun for dataset_produces_2 to None, run_after=None
[2024-09-19T16:29:34.941+0000] {processor.py:179} INFO - Processing /home/vscode/.local/lib/python3.10/site-packages/airflow/example_dags/example_datasets.py took 0.104 seconds
[2024-09-19T16:30:25.415+0000] {processor.py:157} INFO - Started process (PID=18202) to work on /home/vscode/.local/lib/python3.10/site-packages/airflow/example_dags/example_datasets.py
[2024-09-19T16:30:25.416+0000] {processor.py:826} INFO - Processing file /home/vscode/.local/lib/python3.10/site-packages/airflow/example_dags/example_datasets.py for tasks to queue
[2024-09-19T16:30:25.416+0000] {logging_mixin.py:150} INFO - [2024-09-19T16:30:25.416+0000] {dagbag.py:541} INFO - Filling up the DagBag from /home/vscode/.local/lib/python3.10/site-packages/airflow/example_dags/example_datasets.py
[2024-09-19T16:30:25.423+0000] {processor.py:836} INFO - DAG(s) dict_keys(['dataset_consumes_1_never_scheduled', 'dataset_produces_1', 'dataset_consumes_1', 'dataset_consumes_1_and_2', 'dataset_produces_2', 'dataset_consumes_unknown_never_scheduled']) retrieved from /home/vscode/.local/lib/python3.10/site-packages/airflow/example_dags/example_datasets.py
[2024-09-19T16:30:25.445+0000] {logging_mixin.py:150} INFO - [2024-09-19T16:30:25.445+0000] {dag.py:2742} INFO - Sync 6 DAGs
[2024-09-19T16:30:25.460+0000] {logging_mixin.py:150} INFO - [2024-09-19T16:30:25.460+0000] {dag.py:3504} INFO - Setting next_dagrun for dataset_consumes_1 to None, run_after=None
[2024-09-19T16:30:25.462+0000] {logging_mixin.py:150} INFO - [2024-09-19T16:30:25.462+0000] {dag.py:3504} INFO - Setting next_dagrun for dataset_consumes_1_and_2 to None, run_after=None
[2024-09-19T16:30:25.463+0000] {logging_mixin.py:150} INFO - [2024-09-19T16:30:25.462+0000] {dag.py:3504} INFO - Setting next_dagrun for dataset_consumes_1_never_scheduled to None, run_after=None
[2024-09-19T16:30:25.463+0000] {logging_mixin.py:150} INFO - [2024-09-19T16:30:25.463+0000] {dag.py:3504} INFO - Setting next_dagrun for dataset_consumes_unknown_never_scheduled to None, run_after=None
[2024-09-19T16:30:25.465+0000] {logging_mixin.py:150} INFO - [2024-09-19T16:30:25.465+0000] {dag.py:3504} INFO - Setting next_dagrun for dataset_produces_1 to 2024-09-18T00:00:00+00:00, run_after=2024-09-19T00:00:00+00:00
[2024-09-19T16:30:25.466+0000] {logging_mixin.py:150} INFO - [2024-09-19T16:30:25.466+0000] {dag.py:3504} INFO - Setting next_dagrun for dataset_produces_2 to None, run_after=None
[2024-09-19T16:30:25.505+0000] {processor.py:179} INFO - Processing /home/vscode/.local/lib/python3.10/site-packages/airflow/example_dags/example_datasets.py took 0.092 seconds
[2024-09-19T16:31:11.385+0000] {processor.py:157} INFO - Started process (PID=18550) to work on /home/vscode/.local/lib/python3.10/site-packages/airflow/example_dags/example_datasets.py
[2024-09-19T16:31:11.386+0000] {processor.py:826} INFO - Processing file /home/vscode/.local/lib/python3.10/site-packages/airflow/example_dags/example_datasets.py for tasks to queue
[2024-09-19T16:31:11.386+0000] {logging_mixin.py:150} INFO - [2024-09-19T16:31:11.386+0000] {dagbag.py:541} INFO - Filling up the DagBag from /home/vscode/.local/lib/python3.10/site-packages/airflow/example_dags/example_datasets.py
[2024-09-19T16:31:11.393+0000] {processor.py:836} INFO - DAG(s) dict_keys(['dataset_produces_1', 'dataset_consumes_1', 'dataset_consumes_unknown_never_scheduled', 'dataset_consumes_1_never_scheduled', 'dataset_consumes_1_and_2', 'dataset_produces_2']) retrieved from /home/vscode/.local/lib/python3.10/site-packages/airflow/example_dags/example_datasets.py
[2024-09-19T16:31:11.413+0000] {logging_mixin.py:150} INFO - [2024-09-19T16:31:11.412+0000] {dag.py:2742} INFO - Sync 6 DAGs
[2024-09-19T16:31:11.427+0000] {logging_mixin.py:150} INFO - [2024-09-19T16:31:11.427+0000] {dag.py:3504} INFO - Setting next_dagrun for dataset_consumes_1 to None, run_after=None
[2024-09-19T16:31:11.429+0000] {logging_mixin.py:150} INFO - [2024-09-19T16:31:11.429+0000] {dag.py:3504} INFO - Setting next_dagrun for dataset_consumes_1_and_2 to None, run_after=None
[2024-09-19T16:31:11.430+0000] {logging_mixin.py:150} INFO - [2024-09-19T16:31:11.430+0000] {dag.py:3504} INFO - Setting next_dagrun for dataset_consumes_1_never_scheduled to None, run_after=None
[2024-09-19T16:31:11.431+0000] {logging_mixin.py:150} INFO - [2024-09-19T16:31:11.431+0000] {dag.py:3504} INFO - Setting next_dagrun for dataset_consumes_unknown_never_scheduled to None, run_after=None
[2024-09-19T16:31:11.433+0000] {logging_mixin.py:150} INFO - [2024-09-19T16:31:11.433+0000] {dag.py:3504} INFO - Setting next_dagrun for dataset_produces_1 to 2024-09-18T00:00:00+00:00, run_after=2024-09-19T00:00:00+00:00
[2024-09-19T16:31:11.433+0000] {logging_mixin.py:150} INFO - [2024-09-19T16:31:11.433+0000] {dag.py:3504} INFO - Setting next_dagrun for dataset_produces_2 to None, run_after=None
[2024-09-19T16:31:11.475+0000] {processor.py:179} INFO - Processing /home/vscode/.local/lib/python3.10/site-packages/airflow/example_dags/example_datasets.py took 0.092 seconds
[2024-09-19T16:31:58.063+0000] {processor.py:157} INFO - Started process (PID=18861) to work on /home/vscode/.local/lib/python3.10/site-packages/airflow/example_dags/example_datasets.py
[2024-09-19T16:31:58.063+0000] {processor.py:826} INFO - Processing file /home/vscode/.local/lib/python3.10/site-packages/airflow/example_dags/example_datasets.py for tasks to queue
[2024-09-19T16:31:58.064+0000] {logging_mixin.py:150} INFO - [2024-09-19T16:31:58.064+0000] {dagbag.py:541} INFO - Filling up the DagBag from /home/vscode/.local/lib/python3.10/site-packages/airflow/example_dags/example_datasets.py
[2024-09-19T16:31:58.070+0000] {processor.py:836} INFO - DAG(s) dict_keys(['dataset_consumes_1_and_2', 'dataset_produces_1', 'dataset_consumes_unknown_never_scheduled', 'dataset_consumes_1', 'dataset_consumes_1_never_scheduled', 'dataset_produces_2']) retrieved from /home/vscode/.local/lib/python3.10/site-packages/airflow/example_dags/example_datasets.py
[2024-09-19T16:31:58.090+0000] {logging_mixin.py:150} INFO - [2024-09-19T16:31:58.090+0000] {dag.py:2742} INFO - Sync 6 DAGs
[2024-09-19T16:31:58.104+0000] {logging_mixin.py:150} INFO - [2024-09-19T16:31:58.104+0000] {dag.py:3504} INFO - Setting next_dagrun for dataset_consumes_1 to None, run_after=None
[2024-09-19T16:31:58.106+0000] {logging_mixin.py:150} INFO - [2024-09-19T16:31:58.106+0000] {dag.py:3504} INFO - Setting next_dagrun for dataset_consumes_1_and_2 to None, run_after=None
[2024-09-19T16:31:58.107+0000] {logging_mixin.py:150} INFO - [2024-09-19T16:31:58.107+0000] {dag.py:3504} INFO - Setting next_dagrun for dataset_consumes_1_never_scheduled to None, run_after=None
[2024-09-19T16:31:58.108+0000] {logging_mixin.py:150} INFO - [2024-09-19T16:31:58.108+0000] {dag.py:3504} INFO - Setting next_dagrun for dataset_consumes_unknown_never_scheduled to None, run_after=None
[2024-09-19T16:31:58.109+0000] {logging_mixin.py:150} INFO - [2024-09-19T16:31:58.109+0000] {dag.py:3504} INFO - Setting next_dagrun for dataset_produces_1 to 2024-09-18T00:00:00+00:00, run_after=2024-09-19T00:00:00+00:00
[2024-09-19T16:31:58.110+0000] {logging_mixin.py:150} INFO - [2024-09-19T16:31:58.110+0000] {dag.py:3504} INFO - Setting next_dagrun for dataset_produces_2 to None, run_after=None
[2024-09-19T16:31:58.150+0000] {processor.py:179} INFO - Processing /home/vscode/.local/lib/python3.10/site-packages/airflow/example_dags/example_datasets.py took 0.089 seconds
[2024-09-19T16:32:43.830+0000] {processor.py:157} INFO - Started process (PID=19300) to work on /home/vscode/.local/lib/python3.10/site-packages/airflow/example_dags/example_datasets.py
[2024-09-19T16:32:43.831+0000] {processor.py:826} INFO - Processing file /home/vscode/.local/lib/python3.10/site-packages/airflow/example_dags/example_datasets.py for tasks to queue
[2024-09-19T16:32:43.831+0000] {logging_mixin.py:150} INFO - [2024-09-19T16:32:43.831+0000] {dagbag.py:541} INFO - Filling up the DagBag from /home/vscode/.local/lib/python3.10/site-packages/airflow/example_dags/example_datasets.py
[2024-09-19T16:32:43.838+0000] {processor.py:836} INFO - DAG(s) dict_keys(['dataset_consumes_1', 'dataset_consumes_1_and_2', 'dataset_produces_1', 'dataset_consumes_unknown_never_scheduled', 'dataset_produces_2', 'dataset_consumes_1_never_scheduled']) retrieved from /home/vscode/.local/lib/python3.10/site-packages/airflow/example_dags/example_datasets.py
[2024-09-19T16:32:43.861+0000] {logging_mixin.py:150} INFO - [2024-09-19T16:32:43.861+0000] {dag.py:2742} INFO - Sync 6 DAGs
[2024-09-19T16:32:43.882+0000] {logging_mixin.py:150} INFO - [2024-09-19T16:32:43.882+0000] {dag.py:3504} INFO - Setting next_dagrun for dataset_consumes_1 to None, run_after=None
[2024-09-19T16:32:43.886+0000] {logging_mixin.py:150} INFO - [2024-09-19T16:32:43.886+0000] {dag.py:3504} INFO - Setting next_dagrun for dataset_consumes_1_and_2 to None, run_after=None
[2024-09-19T16:32:43.887+0000] {logging_mixin.py:150} INFO - [2024-09-19T16:32:43.887+0000] {dag.py:3504} INFO - Setting next_dagrun for dataset_consumes_1_never_scheduled to None, run_after=None
[2024-09-19T16:32:43.888+0000] {logging_mixin.py:150} INFO - [2024-09-19T16:32:43.888+0000] {dag.py:3504} INFO - Setting next_dagrun for dataset_consumes_unknown_never_scheduled to None, run_after=None
[2024-09-19T16:32:43.890+0000] {logging_mixin.py:150} INFO - [2024-09-19T16:32:43.890+0000] {dag.py:3504} INFO - Setting next_dagrun for dataset_produces_1 to 2024-09-18T00:00:00+00:00, run_after=2024-09-19T00:00:00+00:00
[2024-09-19T16:32:43.891+0000] {logging_mixin.py:150} INFO - [2024-09-19T16:32:43.891+0000] {dag.py:3504} INFO - Setting next_dagrun for dataset_produces_2 to None, run_after=None
[2024-09-19T16:32:43.936+0000] {processor.py:179} INFO - Processing /home/vscode/.local/lib/python3.10/site-packages/airflow/example_dags/example_datasets.py took 0.108 seconds
[2024-09-19T16:33:28.325+0000] {processor.py:157} INFO - Started process (PID=19714) to work on /home/vscode/.local/lib/python3.10/site-packages/airflow/example_dags/example_datasets.py
[2024-09-19T16:33:28.326+0000] {processor.py:826} INFO - Processing file /home/vscode/.local/lib/python3.10/site-packages/airflow/example_dags/example_datasets.py for tasks to queue
[2024-09-19T16:33:28.326+0000] {logging_mixin.py:150} INFO - [2024-09-19T16:33:28.326+0000] {dagbag.py:541} INFO - Filling up the DagBag from /home/vscode/.local/lib/python3.10/site-packages/airflow/example_dags/example_datasets.py
[2024-09-19T16:33:28.333+0000] {processor.py:836} INFO - DAG(s) dict_keys(['dataset_consumes_unknown_never_scheduled', 'dataset_produces_1', 'dataset_consumes_1_never_scheduled', 'dataset_consumes_1_and_2', 'dataset_consumes_1', 'dataset_produces_2']) retrieved from /home/vscode/.local/lib/python3.10/site-packages/airflow/example_dags/example_datasets.py
[2024-09-19T16:33:28.353+0000] {logging_mixin.py:150} INFO - [2024-09-19T16:33:28.353+0000] {dag.py:2742} INFO - Sync 6 DAGs
[2024-09-19T16:33:28.367+0000] {logging_mixin.py:150} INFO - [2024-09-19T16:33:28.367+0000] {dag.py:3504} INFO - Setting next_dagrun for dataset_consumes_1 to None, run_after=None
[2024-09-19T16:33:28.369+0000] {logging_mixin.py:150} INFO - [2024-09-19T16:33:28.369+0000] {dag.py:3504} INFO - Setting next_dagrun for dataset_consumes_1_and_2 to None, run_after=None
[2024-09-19T16:33:28.370+0000] {logging_mixin.py:150} INFO - [2024-09-19T16:33:28.370+0000] {dag.py:3504} INFO - Setting next_dagrun for dataset_consumes_1_never_scheduled to None, run_after=None
[2024-09-19T16:33:28.371+0000] {logging_mixin.py:150} INFO - [2024-09-19T16:33:28.371+0000] {dag.py:3504} INFO - Setting next_dagrun for dataset_consumes_unknown_never_scheduled to None, run_after=None
[2024-09-19T16:33:28.373+0000] {logging_mixin.py:150} INFO - [2024-09-19T16:33:28.372+0000] {dag.py:3504} INFO - Setting next_dagrun for dataset_produces_1 to 2024-09-18T00:00:00+00:00, run_after=2024-09-19T00:00:00+00:00
[2024-09-19T16:33:28.373+0000] {logging_mixin.py:150} INFO - [2024-09-19T16:33:28.373+0000] {dag.py:3504} INFO - Setting next_dagrun for dataset_produces_2 to None, run_after=None
[2024-09-19T16:33:28.417+0000] {processor.py:179} INFO - Processing /home/vscode/.local/lib/python3.10/site-packages/airflow/example_dags/example_datasets.py took 0.094 seconds
[2024-09-19T16:34:16.375+0000] {processor.py:157} INFO - Started process (PID=20130) to work on /home/vscode/.local/lib/python3.10/site-packages/airflow/example_dags/example_datasets.py
[2024-09-19T16:34:16.375+0000] {processor.py:826} INFO - Processing file /home/vscode/.local/lib/python3.10/site-packages/airflow/example_dags/example_datasets.py for tasks to queue
[2024-09-19T16:34:16.376+0000] {logging_mixin.py:150} INFO - [2024-09-19T16:34:16.376+0000] {dagbag.py:541} INFO - Filling up the DagBag from /home/vscode/.local/lib/python3.10/site-packages/airflow/example_dags/example_datasets.py
[2024-09-19T16:34:16.383+0000] {processor.py:836} INFO - DAG(s) dict_keys(['dataset_produces_1', 'dataset_consumes_1_and_2', 'dataset_produces_2', 'dataset_consumes_unknown_never_scheduled', 'dataset_consumes_1', 'dataset_consumes_1_never_scheduled']) retrieved from /home/vscode/.local/lib/python3.10/site-packages/airflow/example_dags/example_datasets.py
[2024-09-19T16:34:16.403+0000] {logging_mixin.py:150} INFO - [2024-09-19T16:34:16.403+0000] {dag.py:2742} INFO - Sync 6 DAGs
[2024-09-19T16:34:16.417+0000] {logging_mixin.py:150} INFO - [2024-09-19T16:34:16.417+0000] {dag.py:3504} INFO - Setting next_dagrun for dataset_consumes_1 to None, run_after=None
[2024-09-19T16:34:16.420+0000] {logging_mixin.py:150} INFO - [2024-09-19T16:34:16.419+0000] {dag.py:3504} INFO - Setting next_dagrun for dataset_consumes_1_and_2 to None, run_after=None
[2024-09-19T16:34:16.420+0000] {logging_mixin.py:150} INFO - [2024-09-19T16:34:16.420+0000] {dag.py:3504} INFO - Setting next_dagrun for dataset_consumes_1_never_scheduled to None, run_after=None
[2024-09-19T16:34:16.421+0000] {logging_mixin.py:150} INFO - [2024-09-19T16:34:16.421+0000] {dag.py:3504} INFO - Setting next_dagrun for dataset_consumes_unknown_never_scheduled to None, run_after=None
[2024-09-19T16:34:16.423+0000] {logging_mixin.py:150} INFO - [2024-09-19T16:34:16.422+0000] {dag.py:3504} INFO - Setting next_dagrun for dataset_produces_1 to 2024-09-18T00:00:00+00:00, run_after=2024-09-19T00:00:00+00:00
[2024-09-19T16:34:16.423+0000] {logging_mixin.py:150} INFO - [2024-09-19T16:34:16.423+0000] {dag.py:3504} INFO - Setting next_dagrun for dataset_produces_2 to None, run_after=None
[2024-09-19T16:34:16.643+0000] {processor.py:179} INFO - Processing /home/vscode/.local/lib/python3.10/site-packages/airflow/example_dags/example_datasets.py took 0.270 seconds
