[2024-09-19T16:25:06.977+0000] {processor.py:186} INFO - Started process (PID=11657) to work on /home/vscode/.local/lib/python3.10/site-packages/airflow/example_dags/example_params_trigger_ui.py
[2024-09-19T16:25:06.977+0000] {processor.py:914} INFO - Processing file /home/vscode/.local/lib/python3.10/site-packages/airflow/example_dags/example_params_trigger_ui.py for tasks to queue
[2024-09-19T16:25:06.979+0000] {logging_mixin.py:190} INFO - [2024-09-19T16:25:06.979+0000] {dagbag.py:587} INFO - Filling up the DagBag from /home/vscode/.local/lib/python3.10/site-packages/airflow/example_dags/example_params_trigger_ui.py
[2024-09-19T16:25:06.988+0000] {processor.py:925} INFO - DAG(s) 'example_params_trigger_ui' retrieved from /home/vscode/.local/lib/python3.10/site-packages/airflow/example_dags/example_params_trigger_ui.py
[2024-09-19T16:25:07.143+0000] {logging_mixin.py:190} INFO - [2024-09-19T16:25:07.142+0000] {override.py:1900} INFO - Created Permission View: can edit on DAG:example_params_trigger_ui
[2024-09-19T16:25:07.170+0000] {logging_mixin.py:190} INFO - [2024-09-19T16:25:07.169+0000] {override.py:1900} INFO - Created Permission View: can read on DAG:example_params_trigger_ui
[2024-09-19T16:25:07.206+0000] {logging_mixin.py:190} INFO - [2024-09-19T16:25:07.205+0000] {override.py:1900} INFO - Created Permission View: can delete on DAG:example_params_trigger_ui
[2024-09-19T16:25:07.270+0000] {logging_mixin.py:190} INFO - [2024-09-19T16:25:07.270+0000] {override.py:1900} INFO - Created Permission View: menu access on DAG Run:example_params_trigger_ui
[2024-09-19T16:25:07.296+0000] {logging_mixin.py:190} INFO - [2024-09-19T16:25:07.296+0000] {override.py:1900} INFO - Created Permission View: can read on DAG Run:example_params_trigger_ui
[2024-09-19T16:25:07.326+0000] {logging_mixin.py:190} INFO - [2024-09-19T16:25:07.326+0000] {override.py:1900} INFO - Created Permission View: can create on DAG Run:example_params_trigger_ui
[2024-09-19T16:25:07.357+0000] {logging_mixin.py:190} INFO - [2024-09-19T16:25:07.357+0000] {override.py:1900} INFO - Created Permission View: can delete on DAG Run:example_params_trigger_ui
[2024-09-19T16:25:07.358+0000] {logging_mixin.py:190} INFO - [2024-09-19T16:25:07.358+0000] {dag.py:3229} INFO - Sync 1 DAGs
[2024-09-19T16:25:07.375+0000] {logging_mixin.py:190} INFO - [2024-09-19T16:25:07.375+0000] {dag.py:3252} INFO - Creating ORM DAG for example_params_trigger_ui
[2024-09-19T16:25:07.375+0000] {logging_mixin.py:190} INFO - [2024-09-19T16:25:07.375+0000] {dag.py:4156} INFO - Setting next_dagrun for example_params_trigger_ui to None, run_after=None
[2024-09-19T16:25:07.437+0000] {processor.py:208} INFO - Processing /home/vscode/.local/lib/python3.10/site-packages/airflow/example_dags/example_params_trigger_ui.py took 0.465 seconds
[2024-09-19T16:26:24.403+0000] {processor.py:186} INFO - Started process (PID=12154) to work on /home/vscode/.local/lib/python3.10/site-packages/airflow/example_dags/example_params_trigger_ui.py
[2024-09-19T16:26:24.403+0000] {processor.py:914} INFO - Processing file /home/vscode/.local/lib/python3.10/site-packages/airflow/example_dags/example_params_trigger_ui.py for tasks to queue
[2024-09-19T16:26:24.405+0000] {logging_mixin.py:190} INFO - [2024-09-19T16:26:24.405+0000] {dagbag.py:587} INFO - Filling up the DagBag from /home/vscode/.local/lib/python3.10/site-packages/airflow/example_dags/example_params_trigger_ui.py
[2024-09-19T16:26:24.414+0000] {processor.py:925} INFO - DAG(s) 'example_params_trigger_ui' retrieved from /home/vscode/.local/lib/python3.10/site-packages/airflow/example_dags/example_params_trigger_ui.py
[2024-09-19T16:26:24.453+0000] {logging_mixin.py:190} INFO - [2024-09-19T16:26:24.453+0000] {dag.py:3229} INFO - Sync 1 DAGs
[2024-09-19T16:26:24.467+0000] {logging_mixin.py:190} INFO - [2024-09-19T16:26:24.467+0000] {dag.py:4156} INFO - Setting next_dagrun for example_params_trigger_ui to None, run_after=None
[2024-09-19T16:26:24.513+0000] {processor.py:208} INFO - Processing /home/vscode/.local/lib/python3.10/site-packages/airflow/example_dags/example_params_trigger_ui.py took 0.115 seconds
[2024-09-19T16:27:20.231+0000] {processor.py:186} INFO - Started process (PID=12562) to work on /home/vscode/.local/lib/python3.10/site-packages/airflow/example_dags/example_params_trigger_ui.py
[2024-09-19T16:27:20.232+0000] {processor.py:914} INFO - Processing file /home/vscode/.local/lib/python3.10/site-packages/airflow/example_dags/example_params_trigger_ui.py for tasks to queue
[2024-09-19T16:27:20.234+0000] {logging_mixin.py:190} INFO - [2024-09-19T16:27:20.233+0000] {dagbag.py:587} INFO - Filling up the DagBag from /home/vscode/.local/lib/python3.10/site-packages/airflow/example_dags/example_params_trigger_ui.py
[2024-09-19T16:27:20.243+0000] {processor.py:925} INFO - DAG(s) 'example_params_trigger_ui' retrieved from /home/vscode/.local/lib/python3.10/site-packages/airflow/example_dags/example_params_trigger_ui.py
[2024-09-19T16:27:20.277+0000] {logging_mixin.py:190} INFO - [2024-09-19T16:27:20.277+0000] {dag.py:3229} INFO - Sync 1 DAGs
[2024-09-19T16:27:20.287+0000] {logging_mixin.py:190} INFO - [2024-09-19T16:27:20.287+0000] {dag.py:4156} INFO - Setting next_dagrun for example_params_trigger_ui to None, run_after=None
[2024-09-19T16:27:20.325+0000] {processor.py:208} INFO - Processing /home/vscode/.local/lib/python3.10/site-packages/airflow/example_dags/example_params_trigger_ui.py took 0.098 seconds
[2024-09-19T16:28:14.060+0000] {processor.py:186} INFO - Started process (PID=12927) to work on /home/vscode/.local/lib/python3.10/site-packages/airflow/example_dags/example_params_trigger_ui.py
[2024-09-19T16:28:14.060+0000] {processor.py:914} INFO - Processing file /home/vscode/.local/lib/python3.10/site-packages/airflow/example_dags/example_params_trigger_ui.py for tasks to queue
[2024-09-19T16:28:14.062+0000] {logging_mixin.py:190} INFO - [2024-09-19T16:28:14.062+0000] {dagbag.py:587} INFO - Filling up the DagBag from /home/vscode/.local/lib/python3.10/site-packages/airflow/example_dags/example_params_trigger_ui.py
[2024-09-19T16:28:14.071+0000] {processor.py:925} INFO - DAG(s) 'example_params_trigger_ui' retrieved from /home/vscode/.local/lib/python3.10/site-packages/airflow/example_dags/example_params_trigger_ui.py
[2024-09-19T16:28:14.106+0000] {logging_mixin.py:190} INFO - [2024-09-19T16:28:14.105+0000] {dag.py:3229} INFO - Sync 1 DAGs
[2024-09-19T16:28:14.115+0000] {logging_mixin.py:190} INFO - [2024-09-19T16:28:14.115+0000] {dag.py:4156} INFO - Setting next_dagrun for example_params_trigger_ui to None, run_after=None
[2024-09-19T16:28:14.154+0000] {processor.py:208} INFO - Processing /home/vscode/.local/lib/python3.10/site-packages/airflow/example_dags/example_params_trigger_ui.py took 0.100 seconds
[2024-09-19T16:29:06.392+0000] {processor.py:186} INFO - Started process (PID=13410) to work on /home/vscode/.local/lib/python3.10/site-packages/airflow/example_dags/example_params_trigger_ui.py
[2024-09-19T16:29:06.393+0000] {processor.py:914} INFO - Processing file /home/vscode/.local/lib/python3.10/site-packages/airflow/example_dags/example_params_trigger_ui.py for tasks to queue
[2024-09-19T16:29:06.394+0000] {logging_mixin.py:190} INFO - [2024-09-19T16:29:06.394+0000] {dagbag.py:587} INFO - Filling up the DagBag from /home/vscode/.local/lib/python3.10/site-packages/airflow/example_dags/example_params_trigger_ui.py
[2024-09-19T16:29:06.403+0000] {processor.py:925} INFO - DAG(s) 'example_params_trigger_ui' retrieved from /home/vscode/.local/lib/python3.10/site-packages/airflow/example_dags/example_params_trigger_ui.py
[2024-09-19T16:29:06.441+0000] {logging_mixin.py:190} INFO - [2024-09-19T16:29:06.441+0000] {dag.py:3229} INFO - Sync 1 DAGs
[2024-09-19T16:29:06.452+0000] {logging_mixin.py:190} INFO - [2024-09-19T16:29:06.452+0000] {dag.py:4156} INFO - Setting next_dagrun for example_params_trigger_ui to None, run_after=None
[2024-09-19T16:29:06.493+0000] {processor.py:208} INFO - Processing /home/vscode/.local/lib/python3.10/site-packages/airflow/example_dags/example_params_trigger_ui.py took 0.105 seconds
[2024-09-19T16:29:55.180+0000] {processor.py:186} INFO - Started process (PID=13789) to work on /home/vscode/.local/lib/python3.10/site-packages/airflow/example_dags/example_params_trigger_ui.py
[2024-09-19T16:29:55.181+0000] {processor.py:914} INFO - Processing file /home/vscode/.local/lib/python3.10/site-packages/airflow/example_dags/example_params_trigger_ui.py for tasks to queue
[2024-09-19T16:29:55.183+0000] {logging_mixin.py:190} INFO - [2024-09-19T16:29:55.182+0000] {dagbag.py:587} INFO - Filling up the DagBag from /home/vscode/.local/lib/python3.10/site-packages/airflow/example_dags/example_params_trigger_ui.py
[2024-09-19T16:29:55.194+0000] {processor.py:925} INFO - DAG(s) 'example_params_trigger_ui' retrieved from /home/vscode/.local/lib/python3.10/site-packages/airflow/example_dags/example_params_trigger_ui.py
[2024-09-19T16:29:55.248+0000] {logging_mixin.py:190} INFO - [2024-09-19T16:29:55.247+0000] {dag.py:3229} INFO - Sync 1 DAGs
[2024-09-19T16:29:55.258+0000] {logging_mixin.py:190} INFO - [2024-09-19T16:29:55.258+0000] {dag.py:4156} INFO - Setting next_dagrun for example_params_trigger_ui to None, run_after=None
[2024-09-19T16:29:55.300+0000] {processor.py:208} INFO - Processing /home/vscode/.local/lib/python3.10/site-packages/airflow/example_dags/example_params_trigger_ui.py took 0.124 seconds
[2024-09-19T16:30:46.188+0000] {processor.py:186} INFO - Started process (PID=14133) to work on /home/vscode/.local/lib/python3.10/site-packages/airflow/example_dags/example_params_trigger_ui.py
[2024-09-19T16:30:46.188+0000] {processor.py:914} INFO - Processing file /home/vscode/.local/lib/python3.10/site-packages/airflow/example_dags/example_params_trigger_ui.py for tasks to queue
[2024-09-19T16:30:46.190+0000] {logging_mixin.py:190} INFO - [2024-09-19T16:30:46.190+0000] {dagbag.py:587} INFO - Filling up the DagBag from /home/vscode/.local/lib/python3.10/site-packages/airflow/example_dags/example_params_trigger_ui.py
[2024-09-19T16:30:46.198+0000] {processor.py:925} INFO - DAG(s) 'example_params_trigger_ui' retrieved from /home/vscode/.local/lib/python3.10/site-packages/airflow/example_dags/example_params_trigger_ui.py
[2024-09-19T16:30:46.233+0000] {logging_mixin.py:190} INFO - [2024-09-19T16:30:46.233+0000] {dag.py:3229} INFO - Sync 1 DAGs
[2024-09-19T16:30:46.243+0000] {logging_mixin.py:190} INFO - [2024-09-19T16:30:46.243+0000] {dag.py:4156} INFO - Setting next_dagrun for example_params_trigger_ui to None, run_after=None
[2024-09-19T16:30:46.296+0000] {processor.py:208} INFO - Processing /home/vscode/.local/lib/python3.10/site-packages/airflow/example_dags/example_params_trigger_ui.py took 0.113 seconds
[2024-09-19T16:31:37.900+0000] {processor.py:186} INFO - Started process (PID=14616) to work on /home/vscode/.local/lib/python3.10/site-packages/airflow/example_dags/example_params_trigger_ui.py
[2024-09-19T16:31:37.901+0000] {processor.py:914} INFO - Processing file /home/vscode/.local/lib/python3.10/site-packages/airflow/example_dags/example_params_trigger_ui.py for tasks to queue
[2024-09-19T16:31:37.902+0000] {logging_mixin.py:190} INFO - [2024-09-19T16:31:37.902+0000] {dagbag.py:587} INFO - Filling up the DagBag from /home/vscode/.local/lib/python3.10/site-packages/airflow/example_dags/example_params_trigger_ui.py
[2024-09-19T16:31:37.911+0000] {processor.py:925} INFO - DAG(s) 'example_params_trigger_ui' retrieved from /home/vscode/.local/lib/python3.10/site-packages/airflow/example_dags/example_params_trigger_ui.py
[2024-09-19T16:31:37.946+0000] {logging_mixin.py:190} INFO - [2024-09-19T16:31:37.946+0000] {dag.py:3229} INFO - Sync 1 DAGs
[2024-09-19T16:31:37.956+0000] {logging_mixin.py:190} INFO - [2024-09-19T16:31:37.956+0000] {dag.py:4156} INFO - Setting next_dagrun for example_params_trigger_ui to None, run_after=None
[2024-09-19T16:31:37.989+0000] {processor.py:208} INFO - Processing /home/vscode/.local/lib/python3.10/site-packages/airflow/example_dags/example_params_trigger_ui.py took 0.094 seconds
[2024-09-19T16:32:32.544+0000] {processor.py:186} INFO - Started process (PID=15177) to work on /home/vscode/.local/lib/python3.10/site-packages/airflow/example_dags/example_params_trigger_ui.py
[2024-09-19T16:32:32.545+0000] {processor.py:914} INFO - Processing file /home/vscode/.local/lib/python3.10/site-packages/airflow/example_dags/example_params_trigger_ui.py for tasks to queue
[2024-09-19T16:32:32.547+0000] {logging_mixin.py:190} INFO - [2024-09-19T16:32:32.546+0000] {dagbag.py:587} INFO - Filling up the DagBag from /home/vscode/.local/lib/python3.10/site-packages/airflow/example_dags/example_params_trigger_ui.py
[2024-09-19T16:32:32.555+0000] {processor.py:925} INFO - DAG(s) 'example_params_trigger_ui' retrieved from /home/vscode/.local/lib/python3.10/site-packages/airflow/example_dags/example_params_trigger_ui.py
[2024-09-19T16:32:32.591+0000] {logging_mixin.py:190} INFO - [2024-09-19T16:32:32.590+0000] {dag.py:3229} INFO - Sync 1 DAGs
[2024-09-19T16:32:32.601+0000] {logging_mixin.py:190} INFO - [2024-09-19T16:32:32.601+0000] {dag.py:4156} INFO - Setting next_dagrun for example_params_trigger_ui to None, run_after=None
[2024-09-19T16:32:32.644+0000] {processor.py:208} INFO - Processing /home/vscode/.local/lib/python3.10/site-packages/airflow/example_dags/example_params_trigger_ui.py took 0.104 seconds
[2024-09-19T16:33:24.175+0000] {processor.py:186} INFO - Started process (PID=15530) to work on /home/vscode/.local/lib/python3.10/site-packages/airflow/example_dags/example_params_trigger_ui.py
[2024-09-19T16:33:24.176+0000] {processor.py:914} INFO - Processing file /home/vscode/.local/lib/python3.10/site-packages/airflow/example_dags/example_params_trigger_ui.py for tasks to queue
[2024-09-19T16:33:24.177+0000] {logging_mixin.py:190} INFO - [2024-09-19T16:33:24.177+0000] {dagbag.py:587} INFO - Filling up the DagBag from /home/vscode/.local/lib/python3.10/site-packages/airflow/example_dags/example_params_trigger_ui.py
[2024-09-19T16:33:24.186+0000] {processor.py:925} INFO - DAG(s) 'example_params_trigger_ui' retrieved from /home/vscode/.local/lib/python3.10/site-packages/airflow/example_dags/example_params_trigger_ui.py
[2024-09-19T16:33:24.221+0000] {logging_mixin.py:190} INFO - [2024-09-19T16:33:24.221+0000] {dag.py:3229} INFO - Sync 1 DAGs
[2024-09-19T16:33:24.232+0000] {logging_mixin.py:190} INFO - [2024-09-19T16:33:24.232+0000] {dag.py:4156} INFO - Setting next_dagrun for example_params_trigger_ui to None, run_after=None
[2024-09-19T16:33:24.265+0000] {processor.py:208} INFO - Processing /home/vscode/.local/lib/python3.10/site-packages/airflow/example_dags/example_params_trigger_ui.py took 0.095 seconds
[2024-09-19T16:34:13.765+0000] {processor.py:186} INFO - Started process (PID=15860) to work on /home/vscode/.local/lib/python3.10/site-packages/airflow/example_dags/example_params_trigger_ui.py
[2024-09-19T16:34:13.766+0000] {processor.py:914} INFO - Processing file /home/vscode/.local/lib/python3.10/site-packages/airflow/example_dags/example_params_trigger_ui.py for tasks to queue
[2024-09-19T16:34:13.767+0000] {logging_mixin.py:190} INFO - [2024-09-19T16:34:13.767+0000] {dagbag.py:587} INFO - Filling up the DagBag from /home/vscode/.local/lib/python3.10/site-packages/airflow/example_dags/example_params_trigger_ui.py
[2024-09-19T16:34:13.776+0000] {processor.py:925} INFO - DAG(s) 'example_params_trigger_ui' retrieved from /home/vscode/.local/lib/python3.10/site-packages/airflow/example_dags/example_params_trigger_ui.py
[2024-09-19T16:34:13.810+0000] {logging_mixin.py:190} INFO - [2024-09-19T16:34:13.810+0000] {dag.py:3229} INFO - Sync 1 DAGs
[2024-09-19T16:34:13.820+0000] {logging_mixin.py:190} INFO - [2024-09-19T16:34:13.820+0000] {dag.py:4156} INFO - Setting next_dagrun for example_params_trigger_ui to None, run_after=None
[2024-09-19T16:34:13.855+0000] {processor.py:208} INFO - Processing /home/vscode/.local/lib/python3.10/site-packages/airflow/example_dags/example_params_trigger_ui.py took 0.095 seconds
[2024-09-19T16:35:00.566+0000] {processor.py:186} INFO - Started process (PID=16175) to work on /home/vscode/.local/lib/python3.10/site-packages/airflow/example_dags/example_params_trigger_ui.py
[2024-09-19T16:35:00.567+0000] {processor.py:914} INFO - Processing file /home/vscode/.local/lib/python3.10/site-packages/airflow/example_dags/example_params_trigger_ui.py for tasks to queue
[2024-09-19T16:35:00.568+0000] {logging_mixin.py:190} INFO - [2024-09-19T16:35:00.568+0000] {dagbag.py:587} INFO - Filling up the DagBag from /home/vscode/.local/lib/python3.10/site-packages/airflow/example_dags/example_params_trigger_ui.py
[2024-09-19T16:35:00.577+0000] {processor.py:925} INFO - DAG(s) 'example_params_trigger_ui' retrieved from /home/vscode/.local/lib/python3.10/site-packages/airflow/example_dags/example_params_trigger_ui.py
[2024-09-19T16:35:00.611+0000] {logging_mixin.py:190} INFO - [2024-09-19T16:35:00.611+0000] {dag.py:3229} INFO - Sync 1 DAGs
[2024-09-19T16:35:00.621+0000] {logging_mixin.py:190} INFO - [2024-09-19T16:35:00.621+0000] {dag.py:4156} INFO - Setting next_dagrun for example_params_trigger_ui to None, run_after=None
[2024-09-19T16:35:00.659+0000] {processor.py:208} INFO - Processing /home/vscode/.local/lib/python3.10/site-packages/airflow/example_dags/example_params_trigger_ui.py took 0.098 seconds
[2024-09-19T23:22:35.602+0000] {processor.py:186} INFO - Started process (PID=20043) to work on /home/vscode/.local/lib/python3.10/site-packages/airflow/example_dags/example_params_trigger_ui.py
[2024-09-19T23:22:35.602+0000] {processor.py:914} INFO - Processing file /home/vscode/.local/lib/python3.10/site-packages/airflow/example_dags/example_params_trigger_ui.py for tasks to queue
[2024-09-19T23:22:35.604+0000] {logging_mixin.py:190} INFO - [2024-09-19T23:22:35.604+0000] {dagbag.py:587} INFO - Filling up the DagBag from /home/vscode/.local/lib/python3.10/site-packages/airflow/example_dags/example_params_trigger_ui.py
[2024-09-19T23:22:35.612+0000] {processor.py:925} INFO - DAG(s) 'example_params_trigger_ui' retrieved from /home/vscode/.local/lib/python3.10/site-packages/airflow/example_dags/example_params_trigger_ui.py
[2024-09-19T23:22:35.646+0000] {logging_mixin.py:190} INFO - [2024-09-19T23:22:35.646+0000] {dag.py:3229} INFO - Sync 1 DAGs
[2024-09-19T23:22:35.655+0000] {logging_mixin.py:190} INFO - [2024-09-19T23:22:35.655+0000] {dag.py:4156} INFO - Setting next_dagrun for example_params_trigger_ui to None, run_after=None
[2024-09-19T23:22:35.706+0000] {processor.py:208} INFO - Processing /home/vscode/.local/lib/python3.10/site-packages/airflow/example_dags/example_params_trigger_ui.py took 0.109 seconds
[2024-09-19T23:23:33.530+0000] {processor.py:186} INFO - Started process (PID=20453) to work on /home/vscode/.local/lib/python3.10/site-packages/airflow/example_dags/example_params_trigger_ui.py
[2024-09-19T23:23:33.530+0000] {processor.py:914} INFO - Processing file /home/vscode/.local/lib/python3.10/site-packages/airflow/example_dags/example_params_trigger_ui.py for tasks to queue
[2024-09-19T23:23:33.532+0000] {logging_mixin.py:190} INFO - [2024-09-19T23:23:33.532+0000] {dagbag.py:587} INFO - Filling up the DagBag from /home/vscode/.local/lib/python3.10/site-packages/airflow/example_dags/example_params_trigger_ui.py
[2024-09-19T23:23:33.541+0000] {processor.py:925} INFO - DAG(s) 'example_params_trigger_ui' retrieved from /home/vscode/.local/lib/python3.10/site-packages/airflow/example_dags/example_params_trigger_ui.py
[2024-09-19T23:23:33.573+0000] {logging_mixin.py:190} INFO - [2024-09-19T23:23:33.573+0000] {dag.py:3229} INFO - Sync 1 DAGs
[2024-09-19T23:23:33.582+0000] {logging_mixin.py:190} INFO - [2024-09-19T23:23:33.582+0000] {dag.py:4156} INFO - Setting next_dagrun for example_params_trigger_ui to None, run_after=None
[2024-09-19T23:23:33.637+0000] {processor.py:208} INFO - Processing /home/vscode/.local/lib/python3.10/site-packages/airflow/example_dags/example_params_trigger_ui.py took 0.112 seconds
[2024-09-19T23:24:30.106+0000] {processor.py:186} INFO - Started process (PID=20953) to work on /home/vscode/.local/lib/python3.10/site-packages/airflow/example_dags/example_params_trigger_ui.py
[2024-09-19T23:24:30.107+0000] {processor.py:914} INFO - Processing file /home/vscode/.local/lib/python3.10/site-packages/airflow/example_dags/example_params_trigger_ui.py for tasks to queue
[2024-09-19T23:24:30.109+0000] {logging_mixin.py:190} INFO - [2024-09-19T23:24:30.108+0000] {dagbag.py:587} INFO - Filling up the DagBag from /home/vscode/.local/lib/python3.10/site-packages/airflow/example_dags/example_params_trigger_ui.py
[2024-09-19T23:24:30.117+0000] {processor.py:925} INFO - DAG(s) 'example_params_trigger_ui' retrieved from /home/vscode/.local/lib/python3.10/site-packages/airflow/example_dags/example_params_trigger_ui.py
[2024-09-19T23:24:30.150+0000] {logging_mixin.py:190} INFO - [2024-09-19T23:24:30.149+0000] {dag.py:3229} INFO - Sync 1 DAGs
[2024-09-19T23:24:30.159+0000] {logging_mixin.py:190} INFO - [2024-09-19T23:24:30.158+0000] {dag.py:4156} INFO - Setting next_dagrun for example_params_trigger_ui to None, run_after=None
[2024-09-19T23:24:30.219+0000] {processor.py:208} INFO - Processing /home/vscode/.local/lib/python3.10/site-packages/airflow/example_dags/example_params_trigger_ui.py took 0.117 seconds
[2024-09-19T23:25:26.812+0000] {processor.py:186} INFO - Started process (PID=21366) to work on /home/vscode/.local/lib/python3.10/site-packages/airflow/example_dags/example_params_trigger_ui.py
[2024-09-19T23:25:26.812+0000] {processor.py:914} INFO - Processing file /home/vscode/.local/lib/python3.10/site-packages/airflow/example_dags/example_params_trigger_ui.py for tasks to queue
[2024-09-19T23:25:26.814+0000] {logging_mixin.py:190} INFO - [2024-09-19T23:25:26.814+0000] {dagbag.py:587} INFO - Filling up the DagBag from /home/vscode/.local/lib/python3.10/site-packages/airflow/example_dags/example_params_trigger_ui.py
[2024-09-19T23:25:26.822+0000] {processor.py:925} INFO - DAG(s) 'example_params_trigger_ui' retrieved from /home/vscode/.local/lib/python3.10/site-packages/airflow/example_dags/example_params_trigger_ui.py
[2024-09-19T23:25:26.866+0000] {logging_mixin.py:190} INFO - [2024-09-19T23:25:26.865+0000] {dag.py:3229} INFO - Sync 1 DAGs
[2024-09-19T23:25:26.879+0000] {logging_mixin.py:190} INFO - [2024-09-19T23:25:26.879+0000] {dag.py:4156} INFO - Setting next_dagrun for example_params_trigger_ui to None, run_after=None
[2024-09-19T23:25:26.932+0000] {processor.py:208} INFO - Processing /home/vscode/.local/lib/python3.10/site-packages/airflow/example_dags/example_params_trigger_ui.py took 0.125 seconds
