[2024-09-19T16:25:15.258+0000] {processor.py:186} INFO - Started process (PID=11716) to work on /home/vscode/.local/lib/python3.10/site-packages/airflow/example_dags/example_inlet_event_extra.py
[2024-09-19T16:25:15.259+0000] {processor.py:914} INFO - Processing file /home/vscode/.local/lib/python3.10/site-packages/airflow/example_dags/example_inlet_event_extra.py for tasks to queue
[2024-09-19T16:25:15.261+0000] {logging_mixin.py:190} INFO - [2024-09-19T16:25:15.260+0000] {dagbag.py:587} INFO - Filling up the DagBag from /home/vscode/.local/lib/python3.10/site-packages/airflow/example_dags/example_inlet_event_extra.py
[2024-09-19T16:25:15.271+0000] {processor.py:925} INFO - DAG(s) 'read_dataset_event_from_classic', 'read_dataset_event' retrieved from /home/vscode/.local/lib/python3.10/site-packages/airflow/example_dags/example_inlet_event_extra.py
[2024-09-19T16:25:15.421+0000] {logging_mixin.py:190} INFO - [2024-09-19T16:25:15.420+0000] {override.py:1900} INFO - Created Permission View: can edit on DAG:read_dataset_event_from_classic
[2024-09-19T16:25:15.448+0000] {logging_mixin.py:190} INFO - [2024-09-19T16:25:15.448+0000] {override.py:1900} INFO - Created Permission View: can read on DAG:read_dataset_event_from_classic
[2024-09-19T16:25:15.472+0000] {logging_mixin.py:190} INFO - [2024-09-19T16:25:15.471+0000] {override.py:1900} INFO - Created Permission View: can delete on DAG:read_dataset_event_from_classic
[2024-09-19T16:25:15.517+0000] {logging_mixin.py:190} INFO - [2024-09-19T16:25:15.517+0000] {override.py:1900} INFO - Created Permission View: menu access on DAG Run:read_dataset_event_from_classic
[2024-09-19T16:25:15.542+0000] {logging_mixin.py:190} INFO - [2024-09-19T16:25:15.542+0000] {override.py:1900} INFO - Created Permission View: can read on DAG Run:read_dataset_event_from_classic
[2024-09-19T16:25:15.566+0000] {logging_mixin.py:190} INFO - [2024-09-19T16:25:15.565+0000] {override.py:1900} INFO - Created Permission View: can create on DAG Run:read_dataset_event_from_classic
[2024-09-19T16:25:15.594+0000] {logging_mixin.py:190} INFO - [2024-09-19T16:25:15.594+0000] {override.py:1900} INFO - Created Permission View: can delete on DAG Run:read_dataset_event_from_classic
[2024-09-19T16:25:15.677+0000] {logging_mixin.py:190} INFO - [2024-09-19T16:25:15.676+0000] {override.py:1900} INFO - Created Permission View: can edit on DAG:read_dataset_event
[2024-09-19T16:25:15.731+0000] {logging_mixin.py:190} INFO - [2024-09-19T16:25:15.730+0000] {override.py:1900} INFO - Created Permission View: can read on DAG:read_dataset_event
[2024-09-19T16:25:15.764+0000] {logging_mixin.py:190} INFO - [2024-09-19T16:25:15.763+0000] {override.py:1900} INFO - Created Permission View: can delete on DAG:read_dataset_event
[2024-09-19T16:25:15.818+0000] {logging_mixin.py:190} INFO - [2024-09-19T16:25:15.817+0000] {override.py:1900} INFO - Created Permission View: menu access on DAG Run:read_dataset_event
[2024-09-19T16:25:15.850+0000] {logging_mixin.py:190} INFO - [2024-09-19T16:25:15.849+0000] {override.py:1900} INFO - Created Permission View: can read on DAG Run:read_dataset_event
[2024-09-19T16:25:15.881+0000] {logging_mixin.py:190} INFO - [2024-09-19T16:25:15.880+0000] {override.py:1900} INFO - Created Permission View: can create on DAG Run:read_dataset_event
[2024-09-19T16:25:15.902+0000] {logging_mixin.py:190} INFO - [2024-09-19T16:25:15.902+0000] {override.py:1900} INFO - Created Permission View: can delete on DAG Run:read_dataset_event
[2024-09-19T16:25:15.902+0000] {logging_mixin.py:190} INFO - [2024-09-19T16:25:15.902+0000] {dag.py:3229} INFO - Sync 2 DAGs
[2024-09-19T16:25:15.912+0000] {logging_mixin.py:190} INFO - [2024-09-19T16:25:15.912+0000] {dag.py:3252} INFO - Creating ORM DAG for read_dataset_event_from_classic
[2024-09-19T16:25:15.913+0000] {logging_mixin.py:190} INFO - [2024-09-19T16:25:15.913+0000] {dag.py:3252} INFO - Creating ORM DAG for read_dataset_event
[2024-09-19T16:25:15.920+0000] {logging_mixin.py:190} INFO - [2024-09-19T16:25:15.920+0000] {dag.py:4156} INFO - Setting next_dagrun for read_dataset_event to 2024-09-18 00:00:00+00:00, run_after=2024-09-19 00:00:00+00:00
[2024-09-19T16:25:15.922+0000] {logging_mixin.py:190} INFO - [2024-09-19T16:25:15.922+0000] {dag.py:4156} INFO - Setting next_dagrun for read_dataset_event_from_classic to 2024-09-18 00:00:00+00:00, run_after=2024-09-19 00:00:00+00:00
[2024-09-19T16:25:15.965+0000] {processor.py:208} INFO - Processing /home/vscode/.local/lib/python3.10/site-packages/airflow/example_dags/example_inlet_event_extra.py took 0.712 seconds
[2024-09-19T16:26:29.771+0000] {processor.py:186} INFO - Started process (PID=12196) to work on /home/vscode/.local/lib/python3.10/site-packages/airflow/example_dags/example_inlet_event_extra.py
[2024-09-19T16:26:29.772+0000] {processor.py:914} INFO - Processing file /home/vscode/.local/lib/python3.10/site-packages/airflow/example_dags/example_inlet_event_extra.py for tasks to queue
[2024-09-19T16:26:29.773+0000] {logging_mixin.py:190} INFO - [2024-09-19T16:26:29.773+0000] {dagbag.py:587} INFO - Filling up the DagBag from /home/vscode/.local/lib/python3.10/site-packages/airflow/example_dags/example_inlet_event_extra.py
[2024-09-19T16:26:29.783+0000] {processor.py:925} INFO - DAG(s) 'read_dataset_event', 'read_dataset_event_from_classic' retrieved from /home/vscode/.local/lib/python3.10/site-packages/airflow/example_dags/example_inlet_event_extra.py
[2024-09-19T16:26:29.796+0000] {logging_mixin.py:190} INFO - [2024-09-19T16:26:29.796+0000] {dag.py:3229} INFO - Sync 2 DAGs
[2024-09-19T16:26:29.812+0000] {logging_mixin.py:190} INFO - [2024-09-19T16:26:29.812+0000] {dag.py:4156} INFO - Setting next_dagrun for read_dataset_event to 2024-09-18 00:00:00+00:00, run_after=2024-09-19 00:00:00+00:00
[2024-09-19T16:26:29.815+0000] {logging_mixin.py:190} INFO - [2024-09-19T16:26:29.815+0000] {dag.py:4156} INFO - Setting next_dagrun for read_dataset_event_from_classic to 2024-09-18 00:00:00+00:00, run_after=2024-09-19 00:00:00+00:00
[2024-09-19T16:26:29.845+0000] {processor.py:208} INFO - Processing /home/vscode/.local/lib/python3.10/site-packages/airflow/example_dags/example_inlet_event_extra.py took 0.079 seconds
[2024-09-19T16:27:26.674+0000] {processor.py:186} INFO - Started process (PID=12612) to work on /home/vscode/.local/lib/python3.10/site-packages/airflow/example_dags/example_inlet_event_extra.py
[2024-09-19T16:27:26.675+0000] {processor.py:914} INFO - Processing file /home/vscode/.local/lib/python3.10/site-packages/airflow/example_dags/example_inlet_event_extra.py for tasks to queue
[2024-09-19T16:27:26.677+0000] {logging_mixin.py:190} INFO - [2024-09-19T16:27:26.676+0000] {dagbag.py:587} INFO - Filling up the DagBag from /home/vscode/.local/lib/python3.10/site-packages/airflow/example_dags/example_inlet_event_extra.py
[2024-09-19T16:27:26.687+0000] {processor.py:925} INFO - DAG(s) 'read_dataset_event', 'read_dataset_event_from_classic' retrieved from /home/vscode/.local/lib/python3.10/site-packages/airflow/example_dags/example_inlet_event_extra.py
[2024-09-19T16:27:26.701+0000] {logging_mixin.py:190} INFO - [2024-09-19T16:27:26.701+0000] {dag.py:3229} INFO - Sync 2 DAGs
[2024-09-19T16:27:26.719+0000] {logging_mixin.py:190} INFO - [2024-09-19T16:27:26.719+0000] {dag.py:4156} INFO - Setting next_dagrun for read_dataset_event to 2024-09-18 00:00:00+00:00, run_after=2024-09-19 00:00:00+00:00
[2024-09-19T16:27:26.724+0000] {logging_mixin.py:190} INFO - [2024-09-19T16:27:26.723+0000] {dag.py:4156} INFO - Setting next_dagrun for read_dataset_event_from_classic to 2024-09-18 00:00:00+00:00, run_after=2024-09-19 00:00:00+00:00
[2024-09-19T16:27:26.758+0000] {processor.py:208} INFO - Processing /home/vscode/.local/lib/python3.10/site-packages/airflow/example_dags/example_inlet_event_extra.py took 0.089 seconds
[2024-09-19T16:28:19.838+0000] {processor.py:186} INFO - Started process (PID=12970) to work on /home/vscode/.local/lib/python3.10/site-packages/airflow/example_dags/example_inlet_event_extra.py
[2024-09-19T16:28:19.839+0000] {processor.py:914} INFO - Processing file /home/vscode/.local/lib/python3.10/site-packages/airflow/example_dags/example_inlet_event_extra.py for tasks to queue
[2024-09-19T16:28:19.840+0000] {logging_mixin.py:190} INFO - [2024-09-19T16:28:19.840+0000] {dagbag.py:587} INFO - Filling up the DagBag from /home/vscode/.local/lib/python3.10/site-packages/airflow/example_dags/example_inlet_event_extra.py
[2024-09-19T16:28:19.850+0000] {processor.py:925} INFO - DAG(s) 'read_dataset_event', 'read_dataset_event_from_classic' retrieved from /home/vscode/.local/lib/python3.10/site-packages/airflow/example_dags/example_inlet_event_extra.py
[2024-09-19T16:28:19.863+0000] {logging_mixin.py:190} INFO - [2024-09-19T16:28:19.863+0000] {dag.py:3229} INFO - Sync 2 DAGs
[2024-09-19T16:28:19.880+0000] {logging_mixin.py:190} INFO - [2024-09-19T16:28:19.880+0000] {dag.py:4156} INFO - Setting next_dagrun for read_dataset_event to 2024-09-18 00:00:00+00:00, run_after=2024-09-19 00:00:00+00:00
[2024-09-19T16:28:19.884+0000] {logging_mixin.py:190} INFO - [2024-09-19T16:28:19.884+0000] {dag.py:4156} INFO - Setting next_dagrun for read_dataset_event_from_classic to 2024-09-18 00:00:00+00:00, run_after=2024-09-19 00:00:00+00:00
[2024-09-19T16:28:19.940+0000] {processor.py:208} INFO - Processing /home/vscode/.local/lib/python3.10/site-packages/airflow/example_dags/example_inlet_event_extra.py took 0.107 seconds
[2024-09-19T16:29:12.925+0000] {processor.py:186} INFO - Started process (PID=13507) to work on /home/vscode/.local/lib/python3.10/site-packages/airflow/example_dags/example_inlet_event_extra.py
[2024-09-19T16:29:12.926+0000] {processor.py:914} INFO - Processing file /home/vscode/.local/lib/python3.10/site-packages/airflow/example_dags/example_inlet_event_extra.py for tasks to queue
[2024-09-19T16:29:12.927+0000] {logging_mixin.py:190} INFO - [2024-09-19T16:29:12.927+0000] {dagbag.py:587} INFO - Filling up the DagBag from /home/vscode/.local/lib/python3.10/site-packages/airflow/example_dags/example_inlet_event_extra.py
[2024-09-19T16:29:12.939+0000] {processor.py:925} INFO - DAG(s) 'read_dataset_event_from_classic', 'read_dataset_event' retrieved from /home/vscode/.local/lib/python3.10/site-packages/airflow/example_dags/example_inlet_event_extra.py
[2024-09-19T16:29:12.952+0000] {logging_mixin.py:190} INFO - [2024-09-19T16:29:12.952+0000] {dag.py:3229} INFO - Sync 2 DAGs
[2024-09-19T16:29:12.969+0000] {logging_mixin.py:190} INFO - [2024-09-19T16:29:12.969+0000] {dag.py:4156} INFO - Setting next_dagrun for read_dataset_event to 2024-09-18 00:00:00+00:00, run_after=2024-09-19 00:00:00+00:00
[2024-09-19T16:29:12.973+0000] {logging_mixin.py:190} INFO - [2024-09-19T16:29:12.973+0000] {dag.py:4156} INFO - Setting next_dagrun for read_dataset_event_from_classic to 2024-09-18 00:00:00+00:00, run_after=2024-09-19 00:00:00+00:00
[2024-09-19T16:29:13.009+0000] {processor.py:208} INFO - Processing /home/vscode/.local/lib/python3.10/site-packages/airflow/example_dags/example_inlet_event_extra.py took 0.090 seconds
[2024-09-19T16:30:01.541+0000] {processor.py:186} INFO - Started process (PID=13838) to work on /home/vscode/.local/lib/python3.10/site-packages/airflow/example_dags/example_inlet_event_extra.py
[2024-09-19T16:30:01.541+0000] {processor.py:914} INFO - Processing file /home/vscode/.local/lib/python3.10/site-packages/airflow/example_dags/example_inlet_event_extra.py for tasks to queue
[2024-09-19T16:30:01.543+0000] {logging_mixin.py:190} INFO - [2024-09-19T16:30:01.543+0000] {dagbag.py:587} INFO - Filling up the DagBag from /home/vscode/.local/lib/python3.10/site-packages/airflow/example_dags/example_inlet_event_extra.py
[2024-09-19T16:30:01.553+0000] {processor.py:925} INFO - DAG(s) 'read_dataset_event', 'read_dataset_event_from_classic' retrieved from /home/vscode/.local/lib/python3.10/site-packages/airflow/example_dags/example_inlet_event_extra.py
[2024-09-19T16:30:01.567+0000] {logging_mixin.py:190} INFO - [2024-09-19T16:30:01.567+0000] {dag.py:3229} INFO - Sync 2 DAGs
[2024-09-19T16:30:01.585+0000] {logging_mixin.py:190} INFO - [2024-09-19T16:30:01.585+0000] {dag.py:4156} INFO - Setting next_dagrun for read_dataset_event to 2024-09-18 00:00:00+00:00, run_after=2024-09-19 00:00:00+00:00
[2024-09-19T16:30:01.588+0000] {logging_mixin.py:190} INFO - [2024-09-19T16:30:01.588+0000] {dag.py:4156} INFO - Setting next_dagrun for read_dataset_event_from_classic to 2024-09-18 00:00:00+00:00, run_after=2024-09-19 00:00:00+00:00
[2024-09-19T16:30:01.629+0000] {processor.py:208} INFO - Processing /home/vscode/.local/lib/python3.10/site-packages/airflow/example_dags/example_inlet_event_extra.py took 0.094 seconds
[2024-09-19T16:30:51.373+0000] {processor.py:186} INFO - Started process (PID=14174) to work on /home/vscode/.local/lib/python3.10/site-packages/airflow/example_dags/example_inlet_event_extra.py
[2024-09-19T16:30:51.374+0000] {processor.py:914} INFO - Processing file /home/vscode/.local/lib/python3.10/site-packages/airflow/example_dags/example_inlet_event_extra.py for tasks to queue
[2024-09-19T16:30:51.376+0000] {logging_mixin.py:190} INFO - [2024-09-19T16:30:51.376+0000] {dagbag.py:587} INFO - Filling up the DagBag from /home/vscode/.local/lib/python3.10/site-packages/airflow/example_dags/example_inlet_event_extra.py
[2024-09-19T16:30:51.390+0000] {processor.py:925} INFO - DAG(s) 'read_dataset_event_from_classic', 'read_dataset_event' retrieved from /home/vscode/.local/lib/python3.10/site-packages/airflow/example_dags/example_inlet_event_extra.py
[2024-09-19T16:30:51.410+0000] {logging_mixin.py:190} INFO - [2024-09-19T16:30:51.410+0000] {dag.py:3229} INFO - Sync 2 DAGs
[2024-09-19T16:30:51.436+0000] {logging_mixin.py:190} INFO - [2024-09-19T16:30:51.436+0000] {dag.py:4156} INFO - Setting next_dagrun for read_dataset_event to 2024-09-18 00:00:00+00:00, run_after=2024-09-19 00:00:00+00:00
[2024-09-19T16:30:51.442+0000] {logging_mixin.py:190} INFO - [2024-09-19T16:30:51.442+0000] {dag.py:4156} INFO - Setting next_dagrun for read_dataset_event_from_classic to 2024-09-18 00:00:00+00:00, run_after=2024-09-19 00:00:00+00:00
[2024-09-19T16:30:51.481+0000] {processor.py:208} INFO - Processing /home/vscode/.local/lib/python3.10/site-packages/airflow/example_dags/example_inlet_event_extra.py took 0.114 seconds
[2024-09-19T16:31:43.939+0000] {processor.py:186} INFO - Started process (PID=14690) to work on /home/vscode/.local/lib/python3.10/site-packages/airflow/example_dags/example_inlet_event_extra.py
[2024-09-19T16:31:43.940+0000] {processor.py:914} INFO - Processing file /home/vscode/.local/lib/python3.10/site-packages/airflow/example_dags/example_inlet_event_extra.py for tasks to queue
[2024-09-19T16:31:43.942+0000] {logging_mixin.py:190} INFO - [2024-09-19T16:31:43.941+0000] {dagbag.py:587} INFO - Filling up the DagBag from /home/vscode/.local/lib/python3.10/site-packages/airflow/example_dags/example_inlet_event_extra.py
[2024-09-19T16:31:43.952+0000] {processor.py:925} INFO - DAG(s) 'read_dataset_event_from_classic', 'read_dataset_event' retrieved from /home/vscode/.local/lib/python3.10/site-packages/airflow/example_dags/example_inlet_event_extra.py
[2024-09-19T16:31:43.965+0000] {logging_mixin.py:190} INFO - [2024-09-19T16:31:43.965+0000] {dag.py:3229} INFO - Sync 2 DAGs
[2024-09-19T16:31:43.983+0000] {logging_mixin.py:190} INFO - [2024-09-19T16:31:43.982+0000] {dag.py:4156} INFO - Setting next_dagrun for read_dataset_event to 2024-09-18 00:00:00+00:00, run_after=2024-09-19 00:00:00+00:00
[2024-09-19T16:31:43.987+0000] {logging_mixin.py:190} INFO - [2024-09-19T16:31:43.986+0000] {dag.py:4156} INFO - Setting next_dagrun for read_dataset_event_from_classic to 2024-09-18 00:00:00+00:00, run_after=2024-09-19 00:00:00+00:00
[2024-09-19T16:31:44.025+0000] {processor.py:208} INFO - Processing /home/vscode/.local/lib/python3.10/site-packages/airflow/example_dags/example_inlet_event_extra.py took 0.091 seconds
[2024-09-19T16:32:38.699+0000] {processor.py:186} INFO - Started process (PID=15214) to work on /home/vscode/.local/lib/python3.10/site-packages/airflow/example_dags/example_inlet_event_extra.py
[2024-09-19T16:32:38.700+0000] {processor.py:914} INFO - Processing file /home/vscode/.local/lib/python3.10/site-packages/airflow/example_dags/example_inlet_event_extra.py for tasks to queue
[2024-09-19T16:32:38.701+0000] {logging_mixin.py:190} INFO - [2024-09-19T16:32:38.701+0000] {dagbag.py:587} INFO - Filling up the DagBag from /home/vscode/.local/lib/python3.10/site-packages/airflow/example_dags/example_inlet_event_extra.py
[2024-09-19T16:32:38.711+0000] {processor.py:925} INFO - DAG(s) 'read_dataset_event', 'read_dataset_event_from_classic' retrieved from /home/vscode/.local/lib/python3.10/site-packages/airflow/example_dags/example_inlet_event_extra.py
[2024-09-19T16:32:38.724+0000] {logging_mixin.py:190} INFO - [2024-09-19T16:32:38.724+0000] {dag.py:3229} INFO - Sync 2 DAGs
[2024-09-19T16:32:38.741+0000] {logging_mixin.py:190} INFO - [2024-09-19T16:32:38.740+0000] {dag.py:4156} INFO - Setting next_dagrun for read_dataset_event to 2024-09-18 00:00:00+00:00, run_after=2024-09-19 00:00:00+00:00
[2024-09-19T16:32:38.744+0000] {logging_mixin.py:190} INFO - [2024-09-19T16:32:38.744+0000] {dag.py:4156} INFO - Setting next_dagrun for read_dataset_event_from_classic to 2024-09-18 00:00:00+00:00, run_after=2024-09-19 00:00:00+00:00
[2024-09-19T16:32:38.777+0000] {processor.py:208} INFO - Processing /home/vscode/.local/lib/python3.10/site-packages/airflow/example_dags/example_inlet_event_extra.py took 0.082 seconds
[2024-09-19T16:33:30.463+0000] {processor.py:186} INFO - Started process (PID=15572) to work on /home/vscode/.local/lib/python3.10/site-packages/airflow/example_dags/example_inlet_event_extra.py
[2024-09-19T16:33:30.464+0000] {processor.py:914} INFO - Processing file /home/vscode/.local/lib/python3.10/site-packages/airflow/example_dags/example_inlet_event_extra.py for tasks to queue
[2024-09-19T16:33:30.465+0000] {logging_mixin.py:190} INFO - [2024-09-19T16:33:30.465+0000] {dagbag.py:587} INFO - Filling up the DagBag from /home/vscode/.local/lib/python3.10/site-packages/airflow/example_dags/example_inlet_event_extra.py
[2024-09-19T16:33:30.475+0000] {processor.py:925} INFO - DAG(s) 'read_dataset_event', 'read_dataset_event_from_classic' retrieved from /home/vscode/.local/lib/python3.10/site-packages/airflow/example_dags/example_inlet_event_extra.py
[2024-09-19T16:33:30.488+0000] {logging_mixin.py:190} INFO - [2024-09-19T16:33:30.488+0000] {dag.py:3229} INFO - Sync 2 DAGs
[2024-09-19T16:33:30.505+0000] {logging_mixin.py:190} INFO - [2024-09-19T16:33:30.505+0000] {dag.py:4156} INFO - Setting next_dagrun for read_dataset_event to 2024-09-18 00:00:00+00:00, run_after=2024-09-19 00:00:00+00:00
[2024-09-19T16:33:30.509+0000] {logging_mixin.py:190} INFO - [2024-09-19T16:33:30.508+0000] {dag.py:4156} INFO - Setting next_dagrun for read_dataset_event_from_classic to 2024-09-18 00:00:00+00:00, run_after=2024-09-19 00:00:00+00:00
[2024-09-19T16:33:30.544+0000] {processor.py:208} INFO - Processing /home/vscode/.local/lib/python3.10/site-packages/airflow/example_dags/example_inlet_event_extra.py took 0.086 seconds
[2024-09-19T16:34:20.089+0000] {processor.py:186} INFO - Started process (PID=15902) to work on /home/vscode/.local/lib/python3.10/site-packages/airflow/example_dags/example_inlet_event_extra.py
[2024-09-19T16:34:20.090+0000] {processor.py:914} INFO - Processing file /home/vscode/.local/lib/python3.10/site-packages/airflow/example_dags/example_inlet_event_extra.py for tasks to queue
[2024-09-19T16:34:20.091+0000] {logging_mixin.py:190} INFO - [2024-09-19T16:34:20.091+0000] {dagbag.py:587} INFO - Filling up the DagBag from /home/vscode/.local/lib/python3.10/site-packages/airflow/example_dags/example_inlet_event_extra.py
[2024-09-19T16:34:20.101+0000] {processor.py:925} INFO - DAG(s) 'read_dataset_event', 'read_dataset_event_from_classic' retrieved from /home/vscode/.local/lib/python3.10/site-packages/airflow/example_dags/example_inlet_event_extra.py
[2024-09-19T16:34:20.115+0000] {logging_mixin.py:190} INFO - [2024-09-19T16:34:20.115+0000] {dag.py:3229} INFO - Sync 2 DAGs
[2024-09-19T16:34:20.133+0000] {logging_mixin.py:190} INFO - [2024-09-19T16:34:20.133+0000] {dag.py:4156} INFO - Setting next_dagrun for read_dataset_event to 2024-09-18 00:00:00+00:00, run_after=2024-09-19 00:00:00+00:00
[2024-09-19T16:34:20.137+0000] {logging_mixin.py:190} INFO - [2024-09-19T16:34:20.137+0000] {dag.py:4156} INFO - Setting next_dagrun for read_dataset_event_from_classic to 2024-09-18 00:00:00+00:00, run_after=2024-09-19 00:00:00+00:00
[2024-09-19T16:34:20.169+0000] {processor.py:208} INFO - Processing /home/vscode/.local/lib/python3.10/site-packages/airflow/example_dags/example_inlet_event_extra.py took 0.085 seconds
[2024-09-19T16:35:07.004+0000] {processor.py:186} INFO - Started process (PID=16218) to work on /home/vscode/.local/lib/python3.10/site-packages/airflow/example_dags/example_inlet_event_extra.py
[2024-09-19T16:35:07.005+0000] {processor.py:914} INFO - Processing file /home/vscode/.local/lib/python3.10/site-packages/airflow/example_dags/example_inlet_event_extra.py for tasks to queue
[2024-09-19T16:35:07.007+0000] {logging_mixin.py:190} INFO - [2024-09-19T16:35:07.006+0000] {dagbag.py:587} INFO - Filling up the DagBag from /home/vscode/.local/lib/python3.10/site-packages/airflow/example_dags/example_inlet_event_extra.py
[2024-09-19T16:35:07.016+0000] {processor.py:925} INFO - DAG(s) 'read_dataset_event_from_classic', 'read_dataset_event' retrieved from /home/vscode/.local/lib/python3.10/site-packages/airflow/example_dags/example_inlet_event_extra.py
[2024-09-19T16:35:07.029+0000] {logging_mixin.py:190} INFO - [2024-09-19T16:35:07.029+0000] {dag.py:3229} INFO - Sync 2 DAGs
[2024-09-19T16:35:07.046+0000] {logging_mixin.py:190} INFO - [2024-09-19T16:35:07.045+0000] {dag.py:4156} INFO - Setting next_dagrun for read_dataset_event to 2024-09-18 00:00:00+00:00, run_after=2024-09-19 00:00:00+00:00
[2024-09-19T16:35:07.049+0000] {logging_mixin.py:190} INFO - [2024-09-19T16:35:07.049+0000] {dag.py:4156} INFO - Setting next_dagrun for read_dataset_event_from_classic to 2024-09-18 00:00:00+00:00, run_after=2024-09-19 00:00:00+00:00
[2024-09-19T16:35:07.080+0000] {processor.py:208} INFO - Processing /home/vscode/.local/lib/python3.10/site-packages/airflow/example_dags/example_inlet_event_extra.py took 0.081 seconds
