[2024-09-19T16:25:50.420+0000] {processor.py:157} INFO - Started process (PID=16182) to work on /home/vscode/.local/lib/python3.10/site-packages/airflow/example_dags/example_branch_operator_decorator.py
[2024-09-19T16:25:50.420+0000] {processor.py:826} INFO - Processing file /home/vscode/.local/lib/python3.10/site-packages/airflow/example_dags/example_branch_operator_decorator.py for tasks to queue
[2024-09-19T16:25:50.421+0000] {logging_mixin.py:150} INFO - [2024-09-19T16:25:50.421+0000] {dagbag.py:541} INFO - Filling up the DagBag from /home/vscode/.local/lib/python3.10/site-packages/airflow/example_dags/example_branch_operator_decorator.py
[2024-09-19T16:25:50.428+0000] {processor.py:836} INFO - DAG(s) dict_keys(['example_branch_python_operator_decorator']) retrieved from /home/vscode/.local/lib/python3.10/site-packages/airflow/example_dags/example_branch_operator_decorator.py
[2024-09-19T16:25:50.640+0000] {logging_mixin.py:150} INFO - [2024-09-19T16:25:50.640+0000] {manager.py:504} INFO - Created Permission View: can edit on DAG:example_branch_python_operator_decorator
[2024-09-19T16:25:50.664+0000] {logging_mixin.py:150} INFO - [2024-09-19T16:25:50.664+0000] {manager.py:504} INFO - Created Permission View: can delete on DAG:example_branch_python_operator_decorator
[2024-09-19T16:25:50.690+0000] {logging_mixin.py:150} INFO - [2024-09-19T16:25:50.690+0000] {manager.py:504} INFO - Created Permission View: can read on DAG:example_branch_python_operator_decorator
[2024-09-19T16:25:50.698+0000] {logging_mixin.py:150} INFO - [2024-09-19T16:25:50.698+0000] {dag.py:2742} INFO - Sync 1 DAGs
[2024-09-19T16:25:50.704+0000] {logging_mixin.py:150} INFO - [2024-09-19T16:25:50.704+0000] {dag.py:2763} INFO - Creating ORM DAG for example_branch_python_operator_decorator
[2024-09-19T16:25:50.711+0000] {logging_mixin.py:150} INFO - [2024-09-19T16:25:50.711+0000] {dag.py:3504} INFO - Setting next_dagrun for example_branch_python_operator_decorator to 2024-09-18T00:00:00+00:00, run_after=2024-09-19T00:00:00+00:00
[2024-09-19T16:25:50.761+0000] {processor.py:179} INFO - Processing /home/vscode/.local/lib/python3.10/site-packages/airflow/example_dags/example_branch_operator_decorator.py took 0.344 seconds
[2024-09-19T16:26:43.210+0000] {processor.py:157} INFO - Started process (PID=16528) to work on /home/vscode/.local/lib/python3.10/site-packages/airflow/example_dags/example_branch_operator_decorator.py
[2024-09-19T16:26:43.211+0000] {processor.py:826} INFO - Processing file /home/vscode/.local/lib/python3.10/site-packages/airflow/example_dags/example_branch_operator_decorator.py for tasks to queue
[2024-09-19T16:26:43.212+0000] {logging_mixin.py:150} INFO - [2024-09-19T16:26:43.211+0000] {dagbag.py:541} INFO - Filling up the DagBag from /home/vscode/.local/lib/python3.10/site-packages/airflow/example_dags/example_branch_operator_decorator.py
[2024-09-19T16:26:43.221+0000] {processor.py:836} INFO - DAG(s) dict_keys(['example_branch_python_operator_decorator']) retrieved from /home/vscode/.local/lib/python3.10/site-packages/airflow/example_dags/example_branch_operator_decorator.py
[2024-09-19T16:26:43.235+0000] {logging_mixin.py:150} INFO - [2024-09-19T16:26:43.235+0000] {dag.py:2742} INFO - Sync 1 DAGs
[2024-09-19T16:26:43.250+0000] {logging_mixin.py:150} INFO - [2024-09-19T16:26:43.250+0000] {dag.py:3504} INFO - Setting next_dagrun for example_branch_python_operator_decorator to 2024-09-18T00:00:00+00:00, run_after=2024-09-19T00:00:00+00:00
[2024-09-19T16:26:43.281+0000] {processor.py:179} INFO - Processing /home/vscode/.local/lib/python3.10/site-packages/airflow/example_dags/example_branch_operator_decorator.py took 0.074 seconds
[2024-09-19T16:27:29.918+0000] {processor.py:157} INFO - Started process (PID=16848) to work on /home/vscode/.local/lib/python3.10/site-packages/airflow/example_dags/example_branch_operator_decorator.py
[2024-09-19T16:27:29.918+0000] {processor.py:826} INFO - Processing file /home/vscode/.local/lib/python3.10/site-packages/airflow/example_dags/example_branch_operator_decorator.py for tasks to queue
[2024-09-19T16:27:29.919+0000] {logging_mixin.py:150} INFO - [2024-09-19T16:27:29.919+0000] {dagbag.py:541} INFO - Filling up the DagBag from /home/vscode/.local/lib/python3.10/site-packages/airflow/example_dags/example_branch_operator_decorator.py
[2024-09-19T16:27:29.926+0000] {processor.py:836} INFO - DAG(s) dict_keys(['example_branch_python_operator_decorator']) retrieved from /home/vscode/.local/lib/python3.10/site-packages/airflow/example_dags/example_branch_operator_decorator.py
[2024-09-19T16:27:29.939+0000] {logging_mixin.py:150} INFO - [2024-09-19T16:27:29.939+0000] {dag.py:2742} INFO - Sync 1 DAGs
[2024-09-19T16:27:29.954+0000] {logging_mixin.py:150} INFO - [2024-09-19T16:27:29.954+0000] {dag.py:3504} INFO - Setting next_dagrun for example_branch_python_operator_decorator to 2024-09-18T00:00:00+00:00, run_after=2024-09-19T00:00:00+00:00
[2024-09-19T16:27:29.989+0000] {processor.py:179} INFO - Processing /home/vscode/.local/lib/python3.10/site-packages/airflow/example_dags/example_branch_operator_decorator.py took 0.074 seconds
[2024-09-19T16:28:17.898+0000] {processor.py:157} INFO - Started process (PID=17187) to work on /home/vscode/.local/lib/python3.10/site-packages/airflow/example_dags/example_branch_operator_decorator.py
[2024-09-19T16:28:17.899+0000] {processor.py:826} INFO - Processing file /home/vscode/.local/lib/python3.10/site-packages/airflow/example_dags/example_branch_operator_decorator.py for tasks to queue
[2024-09-19T16:28:17.900+0000] {logging_mixin.py:150} INFO - [2024-09-19T16:28:17.899+0000] {dagbag.py:541} INFO - Filling up the DagBag from /home/vscode/.local/lib/python3.10/site-packages/airflow/example_dags/example_branch_operator_decorator.py
[2024-09-19T16:28:17.907+0000] {processor.py:836} INFO - DAG(s) dict_keys(['example_branch_python_operator_decorator']) retrieved from /home/vscode/.local/lib/python3.10/site-packages/airflow/example_dags/example_branch_operator_decorator.py
[2024-09-19T16:28:17.920+0000] {logging_mixin.py:150} INFO - [2024-09-19T16:28:17.920+0000] {dag.py:2742} INFO - Sync 1 DAGs
[2024-09-19T16:28:17.936+0000] {logging_mixin.py:150} INFO - [2024-09-19T16:28:17.936+0000] {dag.py:3504} INFO - Setting next_dagrun for example_branch_python_operator_decorator to 2024-09-18T00:00:00+00:00, run_after=2024-09-19T00:00:00+00:00
[2024-09-19T16:28:17.972+0000] {processor.py:179} INFO - Processing /home/vscode/.local/lib/python3.10/site-packages/airflow/example_dags/example_branch_operator_decorator.py took 0.076 seconds
[2024-09-19T16:29:02.021+0000] {processor.py:157} INFO - Started process (PID=17517) to work on /home/vscode/.local/lib/python3.10/site-packages/airflow/example_dags/example_branch_operator_decorator.py
[2024-09-19T16:29:02.022+0000] {processor.py:826} INFO - Processing file /home/vscode/.local/lib/python3.10/site-packages/airflow/example_dags/example_branch_operator_decorator.py for tasks to queue
[2024-09-19T16:29:02.023+0000] {logging_mixin.py:150} INFO - [2024-09-19T16:29:02.022+0000] {dagbag.py:541} INFO - Filling up the DagBag from /home/vscode/.local/lib/python3.10/site-packages/airflow/example_dags/example_branch_operator_decorator.py
[2024-09-19T16:29:02.030+0000] {processor.py:836} INFO - DAG(s) dict_keys(['example_branch_python_operator_decorator']) retrieved from /home/vscode/.local/lib/python3.10/site-packages/airflow/example_dags/example_branch_operator_decorator.py
[2024-09-19T16:29:02.044+0000] {logging_mixin.py:150} INFO - [2024-09-19T16:29:02.043+0000] {dag.py:2742} INFO - Sync 1 DAGs
[2024-09-19T16:29:02.059+0000] {logging_mixin.py:150} INFO - [2024-09-19T16:29:02.059+0000] {dag.py:3504} INFO - Setting next_dagrun for example_branch_python_operator_decorator to 2024-09-18T00:00:00+00:00, run_after=2024-09-19T00:00:00+00:00
[2024-09-19T16:29:02.090+0000] {processor.py:179} INFO - Processing /home/vscode/.local/lib/python3.10/site-packages/airflow/example_dags/example_branch_operator_decorator.py took 0.071 seconds
[2024-09-19T16:29:49.289+0000] {processor.py:157} INFO - Started process (PID=17929) to work on /home/vscode/.local/lib/python3.10/site-packages/airflow/example_dags/example_branch_operator_decorator.py
[2024-09-19T16:29:49.289+0000] {processor.py:826} INFO - Processing file /home/vscode/.local/lib/python3.10/site-packages/airflow/example_dags/example_branch_operator_decorator.py for tasks to queue
[2024-09-19T16:29:49.290+0000] {logging_mixin.py:150} INFO - [2024-09-19T16:29:49.290+0000] {dagbag.py:541} INFO - Filling up the DagBag from /home/vscode/.local/lib/python3.10/site-packages/airflow/example_dags/example_branch_operator_decorator.py
[2024-09-19T16:29:49.298+0000] {processor.py:836} INFO - DAG(s) dict_keys(['example_branch_python_operator_decorator']) retrieved from /home/vscode/.local/lib/python3.10/site-packages/airflow/example_dags/example_branch_operator_decorator.py
[2024-09-19T16:29:49.312+0000] {logging_mixin.py:150} INFO - [2024-09-19T16:29:49.312+0000] {dag.py:2742} INFO - Sync 1 DAGs
[2024-09-19T16:29:49.328+0000] {logging_mixin.py:150} INFO - [2024-09-19T16:29:49.328+0000] {dag.py:3504} INFO - Setting next_dagrun for example_branch_python_operator_decorator to 2024-09-18T00:00:00+00:00, run_after=2024-09-19T00:00:00+00:00
[2024-09-19T16:29:49.375+0000] {processor.py:179} INFO - Processing /home/vscode/.local/lib/python3.10/site-packages/airflow/example_dags/example_branch_operator_decorator.py took 0.088 seconds
[2024-09-19T16:30:37.435+0000] {processor.py:157} INFO - Started process (PID=18287) to work on /home/vscode/.local/lib/python3.10/site-packages/airflow/example_dags/example_branch_operator_decorator.py
[2024-09-19T16:30:37.436+0000] {processor.py:826} INFO - Processing file /home/vscode/.local/lib/python3.10/site-packages/airflow/example_dags/example_branch_operator_decorator.py for tasks to queue
[2024-09-19T16:30:37.436+0000] {logging_mixin.py:150} INFO - [2024-09-19T16:30:37.436+0000] {dagbag.py:541} INFO - Filling up the DagBag from /home/vscode/.local/lib/python3.10/site-packages/airflow/example_dags/example_branch_operator_decorator.py
[2024-09-19T16:30:37.444+0000] {processor.py:836} INFO - DAG(s) dict_keys(['example_branch_python_operator_decorator']) retrieved from /home/vscode/.local/lib/python3.10/site-packages/airflow/example_dags/example_branch_operator_decorator.py
[2024-09-19T16:30:37.458+0000] {logging_mixin.py:150} INFO - [2024-09-19T16:30:37.458+0000] {dag.py:2742} INFO - Sync 1 DAGs
[2024-09-19T16:30:37.474+0000] {logging_mixin.py:150} INFO - [2024-09-19T16:30:37.473+0000] {dag.py:3504} INFO - Setting next_dagrun for example_branch_python_operator_decorator to 2024-09-18T00:00:00+00:00, run_after=2024-09-19T00:00:00+00:00
[2024-09-19T16:30:37.511+0000] {processor.py:179} INFO - Processing /home/vscode/.local/lib/python3.10/site-packages/airflow/example_dags/example_branch_operator_decorator.py took 0.078 seconds
[2024-09-19T16:31:25.412+0000] {processor.py:157} INFO - Started process (PID=18645) to work on /home/vscode/.local/lib/python3.10/site-packages/airflow/example_dags/example_branch_operator_decorator.py
[2024-09-19T16:31:25.413+0000] {processor.py:826} INFO - Processing file /home/vscode/.local/lib/python3.10/site-packages/airflow/example_dags/example_branch_operator_decorator.py for tasks to queue
[2024-09-19T16:31:25.414+0000] {logging_mixin.py:150} INFO - [2024-09-19T16:31:25.413+0000] {dagbag.py:541} INFO - Filling up the DagBag from /home/vscode/.local/lib/python3.10/site-packages/airflow/example_dags/example_branch_operator_decorator.py
[2024-09-19T16:31:25.421+0000] {processor.py:836} INFO - DAG(s) dict_keys(['example_branch_python_operator_decorator']) retrieved from /home/vscode/.local/lib/python3.10/site-packages/airflow/example_dags/example_branch_operator_decorator.py
[2024-09-19T16:31:25.434+0000] {logging_mixin.py:150} INFO - [2024-09-19T16:31:25.434+0000] {dag.py:2742} INFO - Sync 1 DAGs
[2024-09-19T16:31:25.449+0000] {logging_mixin.py:150} INFO - [2024-09-19T16:31:25.449+0000] {dag.py:3504} INFO - Setting next_dagrun for example_branch_python_operator_decorator to 2024-09-18T00:00:00+00:00, run_after=2024-09-19T00:00:00+00:00
[2024-09-19T16:31:25.489+0000] {processor.py:179} INFO - Processing /home/vscode/.local/lib/python3.10/site-packages/airflow/example_dags/example_branch_operator_decorator.py took 0.079 seconds
[2024-09-19T16:32:09.512+0000] {processor.py:157} INFO - Started process (PID=18945) to work on /home/vscode/.local/lib/python3.10/site-packages/airflow/example_dags/example_branch_operator_decorator.py
[2024-09-19T16:32:09.512+0000] {processor.py:826} INFO - Processing file /home/vscode/.local/lib/python3.10/site-packages/airflow/example_dags/example_branch_operator_decorator.py for tasks to queue
[2024-09-19T16:32:09.513+0000] {logging_mixin.py:150} INFO - [2024-09-19T16:32:09.513+0000] {dagbag.py:541} INFO - Filling up the DagBag from /home/vscode/.local/lib/python3.10/site-packages/airflow/example_dags/example_branch_operator_decorator.py
[2024-09-19T16:32:09.521+0000] {processor.py:836} INFO - DAG(s) dict_keys(['example_branch_python_operator_decorator']) retrieved from /home/vscode/.local/lib/python3.10/site-packages/airflow/example_dags/example_branch_operator_decorator.py
[2024-09-19T16:32:09.535+0000] {logging_mixin.py:150} INFO - [2024-09-19T16:32:09.535+0000] {dag.py:2742} INFO - Sync 1 DAGs
[2024-09-19T16:32:09.554+0000] {logging_mixin.py:150} INFO - [2024-09-19T16:32:09.554+0000] {dag.py:3504} INFO - Setting next_dagrun for example_branch_python_operator_decorator to 2024-09-18T00:00:00+00:00, run_after=2024-09-19T00:00:00+00:00
[2024-09-19T16:32:09.608+0000] {processor.py:179} INFO - Processing /home/vscode/.local/lib/python3.10/site-packages/airflow/example_dags/example_branch_operator_decorator.py took 0.099 seconds
[2024-09-19T16:32:55.105+0000] {processor.py:157} INFO - Started process (PID=19424) to work on /home/vscode/.local/lib/python3.10/site-packages/airflow/example_dags/example_branch_operator_decorator.py
[2024-09-19T16:32:55.105+0000] {processor.py:826} INFO - Processing file /home/vscode/.local/lib/python3.10/site-packages/airflow/example_dags/example_branch_operator_decorator.py for tasks to queue
[2024-09-19T16:32:55.106+0000] {logging_mixin.py:150} INFO - [2024-09-19T16:32:55.106+0000] {dagbag.py:541} INFO - Filling up the DagBag from /home/vscode/.local/lib/python3.10/site-packages/airflow/example_dags/example_branch_operator_decorator.py
[2024-09-19T16:32:55.113+0000] {processor.py:836} INFO - DAG(s) dict_keys(['example_branch_python_operator_decorator']) retrieved from /home/vscode/.local/lib/python3.10/site-packages/airflow/example_dags/example_branch_operator_decorator.py
[2024-09-19T16:32:55.126+0000] {logging_mixin.py:150} INFO - [2024-09-19T16:32:55.126+0000] {dag.py:2742} INFO - Sync 1 DAGs
[2024-09-19T16:32:55.142+0000] {logging_mixin.py:150} INFO - [2024-09-19T16:32:55.142+0000] {dag.py:3504} INFO - Setting next_dagrun for example_branch_python_operator_decorator to 2024-09-18T00:00:00+00:00, run_after=2024-09-19T00:00:00+00:00
[2024-09-19T16:32:55.174+0000] {processor.py:179} INFO - Processing /home/vscode/.local/lib/python3.10/site-packages/airflow/example_dags/example_branch_operator_decorator.py took 0.072 seconds
[2024-09-19T16:33:38.744+0000] {processor.py:157} INFO - Started process (PID=19799) to work on /home/vscode/.local/lib/python3.10/site-packages/airflow/example_dags/example_branch_operator_decorator.py
[2024-09-19T16:33:38.745+0000] {processor.py:826} INFO - Processing file /home/vscode/.local/lib/python3.10/site-packages/airflow/example_dags/example_branch_operator_decorator.py for tasks to queue
[2024-09-19T16:33:38.746+0000] {logging_mixin.py:150} INFO - [2024-09-19T16:33:38.745+0000] {dagbag.py:541} INFO - Filling up the DagBag from /home/vscode/.local/lib/python3.10/site-packages/airflow/example_dags/example_branch_operator_decorator.py
[2024-09-19T16:33:38.753+0000] {processor.py:836} INFO - DAG(s) dict_keys(['example_branch_python_operator_decorator']) retrieved from /home/vscode/.local/lib/python3.10/site-packages/airflow/example_dags/example_branch_operator_decorator.py
[2024-09-19T16:33:38.765+0000] {logging_mixin.py:150} INFO - [2024-09-19T16:33:38.765+0000] {dag.py:2742} INFO - Sync 1 DAGs
[2024-09-19T16:33:38.780+0000] {logging_mixin.py:150} INFO - [2024-09-19T16:33:38.780+0000] {dag.py:3504} INFO - Setting next_dagrun for example_branch_python_operator_decorator to 2024-09-18T00:00:00+00:00, run_after=2024-09-19T00:00:00+00:00
[2024-09-19T16:33:38.823+0000] {processor.py:179} INFO - Processing /home/vscode/.local/lib/python3.10/site-packages/airflow/example_dags/example_branch_operator_decorator.py took 0.081 seconds
[2024-09-19T16:34:31.710+0000] {processor.py:157} INFO - Started process (PID=20306) to work on /home/vscode/.local/lib/python3.10/site-packages/airflow/example_dags/example_branch_operator_decorator.py
[2024-09-19T16:34:31.710+0000] {processor.py:826} INFO - Processing file /home/vscode/.local/lib/python3.10/site-packages/airflow/example_dags/example_branch_operator_decorator.py for tasks to queue
[2024-09-19T16:34:31.711+0000] {logging_mixin.py:150} INFO - [2024-09-19T16:34:31.711+0000] {dagbag.py:541} INFO - Filling up the DagBag from /home/vscode/.local/lib/python3.10/site-packages/airflow/example_dags/example_branch_operator_decorator.py
[2024-09-19T16:34:31.718+0000] {processor.py:836} INFO - DAG(s) dict_keys(['example_branch_python_operator_decorator']) retrieved from /home/vscode/.local/lib/python3.10/site-packages/airflow/example_dags/example_branch_operator_decorator.py
[2024-09-19T16:34:31.731+0000] {logging_mixin.py:150} INFO - [2024-09-19T16:34:31.731+0000] {dag.py:2742} INFO - Sync 1 DAGs
[2024-09-19T16:34:31.746+0000] {logging_mixin.py:150} INFO - [2024-09-19T16:34:31.746+0000] {dag.py:3504} INFO - Setting next_dagrun for example_branch_python_operator_decorator to 2024-09-18T00:00:00+00:00, run_after=2024-09-19T00:00:00+00:00
[2024-09-19T16:34:31.888+0000] {processor.py:179} INFO - Processing /home/vscode/.local/lib/python3.10/site-packages/airflow/example_dags/example_branch_operator_decorator.py took 0.180 seconds
