[2024-09-19T16:24:52.237+0000] {processor.py:186} INFO - Started process (PID=11549) to work on /home/vscode/.local/lib/python3.10/site-packages/airflow/example_dags/example_trigger_controller_dag.py
[2024-09-19T16:24:52.238+0000] {processor.py:914} INFO - Processing file /home/vscode/.local/lib/python3.10/site-packages/airflow/example_dags/example_trigger_controller_dag.py for tasks to queue
[2024-09-19T16:24:52.240+0000] {logging_mixin.py:190} INFO - [2024-09-19T16:24:52.240+0000] {dagbag.py:587} INFO - Filling up the DagBag from /home/vscode/.local/lib/python3.10/site-packages/airflow/example_dags/example_trigger_controller_dag.py
[2024-09-19T16:24:52.245+0000] {processor.py:925} INFO - DAG(s) 'example_trigger_controller_dag' retrieved from /home/vscode/.local/lib/python3.10/site-packages/airflow/example_dags/example_trigger_controller_dag.py
[2024-09-19T16:24:52.390+0000] {logging_mixin.py:190} INFO - [2024-09-19T16:24:52.389+0000] {override.py:1900} INFO - Created Permission View: can edit on DAG:example_trigger_controller_dag
[2024-09-19T16:24:52.417+0000] {logging_mixin.py:190} INFO - [2024-09-19T16:24:52.417+0000] {override.py:1900} INFO - Created Permission View: can read on DAG:example_trigger_controller_dag
[2024-09-19T16:24:52.445+0000] {logging_mixin.py:190} INFO - [2024-09-19T16:24:52.444+0000] {override.py:1900} INFO - Created Permission View: can delete on DAG:example_trigger_controller_dag
[2024-09-19T16:24:52.492+0000] {logging_mixin.py:190} INFO - [2024-09-19T16:24:52.492+0000] {override.py:1900} INFO - Created Permission View: menu access on DAG Run:example_trigger_controller_dag
[2024-09-19T16:24:52.530+0000] {logging_mixin.py:190} INFO - [2024-09-19T16:24:52.529+0000] {override.py:1900} INFO - Created Permission View: can read on DAG Run:example_trigger_controller_dag
[2024-09-19T16:24:52.569+0000] {logging_mixin.py:190} INFO - [2024-09-19T16:24:52.568+0000] {override.py:1900} INFO - Created Permission View: can create on DAG Run:example_trigger_controller_dag
[2024-09-19T16:24:52.613+0000] {logging_mixin.py:190} INFO - [2024-09-19T16:24:52.612+0000] {override.py:1900} INFO - Created Permission View: can delete on DAG Run:example_trigger_controller_dag
[2024-09-19T16:24:52.613+0000] {logging_mixin.py:190} INFO - [2024-09-19T16:24:52.613+0000] {dag.py:3229} INFO - Sync 1 DAGs
[2024-09-19T16:24:52.624+0000] {logging_mixin.py:190} INFO - [2024-09-19T16:24:52.624+0000] {dag.py:3252} INFO - Creating ORM DAG for example_trigger_controller_dag
[2024-09-19T16:24:52.630+0000] {logging_mixin.py:190} INFO - [2024-09-19T16:24:52.630+0000] {dag.py:4156} INFO - Setting next_dagrun for example_trigger_controller_dag to 2021-01-01 00:00:00+00:00, run_after=2021-01-01 00:00:00+00:00
[2024-09-19T16:24:52.683+0000] {processor.py:208} INFO - Processing /home/vscode/.local/lib/python3.10/site-packages/airflow/example_dags/example_trigger_controller_dag.py took 0.451 seconds
[2024-09-19T16:26:12.893+0000] {processor.py:186} INFO - Started process (PID=12082) to work on /home/vscode/.local/lib/python3.10/site-packages/airflow/example_dags/example_trigger_controller_dag.py
[2024-09-19T16:26:12.894+0000] {processor.py:914} INFO - Processing file /home/vscode/.local/lib/python3.10/site-packages/airflow/example_dags/example_trigger_controller_dag.py for tasks to queue
[2024-09-19T16:26:12.896+0000] {logging_mixin.py:190} INFO - [2024-09-19T16:26:12.896+0000] {dagbag.py:587} INFO - Filling up the DagBag from /home/vscode/.local/lib/python3.10/site-packages/airflow/example_dags/example_trigger_controller_dag.py
[2024-09-19T16:26:12.901+0000] {processor.py:925} INFO - DAG(s) 'example_trigger_controller_dag' retrieved from /home/vscode/.local/lib/python3.10/site-packages/airflow/example_dags/example_trigger_controller_dag.py
[2024-09-19T16:26:12.912+0000] {logging_mixin.py:190} INFO - [2024-09-19T16:26:12.911+0000] {dag.py:3229} INFO - Sync 1 DAGs
[2024-09-19T16:26:12.927+0000] {logging_mixin.py:190} INFO - [2024-09-19T16:26:12.927+0000] {dag.py:4156} INFO - Setting next_dagrun for example_trigger_controller_dag to 2021-01-01 00:00:00+00:00, run_after=2021-01-01 00:00:00+00:00
[2024-09-19T16:26:12.959+0000] {processor.py:208} INFO - Processing /home/vscode/.local/lib/python3.10/site-packages/airflow/example_dags/example_trigger_controller_dag.py took 0.070 seconds
[2024-09-19T16:26:50.268+0000] {processor.py:186} INFO - Started process (PID=12336) to work on /home/vscode/.local/lib/python3.10/site-packages/airflow/example_dags/example_trigger_controller_dag.py
[2024-09-19T16:26:50.269+0000] {processor.py:914} INFO - Processing file /home/vscode/.local/lib/python3.10/site-packages/airflow/example_dags/example_trigger_controller_dag.py for tasks to queue
[2024-09-19T16:26:50.271+0000] {logging_mixin.py:190} INFO - [2024-09-19T16:26:50.270+0000] {dagbag.py:587} INFO - Filling up the DagBag from /home/vscode/.local/lib/python3.10/site-packages/airflow/example_dags/example_trigger_controller_dag.py
[2024-09-19T16:26:50.276+0000] {processor.py:925} INFO - DAG(s) 'example_trigger_controller_dag' retrieved from /home/vscode/.local/lib/python3.10/site-packages/airflow/example_dags/example_trigger_controller_dag.py
[2024-09-19T16:26:50.287+0000] {logging_mixin.py:190} INFO - [2024-09-19T16:26:50.286+0000] {dag.py:3229} INFO - Sync 1 DAGs
[2024-09-19T16:26:50.301+0000] {logging_mixin.py:190} INFO - [2024-09-19T16:26:50.301+0000] {dag.py:4156} INFO - Setting next_dagrun for example_trigger_controller_dag to 2021-01-01 00:00:00+00:00, run_after=2021-01-01 00:00:00+00:00
[2024-09-19T16:26:50.355+0000] {processor.py:208} INFO - Processing /home/vscode/.local/lib/python3.10/site-packages/airflow/example_dags/example_trigger_controller_dag.py took 0.091 seconds
[2024-09-19T16:27:43.023+0000] {processor.py:186} INFO - Started process (PID=12718) to work on /home/vscode/.local/lib/python3.10/site-packages/airflow/example_dags/example_trigger_controller_dag.py
[2024-09-19T16:27:43.024+0000] {processor.py:914} INFO - Processing file /home/vscode/.local/lib/python3.10/site-packages/airflow/example_dags/example_trigger_controller_dag.py for tasks to queue
[2024-09-19T16:27:43.025+0000] {logging_mixin.py:190} INFO - [2024-09-19T16:27:43.025+0000] {dagbag.py:587} INFO - Filling up the DagBag from /home/vscode/.local/lib/python3.10/site-packages/airflow/example_dags/example_trigger_controller_dag.py
[2024-09-19T16:27:43.031+0000] {processor.py:925} INFO - DAG(s) 'example_trigger_controller_dag' retrieved from /home/vscode/.local/lib/python3.10/site-packages/airflow/example_dags/example_trigger_controller_dag.py
[2024-09-19T16:27:43.042+0000] {logging_mixin.py:190} INFO - [2024-09-19T16:27:43.041+0000] {dag.py:3229} INFO - Sync 1 DAGs
[2024-09-19T16:27:43.057+0000] {logging_mixin.py:190} INFO - [2024-09-19T16:27:43.057+0000] {dag.py:4156} INFO - Setting next_dagrun for example_trigger_controller_dag to 2021-01-01 00:00:00+00:00, run_after=2021-01-01 00:00:00+00:00
[2024-09-19T16:27:43.093+0000] {processor.py:208} INFO - Processing /home/vscode/.local/lib/python3.10/site-packages/airflow/example_dags/example_trigger_controller_dag.py took 0.075 seconds
[2024-09-19T16:28:37.258+0000] {processor.py:186} INFO - Started process (PID=13092) to work on /home/vscode/.local/lib/python3.10/site-packages/airflow/example_dags/example_trigger_controller_dag.py
[2024-09-19T16:28:37.259+0000] {processor.py:914} INFO - Processing file /home/vscode/.local/lib/python3.10/site-packages/airflow/example_dags/example_trigger_controller_dag.py for tasks to queue
[2024-09-19T16:28:37.260+0000] {logging_mixin.py:190} INFO - [2024-09-19T16:28:37.260+0000] {dagbag.py:587} INFO - Filling up the DagBag from /home/vscode/.local/lib/python3.10/site-packages/airflow/example_dags/example_trigger_controller_dag.py
[2024-09-19T16:28:37.266+0000] {processor.py:925} INFO - DAG(s) 'example_trigger_controller_dag' retrieved from /home/vscode/.local/lib/python3.10/site-packages/airflow/example_dags/example_trigger_controller_dag.py
[2024-09-19T16:28:37.277+0000] {logging_mixin.py:190} INFO - [2024-09-19T16:28:37.277+0000] {dag.py:3229} INFO - Sync 1 DAGs
[2024-09-19T16:28:37.293+0000] {logging_mixin.py:190} INFO - [2024-09-19T16:28:37.293+0000] {dag.py:4156} INFO - Setting next_dagrun for example_trigger_controller_dag to 2021-01-01 00:00:00+00:00, run_after=2021-01-01 00:00:00+00:00
[2024-09-19T16:28:37.328+0000] {processor.py:208} INFO - Processing /home/vscode/.local/lib/python3.10/site-packages/airflow/example_dags/example_trigger_controller_dag.py took 0.075 seconds
[2024-09-19T16:29:26.544+0000] {processor.py:186} INFO - Started process (PID=13595) to work on /home/vscode/.local/lib/python3.10/site-packages/airflow/example_dags/example_trigger_controller_dag.py
[2024-09-19T16:29:26.544+0000] {processor.py:914} INFO - Processing file /home/vscode/.local/lib/python3.10/site-packages/airflow/example_dags/example_trigger_controller_dag.py for tasks to queue
[2024-09-19T16:29:26.546+0000] {logging_mixin.py:190} INFO - [2024-09-19T16:29:26.546+0000] {dagbag.py:587} INFO - Filling up the DagBag from /home/vscode/.local/lib/python3.10/site-packages/airflow/example_dags/example_trigger_controller_dag.py
[2024-09-19T16:29:26.552+0000] {processor.py:925} INFO - DAG(s) 'example_trigger_controller_dag' retrieved from /home/vscode/.local/lib/python3.10/site-packages/airflow/example_dags/example_trigger_controller_dag.py
[2024-09-19T16:29:26.572+0000] {logging_mixin.py:190} INFO - [2024-09-19T16:29:26.572+0000] {dag.py:3229} INFO - Sync 1 DAGs
[2024-09-19T16:29:26.597+0000] {logging_mixin.py:190} INFO - [2024-09-19T16:29:26.596+0000] {dag.py:4156} INFO - Setting next_dagrun for example_trigger_controller_dag to 2021-01-01 00:00:00+00:00, run_after=2021-01-01 00:00:00+00:00
[2024-09-19T16:29:26.645+0000] {processor.py:208} INFO - Processing /home/vscode/.local/lib/python3.10/site-packages/airflow/example_dags/example_trigger_controller_dag.py took 0.106 seconds
[2024-09-19T16:30:17.242+0000] {processor.py:186} INFO - Started process (PID=13935) to work on /home/vscode/.local/lib/python3.10/site-packages/airflow/example_dags/example_trigger_controller_dag.py
[2024-09-19T16:30:17.242+0000] {processor.py:914} INFO - Processing file /home/vscode/.local/lib/python3.10/site-packages/airflow/example_dags/example_trigger_controller_dag.py for tasks to queue
[2024-09-19T16:30:17.244+0000] {logging_mixin.py:190} INFO - [2024-09-19T16:30:17.244+0000] {dagbag.py:587} INFO - Filling up the DagBag from /home/vscode/.local/lib/python3.10/site-packages/airflow/example_dags/example_trigger_controller_dag.py
[2024-09-19T16:30:17.250+0000] {processor.py:925} INFO - DAG(s) 'example_trigger_controller_dag' retrieved from /home/vscode/.local/lib/python3.10/site-packages/airflow/example_dags/example_trigger_controller_dag.py
[2024-09-19T16:30:17.261+0000] {logging_mixin.py:190} INFO - [2024-09-19T16:30:17.260+0000] {dag.py:3229} INFO - Sync 1 DAGs
[2024-09-19T16:30:17.276+0000] {logging_mixin.py:190} INFO - [2024-09-19T16:30:17.275+0000] {dag.py:4156} INFO - Setting next_dagrun for example_trigger_controller_dag to 2021-01-01 00:00:00+00:00, run_after=2021-01-01 00:00:00+00:00
[2024-09-19T16:30:17.314+0000] {processor.py:208} INFO - Processing /home/vscode/.local/lib/python3.10/site-packages/airflow/example_dags/example_trigger_controller_dag.py took 0.077 seconds
[2024-09-19T16:31:07.646+0000] {processor.py:186} INFO - Started process (PID=14298) to work on /home/vscode/.local/lib/python3.10/site-packages/airflow/example_dags/example_trigger_controller_dag.py
[2024-09-19T16:31:07.647+0000] {processor.py:914} INFO - Processing file /home/vscode/.local/lib/python3.10/site-packages/airflow/example_dags/example_trigger_controller_dag.py for tasks to queue
[2024-09-19T16:31:07.649+0000] {logging_mixin.py:190} INFO - [2024-09-19T16:31:07.648+0000] {dagbag.py:587} INFO - Filling up the DagBag from /home/vscode/.local/lib/python3.10/site-packages/airflow/example_dags/example_trigger_controller_dag.py
[2024-09-19T16:31:07.654+0000] {processor.py:925} INFO - DAG(s) 'example_trigger_controller_dag' retrieved from /home/vscode/.local/lib/python3.10/site-packages/airflow/example_dags/example_trigger_controller_dag.py
[2024-09-19T16:31:07.666+0000] {logging_mixin.py:190} INFO - [2024-09-19T16:31:07.665+0000] {dag.py:3229} INFO - Sync 1 DAGs
[2024-09-19T16:31:07.681+0000] {logging_mixin.py:190} INFO - [2024-09-19T16:31:07.681+0000] {dag.py:4156} INFO - Setting next_dagrun for example_trigger_controller_dag to 2021-01-01 00:00:00+00:00, run_after=2021-01-01 00:00:00+00:00
[2024-09-19T16:31:07.738+0000] {processor.py:208} INFO - Processing /home/vscode/.local/lib/python3.10/site-packages/airflow/example_dags/example_trigger_controller_dag.py took 0.097 seconds
[2024-09-19T16:32:01.554+0000] {processor.py:186} INFO - Started process (PID=14933) to work on /home/vscode/.local/lib/python3.10/site-packages/airflow/example_dags/example_trigger_controller_dag.py
[2024-09-19T16:32:01.555+0000] {processor.py:914} INFO - Processing file /home/vscode/.local/lib/python3.10/site-packages/airflow/example_dags/example_trigger_controller_dag.py for tasks to queue
[2024-09-19T16:32:01.556+0000] {logging_mixin.py:190} INFO - [2024-09-19T16:32:01.556+0000] {dagbag.py:587} INFO - Filling up the DagBag from /home/vscode/.local/lib/python3.10/site-packages/airflow/example_dags/example_trigger_controller_dag.py
[2024-09-19T16:32:01.563+0000] {processor.py:925} INFO - DAG(s) 'example_trigger_controller_dag' retrieved from /home/vscode/.local/lib/python3.10/site-packages/airflow/example_dags/example_trigger_controller_dag.py
[2024-09-19T16:32:01.576+0000] {logging_mixin.py:190} INFO - [2024-09-19T16:32:01.576+0000] {dag.py:3229} INFO - Sync 1 DAGs
[2024-09-19T16:32:01.594+0000] {logging_mixin.py:190} INFO - [2024-09-19T16:32:01.593+0000] {dag.py:4156} INFO - Setting next_dagrun for example_trigger_controller_dag to 2021-01-01 00:00:00+00:00, run_after=2021-01-01 00:00:00+00:00
[2024-09-19T16:32:01.639+0000] {processor.py:208} INFO - Processing /home/vscode/.local/lib/python3.10/site-packages/airflow/example_dags/example_trigger_controller_dag.py took 0.090 seconds
[2024-09-19T16:32:54.921+0000] {processor.py:186} INFO - Started process (PID=15326) to work on /home/vscode/.local/lib/python3.10/site-packages/airflow/example_dags/example_trigger_controller_dag.py
[2024-09-19T16:32:54.922+0000] {processor.py:914} INFO - Processing file /home/vscode/.local/lib/python3.10/site-packages/airflow/example_dags/example_trigger_controller_dag.py for tasks to queue
[2024-09-19T16:32:54.923+0000] {logging_mixin.py:190} INFO - [2024-09-19T16:32:54.923+0000] {dagbag.py:587} INFO - Filling up the DagBag from /home/vscode/.local/lib/python3.10/site-packages/airflow/example_dags/example_trigger_controller_dag.py
[2024-09-19T16:32:54.929+0000] {processor.py:925} INFO - DAG(s) 'example_trigger_controller_dag' retrieved from /home/vscode/.local/lib/python3.10/site-packages/airflow/example_dags/example_trigger_controller_dag.py
[2024-09-19T16:32:54.940+0000] {logging_mixin.py:190} INFO - [2024-09-19T16:32:54.940+0000] {dag.py:3229} INFO - Sync 1 DAGs
[2024-09-19T16:32:54.955+0000] {logging_mixin.py:190} INFO - [2024-09-19T16:32:54.954+0000] {dag.py:4156} INFO - Setting next_dagrun for example_trigger_controller_dag to 2021-01-01 00:00:00+00:00, run_after=2021-01-01 00:00:00+00:00
[2024-09-19T16:32:54.993+0000] {processor.py:208} INFO - Processing /home/vscode/.local/lib/python3.10/site-packages/airflow/example_dags/example_trigger_controller_dag.py took 0.076 seconds
[2024-09-19T16:33:44.558+0000] {processor.py:186} INFO - Started process (PID=15661) to work on /home/vscode/.local/lib/python3.10/site-packages/airflow/example_dags/example_trigger_controller_dag.py
[2024-09-19T16:33:44.559+0000] {processor.py:914} INFO - Processing file /home/vscode/.local/lib/python3.10/site-packages/airflow/example_dags/example_trigger_controller_dag.py for tasks to queue
[2024-09-19T16:33:44.560+0000] {logging_mixin.py:190} INFO - [2024-09-19T16:33:44.560+0000] {dagbag.py:587} INFO - Filling up the DagBag from /home/vscode/.local/lib/python3.10/site-packages/airflow/example_dags/example_trigger_controller_dag.py
[2024-09-19T16:33:44.566+0000] {processor.py:925} INFO - DAG(s) 'example_trigger_controller_dag' retrieved from /home/vscode/.local/lib/python3.10/site-packages/airflow/example_dags/example_trigger_controller_dag.py
[2024-09-19T16:33:44.578+0000] {logging_mixin.py:190} INFO - [2024-09-19T16:33:44.577+0000] {dag.py:3229} INFO - Sync 1 DAGs
[2024-09-19T16:33:44.594+0000] {logging_mixin.py:190} INFO - [2024-09-19T16:33:44.593+0000] {dag.py:4156} INFO - Setting next_dagrun for example_trigger_controller_dag to 2021-01-01 00:00:00+00:00, run_after=2021-01-01 00:00:00+00:00
[2024-09-19T16:33:44.628+0000] {processor.py:208} INFO - Processing /home/vscode/.local/lib/python3.10/site-packages/airflow/example_dags/example_trigger_controller_dag.py took 0.075 seconds
[2024-09-19T16:34:34.510+0000] {processor.py:186} INFO - Started process (PID=15999) to work on /home/vscode/.local/lib/python3.10/site-packages/airflow/example_dags/example_trigger_controller_dag.py
[2024-09-19T16:34:34.510+0000] {processor.py:914} INFO - Processing file /home/vscode/.local/lib/python3.10/site-packages/airflow/example_dags/example_trigger_controller_dag.py for tasks to queue
[2024-09-19T16:34:34.512+0000] {logging_mixin.py:190} INFO - [2024-09-19T16:34:34.512+0000] {dagbag.py:587} INFO - Filling up the DagBag from /home/vscode/.local/lib/python3.10/site-packages/airflow/example_dags/example_trigger_controller_dag.py
[2024-09-19T16:34:34.517+0000] {processor.py:925} INFO - DAG(s) 'example_trigger_controller_dag' retrieved from /home/vscode/.local/lib/python3.10/site-packages/airflow/example_dags/example_trigger_controller_dag.py
[2024-09-19T16:34:34.528+0000] {logging_mixin.py:190} INFO - [2024-09-19T16:34:34.528+0000] {dag.py:3229} INFO - Sync 1 DAGs
[2024-09-19T16:34:34.543+0000] {logging_mixin.py:190} INFO - [2024-09-19T16:34:34.543+0000] {dag.py:4156} INFO - Setting next_dagrun for example_trigger_controller_dag to 2021-01-01 00:00:00+00:00, run_after=2021-01-01 00:00:00+00:00
[2024-09-19T16:34:34.596+0000] {processor.py:208} INFO - Processing /home/vscode/.local/lib/python3.10/site-packages/airflow/example_dags/example_trigger_controller_dag.py took 0.090 seconds
[2024-09-19T16:35:21.450+0000] {processor.py:186} INFO - Started process (PID=16372) to work on /home/vscode/.local/lib/python3.10/site-packages/airflow/example_dags/example_trigger_controller_dag.py
[2024-09-19T16:35:21.451+0000] {processor.py:914} INFO - Processing file /home/vscode/.local/lib/python3.10/site-packages/airflow/example_dags/example_trigger_controller_dag.py for tasks to queue
[2024-09-19T16:35:21.453+0000] {logging_mixin.py:190} INFO - [2024-09-19T16:35:21.452+0000] {dagbag.py:587} INFO - Filling up the DagBag from /home/vscode/.local/lib/python3.10/site-packages/airflow/example_dags/example_trigger_controller_dag.py
[2024-09-19T16:35:21.460+0000] {processor.py:925} INFO - DAG(s) 'example_trigger_controller_dag' retrieved from /home/vscode/.local/lib/python3.10/site-packages/airflow/example_dags/example_trigger_controller_dag.py
[2024-09-19T16:35:21.475+0000] {logging_mixin.py:190} INFO - [2024-09-19T16:35:21.475+0000] {dag.py:3229} INFO - Sync 1 DAGs
[2024-09-19T16:35:21.494+0000] {logging_mixin.py:190} INFO - [2024-09-19T16:35:21.494+0000] {dag.py:4156} INFO - Setting next_dagrun for example_trigger_controller_dag to 2021-01-01 00:00:00+00:00, run_after=2021-01-01 00:00:00+00:00
[2024-09-19T16:35:21.534+0000] {processor.py:208} INFO - Processing /home/vscode/.local/lib/python3.10/site-packages/airflow/example_dags/example_trigger_controller_dag.py took 0.091 seconds
[2024-09-19T23:22:24.157+0000] {processor.py:186} INFO - Started process (PID=19964) to work on /home/vscode/.local/lib/python3.10/site-packages/airflow/example_dags/example_trigger_controller_dag.py
[2024-09-19T23:22:24.158+0000] {processor.py:914} INFO - Processing file /home/vscode/.local/lib/python3.10/site-packages/airflow/example_dags/example_trigger_controller_dag.py for tasks to queue
[2024-09-19T23:22:24.160+0000] {logging_mixin.py:190} INFO - [2024-09-19T23:22:24.159+0000] {dagbag.py:587} INFO - Filling up the DagBag from /home/vscode/.local/lib/python3.10/site-packages/airflow/example_dags/example_trigger_controller_dag.py
[2024-09-19T23:22:24.165+0000] {processor.py:925} INFO - DAG(s) 'example_trigger_controller_dag' retrieved from /home/vscode/.local/lib/python3.10/site-packages/airflow/example_dags/example_trigger_controller_dag.py
[2024-09-19T23:22:24.176+0000] {logging_mixin.py:190} INFO - [2024-09-19T23:22:24.176+0000] {dag.py:3229} INFO - Sync 1 DAGs
[2024-09-19T23:22:24.190+0000] {logging_mixin.py:190} INFO - [2024-09-19T23:22:24.190+0000] {dag.py:4156} INFO - Setting next_dagrun for example_trigger_controller_dag to 2021-01-01 00:00:00+00:00, run_after=2021-01-01 00:00:00+00:00
[2024-09-19T23:22:24.239+0000] {processor.py:208} INFO - Processing /home/vscode/.local/lib/python3.10/site-packages/airflow/example_dags/example_trigger_controller_dag.py took 0.086 seconds
[2024-09-19T23:23:20.969+0000] {processor.py:186} INFO - Started process (PID=20347) to work on /home/vscode/.local/lib/python3.10/site-packages/airflow/example_dags/example_trigger_controller_dag.py
[2024-09-19T23:23:20.970+0000] {processor.py:914} INFO - Processing file /home/vscode/.local/lib/python3.10/site-packages/airflow/example_dags/example_trigger_controller_dag.py for tasks to queue
[2024-09-19T23:23:20.972+0000] {logging_mixin.py:190} INFO - [2024-09-19T23:23:20.971+0000] {dagbag.py:587} INFO - Filling up the DagBag from /home/vscode/.local/lib/python3.10/site-packages/airflow/example_dags/example_trigger_controller_dag.py
[2024-09-19T23:23:20.977+0000] {processor.py:925} INFO - DAG(s) 'example_trigger_controller_dag' retrieved from /home/vscode/.local/lib/python3.10/site-packages/airflow/example_dags/example_trigger_controller_dag.py
[2024-09-19T23:23:20.988+0000] {logging_mixin.py:190} INFO - [2024-09-19T23:23:20.988+0000] {dag.py:3229} INFO - Sync 1 DAGs
[2024-09-19T23:23:21.004+0000] {logging_mixin.py:190} INFO - [2024-09-19T23:23:21.003+0000] {dag.py:4156} INFO - Setting next_dagrun for example_trigger_controller_dag to 2021-01-01 00:00:00+00:00, run_after=2021-01-01 00:00:00+00:00
[2024-09-19T23:23:21.053+0000] {processor.py:208} INFO - Processing /home/vscode/.local/lib/python3.10/site-packages/airflow/example_dags/example_trigger_controller_dag.py took 0.089 seconds
[2024-09-19T23:24:17.977+0000] {processor.py:186} INFO - Started process (PID=20830) to work on /home/vscode/.local/lib/python3.10/site-packages/airflow/example_dags/example_trigger_controller_dag.py
[2024-09-19T23:24:17.977+0000] {processor.py:914} INFO - Processing file /home/vscode/.local/lib/python3.10/site-packages/airflow/example_dags/example_trigger_controller_dag.py for tasks to queue
[2024-09-19T23:24:17.979+0000] {logging_mixin.py:190} INFO - [2024-09-19T23:24:17.979+0000] {dagbag.py:587} INFO - Filling up the DagBag from /home/vscode/.local/lib/python3.10/site-packages/airflow/example_dags/example_trigger_controller_dag.py
[2024-09-19T23:24:17.984+0000] {processor.py:925} INFO - DAG(s) 'example_trigger_controller_dag' retrieved from /home/vscode/.local/lib/python3.10/site-packages/airflow/example_dags/example_trigger_controller_dag.py
[2024-09-19T23:24:17.995+0000] {logging_mixin.py:190} INFO - [2024-09-19T23:24:17.995+0000] {dag.py:3229} INFO - Sync 1 DAGs
[2024-09-19T23:24:18.010+0000] {logging_mixin.py:190} INFO - [2024-09-19T23:24:18.010+0000] {dag.py:4156} INFO - Setting next_dagrun for example_trigger_controller_dag to 2021-01-01 00:00:00+00:00, run_after=2021-01-01 00:00:00+00:00
[2024-09-19T23:24:18.054+0000] {processor.py:208} INFO - Processing /home/vscode/.local/lib/python3.10/site-packages/airflow/example_dags/example_trigger_controller_dag.py took 0.082 seconds
[2024-09-19T23:25:15.535+0000] {processor.py:186} INFO - Started process (PID=21255) to work on /home/vscode/.local/lib/python3.10/site-packages/airflow/example_dags/example_trigger_controller_dag.py
[2024-09-19T23:25:15.536+0000] {processor.py:914} INFO - Processing file /home/vscode/.local/lib/python3.10/site-packages/airflow/example_dags/example_trigger_controller_dag.py for tasks to queue
[2024-09-19T23:25:15.538+0000] {logging_mixin.py:190} INFO - [2024-09-19T23:25:15.537+0000] {dagbag.py:587} INFO - Filling up the DagBag from /home/vscode/.local/lib/python3.10/site-packages/airflow/example_dags/example_trigger_controller_dag.py
[2024-09-19T23:25:15.543+0000] {processor.py:925} INFO - DAG(s) 'example_trigger_controller_dag' retrieved from /home/vscode/.local/lib/python3.10/site-packages/airflow/example_dags/example_trigger_controller_dag.py
[2024-09-19T23:25:15.553+0000] {logging_mixin.py:190} INFO - [2024-09-19T23:25:15.553+0000] {dag.py:3229} INFO - Sync 1 DAGs
[2024-09-19T23:25:15.568+0000] {logging_mixin.py:190} INFO - [2024-09-19T23:25:15.567+0000] {dag.py:4156} INFO - Setting next_dagrun for example_trigger_controller_dag to 2021-01-01 00:00:00+00:00, run_after=2021-01-01 00:00:00+00:00
[2024-09-19T23:25:15.608+0000] {processor.py:208} INFO - Processing /home/vscode/.local/lib/python3.10/site-packages/airflow/example_dags/example_trigger_controller_dag.py took 0.078 seconds
