[2024-09-19T16:25:43.382+0000] {processor.py:186} INFO - Started process (PID=11891) to work on /home/vscode/.local/lib/python3.10/site-packages/airflow/example_dags/example_dag_decorator.py
[2024-09-19T16:25:43.383+0000] {processor.py:914} INFO - Processing file /home/vscode/.local/lib/python3.10/site-packages/airflow/example_dags/example_dag_decorator.py for tasks to queue
[2024-09-19T16:25:43.385+0000] {logging_mixin.py:190} INFO - [2024-09-19T16:25:43.384+0000] {dagbag.py:587} INFO - Filling up the DagBag from /home/vscode/.local/lib/python3.10/site-packages/airflow/example_dags/example_dag_decorator.py
[2024-09-19T16:25:43.394+0000] {processor.py:925} INFO - DAG(s) 'example_dag_decorator' retrieved from /home/vscode/.local/lib/python3.10/site-packages/airflow/example_dags/example_dag_decorator.py
[2024-09-19T16:25:43.554+0000] {logging_mixin.py:190} INFO - [2024-09-19T16:25:43.553+0000] {override.py:1900} INFO - Created Permission View: can edit on DAG:example_dag_decorator
[2024-09-19T16:25:43.605+0000] {logging_mixin.py:190} INFO - [2024-09-19T16:25:43.605+0000] {override.py:1900} INFO - Created Permission View: can read on DAG:example_dag_decorator
[2024-09-19T16:25:43.641+0000] {logging_mixin.py:190} INFO - [2024-09-19T16:25:43.640+0000] {override.py:1900} INFO - Created Permission View: can delete on DAG:example_dag_decorator
[2024-09-19T16:25:43.699+0000] {logging_mixin.py:190} INFO - [2024-09-19T16:25:43.699+0000] {override.py:1900} INFO - Created Permission View: menu access on DAG Run:example_dag_decorator
[2024-09-19T16:25:43.726+0000] {logging_mixin.py:190} INFO - [2024-09-19T16:25:43.726+0000] {override.py:1900} INFO - Created Permission View: can read on DAG Run:example_dag_decorator
[2024-09-19T16:25:43.766+0000] {logging_mixin.py:190} INFO - [2024-09-19T16:25:43.765+0000] {override.py:1900} INFO - Created Permission View: can create on DAG Run:example_dag_decorator
[2024-09-19T16:25:43.788+0000] {logging_mixin.py:190} INFO - [2024-09-19T16:25:43.788+0000] {override.py:1900} INFO - Created Permission View: can delete on DAG Run:example_dag_decorator
[2024-09-19T16:25:43.789+0000] {logging_mixin.py:190} INFO - [2024-09-19T16:25:43.788+0000] {dag.py:3229} INFO - Sync 1 DAGs
[2024-09-19T16:25:43.799+0000] {logging_mixin.py:190} INFO - [2024-09-19T16:25:43.799+0000] {dag.py:3252} INFO - Creating ORM DAG for example_dag_decorator
[2024-09-19T16:25:43.800+0000] {logging_mixin.py:190} INFO - [2024-09-19T16:25:43.800+0000] {dag.py:4156} INFO - Setting next_dagrun for example_dag_decorator to None, run_after=None
[2024-09-19T16:25:43.841+0000] {processor.py:208} INFO - Processing /home/vscode/.local/lib/python3.10/site-packages/airflow/example_dags/example_dag_decorator.py took 0.463 seconds
[2024-09-19T16:26:57.723+0000] {processor.py:186} INFO - Started process (PID=12394) to work on /home/vscode/.local/lib/python3.10/site-packages/airflow/example_dags/example_dag_decorator.py
[2024-09-19T16:26:57.724+0000] {processor.py:914} INFO - Processing file /home/vscode/.local/lib/python3.10/site-packages/airflow/example_dags/example_dag_decorator.py for tasks to queue
[2024-09-19T16:26:57.726+0000] {logging_mixin.py:190} INFO - [2024-09-19T16:26:57.726+0000] {dagbag.py:587} INFO - Filling up the DagBag from /home/vscode/.local/lib/python3.10/site-packages/airflow/example_dags/example_dag_decorator.py
[2024-09-19T16:26:57.735+0000] {processor.py:925} INFO - DAG(s) 'example_dag_decorator' retrieved from /home/vscode/.local/lib/python3.10/site-packages/airflow/example_dags/example_dag_decorator.py
[2024-09-19T16:26:57.818+0000] {logging_mixin.py:190} INFO - [2024-09-19T16:26:57.818+0000] {dag.py:3229} INFO - Sync 1 DAGs
[2024-09-19T16:26:57.827+0000] {logging_mixin.py:190} INFO - [2024-09-19T16:26:57.826+0000] {dag.py:4156} INFO - Setting next_dagrun for example_dag_decorator to None, run_after=None
[2024-09-19T16:26:57.864+0000] {processor.py:208} INFO - Processing /home/vscode/.local/lib/python3.10/site-packages/airflow/example_dags/example_dag_decorator.py took 0.145 seconds
[2024-09-19T16:27:54.394+0000] {processor.py:186} INFO - Started process (PID=12791) to work on /home/vscode/.local/lib/python3.10/site-packages/airflow/example_dags/example_dag_decorator.py
[2024-09-19T16:27:54.395+0000] {processor.py:914} INFO - Processing file /home/vscode/.local/lib/python3.10/site-packages/airflow/example_dags/example_dag_decorator.py for tasks to queue
[2024-09-19T16:27:54.397+0000] {logging_mixin.py:190} INFO - [2024-09-19T16:27:54.396+0000] {dagbag.py:587} INFO - Filling up the DagBag from /home/vscode/.local/lib/python3.10/site-packages/airflow/example_dags/example_dag_decorator.py
[2024-09-19T16:27:54.406+0000] {processor.py:925} INFO - DAG(s) 'example_dag_decorator' retrieved from /home/vscode/.local/lib/python3.10/site-packages/airflow/example_dags/example_dag_decorator.py
[2024-09-19T16:27:54.504+0000] {logging_mixin.py:190} INFO - [2024-09-19T16:27:54.503+0000] {dag.py:3229} INFO - Sync 1 DAGs
[2024-09-19T16:27:54.516+0000] {logging_mixin.py:190} INFO - [2024-09-19T16:27:54.516+0000] {dag.py:4156} INFO - Setting next_dagrun for example_dag_decorator to None, run_after=None
[2024-09-19T16:27:54.559+0000] {processor.py:208} INFO - Processing /home/vscode/.local/lib/python3.10/site-packages/airflow/example_dags/example_dag_decorator.py took 0.169 seconds
[2024-09-19T16:28:50.119+0000] {processor.py:186} INFO - Started process (PID=13231) to work on /home/vscode/.local/lib/python3.10/site-packages/airflow/example_dags/example_dag_decorator.py
[2024-09-19T16:28:50.120+0000] {processor.py:914} INFO - Processing file /home/vscode/.local/lib/python3.10/site-packages/airflow/example_dags/example_dag_decorator.py for tasks to queue
[2024-09-19T16:28:50.121+0000] {logging_mixin.py:190} INFO - [2024-09-19T16:28:50.121+0000] {dagbag.py:587} INFO - Filling up the DagBag from /home/vscode/.local/lib/python3.10/site-packages/airflow/example_dags/example_dag_decorator.py
[2024-09-19T16:28:50.131+0000] {processor.py:925} INFO - DAG(s) 'example_dag_decorator' retrieved from /home/vscode/.local/lib/python3.10/site-packages/airflow/example_dags/example_dag_decorator.py
[2024-09-19T16:28:50.219+0000] {logging_mixin.py:190} INFO - [2024-09-19T16:28:50.219+0000] {dag.py:3229} INFO - Sync 1 DAGs
[2024-09-19T16:28:50.228+0000] {logging_mixin.py:190} INFO - [2024-09-19T16:28:50.228+0000] {dag.py:4156} INFO - Setting next_dagrun for example_dag_decorator to None, run_after=None
[2024-09-19T16:28:50.259+0000] {processor.py:208} INFO - Processing /home/vscode/.local/lib/python3.10/site-packages/airflow/example_dags/example_dag_decorator.py took 0.144 seconds
[2024-09-19T16:29:42.401+0000] {processor.py:186} INFO - Started process (PID=13708) to work on /home/vscode/.local/lib/python3.10/site-packages/airflow/example_dags/example_dag_decorator.py
[2024-09-19T16:29:42.402+0000] {processor.py:914} INFO - Processing file /home/vscode/.local/lib/python3.10/site-packages/airflow/example_dags/example_dag_decorator.py for tasks to queue
[2024-09-19T16:29:42.403+0000] {logging_mixin.py:190} INFO - [2024-09-19T16:29:42.403+0000] {dagbag.py:587} INFO - Filling up the DagBag from /home/vscode/.local/lib/python3.10/site-packages/airflow/example_dags/example_dag_decorator.py
[2024-09-19T16:29:42.412+0000] {processor.py:925} INFO - DAG(s) 'example_dag_decorator' retrieved from /home/vscode/.local/lib/python3.10/site-packages/airflow/example_dags/example_dag_decorator.py
[2024-09-19T16:29:42.493+0000] {logging_mixin.py:190} INFO - [2024-09-19T16:29:42.493+0000] {dag.py:3229} INFO - Sync 1 DAGs
[2024-09-19T16:29:42.502+0000] {logging_mixin.py:190} INFO - [2024-09-19T16:29:42.502+0000] {dag.py:4156} INFO - Setting next_dagrun for example_dag_decorator to None, run_after=None
[2024-09-19T16:29:42.539+0000] {processor.py:208} INFO - Processing /home/vscode/.local/lib/python3.10/site-packages/airflow/example_dags/example_dag_decorator.py took 0.143 seconds
[2024-09-19T16:30:36.234+0000] {processor.py:186} INFO - Started process (PID=14069) to work on /home/vscode/.local/lib/python3.10/site-packages/airflow/example_dags/example_dag_decorator.py
[2024-09-19T16:30:36.235+0000] {processor.py:914} INFO - Processing file /home/vscode/.local/lib/python3.10/site-packages/airflow/example_dags/example_dag_decorator.py for tasks to queue
[2024-09-19T16:30:36.236+0000] {logging_mixin.py:190} INFO - [2024-09-19T16:30:36.236+0000] {dagbag.py:587} INFO - Filling up the DagBag from /home/vscode/.local/lib/python3.10/site-packages/airflow/example_dags/example_dag_decorator.py
[2024-09-19T16:30:36.246+0000] {processor.py:925} INFO - DAG(s) 'example_dag_decorator' retrieved from /home/vscode/.local/lib/python3.10/site-packages/airflow/example_dags/example_dag_decorator.py
[2024-09-19T16:30:36.329+0000] {logging_mixin.py:190} INFO - [2024-09-19T16:30:36.329+0000] {dag.py:3229} INFO - Sync 1 DAGs
[2024-09-19T16:30:36.337+0000] {logging_mixin.py:190} INFO - [2024-09-19T16:30:36.337+0000] {dag.py:4156} INFO - Setting next_dagrun for example_dag_decorator to None, run_after=None
[2024-09-19T16:30:36.407+0000] {processor.py:208} INFO - Processing /home/vscode/.local/lib/python3.10/site-packages/airflow/example_dags/example_dag_decorator.py took 0.178 seconds
[2024-09-19T16:31:50.762+0000] {processor.py:186} INFO - Started process (PID=14775) to work on /home/vscode/.local/lib/python3.10/site-packages/airflow/example_dags/example_dag_decorator.py
[2024-09-19T16:31:50.763+0000] {processor.py:914} INFO - Processing file /home/vscode/.local/lib/python3.10/site-packages/airflow/example_dags/example_dag_decorator.py for tasks to queue
[2024-09-19T16:31:50.765+0000] {logging_mixin.py:190} INFO - [2024-09-19T16:31:50.764+0000] {dagbag.py:587} INFO - Filling up the DagBag from /home/vscode/.local/lib/python3.10/site-packages/airflow/example_dags/example_dag_decorator.py
[2024-09-19T16:31:50.774+0000] {processor.py:925} INFO - DAG(s) 'example_dag_decorator' retrieved from /home/vscode/.local/lib/python3.10/site-packages/airflow/example_dags/example_dag_decorator.py
[2024-09-19T16:31:50.880+0000] {logging_mixin.py:190} INFO - [2024-09-19T16:31:50.880+0000] {dag.py:3229} INFO - Sync 1 DAGs
[2024-09-19T16:31:50.894+0000] {logging_mixin.py:190} INFO - [2024-09-19T16:31:50.893+0000] {dag.py:4156} INFO - Setting next_dagrun for example_dag_decorator to None, run_after=None
[2024-09-19T16:31:50.938+0000] {processor.py:208} INFO - Processing /home/vscode/.local/lib/python3.10/site-packages/airflow/example_dags/example_dag_decorator.py took 0.181 seconds
[2024-09-19T16:32:45.742+0000] {processor.py:186} INFO - Started process (PID=15270) to work on /home/vscode/.local/lib/python3.10/site-packages/airflow/example_dags/example_dag_decorator.py
[2024-09-19T16:32:45.743+0000] {processor.py:914} INFO - Processing file /home/vscode/.local/lib/python3.10/site-packages/airflow/example_dags/example_dag_decorator.py for tasks to queue
[2024-09-19T16:32:45.744+0000] {logging_mixin.py:190} INFO - [2024-09-19T16:32:45.744+0000] {dagbag.py:587} INFO - Filling up the DagBag from /home/vscode/.local/lib/python3.10/site-packages/airflow/example_dags/example_dag_decorator.py
[2024-09-19T16:32:45.755+0000] {processor.py:925} INFO - DAG(s) 'example_dag_decorator' retrieved from /home/vscode/.local/lib/python3.10/site-packages/airflow/example_dags/example_dag_decorator.py
[2024-09-19T16:32:45.837+0000] {logging_mixin.py:190} INFO - [2024-09-19T16:32:45.837+0000] {dag.py:3229} INFO - Sync 1 DAGs
[2024-09-19T16:32:45.846+0000] {logging_mixin.py:190} INFO - [2024-09-19T16:32:45.846+0000] {dag.py:4156} INFO - Setting next_dagrun for example_dag_decorator to None, run_after=None
[2024-09-19T16:32:45.882+0000] {processor.py:208} INFO - Processing /home/vscode/.local/lib/python3.10/site-packages/airflow/example_dags/example_dag_decorator.py took 0.144 seconds
[2024-09-19T16:33:37.018+0000] {processor.py:186} INFO - Started process (PID=15610) to work on /home/vscode/.local/lib/python3.10/site-packages/airflow/example_dags/example_dag_decorator.py
[2024-09-19T16:33:37.019+0000] {processor.py:914} INFO - Processing file /home/vscode/.local/lib/python3.10/site-packages/airflow/example_dags/example_dag_decorator.py for tasks to queue
[2024-09-19T16:33:37.020+0000] {logging_mixin.py:190} INFO - [2024-09-19T16:33:37.020+0000] {dagbag.py:587} INFO - Filling up the DagBag from /home/vscode/.local/lib/python3.10/site-packages/airflow/example_dags/example_dag_decorator.py
[2024-09-19T16:33:37.030+0000] {processor.py:925} INFO - DAG(s) 'example_dag_decorator' retrieved from /home/vscode/.local/lib/python3.10/site-packages/airflow/example_dags/example_dag_decorator.py
[2024-09-19T16:33:37.114+0000] {logging_mixin.py:190} INFO - [2024-09-19T16:33:37.114+0000] {dag.py:3229} INFO - Sync 1 DAGs
[2024-09-19T16:33:37.124+0000] {logging_mixin.py:190} INFO - [2024-09-19T16:33:37.123+0000] {dag.py:4156} INFO - Setting next_dagrun for example_dag_decorator to None, run_after=None
[2024-09-19T16:33:37.178+0000] {processor.py:208} INFO - Processing /home/vscode/.local/lib/python3.10/site-packages/airflow/example_dags/example_dag_decorator.py took 0.165 seconds
[2024-09-19T16:34:50.115+0000] {processor.py:186} INFO - Started process (PID=16111) to work on /home/vscode/.local/lib/python3.10/site-packages/airflow/example_dags/example_dag_decorator.py
[2024-09-19T16:34:50.116+0000] {processor.py:914} INFO - Processing file /home/vscode/.local/lib/python3.10/site-packages/airflow/example_dags/example_dag_decorator.py for tasks to queue
[2024-09-19T16:34:50.117+0000] {logging_mixin.py:190} INFO - [2024-09-19T16:34:50.117+0000] {dagbag.py:587} INFO - Filling up the DagBag from /home/vscode/.local/lib/python3.10/site-packages/airflow/example_dags/example_dag_decorator.py
[2024-09-19T16:34:50.128+0000] {processor.py:925} INFO - DAG(s) 'example_dag_decorator' retrieved from /home/vscode/.local/lib/python3.10/site-packages/airflow/example_dags/example_dag_decorator.py
[2024-09-19T16:34:50.224+0000] {logging_mixin.py:190} INFO - [2024-09-19T16:34:50.223+0000] {dag.py:3229} INFO - Sync 1 DAGs
[2024-09-19T16:34:50.232+0000] {logging_mixin.py:190} INFO - [2024-09-19T16:34:50.232+0000] {dag.py:4156} INFO - Setting next_dagrun for example_dag_decorator to None, run_after=None
[2024-09-19T16:34:50.264+0000] {processor.py:208} INFO - Processing /home/vscode/.local/lib/python3.10/site-packages/airflow/example_dags/example_dag_decorator.py took 0.154 seconds
