[2024-09-19T16:25:49.226+0000] {processor.py:186} INFO - Started process (PID=11932) to work on /home/vscode/.local/lib/python3.10/site-packages/airflow/example_dags/example_dataset_alias.py
[2024-09-19T16:25:49.227+0000] {processor.py:914} INFO - Processing file /home/vscode/.local/lib/python3.10/site-packages/airflow/example_dags/example_dataset_alias.py for tasks to queue
[2024-09-19T16:25:49.228+0000] {logging_mixin.py:190} INFO - [2024-09-19T16:25:49.228+0000] {dagbag.py:587} INFO - Filling up the DagBag from /home/vscode/.local/lib/python3.10/site-packages/airflow/example_dags/example_dataset_alias.py
[2024-09-19T16:25:49.243+0000] {processor.py:925} INFO - DAG(s) 'dataset_alias_example_alias_producer', 'dataset_s3_bucket_consumer', 'dataset_s3_bucket_producer', 'dataset_alias_example_alias_consumer' retrieved from /home/vscode/.local/lib/python3.10/site-packages/airflow/example_dags/example_dataset_alias.py
[2024-09-19T16:25:49.370+0000] {logging_mixin.py:190} INFO - [2024-09-19T16:25:49.370+0000] {override.py:1900} INFO - Created Permission View: can edit on DAG:dataset_alias_example_alias_producer
[2024-09-19T16:25:49.405+0000] {logging_mixin.py:190} INFO - [2024-09-19T16:25:49.405+0000] {override.py:1900} INFO - Created Permission View: can read on DAG:dataset_alias_example_alias_producer
[2024-09-19T16:25:49.434+0000] {logging_mixin.py:190} INFO - [2024-09-19T16:25:49.433+0000] {override.py:1900} INFO - Created Permission View: can delete on DAG:dataset_alias_example_alias_producer
[2024-09-19T16:25:49.492+0000] {logging_mixin.py:190} INFO - [2024-09-19T16:25:49.491+0000] {override.py:1900} INFO - Created Permission View: menu access on DAG Run:dataset_alias_example_alias_producer
[2024-09-19T16:25:49.536+0000] {logging_mixin.py:190} INFO - [2024-09-19T16:25:49.536+0000] {override.py:1900} INFO - Created Permission View: can read on DAG Run:dataset_alias_example_alias_producer
[2024-09-19T16:25:49.567+0000] {logging_mixin.py:190} INFO - [2024-09-19T16:25:49.567+0000] {override.py:1900} INFO - Created Permission View: can create on DAG Run:dataset_alias_example_alias_producer
[2024-09-19T16:25:49.598+0000] {logging_mixin.py:190} INFO - [2024-09-19T16:25:49.598+0000] {override.py:1900} INFO - Created Permission View: can delete on DAG Run:dataset_alias_example_alias_producer
[2024-09-19T16:25:49.678+0000] {logging_mixin.py:190} INFO - [2024-09-19T16:25:49.678+0000] {override.py:1900} INFO - Created Permission View: can edit on DAG:dataset_s3_bucket_consumer
[2024-09-19T16:25:49.712+0000] {logging_mixin.py:190} INFO - [2024-09-19T16:25:49.712+0000] {override.py:1900} INFO - Created Permission View: can read on DAG:dataset_s3_bucket_consumer
[2024-09-19T16:25:49.733+0000] {logging_mixin.py:190} INFO - [2024-09-19T16:25:49.733+0000] {override.py:1900} INFO - Created Permission View: can delete on DAG:dataset_s3_bucket_consumer
[2024-09-19T16:25:49.786+0000] {logging_mixin.py:190} INFO - [2024-09-19T16:25:49.786+0000] {override.py:1900} INFO - Created Permission View: menu access on DAG Run:dataset_s3_bucket_consumer
[2024-09-19T16:25:49.814+0000] {logging_mixin.py:190} INFO - [2024-09-19T16:25:49.814+0000] {override.py:1900} INFO - Created Permission View: can read on DAG Run:dataset_s3_bucket_consumer
[2024-09-19T16:25:49.841+0000] {logging_mixin.py:190} INFO - [2024-09-19T16:25:49.840+0000] {override.py:1900} INFO - Created Permission View: can create on DAG Run:dataset_s3_bucket_consumer
[2024-09-19T16:25:49.885+0000] {logging_mixin.py:190} INFO - [2024-09-19T16:25:49.884+0000] {override.py:1900} INFO - Created Permission View: can delete on DAG Run:dataset_s3_bucket_consumer
[2024-09-19T16:25:49.956+0000] {logging_mixin.py:190} INFO - [2024-09-19T16:25:49.955+0000] {override.py:1900} INFO - Created Permission View: can edit on DAG:dataset_s3_bucket_producer
[2024-09-19T16:25:49.978+0000] {logging_mixin.py:190} INFO - [2024-09-19T16:25:49.977+0000] {override.py:1900} INFO - Created Permission View: can read on DAG:dataset_s3_bucket_producer
[2024-09-19T16:25:50.002+0000] {logging_mixin.py:190} INFO - [2024-09-19T16:25:50.002+0000] {override.py:1900} INFO - Created Permission View: can delete on DAG:dataset_s3_bucket_producer
[2024-09-19T16:25:50.050+0000] {logging_mixin.py:190} INFO - [2024-09-19T16:25:50.049+0000] {override.py:1900} INFO - Created Permission View: menu access on DAG Run:dataset_s3_bucket_producer
[2024-09-19T16:25:50.074+0000] {logging_mixin.py:190} INFO - [2024-09-19T16:25:50.073+0000] {override.py:1900} INFO - Created Permission View: can read on DAG Run:dataset_s3_bucket_producer
[2024-09-19T16:25:50.097+0000] {logging_mixin.py:190} INFO - [2024-09-19T16:25:50.097+0000] {override.py:1900} INFO - Created Permission View: can create on DAG Run:dataset_s3_bucket_producer
[2024-09-19T16:25:50.121+0000] {logging_mixin.py:190} INFO - [2024-09-19T16:25:50.120+0000] {override.py:1900} INFO - Created Permission View: can delete on DAG Run:dataset_s3_bucket_producer
[2024-09-19T16:25:50.213+0000] {logging_mixin.py:190} INFO - [2024-09-19T16:25:50.213+0000] {override.py:1900} INFO - Created Permission View: can edit on DAG:dataset_alias_example_alias_consumer
[2024-09-19T16:25:50.246+0000] {logging_mixin.py:190} INFO - [2024-09-19T16:25:50.245+0000] {override.py:1900} INFO - Created Permission View: can read on DAG:dataset_alias_example_alias_consumer
[2024-09-19T16:25:50.275+0000] {logging_mixin.py:190} INFO - [2024-09-19T16:25:50.275+0000] {override.py:1900} INFO - Created Permission View: can delete on DAG:dataset_alias_example_alias_consumer
[2024-09-19T16:25:50.325+0000] {logging_mixin.py:190} INFO - [2024-09-19T16:25:50.324+0000] {override.py:1900} INFO - Created Permission View: menu access on DAG Run:dataset_alias_example_alias_consumer
[2024-09-19T16:25:50.362+0000] {logging_mixin.py:190} INFO - [2024-09-19T16:25:50.362+0000] {override.py:1900} INFO - Created Permission View: can read on DAG Run:dataset_alias_example_alias_consumer
[2024-09-19T16:25:50.423+0000] {logging_mixin.py:190} INFO - [2024-09-19T16:25:50.422+0000] {override.py:1900} INFO - Created Permission View: can create on DAG Run:dataset_alias_example_alias_consumer
[2024-09-19T16:25:50.465+0000] {logging_mixin.py:190} INFO - [2024-09-19T16:25:50.465+0000] {override.py:1900} INFO - Created Permission View: can delete on DAG Run:dataset_alias_example_alias_consumer
[2024-09-19T16:25:50.466+0000] {logging_mixin.py:190} INFO - [2024-09-19T16:25:50.466+0000] {dag.py:3229} INFO - Sync 4 DAGs
[2024-09-19T16:25:50.479+0000] {logging_mixin.py:190} INFO - [2024-09-19T16:25:50.479+0000] {dag.py:3252} INFO - Creating ORM DAG for dataset_alias_example_alias_consumer
[2024-09-19T16:25:50.480+0000] {logging_mixin.py:190} INFO - [2024-09-19T16:25:50.479+0000] {dag.py:3252} INFO - Creating ORM DAG for dataset_alias_example_alias_producer
[2024-09-19T16:25:50.480+0000] {logging_mixin.py:190} INFO - [2024-09-19T16:25:50.480+0000] {dag.py:3252} INFO - Creating ORM DAG for dataset_s3_bucket_consumer
[2024-09-19T16:25:50.481+0000] {logging_mixin.py:190} INFO - [2024-09-19T16:25:50.480+0000] {dag.py:3252} INFO - Creating ORM DAG for dataset_s3_bucket_producer
[2024-09-19T16:25:50.487+0000] {logging_mixin.py:190} INFO - [2024-09-19T16:25:50.487+0000] {dag.py:4156} INFO - Setting next_dagrun for dataset_alias_example_alias_consumer to None, run_after=None
[2024-09-19T16:25:50.487+0000] {logging_mixin.py:190} INFO - [2024-09-19T16:25:50.487+0000] {dag.py:4156} INFO - Setting next_dagrun for dataset_alias_example_alias_producer to None, run_after=None
[2024-09-19T16:25:50.488+0000] {logging_mixin.py:190} INFO - [2024-09-19T16:25:50.488+0000] {dag.py:4156} INFO - Setting next_dagrun for dataset_s3_bucket_consumer to None, run_after=None
[2024-09-19T16:25:50.488+0000] {logging_mixin.py:190} INFO - [2024-09-19T16:25:50.488+0000] {dag.py:4156} INFO - Setting next_dagrun for dataset_s3_bucket_producer to None, run_after=None
[2024-09-19T16:25:50.536+0000] {processor.py:208} INFO - Processing /home/vscode/.local/lib/python3.10/site-packages/airflow/example_dags/example_dataset_alias.py took 1.315 seconds
[2024-09-19T16:27:01.851+0000] {processor.py:186} INFO - Started process (PID=12414) to work on /home/vscode/.local/lib/python3.10/site-packages/airflow/example_dags/example_dataset_alias.py
[2024-09-19T16:27:01.851+0000] {processor.py:914} INFO - Processing file /home/vscode/.local/lib/python3.10/site-packages/airflow/example_dags/example_dataset_alias.py for tasks to queue
[2024-09-19T16:27:01.853+0000] {logging_mixin.py:190} INFO - [2024-09-19T16:27:01.853+0000] {dagbag.py:587} INFO - Filling up the DagBag from /home/vscode/.local/lib/python3.10/site-packages/airflow/example_dags/example_dataset_alias.py
[2024-09-19T16:27:01.871+0000] {processor.py:925} INFO - DAG(s) 'dataset_s3_bucket_producer', 'dataset_s3_bucket_consumer', 'dataset_alias_example_alias_consumer', 'dataset_alias_example_alias_producer' retrieved from /home/vscode/.local/lib/python3.10/site-packages/airflow/example_dags/example_dataset_alias.py
[2024-09-19T16:27:01.887+0000] {logging_mixin.py:190} INFO - [2024-09-19T16:27:01.886+0000] {dag.py:3229} INFO - Sync 4 DAGs
[2024-09-19T16:27:01.903+0000] {logging_mixin.py:190} INFO - [2024-09-19T16:27:01.902+0000] {dag.py:4156} INFO - Setting next_dagrun for dataset_alias_example_alias_consumer to None, run_after=None
[2024-09-19T16:27:01.906+0000] {logging_mixin.py:190} INFO - [2024-09-19T16:27:01.906+0000] {dag.py:4156} INFO - Setting next_dagrun for dataset_alias_example_alias_producer to None, run_after=None
[2024-09-19T16:27:01.907+0000] {logging_mixin.py:190} INFO - [2024-09-19T16:27:01.907+0000] {dag.py:4156} INFO - Setting next_dagrun for dataset_s3_bucket_consumer to None, run_after=None
[2024-09-19T16:27:01.908+0000] {logging_mixin.py:190} INFO - [2024-09-19T16:27:01.908+0000] {dag.py:4156} INFO - Setting next_dagrun for dataset_s3_bucket_producer to None, run_after=None
[2024-09-19T16:27:01.945+0000] {processor.py:208} INFO - Processing /home/vscode/.local/lib/python3.10/site-packages/airflow/example_dags/example_dataset_alias.py took 0.099 seconds
[2024-09-19T16:27:58.526+0000] {processor.py:186} INFO - Started process (PID=12824) to work on /home/vscode/.local/lib/python3.10/site-packages/airflow/example_dags/example_dataset_alias.py
[2024-09-19T16:27:58.527+0000] {processor.py:914} INFO - Processing file /home/vscode/.local/lib/python3.10/site-packages/airflow/example_dags/example_dataset_alias.py for tasks to queue
[2024-09-19T16:27:58.528+0000] {logging_mixin.py:190} INFO - [2024-09-19T16:27:58.528+0000] {dagbag.py:587} INFO - Filling up the DagBag from /home/vscode/.local/lib/python3.10/site-packages/airflow/example_dags/example_dataset_alias.py
[2024-09-19T16:27:58.546+0000] {processor.py:925} INFO - DAG(s) 'dataset_alias_example_alias_producer', 'dataset_s3_bucket_consumer', 'dataset_alias_example_alias_consumer', 'dataset_s3_bucket_producer' retrieved from /home/vscode/.local/lib/python3.10/site-packages/airflow/example_dags/example_dataset_alias.py
[2024-09-19T16:27:58.566+0000] {logging_mixin.py:190} INFO - [2024-09-19T16:27:58.565+0000] {dag.py:3229} INFO - Sync 4 DAGs
[2024-09-19T16:27:58.592+0000] {logging_mixin.py:190} INFO - [2024-09-19T16:27:58.591+0000] {dag.py:4156} INFO - Setting next_dagrun for dataset_alias_example_alias_consumer to None, run_after=None
[2024-09-19T16:27:58.594+0000] {logging_mixin.py:190} INFO - [2024-09-19T16:27:58.594+0000] {dag.py:4156} INFO - Setting next_dagrun for dataset_alias_example_alias_producer to None, run_after=None
[2024-09-19T16:27:58.595+0000] {logging_mixin.py:190} INFO - [2024-09-19T16:27:58.595+0000] {dag.py:4156} INFO - Setting next_dagrun for dataset_s3_bucket_consumer to None, run_after=None
[2024-09-19T16:27:58.596+0000] {logging_mixin.py:190} INFO - [2024-09-19T16:27:58.596+0000] {dag.py:4156} INFO - Setting next_dagrun for dataset_s3_bucket_producer to None, run_after=None
[2024-09-19T16:27:58.644+0000] {processor.py:208} INFO - Processing /home/vscode/.local/lib/python3.10/site-packages/airflow/example_dags/example_dataset_alias.py took 0.123 seconds
[2024-09-19T16:28:53.136+0000] {processor.py:186} INFO - Started process (PID=13267) to work on /home/vscode/.local/lib/python3.10/site-packages/airflow/example_dags/example_dataset_alias.py
[2024-09-19T16:28:53.137+0000] {processor.py:914} INFO - Processing file /home/vscode/.local/lib/python3.10/site-packages/airflow/example_dags/example_dataset_alias.py for tasks to queue
[2024-09-19T16:28:53.139+0000] {logging_mixin.py:190} INFO - [2024-09-19T16:28:53.138+0000] {dagbag.py:587} INFO - Filling up the DagBag from /home/vscode/.local/lib/python3.10/site-packages/airflow/example_dags/example_dataset_alias.py
[2024-09-19T16:28:53.161+0000] {processor.py:925} INFO - DAG(s) 'dataset_s3_bucket_producer', 'dataset_s3_bucket_consumer', 'dataset_alias_example_alias_consumer', 'dataset_alias_example_alias_producer' retrieved from /home/vscode/.local/lib/python3.10/site-packages/airflow/example_dags/example_dataset_alias.py
[2024-09-19T16:28:53.178+0000] {logging_mixin.py:190} INFO - [2024-09-19T16:28:53.178+0000] {dag.py:3229} INFO - Sync 4 DAGs
[2024-09-19T16:28:53.194+0000] {logging_mixin.py:190} INFO - [2024-09-19T16:28:53.194+0000] {dag.py:4156} INFO - Setting next_dagrun for dataset_alias_example_alias_consumer to None, run_after=None
[2024-09-19T16:28:53.196+0000] {logging_mixin.py:190} INFO - [2024-09-19T16:28:53.196+0000] {dag.py:4156} INFO - Setting next_dagrun for dataset_alias_example_alias_producer to None, run_after=None
[2024-09-19T16:28:53.197+0000] {logging_mixin.py:190} INFO - [2024-09-19T16:28:53.196+0000] {dag.py:4156} INFO - Setting next_dagrun for dataset_s3_bucket_consumer to None, run_after=None
[2024-09-19T16:28:53.197+0000] {logging_mixin.py:190} INFO - [2024-09-19T16:28:53.197+0000] {dag.py:4156} INFO - Setting next_dagrun for dataset_s3_bucket_producer to None, run_after=None
[2024-09-19T16:28:53.271+0000] {processor.py:208} INFO - Processing /home/vscode/.local/lib/python3.10/site-packages/airflow/example_dags/example_dataset_alias.py took 0.141 seconds
[2024-09-19T16:30:08.054+0000] {processor.py:186} INFO - Started process (PID=13887) to work on /home/vscode/.local/lib/python3.10/site-packages/airflow/example_dags/example_dataset_alias.py
[2024-09-19T16:30:08.055+0000] {processor.py:914} INFO - Processing file /home/vscode/.local/lib/python3.10/site-packages/airflow/example_dags/example_dataset_alias.py for tasks to queue
[2024-09-19T16:30:08.056+0000] {logging_mixin.py:190} INFO - [2024-09-19T16:30:08.056+0000] {dagbag.py:587} INFO - Filling up the DagBag from /home/vscode/.local/lib/python3.10/site-packages/airflow/example_dags/example_dataset_alias.py
[2024-09-19T16:30:08.075+0000] {processor.py:925} INFO - DAG(s) 'dataset_alias_example_alias_consumer', 'dataset_alias_example_alias_producer', 'dataset_s3_bucket_producer', 'dataset_s3_bucket_consumer' retrieved from /home/vscode/.local/lib/python3.10/site-packages/airflow/example_dags/example_dataset_alias.py
[2024-09-19T16:30:08.092+0000] {logging_mixin.py:190} INFO - [2024-09-19T16:30:08.092+0000] {dag.py:3229} INFO - Sync 4 DAGs
[2024-09-19T16:30:08.109+0000] {logging_mixin.py:190} INFO - [2024-09-19T16:30:08.109+0000] {dag.py:4156} INFO - Setting next_dagrun for dataset_alias_example_alias_consumer to None, run_after=None
[2024-09-19T16:30:08.111+0000] {logging_mixin.py:190} INFO - [2024-09-19T16:30:08.111+0000] {dag.py:4156} INFO - Setting next_dagrun for dataset_alias_example_alias_producer to None, run_after=None
[2024-09-19T16:30:08.112+0000] {logging_mixin.py:190} INFO - [2024-09-19T16:30:08.112+0000] {dag.py:4156} INFO - Setting next_dagrun for dataset_s3_bucket_consumer to None, run_after=None
[2024-09-19T16:30:08.113+0000] {logging_mixin.py:190} INFO - [2024-09-19T16:30:08.113+0000] {dag.py:4156} INFO - Setting next_dagrun for dataset_s3_bucket_producer to None, run_after=None
[2024-09-19T16:30:08.168+0000] {processor.py:208} INFO - Processing /home/vscode/.local/lib/python3.10/site-packages/airflow/example_dags/example_dataset_alias.py took 0.118 seconds
[2024-09-19T16:30:59.785+0000] {processor.py:186} INFO - Started process (PID=14228) to work on /home/vscode/.local/lib/python3.10/site-packages/airflow/example_dags/example_dataset_alias.py
[2024-09-19T16:30:59.786+0000] {processor.py:914} INFO - Processing file /home/vscode/.local/lib/python3.10/site-packages/airflow/example_dags/example_dataset_alias.py for tasks to queue
[2024-09-19T16:30:59.787+0000] {logging_mixin.py:190} INFO - [2024-09-19T16:30:59.787+0000] {dagbag.py:587} INFO - Filling up the DagBag from /home/vscode/.local/lib/python3.10/site-packages/airflow/example_dags/example_dataset_alias.py
[2024-09-19T16:30:59.807+0000] {processor.py:925} INFO - DAG(s) 'dataset_s3_bucket_producer', 'dataset_alias_example_alias_consumer', 'dataset_s3_bucket_consumer', 'dataset_alias_example_alias_producer' retrieved from /home/vscode/.local/lib/python3.10/site-packages/airflow/example_dags/example_dataset_alias.py
[2024-09-19T16:30:59.824+0000] {logging_mixin.py:190} INFO - [2024-09-19T16:30:59.824+0000] {dag.py:3229} INFO - Sync 4 DAGs
[2024-09-19T16:30:59.846+0000] {logging_mixin.py:190} INFO - [2024-09-19T16:30:59.845+0000] {dag.py:4156} INFO - Setting next_dagrun for dataset_alias_example_alias_consumer to None, run_after=None
[2024-09-19T16:30:59.848+0000] {logging_mixin.py:190} INFO - [2024-09-19T16:30:59.847+0000] {dag.py:4156} INFO - Setting next_dagrun for dataset_alias_example_alias_producer to None, run_after=None
[2024-09-19T16:30:59.848+0000] {logging_mixin.py:190} INFO - [2024-09-19T16:30:59.848+0000] {dag.py:4156} INFO - Setting next_dagrun for dataset_s3_bucket_consumer to None, run_after=None
[2024-09-19T16:30:59.849+0000] {logging_mixin.py:190} INFO - [2024-09-19T16:30:59.849+0000] {dag.py:4156} INFO - Setting next_dagrun for dataset_s3_bucket_producer to None, run_after=None
[2024-09-19T16:30:59.887+0000] {processor.py:208} INFO - Processing /home/vscode/.local/lib/python3.10/site-packages/airflow/example_dags/example_dataset_alias.py took 0.107 seconds
[2024-09-19T16:32:18.285+0000] {processor.py:186} INFO - Started process (PID=15073) to work on /home/vscode/.local/lib/python3.10/site-packages/airflow/example_dags/example_dataset_alias.py
[2024-09-19T16:32:18.286+0000] {processor.py:914} INFO - Processing file /home/vscode/.local/lib/python3.10/site-packages/airflow/example_dags/example_dataset_alias.py for tasks to queue
[2024-09-19T16:32:18.288+0000] {logging_mixin.py:190} INFO - [2024-09-19T16:32:18.288+0000] {dagbag.py:587} INFO - Filling up the DagBag from /home/vscode/.local/lib/python3.10/site-packages/airflow/example_dags/example_dataset_alias.py
[2024-09-19T16:32:18.315+0000] {processor.py:925} INFO - DAG(s) 'dataset_s3_bucket_consumer', 'dataset_alias_example_alias_producer', 'dataset_s3_bucket_producer', 'dataset_alias_example_alias_consumer' retrieved from /home/vscode/.local/lib/python3.10/site-packages/airflow/example_dags/example_dataset_alias.py
[2024-09-19T16:32:18.353+0000] {logging_mixin.py:190} INFO - [2024-09-19T16:32:18.352+0000] {dag.py:3229} INFO - Sync 4 DAGs
[2024-09-19T16:32:18.386+0000] {logging_mixin.py:190} INFO - [2024-09-19T16:32:18.386+0000] {dag.py:4156} INFO - Setting next_dagrun for dataset_alias_example_alias_consumer to None, run_after=None
[2024-09-19T16:32:18.389+0000] {logging_mixin.py:190} INFO - [2024-09-19T16:32:18.389+0000] {dag.py:4156} INFO - Setting next_dagrun for dataset_alias_example_alias_producer to None, run_after=None
[2024-09-19T16:32:18.390+0000] {logging_mixin.py:190} INFO - [2024-09-19T16:32:18.390+0000] {dag.py:4156} INFO - Setting next_dagrun for dataset_s3_bucket_consumer to None, run_after=None
[2024-09-19T16:32:18.391+0000] {logging_mixin.py:190} INFO - [2024-09-19T16:32:18.391+0000] {dag.py:4156} INFO - Setting next_dagrun for dataset_s3_bucket_producer to None, run_after=None
[2024-09-19T16:32:18.433+0000] {processor.py:208} INFO - Processing /home/vscode/.local/lib/python3.10/site-packages/airflow/example_dags/example_dataset_alias.py took 0.154 seconds
[2024-09-19T16:33:11.460+0000] {processor.py:186} INFO - Started process (PID=15438) to work on /home/vscode/.local/lib/python3.10/site-packages/airflow/example_dags/example_dataset_alias.py
[2024-09-19T16:33:11.461+0000] {processor.py:914} INFO - Processing file /home/vscode/.local/lib/python3.10/site-packages/airflow/example_dags/example_dataset_alias.py for tasks to queue
[2024-09-19T16:33:11.462+0000] {logging_mixin.py:190} INFO - [2024-09-19T16:33:11.462+0000] {dagbag.py:587} INFO - Filling up the DagBag from /home/vscode/.local/lib/python3.10/site-packages/airflow/example_dags/example_dataset_alias.py
[2024-09-19T16:33:11.480+0000] {processor.py:925} INFO - DAG(s) 'dataset_s3_bucket_producer', 'dataset_alias_example_alias_producer', 'dataset_alias_example_alias_consumer', 'dataset_s3_bucket_consumer' retrieved from /home/vscode/.local/lib/python3.10/site-packages/airflow/example_dags/example_dataset_alias.py
[2024-09-19T16:33:11.496+0000] {logging_mixin.py:190} INFO - [2024-09-19T16:33:11.495+0000] {dag.py:3229} INFO - Sync 4 DAGs
[2024-09-19T16:33:11.511+0000] {logging_mixin.py:190} INFO - [2024-09-19T16:33:11.511+0000] {dag.py:4156} INFO - Setting next_dagrun for dataset_alias_example_alias_consumer to None, run_after=None
[2024-09-19T16:33:11.513+0000] {logging_mixin.py:190} INFO - [2024-09-19T16:33:11.512+0000] {dag.py:4156} INFO - Setting next_dagrun for dataset_alias_example_alias_producer to None, run_after=None
[2024-09-19T16:33:11.513+0000] {logging_mixin.py:190} INFO - [2024-09-19T16:33:11.513+0000] {dag.py:4156} INFO - Setting next_dagrun for dataset_s3_bucket_consumer to None, run_after=None
[2024-09-19T16:33:11.514+0000] {logging_mixin.py:190} INFO - [2024-09-19T16:33:11.514+0000] {dag.py:4156} INFO - Setting next_dagrun for dataset_s3_bucket_producer to None, run_after=None
[2024-09-19T16:33:11.565+0000] {processor.py:208} INFO - Processing /home/vscode/.local/lib/python3.10/site-packages/airflow/example_dags/example_dataset_alias.py took 0.110 seconds
[2024-09-19T16:34:25.167+0000] {processor.py:186} INFO - Started process (PID=15937) to work on /home/vscode/.local/lib/python3.10/site-packages/airflow/example_dags/example_dataset_alias.py
[2024-09-19T16:34:25.168+0000] {processor.py:914} INFO - Processing file /home/vscode/.local/lib/python3.10/site-packages/airflow/example_dags/example_dataset_alias.py for tasks to queue
[2024-09-19T16:34:25.169+0000] {logging_mixin.py:190} INFO - [2024-09-19T16:34:25.169+0000] {dagbag.py:587} INFO - Filling up the DagBag from /home/vscode/.local/lib/python3.10/site-packages/airflow/example_dags/example_dataset_alias.py
[2024-09-19T16:34:25.196+0000] {processor.py:925} INFO - DAG(s) 'dataset_s3_bucket_consumer', 'dataset_s3_bucket_producer', 'dataset_alias_example_alias_consumer', 'dataset_alias_example_alias_producer' retrieved from /home/vscode/.local/lib/python3.10/site-packages/airflow/example_dags/example_dataset_alias.py
[2024-09-19T16:34:25.212+0000] {logging_mixin.py:190} INFO - [2024-09-19T16:34:25.212+0000] {dag.py:3229} INFO - Sync 4 DAGs
[2024-09-19T16:34:25.228+0000] {logging_mixin.py:190} INFO - [2024-09-19T16:34:25.227+0000] {dag.py:4156} INFO - Setting next_dagrun for dataset_alias_example_alias_consumer to None, run_after=None
[2024-09-19T16:34:25.229+0000] {logging_mixin.py:190} INFO - [2024-09-19T16:34:25.229+0000] {dag.py:4156} INFO - Setting next_dagrun for dataset_alias_example_alias_producer to None, run_after=None
[2024-09-19T16:34:25.230+0000] {logging_mixin.py:190} INFO - [2024-09-19T16:34:25.230+0000] {dag.py:4156} INFO - Setting next_dagrun for dataset_s3_bucket_consumer to None, run_after=None
[2024-09-19T16:34:25.231+0000] {logging_mixin.py:190} INFO - [2024-09-19T16:34:25.231+0000] {dag.py:4156} INFO - Setting next_dagrun for dataset_s3_bucket_producer to None, run_after=None
[2024-09-19T16:34:25.267+0000] {processor.py:208} INFO - Processing /home/vscode/.local/lib/python3.10/site-packages/airflow/example_dags/example_dataset_alias.py took 0.105 seconds
[2024-09-19T23:23:06.453+0000] {processor.py:186} INFO - Started process (PID=20249) to work on /home/vscode/.local/lib/python3.10/site-packages/airflow/example_dags/example_dataset_alias.py
[2024-09-19T23:23:06.454+0000] {processor.py:914} INFO - Processing file /home/vscode/.local/lib/python3.10/site-packages/airflow/example_dags/example_dataset_alias.py for tasks to queue
[2024-09-19T23:23:06.455+0000] {logging_mixin.py:190} INFO - [2024-09-19T23:23:06.455+0000] {dagbag.py:587} INFO - Filling up the DagBag from /home/vscode/.local/lib/python3.10/site-packages/airflow/example_dags/example_dataset_alias.py
[2024-09-19T23:23:06.471+0000] {processor.py:925} INFO - DAG(s) 'dataset_s3_bucket_producer', 'dataset_alias_example_alias_consumer', 'dataset_s3_bucket_consumer', 'dataset_alias_example_alias_producer' retrieved from /home/vscode/.local/lib/python3.10/site-packages/airflow/example_dags/example_dataset_alias.py
[2024-09-19T23:23:06.486+0000] {logging_mixin.py:190} INFO - [2024-09-19T23:23:06.486+0000] {dag.py:3229} INFO - Sync 4 DAGs
[2024-09-19T23:23:06.500+0000] {logging_mixin.py:190} INFO - [2024-09-19T23:23:06.500+0000] {dag.py:4156} INFO - Setting next_dagrun for dataset_alias_example_alias_consumer to None, run_after=None
[2024-09-19T23:23:06.502+0000] {logging_mixin.py:190} INFO - [2024-09-19T23:23:06.502+0000] {dag.py:4156} INFO - Setting next_dagrun for dataset_alias_example_alias_producer to None, run_after=None
[2024-09-19T23:23:06.503+0000] {logging_mixin.py:190} INFO - [2024-09-19T23:23:06.503+0000] {dag.py:4156} INFO - Setting next_dagrun for dataset_s3_bucket_consumer to None, run_after=None
[2024-09-19T23:23:06.504+0000] {logging_mixin.py:190} INFO - [2024-09-19T23:23:06.503+0000] {dag.py:4156} INFO - Setting next_dagrun for dataset_s3_bucket_producer to None, run_after=None
[2024-09-19T23:23:06.559+0000] {processor.py:208} INFO - Processing /home/vscode/.local/lib/python3.10/site-packages/airflow/example_dags/example_dataset_alias.py took 0.111 seconds
[2024-09-19T23:24:03.908+0000] {processor.py:186} INFO - Started process (PID=20692) to work on /home/vscode/.local/lib/python3.10/site-packages/airflow/example_dags/example_dataset_alias.py
[2024-09-19T23:24:03.908+0000] {processor.py:914} INFO - Processing file /home/vscode/.local/lib/python3.10/site-packages/airflow/example_dags/example_dataset_alias.py for tasks to queue
[2024-09-19T23:24:03.910+0000] {logging_mixin.py:190} INFO - [2024-09-19T23:24:03.910+0000] {dagbag.py:587} INFO - Filling up the DagBag from /home/vscode/.local/lib/python3.10/site-packages/airflow/example_dags/example_dataset_alias.py
[2024-09-19T23:24:03.927+0000] {processor.py:925} INFO - DAG(s) 'dataset_alias_example_alias_producer', 'dataset_alias_example_alias_consumer', 'dataset_s3_bucket_producer', 'dataset_s3_bucket_consumer' retrieved from /home/vscode/.local/lib/python3.10/site-packages/airflow/example_dags/example_dataset_alias.py
[2024-09-19T23:24:03.941+0000] {logging_mixin.py:190} INFO - [2024-09-19T23:24:03.941+0000] {dag.py:3229} INFO - Sync 4 DAGs
[2024-09-19T23:24:03.955+0000] {logging_mixin.py:190} INFO - [2024-09-19T23:24:03.955+0000] {dag.py:4156} INFO - Setting next_dagrun for dataset_alias_example_alias_consumer to None, run_after=None
[2024-09-19T23:24:03.957+0000] {logging_mixin.py:190} INFO - [2024-09-19T23:24:03.957+0000] {dag.py:4156} INFO - Setting next_dagrun for dataset_alias_example_alias_producer to None, run_after=None
[2024-09-19T23:24:03.958+0000] {logging_mixin.py:190} INFO - [2024-09-19T23:24:03.958+0000] {dag.py:4156} INFO - Setting next_dagrun for dataset_s3_bucket_consumer to None, run_after=None
[2024-09-19T23:24:03.959+0000] {logging_mixin.py:190} INFO - [2024-09-19T23:24:03.959+0000] {dag.py:4156} INFO - Setting next_dagrun for dataset_s3_bucket_producer to None, run_after=None
[2024-09-19T23:24:04.004+0000] {processor.py:208} INFO - Processing /home/vscode/.local/lib/python3.10/site-packages/airflow/example_dags/example_dataset_alias.py took 0.101 seconds
[2024-09-19T23:25:01.852+0000] {processor.py:186} INFO - Started process (PID=21167) to work on /home/vscode/.local/lib/python3.10/site-packages/airflow/example_dags/example_dataset_alias.py
[2024-09-19T23:25:01.852+0000] {processor.py:914} INFO - Processing file /home/vscode/.local/lib/python3.10/site-packages/airflow/example_dags/example_dataset_alias.py for tasks to queue
[2024-09-19T23:25:01.854+0000] {logging_mixin.py:190} INFO - [2024-09-19T23:25:01.854+0000] {dagbag.py:587} INFO - Filling up the DagBag from /home/vscode/.local/lib/python3.10/site-packages/airflow/example_dags/example_dataset_alias.py
[2024-09-19T23:25:01.875+0000] {processor.py:925} INFO - DAG(s) 'dataset_s3_bucket_consumer', 'dataset_alias_example_alias_consumer', 'dataset_s3_bucket_producer', 'dataset_alias_example_alias_producer' retrieved from /home/vscode/.local/lib/python3.10/site-packages/airflow/example_dags/example_dataset_alias.py
[2024-09-19T23:25:01.897+0000] {logging_mixin.py:190} INFO - [2024-09-19T23:25:01.897+0000] {dag.py:3229} INFO - Sync 4 DAGs
[2024-09-19T23:25:01.919+0000] {logging_mixin.py:190} INFO - [2024-09-19T23:25:01.919+0000] {dag.py:4156} INFO - Setting next_dagrun for dataset_alias_example_alias_consumer to None, run_after=None
[2024-09-19T23:25:01.921+0000] {logging_mixin.py:190} INFO - [2024-09-19T23:25:01.921+0000] {dag.py:4156} INFO - Setting next_dagrun for dataset_alias_example_alias_producer to None, run_after=None
[2024-09-19T23:25:01.922+0000] {logging_mixin.py:190} INFO - [2024-09-19T23:25:01.922+0000] {dag.py:4156} INFO - Setting next_dagrun for dataset_s3_bucket_consumer to None, run_after=None
[2024-09-19T23:25:01.923+0000] {logging_mixin.py:190} INFO - [2024-09-19T23:25:01.923+0000] {dag.py:4156} INFO - Setting next_dagrun for dataset_s3_bucket_producer to None, run_after=None
[2024-09-19T23:25:01.968+0000] {processor.py:208} INFO - Processing /home/vscode/.local/lib/python3.10/site-packages/airflow/example_dags/example_dataset_alias.py took 0.121 seconds
