[2024-09-19T16:25:37.999+0000] {processor.py:157} INFO - Started process (PID=16099) to work on /home/vscode/.local/lib/python3.10/site-packages/airflow/example_dags/example_task_group_decorator.py
[2024-09-19T16:25:38.000+0000] {processor.py:826} INFO - Processing file /home/vscode/.local/lib/python3.10/site-packages/airflow/example_dags/example_task_group_decorator.py for tasks to queue
[2024-09-19T16:25:38.000+0000] {logging_mixin.py:150} INFO - [2024-09-19T16:25:38.000+0000] {dagbag.py:541} INFO - Filling up the DagBag from /home/vscode/.local/lib/python3.10/site-packages/airflow/example_dags/example_task_group_decorator.py
[2024-09-19T16:25:38.011+0000] {processor.py:836} INFO - DAG(s) dict_keys(['example_task_group_decorator']) retrieved from /home/vscode/.local/lib/python3.10/site-packages/airflow/example_dags/example_task_group_decorator.py
[2024-09-19T16:25:38.236+0000] {logging_mixin.py:150} INFO - [2024-09-19T16:25:38.235+0000] {manager.py:504} INFO - Created Permission View: can edit on DAG:example_task_group_decorator
[2024-09-19T16:25:38.266+0000] {logging_mixin.py:150} INFO - [2024-09-19T16:25:38.266+0000] {manager.py:504} INFO - Created Permission View: can delete on DAG:example_task_group_decorator
[2024-09-19T16:25:38.293+0000] {logging_mixin.py:150} INFO - [2024-09-19T16:25:38.293+0000] {manager.py:504} INFO - Created Permission View: can read on DAG:example_task_group_decorator
[2024-09-19T16:25:38.301+0000] {logging_mixin.py:150} INFO - [2024-09-19T16:25:38.301+0000] {dag.py:2742} INFO - Sync 1 DAGs
[2024-09-19T16:25:38.307+0000] {logging_mixin.py:150} INFO - [2024-09-19T16:25:38.307+0000] {dag.py:2763} INFO - Creating ORM DAG for example_task_group_decorator
[2024-09-19T16:25:38.313+0000] {logging_mixin.py:150} INFO - [2024-09-19T16:25:38.313+0000] {dag.py:3504} INFO - Setting next_dagrun for example_task_group_decorator to 2024-09-18T16:25:38.313428+00:00, run_after=2024-09-19T16:25:38.313428+00:00
[2024-09-19T16:25:38.351+0000] {processor.py:179} INFO - Processing /home/vscode/.local/lib/python3.10/site-packages/airflow/example_dags/example_task_group_decorator.py took 0.354 seconds
[2024-09-19T16:26:34.766+0000] {processor.py:157} INFO - Started process (PID=16474) to work on /home/vscode/.local/lib/python3.10/site-packages/airflow/example_dags/example_task_group_decorator.py
[2024-09-19T16:26:34.766+0000] {processor.py:826} INFO - Processing file /home/vscode/.local/lib/python3.10/site-packages/airflow/example_dags/example_task_group_decorator.py for tasks to queue
[2024-09-19T16:26:34.767+0000] {logging_mixin.py:150} INFO - [2024-09-19T16:26:34.767+0000] {dagbag.py:541} INFO - Filling up the DagBag from /home/vscode/.local/lib/python3.10/site-packages/airflow/example_dags/example_task_group_decorator.py
[2024-09-19T16:26:34.779+0000] {processor.py:836} INFO - DAG(s) dict_keys(['example_task_group_decorator']) retrieved from /home/vscode/.local/lib/python3.10/site-packages/airflow/example_dags/example_task_group_decorator.py
[2024-09-19T16:26:34.793+0000] {logging_mixin.py:150} INFO - [2024-09-19T16:26:34.792+0000] {dag.py:2742} INFO - Sync 1 DAGs
[2024-09-19T16:26:34.807+0000] {logging_mixin.py:150} INFO - [2024-09-19T16:26:34.806+0000] {dag.py:3504} INFO - Setting next_dagrun for example_task_group_decorator to 2024-09-18T16:26:34.806735+00:00, run_after=2024-09-19T16:26:34.806735+00:00
[2024-09-19T16:26:34.837+0000] {processor.py:179} INFO - Processing /home/vscode/.local/lib/python3.10/site-packages/airflow/example_dags/example_task_group_decorator.py took 0.074 seconds
[2024-09-19T16:27:19.790+0000] {processor.py:157} INFO - Started process (PID=16769) to work on /home/vscode/.local/lib/python3.10/site-packages/airflow/example_dags/example_task_group_decorator.py
[2024-09-19T16:27:19.791+0000] {processor.py:826} INFO - Processing file /home/vscode/.local/lib/python3.10/site-packages/airflow/example_dags/example_task_group_decorator.py for tasks to queue
[2024-09-19T16:27:19.792+0000] {logging_mixin.py:150} INFO - [2024-09-19T16:27:19.791+0000] {dagbag.py:541} INFO - Filling up the DagBag from /home/vscode/.local/lib/python3.10/site-packages/airflow/example_dags/example_task_group_decorator.py
[2024-09-19T16:27:19.802+0000] {processor.py:836} INFO - DAG(s) dict_keys(['example_task_group_decorator']) retrieved from /home/vscode/.local/lib/python3.10/site-packages/airflow/example_dags/example_task_group_decorator.py
[2024-09-19T16:27:19.816+0000] {logging_mixin.py:150} INFO - [2024-09-19T16:27:19.816+0000] {dag.py:2742} INFO - Sync 1 DAGs
[2024-09-19T16:27:19.829+0000] {logging_mixin.py:150} INFO - [2024-09-19T16:27:19.829+0000] {dag.py:3504} INFO - Setting next_dagrun for example_task_group_decorator to 2024-09-18T16:27:19.829663+00:00, run_after=2024-09-19T16:27:19.829663+00:00
[2024-09-19T16:27:19.866+0000] {processor.py:179} INFO - Processing /home/vscode/.local/lib/python3.10/site-packages/airflow/example_dags/example_task_group_decorator.py took 0.078 seconds
[2024-09-19T16:27:59.067+0000] {processor.py:157} INFO - Started process (PID=17050) to work on /home/vscode/.local/lib/python3.10/site-packages/airflow/example_dags/example_task_group_decorator.py
[2024-09-19T16:27:59.067+0000] {processor.py:826} INFO - Processing file /home/vscode/.local/lib/python3.10/site-packages/airflow/example_dags/example_task_group_decorator.py for tasks to queue
[2024-09-19T16:27:59.068+0000] {logging_mixin.py:150} INFO - [2024-09-19T16:27:59.068+0000] {dagbag.py:541} INFO - Filling up the DagBag from /home/vscode/.local/lib/python3.10/site-packages/airflow/example_dags/example_task_group_decorator.py
[2024-09-19T16:27:59.079+0000] {processor.py:836} INFO - DAG(s) dict_keys(['example_task_group_decorator']) retrieved from /home/vscode/.local/lib/python3.10/site-packages/airflow/example_dags/example_task_group_decorator.py
[2024-09-19T16:27:59.094+0000] {logging_mixin.py:150} INFO - [2024-09-19T16:27:59.094+0000] {dag.py:2742} INFO - Sync 1 DAGs
[2024-09-19T16:27:59.109+0000] {logging_mixin.py:150} INFO - [2024-09-19T16:27:59.109+0000] {dag.py:3504} INFO - Setting next_dagrun for example_task_group_decorator to 2024-09-18T16:27:59.108920+00:00, run_after=2024-09-19T16:27:59.108920+00:00
[2024-09-19T16:27:59.144+0000] {processor.py:179} INFO - Processing /home/vscode/.local/lib/python3.10/site-packages/airflow/example_dags/example_task_group_decorator.py took 0.080 seconds
[2024-09-19T16:28:43.335+0000] {processor.py:157} INFO - Started process (PID=17401) to work on /home/vscode/.local/lib/python3.10/site-packages/airflow/example_dags/example_task_group_decorator.py
[2024-09-19T16:28:43.335+0000] {processor.py:826} INFO - Processing file /home/vscode/.local/lib/python3.10/site-packages/airflow/example_dags/example_task_group_decorator.py for tasks to queue
[2024-09-19T16:28:43.336+0000] {logging_mixin.py:150} INFO - [2024-09-19T16:28:43.336+0000] {dagbag.py:541} INFO - Filling up the DagBag from /home/vscode/.local/lib/python3.10/site-packages/airflow/example_dags/example_task_group_decorator.py
[2024-09-19T16:28:43.347+0000] {processor.py:836} INFO - DAG(s) dict_keys(['example_task_group_decorator']) retrieved from /home/vscode/.local/lib/python3.10/site-packages/airflow/example_dags/example_task_group_decorator.py
[2024-09-19T16:28:43.361+0000] {logging_mixin.py:150} INFO - [2024-09-19T16:28:43.361+0000] {dag.py:2742} INFO - Sync 1 DAGs
[2024-09-19T16:28:43.375+0000] {logging_mixin.py:150} INFO - [2024-09-19T16:28:43.375+0000] {dag.py:3504} INFO - Setting next_dagrun for example_task_group_decorator to 2024-09-18T16:28:43.375178+00:00, run_after=2024-09-19T16:28:43.375178+00:00
[2024-09-19T16:28:43.423+0000] {processor.py:179} INFO - Processing /home/vscode/.local/lib/python3.10/site-packages/airflow/example_dags/example_task_group_decorator.py took 0.090 seconds
[2024-09-19T16:29:30.280+0000] {processor.py:157} INFO - Started process (PID=17714) to work on /home/vscode/.local/lib/python3.10/site-packages/airflow/example_dags/example_task_group_decorator.py
[2024-09-19T16:29:30.280+0000] {processor.py:826} INFO - Processing file /home/vscode/.local/lib/python3.10/site-packages/airflow/example_dags/example_task_group_decorator.py for tasks to queue
[2024-09-19T16:29:30.281+0000] {logging_mixin.py:150} INFO - [2024-09-19T16:29:30.281+0000] {dagbag.py:541} INFO - Filling up the DagBag from /home/vscode/.local/lib/python3.10/site-packages/airflow/example_dags/example_task_group_decorator.py
[2024-09-19T16:29:30.292+0000] {processor.py:836} INFO - DAG(s) dict_keys(['example_task_group_decorator']) retrieved from /home/vscode/.local/lib/python3.10/site-packages/airflow/example_dags/example_task_group_decorator.py
[2024-09-19T16:29:30.305+0000] {logging_mixin.py:150} INFO - [2024-09-19T16:29:30.305+0000] {dag.py:2742} INFO - Sync 1 DAGs
[2024-09-19T16:29:30.319+0000] {logging_mixin.py:150} INFO - [2024-09-19T16:29:30.319+0000] {dag.py:3504} INFO - Setting next_dagrun for example_task_group_decorator to 2024-09-18T16:29:30.319568+00:00, run_after=2024-09-19T16:29:30.319568+00:00
[2024-09-19T16:29:30.355+0000] {processor.py:179} INFO - Processing /home/vscode/.local/lib/python3.10/site-packages/airflow/example_dags/example_task_group_decorator.py took 0.078 seconds
[2024-09-19T16:30:19.690+0000] {processor.py:157} INFO - Started process (PID=18160) to work on /home/vscode/.local/lib/python3.10/site-packages/airflow/example_dags/example_task_group_decorator.py
[2024-09-19T16:30:19.691+0000] {processor.py:826} INFO - Processing file /home/vscode/.local/lib/python3.10/site-packages/airflow/example_dags/example_task_group_decorator.py for tasks to queue
[2024-09-19T16:30:19.691+0000] {logging_mixin.py:150} INFO - [2024-09-19T16:30:19.691+0000] {dagbag.py:541} INFO - Filling up the DagBag from /home/vscode/.local/lib/python3.10/site-packages/airflow/example_dags/example_task_group_decorator.py
[2024-09-19T16:30:19.702+0000] {processor.py:836} INFO - DAG(s) dict_keys(['example_task_group_decorator']) retrieved from /home/vscode/.local/lib/python3.10/site-packages/airflow/example_dags/example_task_group_decorator.py
[2024-09-19T16:30:19.716+0000] {logging_mixin.py:150} INFO - [2024-09-19T16:30:19.716+0000] {dag.py:2742} INFO - Sync 1 DAGs
[2024-09-19T16:30:19.730+0000] {logging_mixin.py:150} INFO - [2024-09-19T16:30:19.730+0000] {dag.py:3504} INFO - Setting next_dagrun for example_task_group_decorator to 2024-09-18T16:30:19.730080+00:00, run_after=2024-09-19T16:30:19.730080+00:00
[2024-09-19T16:30:19.763+0000] {processor.py:179} INFO - Processing /home/vscode/.local/lib/python3.10/site-packages/airflow/example_dags/example_task_group_decorator.py took 0.075 seconds
[2024-09-19T16:31:05.497+0000] {processor.py:157} INFO - Started process (PID=18514) to work on /home/vscode/.local/lib/python3.10/site-packages/airflow/example_dags/example_task_group_decorator.py
[2024-09-19T16:31:05.498+0000] {processor.py:826} INFO - Processing file /home/vscode/.local/lib/python3.10/site-packages/airflow/example_dags/example_task_group_decorator.py for tasks to queue
[2024-09-19T16:31:05.498+0000] {logging_mixin.py:150} INFO - [2024-09-19T16:31:05.498+0000] {dagbag.py:541} INFO - Filling up the DagBag from /home/vscode/.local/lib/python3.10/site-packages/airflow/example_dags/example_task_group_decorator.py
[2024-09-19T16:31:05.509+0000] {processor.py:836} INFO - DAG(s) dict_keys(['example_task_group_decorator']) retrieved from /home/vscode/.local/lib/python3.10/site-packages/airflow/example_dags/example_task_group_decorator.py
[2024-09-19T16:31:05.523+0000] {logging_mixin.py:150} INFO - [2024-09-19T16:31:05.523+0000] {dag.py:2742} INFO - Sync 1 DAGs
[2024-09-19T16:31:05.536+0000] {logging_mixin.py:150} INFO - [2024-09-19T16:31:05.536+0000] {dag.py:3504} INFO - Setting next_dagrun for example_task_group_decorator to 2024-09-18T16:31:05.536728+00:00, run_after=2024-09-19T16:31:05.536728+00:00
[2024-09-19T16:31:05.571+0000] {processor.py:179} INFO - Processing /home/vscode/.local/lib/python3.10/site-packages/airflow/example_dags/example_task_group_decorator.py took 0.076 seconds
[2024-09-19T16:31:52.025+0000] {processor.py:157} INFO - Started process (PID=18819) to work on /home/vscode/.local/lib/python3.10/site-packages/airflow/example_dags/example_task_group_decorator.py
[2024-09-19T16:31:52.025+0000] {processor.py:826} INFO - Processing file /home/vscode/.local/lib/python3.10/site-packages/airflow/example_dags/example_task_group_decorator.py for tasks to queue
[2024-09-19T16:31:52.026+0000] {logging_mixin.py:150} INFO - [2024-09-19T16:31:52.026+0000] {dagbag.py:541} INFO - Filling up the DagBag from /home/vscode/.local/lib/python3.10/site-packages/airflow/example_dags/example_task_group_decorator.py
[2024-09-19T16:31:52.037+0000] {processor.py:836} INFO - DAG(s) dict_keys(['example_task_group_decorator']) retrieved from /home/vscode/.local/lib/python3.10/site-packages/airflow/example_dags/example_task_group_decorator.py
[2024-09-19T16:31:52.051+0000] {logging_mixin.py:150} INFO - [2024-09-19T16:31:52.051+0000] {dag.py:2742} INFO - Sync 1 DAGs
[2024-09-19T16:31:52.065+0000] {logging_mixin.py:150} INFO - [2024-09-19T16:31:52.064+0000] {dag.py:3504} INFO - Setting next_dagrun for example_task_group_decorator to 2024-09-18T16:31:52.064771+00:00, run_after=2024-09-19T16:31:52.064771+00:00
[2024-09-19T16:31:52.113+0000] {processor.py:179} INFO - Processing /home/vscode/.local/lib/python3.10/site-packages/airflow/example_dags/example_task_group_decorator.py took 0.091 seconds
[2024-09-19T16:32:38.161+0000] {processor.py:157} INFO - Started process (PID=19238) to work on /home/vscode/.local/lib/python3.10/site-packages/airflow/example_dags/example_task_group_decorator.py
[2024-09-19T16:32:38.162+0000] {processor.py:826} INFO - Processing file /home/vscode/.local/lib/python3.10/site-packages/airflow/example_dags/example_task_group_decorator.py for tasks to queue
[2024-09-19T16:32:38.163+0000] {logging_mixin.py:150} INFO - [2024-09-19T16:32:38.162+0000] {dagbag.py:541} INFO - Filling up the DagBag from /home/vscode/.local/lib/python3.10/site-packages/airflow/example_dags/example_task_group_decorator.py
[2024-09-19T16:32:38.179+0000] {processor.py:836} INFO - DAG(s) dict_keys(['example_task_group_decorator']) retrieved from /home/vscode/.local/lib/python3.10/site-packages/airflow/example_dags/example_task_group_decorator.py
[2024-09-19T16:32:38.194+0000] {logging_mixin.py:150} INFO - [2024-09-19T16:32:38.194+0000] {dag.py:2742} INFO - Sync 1 DAGs
[2024-09-19T16:32:38.208+0000] {logging_mixin.py:150} INFO - [2024-09-19T16:32:38.208+0000] {dag.py:3504} INFO - Setting next_dagrun for example_task_group_decorator to 2024-09-18T16:32:38.208031+00:00, run_after=2024-09-19T16:32:38.208031+00:00
[2024-09-19T16:32:38.241+0000] {processor.py:179} INFO - Processing /home/vscode/.local/lib/python3.10/site-packages/airflow/example_dags/example_task_group_decorator.py took 0.082 seconds
[2024-09-19T16:33:22.108+0000] {processor.py:157} INFO - Started process (PID=19671) to work on /home/vscode/.local/lib/python3.10/site-packages/airflow/example_dags/example_task_group_decorator.py
[2024-09-19T16:33:22.109+0000] {processor.py:826} INFO - Processing file /home/vscode/.local/lib/python3.10/site-packages/airflow/example_dags/example_task_group_decorator.py for tasks to queue
[2024-09-19T16:33:22.109+0000] {logging_mixin.py:150} INFO - [2024-09-19T16:33:22.109+0000] {dagbag.py:541} INFO - Filling up the DagBag from /home/vscode/.local/lib/python3.10/site-packages/airflow/example_dags/example_task_group_decorator.py
[2024-09-19T16:33:22.121+0000] {processor.py:836} INFO - DAG(s) dict_keys(['example_task_group_decorator']) retrieved from /home/vscode/.local/lib/python3.10/site-packages/airflow/example_dags/example_task_group_decorator.py
[2024-09-19T16:33:22.135+0000] {logging_mixin.py:150} INFO - [2024-09-19T16:33:22.135+0000] {dag.py:2742} INFO - Sync 1 DAGs
[2024-09-19T16:33:22.149+0000] {logging_mixin.py:150} INFO - [2024-09-19T16:33:22.149+0000] {dag.py:3504} INFO - Setting next_dagrun for example_task_group_decorator to 2024-09-18T16:33:22.149206+00:00, run_after=2024-09-19T16:33:22.149206+00:00
[2024-09-19T16:33:22.195+0000] {processor.py:179} INFO - Processing /home/vscode/.local/lib/python3.10/site-packages/airflow/example_dags/example_task_group_decorator.py took 0.089 seconds
[2024-09-19T16:34:09.815+0000] {processor.py:157} INFO - Started process (PID=20068) to work on /home/vscode/.local/lib/python3.10/site-packages/airflow/example_dags/example_task_group_decorator.py
[2024-09-19T16:34:09.816+0000] {processor.py:826} INFO - Processing file /home/vscode/.local/lib/python3.10/site-packages/airflow/example_dags/example_task_group_decorator.py for tasks to queue
[2024-09-19T16:34:09.816+0000] {logging_mixin.py:150} INFO - [2024-09-19T16:34:09.816+0000] {dagbag.py:541} INFO - Filling up the DagBag from /home/vscode/.local/lib/python3.10/site-packages/airflow/example_dags/example_task_group_decorator.py
[2024-09-19T16:34:09.827+0000] {processor.py:836} INFO - DAG(s) dict_keys(['example_task_group_decorator']) retrieved from /home/vscode/.local/lib/python3.10/site-packages/airflow/example_dags/example_task_group_decorator.py
[2024-09-19T16:34:09.842+0000] {logging_mixin.py:150} INFO - [2024-09-19T16:34:09.842+0000] {dag.py:2742} INFO - Sync 1 DAGs
[2024-09-19T16:34:09.858+0000] {logging_mixin.py:150} INFO - [2024-09-19T16:34:09.857+0000] {dag.py:3504} INFO - Setting next_dagrun for example_task_group_decorator to 2024-09-18T16:34:09.857751+00:00, run_after=2024-09-19T16:34:09.857751+00:00
[2024-09-19T16:34:09.894+0000] {processor.py:179} INFO - Processing /home/vscode/.local/lib/python3.10/site-packages/airflow/example_dags/example_task_group_decorator.py took 0.082 seconds
