[2024-09-19T16:24:59.337+0000] {processor.py:186} INFO - Started process (PID=11597) to work on /home/vscode/.local/lib/python3.10/site-packages/airflow/example_dags/example_xcomargs.py
[2024-09-19T16:24:59.337+0000] {processor.py:914} INFO - Processing file /home/vscode/.local/lib/python3.10/site-packages/airflow/example_dags/example_xcomargs.py for tasks to queue
[2024-09-19T16:24:59.339+0000] {logging_mixin.py:190} INFO - [2024-09-19T16:24:59.338+0000] {dagbag.py:587} INFO - Filling up the DagBag from /home/vscode/.local/lib/python3.10/site-packages/airflow/example_dags/example_xcomargs.py
[2024-09-19T16:24:59.347+0000] {processor.py:925} INFO - DAG(s) 'example_xcom_args', 'example_xcom_args_with_operators' retrieved from /home/vscode/.local/lib/python3.10/site-packages/airflow/example_dags/example_xcomargs.py
[2024-09-19T16:24:59.489+0000] {logging_mixin.py:190} INFO - [2024-09-19T16:24:59.488+0000] {override.py:1900} INFO - Created Permission View: can edit on DAG:example_xcom_args
[2024-09-19T16:24:59.520+0000] {logging_mixin.py:190} INFO - [2024-09-19T16:24:59.519+0000] {override.py:1900} INFO - Created Permission View: can read on DAG:example_xcom_args
[2024-09-19T16:24:59.548+0000] {logging_mixin.py:190} INFO - [2024-09-19T16:24:59.548+0000] {override.py:1900} INFO - Created Permission View: can delete on DAG:example_xcom_args
[2024-09-19T16:24:59.609+0000] {logging_mixin.py:190} INFO - [2024-09-19T16:24:59.608+0000] {override.py:1900} INFO - Created Permission View: menu access on DAG Run:example_xcom_args
[2024-09-19T16:24:59.634+0000] {logging_mixin.py:190} INFO - [2024-09-19T16:24:59.633+0000] {override.py:1900} INFO - Created Permission View: can read on DAG Run:example_xcom_args
[2024-09-19T16:24:59.658+0000] {logging_mixin.py:190} INFO - [2024-09-19T16:24:59.658+0000] {override.py:1900} INFO - Created Permission View: can create on DAG Run:example_xcom_args
[2024-09-19T16:24:59.690+0000] {logging_mixin.py:190} INFO - [2024-09-19T16:24:59.690+0000] {override.py:1900} INFO - Created Permission View: can delete on DAG Run:example_xcom_args
[2024-09-19T16:24:59.763+0000] {logging_mixin.py:190} INFO - [2024-09-19T16:24:59.763+0000] {override.py:1900} INFO - Created Permission View: can edit on DAG:example_xcom_args_with_operators
[2024-09-19T16:24:59.790+0000] {logging_mixin.py:190} INFO - [2024-09-19T16:24:59.789+0000] {override.py:1900} INFO - Created Permission View: can read on DAG:example_xcom_args_with_operators
[2024-09-19T16:24:59.814+0000] {logging_mixin.py:190} INFO - [2024-09-19T16:24:59.814+0000] {override.py:1900} INFO - Created Permission View: can delete on DAG:example_xcom_args_with_operators
[2024-09-19T16:24:59.865+0000] {logging_mixin.py:190} INFO - [2024-09-19T16:24:59.865+0000] {override.py:1900} INFO - Created Permission View: menu access on DAG Run:example_xcom_args_with_operators
[2024-09-19T16:24:59.893+0000] {logging_mixin.py:190} INFO - [2024-09-19T16:24:59.893+0000] {override.py:1900} INFO - Created Permission View: can read on DAG Run:example_xcom_args_with_operators
[2024-09-19T16:24:59.929+0000] {logging_mixin.py:190} INFO - [2024-09-19T16:24:59.929+0000] {override.py:1900} INFO - Created Permission View: can create on DAG Run:example_xcom_args_with_operators
[2024-09-19T16:24:59.958+0000] {logging_mixin.py:190} INFO - [2024-09-19T16:24:59.957+0000] {override.py:1900} INFO - Created Permission View: can delete on DAG Run:example_xcom_args_with_operators
[2024-09-19T16:24:59.958+0000] {logging_mixin.py:190} INFO - [2024-09-19T16:24:59.958+0000] {dag.py:3229} INFO - Sync 2 DAGs
[2024-09-19T16:24:59.968+0000] {logging_mixin.py:190} INFO - [2024-09-19T16:24:59.968+0000] {dag.py:3252} INFO - Creating ORM DAG for example_xcom_args
[2024-09-19T16:24:59.968+0000] {logging_mixin.py:190} INFO - [2024-09-19T16:24:59.968+0000] {dag.py:3252} INFO - Creating ORM DAG for example_xcom_args_with_operators
[2024-09-19T16:24:59.969+0000] {logging_mixin.py:190} INFO - [2024-09-19T16:24:59.969+0000] {dag.py:4156} INFO - Setting next_dagrun for example_xcom_args to None, run_after=None
[2024-09-19T16:24:59.969+0000] {logging_mixin.py:190} INFO - [2024-09-19T16:24:59.969+0000] {dag.py:4156} INFO - Setting next_dagrun for example_xcom_args_with_operators to None, run_after=None
[2024-09-19T16:25:00.008+0000] {processor.py:208} INFO - Processing /home/vscode/.local/lib/python3.10/site-packages/airflow/example_dags/example_xcomargs.py took 0.677 seconds
[2024-09-19T16:26:18.066+0000] {processor.py:186} INFO - Started process (PID=12116) to work on /home/vscode/.local/lib/python3.10/site-packages/airflow/example_dags/example_xcomargs.py
[2024-09-19T16:26:18.067+0000] {processor.py:914} INFO - Processing file /home/vscode/.local/lib/python3.10/site-packages/airflow/example_dags/example_xcomargs.py for tasks to queue
[2024-09-19T16:26:18.068+0000] {logging_mixin.py:190} INFO - [2024-09-19T16:26:18.068+0000] {dagbag.py:587} INFO - Filling up the DagBag from /home/vscode/.local/lib/python3.10/site-packages/airflow/example_dags/example_xcomargs.py
[2024-09-19T16:26:18.076+0000] {processor.py:925} INFO - DAG(s) 'example_xcom_args_with_operators', 'example_xcom_args' retrieved from /home/vscode/.local/lib/python3.10/site-packages/airflow/example_dags/example_xcomargs.py
[2024-09-19T16:26:18.090+0000] {logging_mixin.py:190} INFO - [2024-09-19T16:26:18.090+0000] {dag.py:3229} INFO - Sync 2 DAGs
[2024-09-19T16:26:18.101+0000] {logging_mixin.py:190} INFO - [2024-09-19T16:26:18.101+0000] {dag.py:4156} INFO - Setting next_dagrun for example_xcom_args to None, run_after=None
[2024-09-19T16:26:18.103+0000] {logging_mixin.py:190} INFO - [2024-09-19T16:26:18.103+0000] {dag.py:4156} INFO - Setting next_dagrun for example_xcom_args_with_operators to None, run_after=None
[2024-09-19T16:26:18.137+0000] {processor.py:208} INFO - Processing /home/vscode/.local/lib/python3.10/site-packages/airflow/example_dags/example_xcomargs.py took 0.076 seconds
[2024-09-19T16:27:13.315+0000] {processor.py:186} INFO - Started process (PID=12486) to work on /home/vscode/.local/lib/python3.10/site-packages/airflow/example_dags/example_xcomargs.py
[2024-09-19T16:27:13.316+0000] {processor.py:914} INFO - Processing file /home/vscode/.local/lib/python3.10/site-packages/airflow/example_dags/example_xcomargs.py for tasks to queue
[2024-09-19T16:27:13.318+0000] {logging_mixin.py:190} INFO - [2024-09-19T16:27:13.318+0000] {dagbag.py:587} INFO - Filling up the DagBag from /home/vscode/.local/lib/python3.10/site-packages/airflow/example_dags/example_xcomargs.py
[2024-09-19T16:27:13.330+0000] {processor.py:925} INFO - DAG(s) 'example_xcom_args', 'example_xcom_args_with_operators' retrieved from /home/vscode/.local/lib/python3.10/site-packages/airflow/example_dags/example_xcomargs.py
[2024-09-19T16:27:13.352+0000] {logging_mixin.py:190} INFO - [2024-09-19T16:27:13.352+0000] {dag.py:3229} INFO - Sync 2 DAGs
[2024-09-19T16:27:13.367+0000] {logging_mixin.py:190} INFO - [2024-09-19T16:27:13.367+0000] {dag.py:4156} INFO - Setting next_dagrun for example_xcom_args to None, run_after=None
[2024-09-19T16:27:13.371+0000] {logging_mixin.py:190} INFO - [2024-09-19T16:27:13.371+0000] {dag.py:4156} INFO - Setting next_dagrun for example_xcom_args_with_operators to None, run_after=None
[2024-09-19T16:27:13.411+0000] {processor.py:208} INFO - Processing /home/vscode/.local/lib/python3.10/site-packages/airflow/example_dags/example_xcomargs.py took 0.101 seconds
[2024-09-19T16:28:06.562+0000] {processor.py:186} INFO - Started process (PID=12870) to work on /home/vscode/.local/lib/python3.10/site-packages/airflow/example_dags/example_xcomargs.py
[2024-09-19T16:28:06.563+0000] {processor.py:914} INFO - Processing file /home/vscode/.local/lib/python3.10/site-packages/airflow/example_dags/example_xcomargs.py for tasks to queue
[2024-09-19T16:28:06.564+0000] {logging_mixin.py:190} INFO - [2024-09-19T16:28:06.564+0000] {dagbag.py:587} INFO - Filling up the DagBag from /home/vscode/.local/lib/python3.10/site-packages/airflow/example_dags/example_xcomargs.py
[2024-09-19T16:28:06.573+0000] {processor.py:925} INFO - DAG(s) 'example_xcom_args_with_operators', 'example_xcom_args' retrieved from /home/vscode/.local/lib/python3.10/site-packages/airflow/example_dags/example_xcomargs.py
[2024-09-19T16:28:06.587+0000] {logging_mixin.py:190} INFO - [2024-09-19T16:28:06.587+0000] {dag.py:3229} INFO - Sync 2 DAGs
[2024-09-19T16:28:06.597+0000] {logging_mixin.py:190} INFO - [2024-09-19T16:28:06.597+0000] {dag.py:4156} INFO - Setting next_dagrun for example_xcom_args to None, run_after=None
[2024-09-19T16:28:06.600+0000] {logging_mixin.py:190} INFO - [2024-09-19T16:28:06.600+0000] {dag.py:4156} INFO - Setting next_dagrun for example_xcom_args_with_operators to None, run_after=None
[2024-09-19T16:28:06.655+0000] {processor.py:208} INFO - Processing /home/vscode/.local/lib/python3.10/site-packages/airflow/example_dags/example_xcomargs.py took 0.098 seconds
[2024-09-19T16:28:59.585+0000] {processor.py:186} INFO - Started process (PID=13343) to work on /home/vscode/.local/lib/python3.10/site-packages/airflow/example_dags/example_xcomargs.py
[2024-09-19T16:28:59.586+0000] {processor.py:914} INFO - Processing file /home/vscode/.local/lib/python3.10/site-packages/airflow/example_dags/example_xcomargs.py for tasks to queue
[2024-09-19T16:28:59.587+0000] {logging_mixin.py:190} INFO - [2024-09-19T16:28:59.587+0000] {dagbag.py:587} INFO - Filling up the DagBag from /home/vscode/.local/lib/python3.10/site-packages/airflow/example_dags/example_xcomargs.py
[2024-09-19T16:28:59.597+0000] {processor.py:925} INFO - DAG(s) 'example_xcom_args', 'example_xcom_args_with_operators' retrieved from /home/vscode/.local/lib/python3.10/site-packages/airflow/example_dags/example_xcomargs.py
[2024-09-19T16:28:59.613+0000] {logging_mixin.py:190} INFO - [2024-09-19T16:28:59.613+0000] {dag.py:3229} INFO - Sync 2 DAGs
[2024-09-19T16:28:59.624+0000] {logging_mixin.py:190} INFO - [2024-09-19T16:28:59.624+0000] {dag.py:4156} INFO - Setting next_dagrun for example_xcom_args to None, run_after=None
[2024-09-19T16:28:59.627+0000] {logging_mixin.py:190} INFO - [2024-09-19T16:28:59.627+0000] {dag.py:4156} INFO - Setting next_dagrun for example_xcom_args_with_operators to None, run_after=None
[2024-09-19T16:28:59.661+0000] {processor.py:208} INFO - Processing /home/vscode/.local/lib/python3.10/site-packages/airflow/example_dags/example_xcomargs.py took 0.081 seconds
[2024-09-19T16:29:49.676+0000] {processor.py:186} INFO - Started process (PID=13759) to work on /home/vscode/.local/lib/python3.10/site-packages/airflow/example_dags/example_xcomargs.py
[2024-09-19T16:29:49.677+0000] {processor.py:914} INFO - Processing file /home/vscode/.local/lib/python3.10/site-packages/airflow/example_dags/example_xcomargs.py for tasks to queue
[2024-09-19T16:29:49.679+0000] {logging_mixin.py:190} INFO - [2024-09-19T16:29:49.678+0000] {dagbag.py:587} INFO - Filling up the DagBag from /home/vscode/.local/lib/python3.10/site-packages/airflow/example_dags/example_xcomargs.py
[2024-09-19T16:29:49.687+0000] {processor.py:925} INFO - DAG(s) 'example_xcom_args_with_operators', 'example_xcom_args' retrieved from /home/vscode/.local/lib/python3.10/site-packages/airflow/example_dags/example_xcomargs.py
[2024-09-19T16:29:49.701+0000] {logging_mixin.py:190} INFO - [2024-09-19T16:29:49.701+0000] {dag.py:3229} INFO - Sync 2 DAGs
[2024-09-19T16:29:49.711+0000] {logging_mixin.py:190} INFO - [2024-09-19T16:29:49.711+0000] {dag.py:4156} INFO - Setting next_dagrun for example_xcom_args to None, run_after=None
[2024-09-19T16:29:49.713+0000] {logging_mixin.py:190} INFO - [2024-09-19T16:29:49.713+0000] {dag.py:4156} INFO - Setting next_dagrun for example_xcom_args_with_operators to None, run_after=None
[2024-09-19T16:29:49.748+0000] {processor.py:208} INFO - Processing /home/vscode/.local/lib/python3.10/site-packages/airflow/example_dags/example_xcomargs.py took 0.077 seconds
[2024-09-19T16:30:40.222+0000] {processor.py:186} INFO - Started process (PID=14101) to work on /home/vscode/.local/lib/python3.10/site-packages/airflow/example_dags/example_xcomargs.py
[2024-09-19T16:30:40.223+0000] {processor.py:914} INFO - Processing file /home/vscode/.local/lib/python3.10/site-packages/airflow/example_dags/example_xcomargs.py for tasks to queue
[2024-09-19T16:30:40.225+0000] {logging_mixin.py:190} INFO - [2024-09-19T16:30:40.224+0000] {dagbag.py:587} INFO - Filling up the DagBag from /home/vscode/.local/lib/python3.10/site-packages/airflow/example_dags/example_xcomargs.py
[2024-09-19T16:30:40.233+0000] {processor.py:925} INFO - DAG(s) 'example_xcom_args_with_operators', 'example_xcom_args' retrieved from /home/vscode/.local/lib/python3.10/site-packages/airflow/example_dags/example_xcomargs.py
[2024-09-19T16:30:40.248+0000] {logging_mixin.py:190} INFO - [2024-09-19T16:30:40.248+0000] {dag.py:3229} INFO - Sync 2 DAGs
[2024-09-19T16:30:40.258+0000] {logging_mixin.py:190} INFO - [2024-09-19T16:30:40.258+0000] {dag.py:4156} INFO - Setting next_dagrun for example_xcom_args to None, run_after=None
[2024-09-19T16:30:40.261+0000] {logging_mixin.py:190} INFO - [2024-09-19T16:30:40.260+0000] {dag.py:4156} INFO - Setting next_dagrun for example_xcom_args_with_operators to None, run_after=None
[2024-09-19T16:30:40.294+0000] {processor.py:208} INFO - Processing /home/vscode/.local/lib/python3.10/site-packages/airflow/example_dags/example_xcomargs.py took 0.077 seconds
[2024-09-19T16:31:30.744+0000] {processor.py:186} INFO - Started process (PID=14540) to work on /home/vscode/.local/lib/python3.10/site-packages/airflow/example_dags/example_xcomargs.py
[2024-09-19T16:31:30.745+0000] {processor.py:914} INFO - Processing file /home/vscode/.local/lib/python3.10/site-packages/airflow/example_dags/example_xcomargs.py for tasks to queue
[2024-09-19T16:31:30.746+0000] {logging_mixin.py:190} INFO - [2024-09-19T16:31:30.746+0000] {dagbag.py:587} INFO - Filling up the DagBag from /home/vscode/.local/lib/python3.10/site-packages/airflow/example_dags/example_xcomargs.py
[2024-09-19T16:31:30.754+0000] {processor.py:925} INFO - DAG(s) 'example_xcom_args_with_operators', 'example_xcom_args' retrieved from /home/vscode/.local/lib/python3.10/site-packages/airflow/example_dags/example_xcomargs.py
[2024-09-19T16:31:30.770+0000] {logging_mixin.py:190} INFO - [2024-09-19T16:31:30.770+0000] {dag.py:3229} INFO - Sync 2 DAGs
[2024-09-19T16:31:30.780+0000] {logging_mixin.py:190} INFO - [2024-09-19T16:31:30.780+0000] {dag.py:4156} INFO - Setting next_dagrun for example_xcom_args to None, run_after=None
[2024-09-19T16:31:30.782+0000] {logging_mixin.py:190} INFO - [2024-09-19T16:31:30.782+0000] {dag.py:4156} INFO - Setting next_dagrun for example_xcom_args_with_operators to None, run_after=None
[2024-09-19T16:31:30.816+0000] {processor.py:208} INFO - Processing /home/vscode/.local/lib/python3.10/site-packages/airflow/example_dags/example_xcomargs.py took 0.077 seconds
[2024-09-19T16:32:25.080+0000] {processor.py:186} INFO - Started process (PID=15133) to work on /home/vscode/.local/lib/python3.10/site-packages/airflow/example_dags/example_xcomargs.py
[2024-09-19T16:32:25.080+0000] {processor.py:914} INFO - Processing file /home/vscode/.local/lib/python3.10/site-packages/airflow/example_dags/example_xcomargs.py for tasks to queue
[2024-09-19T16:32:25.082+0000] {logging_mixin.py:190} INFO - [2024-09-19T16:32:25.082+0000] {dagbag.py:587} INFO - Filling up the DagBag from /home/vscode/.local/lib/python3.10/site-packages/airflow/example_dags/example_xcomargs.py
[2024-09-19T16:32:25.091+0000] {processor.py:925} INFO - DAG(s) 'example_xcom_args', 'example_xcom_args_with_operators' retrieved from /home/vscode/.local/lib/python3.10/site-packages/airflow/example_dags/example_xcomargs.py
[2024-09-19T16:32:25.106+0000] {logging_mixin.py:190} INFO - [2024-09-19T16:32:25.106+0000] {dag.py:3229} INFO - Sync 2 DAGs
[2024-09-19T16:32:25.116+0000] {logging_mixin.py:190} INFO - [2024-09-19T16:32:25.116+0000] {dag.py:4156} INFO - Setting next_dagrun for example_xcom_args to None, run_after=None
[2024-09-19T16:32:25.119+0000] {logging_mixin.py:190} INFO - [2024-09-19T16:32:25.119+0000] {dag.py:4156} INFO - Setting next_dagrun for example_xcom_args_with_operators to None, run_after=None
[2024-09-19T16:32:25.149+0000] {processor.py:208} INFO - Processing /home/vscode/.local/lib/python3.10/site-packages/airflow/example_dags/example_xcomargs.py took 0.075 seconds
[2024-09-19T16:33:16.733+0000] {processor.py:186} INFO - Started process (PID=15474) to work on /home/vscode/.local/lib/python3.10/site-packages/airflow/example_dags/example_xcomargs.py
[2024-09-19T16:33:16.734+0000] {processor.py:914} INFO - Processing file /home/vscode/.local/lib/python3.10/site-packages/airflow/example_dags/example_xcomargs.py for tasks to queue
[2024-09-19T16:33:16.736+0000] {logging_mixin.py:190} INFO - [2024-09-19T16:33:16.735+0000] {dagbag.py:587} INFO - Filling up the DagBag from /home/vscode/.local/lib/python3.10/site-packages/airflow/example_dags/example_xcomargs.py
[2024-09-19T16:33:16.744+0000] {processor.py:925} INFO - DAG(s) 'example_xcom_args_with_operators', 'example_xcom_args' retrieved from /home/vscode/.local/lib/python3.10/site-packages/airflow/example_dags/example_xcomargs.py
[2024-09-19T16:33:16.758+0000] {logging_mixin.py:190} INFO - [2024-09-19T16:33:16.758+0000] {dag.py:3229} INFO - Sync 2 DAGs
[2024-09-19T16:33:16.768+0000] {logging_mixin.py:190} INFO - [2024-09-19T16:33:16.768+0000] {dag.py:4156} INFO - Setting next_dagrun for example_xcom_args to None, run_after=None
[2024-09-19T16:33:16.771+0000] {logging_mixin.py:190} INFO - [2024-09-19T16:33:16.770+0000] {dag.py:4156} INFO - Setting next_dagrun for example_xcom_args_with_operators to None, run_after=None
[2024-09-19T16:33:16.802+0000] {processor.py:208} INFO - Processing /home/vscode/.local/lib/python3.10/site-packages/airflow/example_dags/example_xcomargs.py took 0.073 seconds
[2024-09-19T16:34:07.115+0000] {processor.py:186} INFO - Started process (PID=15815) to work on /home/vscode/.local/lib/python3.10/site-packages/airflow/example_dags/example_xcomargs.py
[2024-09-19T16:34:07.116+0000] {processor.py:914} INFO - Processing file /home/vscode/.local/lib/python3.10/site-packages/airflow/example_dags/example_xcomargs.py for tasks to queue
[2024-09-19T16:34:07.117+0000] {logging_mixin.py:190} INFO - [2024-09-19T16:34:07.117+0000] {dagbag.py:587} INFO - Filling up the DagBag from /home/vscode/.local/lib/python3.10/site-packages/airflow/example_dags/example_xcomargs.py
[2024-09-19T16:34:07.126+0000] {processor.py:925} INFO - DAG(s) 'example_xcom_args', 'example_xcom_args_with_operators' retrieved from /home/vscode/.local/lib/python3.10/site-packages/airflow/example_dags/example_xcomargs.py
[2024-09-19T16:34:07.142+0000] {logging_mixin.py:190} INFO - [2024-09-19T16:34:07.141+0000] {dag.py:3229} INFO - Sync 2 DAGs
[2024-09-19T16:34:07.152+0000] {logging_mixin.py:190} INFO - [2024-09-19T16:34:07.151+0000] {dag.py:4156} INFO - Setting next_dagrun for example_xcom_args to None, run_after=None
[2024-09-19T16:34:07.154+0000] {logging_mixin.py:190} INFO - [2024-09-19T16:34:07.154+0000] {dag.py:4156} INFO - Setting next_dagrun for example_xcom_args_with_operators to None, run_after=None
[2024-09-19T16:34:07.188+0000] {processor.py:208} INFO - Processing /home/vscode/.local/lib/python3.10/site-packages/airflow/example_dags/example_xcomargs.py took 0.079 seconds
[2024-09-19T16:34:55.202+0000] {processor.py:186} INFO - Started process (PID=16133) to work on /home/vscode/.local/lib/python3.10/site-packages/airflow/example_dags/example_xcomargs.py
[2024-09-19T16:34:55.203+0000] {processor.py:914} INFO - Processing file /home/vscode/.local/lib/python3.10/site-packages/airflow/example_dags/example_xcomargs.py for tasks to queue
[2024-09-19T16:34:55.204+0000] {logging_mixin.py:190} INFO - [2024-09-19T16:34:55.204+0000] {dagbag.py:587} INFO - Filling up the DagBag from /home/vscode/.local/lib/python3.10/site-packages/airflow/example_dags/example_xcomargs.py
[2024-09-19T16:34:55.213+0000] {processor.py:925} INFO - DAG(s) 'example_xcom_args', 'example_xcom_args_with_operators' retrieved from /home/vscode/.local/lib/python3.10/site-packages/airflow/example_dags/example_xcomargs.py
[2024-09-19T16:34:55.227+0000] {logging_mixin.py:190} INFO - [2024-09-19T16:34:55.227+0000] {dag.py:3229} INFO - Sync 2 DAGs
[2024-09-19T16:34:55.236+0000] {logging_mixin.py:190} INFO - [2024-09-19T16:34:55.236+0000] {dag.py:4156} INFO - Setting next_dagrun for example_xcom_args to None, run_after=None
[2024-09-19T16:34:55.239+0000] {logging_mixin.py:190} INFO - [2024-09-19T16:34:55.239+0000] {dag.py:4156} INFO - Setting next_dagrun for example_xcom_args_with_operators to None, run_after=None
[2024-09-19T16:34:55.271+0000] {processor.py:208} INFO - Processing /home/vscode/.local/lib/python3.10/site-packages/airflow/example_dags/example_xcomargs.py took 0.074 seconds
[2024-09-19T23:22:29.281+0000] {processor.py:186} INFO - Started process (PID=19998) to work on /home/vscode/.local/lib/python3.10/site-packages/airflow/example_dags/example_xcomargs.py
[2024-09-19T23:22:29.282+0000] {processor.py:914} INFO - Processing file /home/vscode/.local/lib/python3.10/site-packages/airflow/example_dags/example_xcomargs.py for tasks to queue
[2024-09-19T23:22:29.283+0000] {logging_mixin.py:190} INFO - [2024-09-19T23:22:29.283+0000] {dagbag.py:587} INFO - Filling up the DagBag from /home/vscode/.local/lib/python3.10/site-packages/airflow/example_dags/example_xcomargs.py
[2024-09-19T23:22:29.290+0000] {processor.py:925} INFO - DAG(s) 'example_xcom_args', 'example_xcom_args_with_operators' retrieved from /home/vscode/.local/lib/python3.10/site-packages/airflow/example_dags/example_xcomargs.py
[2024-09-19T23:22:29.304+0000] {logging_mixin.py:190} INFO - [2024-09-19T23:22:29.304+0000] {dag.py:3229} INFO - Sync 2 DAGs
[2024-09-19T23:22:29.314+0000] {logging_mixin.py:190} INFO - [2024-09-19T23:22:29.314+0000] {dag.py:4156} INFO - Setting next_dagrun for example_xcom_args to None, run_after=None
[2024-09-19T23:22:29.317+0000] {logging_mixin.py:190} INFO - [2024-09-19T23:22:29.316+0000] {dag.py:4156} INFO - Setting next_dagrun for example_xcom_args_with_operators to None, run_after=None
[2024-09-19T23:22:29.369+0000] {processor.py:208} INFO - Processing /home/vscode/.local/lib/python3.10/site-packages/airflow/example_dags/example_xcomargs.py took 0.093 seconds
[2024-09-19T23:23:26.253+0000] {processor.py:186} INFO - Started process (PID=20394) to work on /home/vscode/.local/lib/python3.10/site-packages/airflow/example_dags/example_xcomargs.py
[2024-09-19T23:23:26.254+0000] {processor.py:914} INFO - Processing file /home/vscode/.local/lib/python3.10/site-packages/airflow/example_dags/example_xcomargs.py for tasks to queue
[2024-09-19T23:23:26.256+0000] {logging_mixin.py:190} INFO - [2024-09-19T23:23:26.256+0000] {dagbag.py:587} INFO - Filling up the DagBag from /home/vscode/.local/lib/python3.10/site-packages/airflow/example_dags/example_xcomargs.py
[2024-09-19T23:23:26.263+0000] {processor.py:925} INFO - DAG(s) 'example_xcom_args', 'example_xcom_args_with_operators' retrieved from /home/vscode/.local/lib/python3.10/site-packages/airflow/example_dags/example_xcomargs.py
[2024-09-19T23:23:26.277+0000] {logging_mixin.py:190} INFO - [2024-09-19T23:23:26.277+0000] {dag.py:3229} INFO - Sync 2 DAGs
[2024-09-19T23:23:26.286+0000] {logging_mixin.py:190} INFO - [2024-09-19T23:23:26.285+0000] {dag.py:4156} INFO - Setting next_dagrun for example_xcom_args to None, run_after=None
[2024-09-19T23:23:26.288+0000] {logging_mixin.py:190} INFO - [2024-09-19T23:23:26.288+0000] {dag.py:4156} INFO - Setting next_dagrun for example_xcom_args_with_operators to None, run_after=None
[2024-09-19T23:23:26.331+0000] {processor.py:208} INFO - Processing /home/vscode/.local/lib/python3.10/site-packages/airflow/example_dags/example_xcomargs.py took 0.082 seconds
[2024-09-19T23:24:22.670+0000] {processor.py:186} INFO - Started process (PID=20897) to work on /home/vscode/.local/lib/python3.10/site-packages/airflow/example_dags/example_xcomargs.py
[2024-09-19T23:24:22.671+0000] {processor.py:914} INFO - Processing file /home/vscode/.local/lib/python3.10/site-packages/airflow/example_dags/example_xcomargs.py for tasks to queue
[2024-09-19T23:24:22.674+0000] {logging_mixin.py:190} INFO - [2024-09-19T23:24:22.673+0000] {dagbag.py:587} INFO - Filling up the DagBag from /home/vscode/.local/lib/python3.10/site-packages/airflow/example_dags/example_xcomargs.py
[2024-09-19T23:24:22.684+0000] {processor.py:925} INFO - DAG(s) 'example_xcom_args', 'example_xcom_args_with_operators' retrieved from /home/vscode/.local/lib/python3.10/site-packages/airflow/example_dags/example_xcomargs.py
[2024-09-19T23:24:22.704+0000] {logging_mixin.py:190} INFO - [2024-09-19T23:24:22.703+0000] {dag.py:3229} INFO - Sync 2 DAGs
[2024-09-19T23:24:22.718+0000] {logging_mixin.py:190} INFO - [2024-09-19T23:24:22.718+0000] {dag.py:4156} INFO - Setting next_dagrun for example_xcom_args to None, run_after=None
[2024-09-19T23:24:22.722+0000] {logging_mixin.py:190} INFO - [2024-09-19T23:24:22.721+0000] {dag.py:4156} INFO - Setting next_dagrun for example_xcom_args_with_operators to None, run_after=None
[2024-09-19T23:24:22.773+0000] {processor.py:208} INFO - Processing /home/vscode/.local/lib/python3.10/site-packages/airflow/example_dags/example_xcomargs.py took 0.110 seconds
[2024-09-19T23:25:19.668+0000] {processor.py:186} INFO - Started process (PID=21282) to work on /home/vscode/.local/lib/python3.10/site-packages/airflow/example_dags/example_xcomargs.py
[2024-09-19T23:25:19.669+0000] {processor.py:914} INFO - Processing file /home/vscode/.local/lib/python3.10/site-packages/airflow/example_dags/example_xcomargs.py for tasks to queue
[2024-09-19T23:25:19.671+0000] {logging_mixin.py:190} INFO - [2024-09-19T23:25:19.670+0000] {dagbag.py:587} INFO - Filling up the DagBag from /home/vscode/.local/lib/python3.10/site-packages/airflow/example_dags/example_xcomargs.py
[2024-09-19T23:25:19.678+0000] {processor.py:925} INFO - DAG(s) 'example_xcom_args_with_operators', 'example_xcom_args' retrieved from /home/vscode/.local/lib/python3.10/site-packages/airflow/example_dags/example_xcomargs.py
[2024-09-19T23:25:19.691+0000] {logging_mixin.py:190} INFO - [2024-09-19T23:25:19.691+0000] {dag.py:3229} INFO - Sync 2 DAGs
[2024-09-19T23:25:19.701+0000] {logging_mixin.py:190} INFO - [2024-09-19T23:25:19.701+0000] {dag.py:4156} INFO - Setting next_dagrun for example_xcom_args to None, run_after=None
[2024-09-19T23:25:19.704+0000] {logging_mixin.py:190} INFO - [2024-09-19T23:25:19.704+0000] {dag.py:4156} INFO - Setting next_dagrun for example_xcom_args_with_operators to None, run_after=None
[2024-09-19T23:25:19.773+0000] {processor.py:208} INFO - Processing /home/vscode/.local/lib/python3.10/site-packages/airflow/example_dags/example_xcomargs.py took 0.109 seconds
