[2024-09-19T16:25:57.207+0000] {processor.py:157} INFO - Started process (PID=16224) to work on /home/vscode/.local/lib/python3.10/site-packages/airflow/example_dags/example_short_circuit_decorator.py
[2024-09-19T16:25:57.207+0000] {processor.py:826} INFO - Processing file /home/vscode/.local/lib/python3.10/site-packages/airflow/example_dags/example_short_circuit_decorator.py for tasks to queue
[2024-09-19T16:25:57.208+0000] {logging_mixin.py:150} INFO - [2024-09-19T16:25:57.208+0000] {dagbag.py:541} INFO - Filling up the DagBag from /home/vscode/.local/lib/python3.10/site-packages/airflow/example_dags/example_short_circuit_decorator.py
[2024-09-19T16:25:57.215+0000] {processor.py:836} INFO - DAG(s) dict_keys(['example_short_circuit_decorator']) retrieved from /home/vscode/.local/lib/python3.10/site-packages/airflow/example_dags/example_short_circuit_decorator.py
[2024-09-19T16:25:57.452+0000] {logging_mixin.py:150} INFO - [2024-09-19T16:25:57.452+0000] {manager.py:504} INFO - Created Permission View: can edit on DAG:example_short_circuit_decorator
[2024-09-19T16:25:57.480+0000] {logging_mixin.py:150} INFO - [2024-09-19T16:25:57.480+0000] {manager.py:504} INFO - Created Permission View: can delete on DAG:example_short_circuit_decorator
[2024-09-19T16:25:57.504+0000] {logging_mixin.py:150} INFO - [2024-09-19T16:25:57.504+0000] {manager.py:504} INFO - Created Permission View: can read on DAG:example_short_circuit_decorator
[2024-09-19T16:25:57.512+0000] {logging_mixin.py:150} INFO - [2024-09-19T16:25:57.512+0000] {dag.py:2742} INFO - Sync 1 DAGs
[2024-09-19T16:25:57.519+0000] {logging_mixin.py:150} INFO - [2024-09-19T16:25:57.519+0000] {dag.py:2763} INFO - Creating ORM DAG for example_short_circuit_decorator
[2024-09-19T16:25:57.524+0000] {logging_mixin.py:150} INFO - [2024-09-19T16:25:57.524+0000] {dag.py:3504} INFO - Setting next_dagrun for example_short_circuit_decorator to 2024-09-18T16:25:57.524672+00:00, run_after=2024-09-19T16:25:57.524672+00:00
[2024-09-19T16:25:57.565+0000] {processor.py:179} INFO - Processing /home/vscode/.local/lib/python3.10/site-packages/airflow/example_dags/example_short_circuit_decorator.py took 0.361 seconds
[2024-09-19T16:26:48.076+0000] {processor.py:157} INFO - Started process (PID=16556) to work on /home/vscode/.local/lib/python3.10/site-packages/airflow/example_dags/example_short_circuit_decorator.py
[2024-09-19T16:26:48.076+0000] {processor.py:826} INFO - Processing file /home/vscode/.local/lib/python3.10/site-packages/airflow/example_dags/example_short_circuit_decorator.py for tasks to queue
[2024-09-19T16:26:48.077+0000] {logging_mixin.py:150} INFO - [2024-09-19T16:26:48.077+0000] {dagbag.py:541} INFO - Filling up the DagBag from /home/vscode/.local/lib/python3.10/site-packages/airflow/example_dags/example_short_circuit_decorator.py
[2024-09-19T16:26:48.084+0000] {processor.py:836} INFO - DAG(s) dict_keys(['example_short_circuit_decorator']) retrieved from /home/vscode/.local/lib/python3.10/site-packages/airflow/example_dags/example_short_circuit_decorator.py
[2024-09-19T16:26:48.098+0000] {logging_mixin.py:150} INFO - [2024-09-19T16:26:48.098+0000] {dag.py:2742} INFO - Sync 1 DAGs
[2024-09-19T16:26:48.112+0000] {logging_mixin.py:150} INFO - [2024-09-19T16:26:48.112+0000] {dag.py:3504} INFO - Setting next_dagrun for example_short_circuit_decorator to 2024-09-18T16:26:48.112366+00:00, run_after=2024-09-19T16:26:48.112366+00:00
[2024-09-19T16:26:48.148+0000] {processor.py:179} INFO - Processing /home/vscode/.local/lib/python3.10/site-packages/airflow/example_dags/example_short_circuit_decorator.py took 0.074 seconds
[2024-09-19T16:27:35.435+0000] {processor.py:157} INFO - Started process (PID=16896) to work on /home/vscode/.local/lib/python3.10/site-packages/airflow/example_dags/example_short_circuit_decorator.py
[2024-09-19T16:27:35.436+0000] {processor.py:826} INFO - Processing file /home/vscode/.local/lib/python3.10/site-packages/airflow/example_dags/example_short_circuit_decorator.py for tasks to queue
[2024-09-19T16:27:35.436+0000] {logging_mixin.py:150} INFO - [2024-09-19T16:27:35.436+0000] {dagbag.py:541} INFO - Filling up the DagBag from /home/vscode/.local/lib/python3.10/site-packages/airflow/example_dags/example_short_circuit_decorator.py
[2024-09-19T16:27:35.445+0000] {processor.py:836} INFO - DAG(s) dict_keys(['example_short_circuit_decorator']) retrieved from /home/vscode/.local/lib/python3.10/site-packages/airflow/example_dags/example_short_circuit_decorator.py
[2024-09-19T16:27:35.470+0000] {logging_mixin.py:150} INFO - [2024-09-19T16:27:35.470+0000] {dag.py:2742} INFO - Sync 1 DAGs
[2024-09-19T16:27:35.488+0000] {logging_mixin.py:150} INFO - [2024-09-19T16:27:35.488+0000] {dag.py:3504} INFO - Setting next_dagrun for example_short_circuit_decorator to 2024-09-18T16:27:35.488496+00:00, run_after=2024-09-19T16:27:35.488496+00:00
[2024-09-19T16:27:35.521+0000] {processor.py:179} INFO - Processing /home/vscode/.local/lib/python3.10/site-packages/airflow/example_dags/example_short_circuit_decorator.py took 0.088 seconds
[2024-09-19T16:28:22.907+0000] {processor.py:157} INFO - Started process (PID=17235) to work on /home/vscode/.local/lib/python3.10/site-packages/airflow/example_dags/example_short_circuit_decorator.py
[2024-09-19T16:28:22.908+0000] {processor.py:826} INFO - Processing file /home/vscode/.local/lib/python3.10/site-packages/airflow/example_dags/example_short_circuit_decorator.py for tasks to queue
[2024-09-19T16:28:22.909+0000] {logging_mixin.py:150} INFO - [2024-09-19T16:28:22.908+0000] {dagbag.py:541} INFO - Filling up the DagBag from /home/vscode/.local/lib/python3.10/site-packages/airflow/example_dags/example_short_circuit_decorator.py
[2024-09-19T16:28:22.916+0000] {processor.py:836} INFO - DAG(s) dict_keys(['example_short_circuit_decorator']) retrieved from /home/vscode/.local/lib/python3.10/site-packages/airflow/example_dags/example_short_circuit_decorator.py
[2024-09-19T16:28:22.929+0000] {logging_mixin.py:150} INFO - [2024-09-19T16:28:22.929+0000] {dag.py:2742} INFO - Sync 1 DAGs
[2024-09-19T16:28:22.943+0000] {logging_mixin.py:150} INFO - [2024-09-19T16:28:22.943+0000] {dag.py:3504} INFO - Setting next_dagrun for example_short_circuit_decorator to 2024-09-18T16:28:22.943546+00:00, run_after=2024-09-19T16:28:22.943546+00:00
[2024-09-19T16:28:22.979+0000] {processor.py:179} INFO - Processing /home/vscode/.local/lib/python3.10/site-packages/airflow/example_dags/example_short_circuit_decorator.py took 0.073 seconds
[2024-09-19T16:29:07.077+0000] {processor.py:157} INFO - Started process (PID=17551) to work on /home/vscode/.local/lib/python3.10/site-packages/airflow/example_dags/example_short_circuit_decorator.py
[2024-09-19T16:29:07.077+0000] {processor.py:826} INFO - Processing file /home/vscode/.local/lib/python3.10/site-packages/airflow/example_dags/example_short_circuit_decorator.py for tasks to queue
[2024-09-19T16:29:07.078+0000] {logging_mixin.py:150} INFO - [2024-09-19T16:29:07.078+0000] {dagbag.py:541} INFO - Filling up the DagBag from /home/vscode/.local/lib/python3.10/site-packages/airflow/example_dags/example_short_circuit_decorator.py
[2024-09-19T16:29:07.086+0000] {processor.py:836} INFO - DAG(s) dict_keys(['example_short_circuit_decorator']) retrieved from /home/vscode/.local/lib/python3.10/site-packages/airflow/example_dags/example_short_circuit_decorator.py
[2024-09-19T16:29:07.099+0000] {logging_mixin.py:150} INFO - [2024-09-19T16:29:07.099+0000] {dag.py:2742} INFO - Sync 1 DAGs
[2024-09-19T16:29:07.113+0000] {logging_mixin.py:150} INFO - [2024-09-19T16:29:07.113+0000] {dag.py:3504} INFO - Setting next_dagrun for example_short_circuit_decorator to 2024-09-18T16:29:07.112869+00:00, run_after=2024-09-19T16:29:07.112869+00:00
[2024-09-19T16:29:07.155+0000] {processor.py:179} INFO - Processing /home/vscode/.local/lib/python3.10/site-packages/airflow/example_dags/example_short_circuit_decorator.py took 0.080 seconds
[2024-09-19T16:29:54.413+0000] {processor.py:157} INFO - Started process (PID=17998) to work on /home/vscode/.local/lib/python3.10/site-packages/airflow/example_dags/example_short_circuit_decorator.py
[2024-09-19T16:29:54.419+0000] {processor.py:826} INFO - Processing file /home/vscode/.local/lib/python3.10/site-packages/airflow/example_dags/example_short_circuit_decorator.py for tasks to queue
[2024-09-19T16:29:54.420+0000] {logging_mixin.py:150} INFO - [2024-09-19T16:29:54.419+0000] {dagbag.py:541} INFO - Filling up the DagBag from /home/vscode/.local/lib/python3.10/site-packages/airflow/example_dags/example_short_circuit_decorator.py
[2024-09-19T16:29:54.429+0000] {processor.py:836} INFO - DAG(s) dict_keys(['example_short_circuit_decorator']) retrieved from /home/vscode/.local/lib/python3.10/site-packages/airflow/example_dags/example_short_circuit_decorator.py
[2024-09-19T16:29:54.461+0000] {logging_mixin.py:150} INFO - [2024-09-19T16:29:54.460+0000] {dag.py:2742} INFO - Sync 1 DAGs
[2024-09-19T16:29:54.480+0000] {logging_mixin.py:150} INFO - [2024-09-19T16:29:54.480+0000] {dag.py:3504} INFO - Setting next_dagrun for example_short_circuit_decorator to 2024-09-18T16:29:54.480061+00:00, run_after=2024-09-19T16:29:54.480061+00:00
[2024-09-19T16:29:54.517+0000] {processor.py:179} INFO - Processing /home/vscode/.local/lib/python3.10/site-packages/airflow/example_dags/example_short_circuit_decorator.py took 0.107 seconds
[2024-09-19T16:30:42.612+0000] {processor.py:157} INFO - Started process (PID=18324) to work on /home/vscode/.local/lib/python3.10/site-packages/airflow/example_dags/example_short_circuit_decorator.py
[2024-09-19T16:30:42.613+0000] {processor.py:826} INFO - Processing file /home/vscode/.local/lib/python3.10/site-packages/airflow/example_dags/example_short_circuit_decorator.py for tasks to queue
[2024-09-19T16:30:42.614+0000] {logging_mixin.py:150} INFO - [2024-09-19T16:30:42.613+0000] {dagbag.py:541} INFO - Filling up the DagBag from /home/vscode/.local/lib/python3.10/site-packages/airflow/example_dags/example_short_circuit_decorator.py
[2024-09-19T16:30:42.621+0000] {processor.py:836} INFO - DAG(s) dict_keys(['example_short_circuit_decorator']) retrieved from /home/vscode/.local/lib/python3.10/site-packages/airflow/example_dags/example_short_circuit_decorator.py
[2024-09-19T16:30:42.635+0000] {logging_mixin.py:150} INFO - [2024-09-19T16:30:42.635+0000] {dag.py:2742} INFO - Sync 1 DAGs
[2024-09-19T16:30:42.661+0000] {logging_mixin.py:150} INFO - [2024-09-19T16:30:42.660+0000] {dag.py:3504} INFO - Setting next_dagrun for example_short_circuit_decorator to 2024-09-18T16:30:42.660557+00:00, run_after=2024-09-19T16:30:42.660557+00:00
[2024-09-19T16:30:42.703+0000] {processor.py:179} INFO - Processing /home/vscode/.local/lib/python3.10/site-packages/airflow/example_dags/example_short_circuit_decorator.py took 0.093 seconds
[2024-09-19T16:31:29.699+0000] {processor.py:157} INFO - Started process (PID=18672) to work on /home/vscode/.local/lib/python3.10/site-packages/airflow/example_dags/example_short_circuit_decorator.py
[2024-09-19T16:31:29.699+0000] {processor.py:826} INFO - Processing file /home/vscode/.local/lib/python3.10/site-packages/airflow/example_dags/example_short_circuit_decorator.py for tasks to queue
[2024-09-19T16:31:29.700+0000] {logging_mixin.py:150} INFO - [2024-09-19T16:31:29.700+0000] {dagbag.py:541} INFO - Filling up the DagBag from /home/vscode/.local/lib/python3.10/site-packages/airflow/example_dags/example_short_circuit_decorator.py
[2024-09-19T16:31:29.707+0000] {processor.py:836} INFO - DAG(s) dict_keys(['example_short_circuit_decorator']) retrieved from /home/vscode/.local/lib/python3.10/site-packages/airflow/example_dags/example_short_circuit_decorator.py
[2024-09-19T16:31:29.719+0000] {logging_mixin.py:150} INFO - [2024-09-19T16:31:29.719+0000] {dag.py:2742} INFO - Sync 1 DAGs
[2024-09-19T16:31:29.733+0000] {logging_mixin.py:150} INFO - [2024-09-19T16:31:29.733+0000] {dag.py:3504} INFO - Setting next_dagrun for example_short_circuit_decorator to 2024-09-18T16:31:29.733592+00:00, run_after=2024-09-19T16:31:29.733592+00:00
[2024-09-19T16:31:29.768+0000] {processor.py:179} INFO - Processing /home/vscode/.local/lib/python3.10/site-packages/airflow/example_dags/example_short_circuit_decorator.py took 0.072 seconds
[2024-09-19T16:32:14.558+0000] {processor.py:157} INFO - Started process (PID=18974) to work on /home/vscode/.local/lib/python3.10/site-packages/airflow/example_dags/example_short_circuit_decorator.py
[2024-09-19T16:32:14.559+0000] {processor.py:826} INFO - Processing file /home/vscode/.local/lib/python3.10/site-packages/airflow/example_dags/example_short_circuit_decorator.py for tasks to queue
[2024-09-19T16:32:14.559+0000] {logging_mixin.py:150} INFO - [2024-09-19T16:32:14.559+0000] {dagbag.py:541} INFO - Filling up the DagBag from /home/vscode/.local/lib/python3.10/site-packages/airflow/example_dags/example_short_circuit_decorator.py
[2024-09-19T16:32:14.566+0000] {processor.py:836} INFO - DAG(s) dict_keys(['example_short_circuit_decorator']) retrieved from /home/vscode/.local/lib/python3.10/site-packages/airflow/example_dags/example_short_circuit_decorator.py
[2024-09-19T16:32:14.580+0000] {logging_mixin.py:150} INFO - [2024-09-19T16:32:14.580+0000] {dag.py:2742} INFO - Sync 1 DAGs
[2024-09-19T16:32:14.595+0000] {logging_mixin.py:150} INFO - [2024-09-19T16:32:14.594+0000] {dag.py:3504} INFO - Setting next_dagrun for example_short_circuit_decorator to 2024-09-18T16:32:14.594447+00:00, run_after=2024-09-19T16:32:14.594447+00:00
[2024-09-19T16:32:14.639+0000] {processor.py:179} INFO - Processing /home/vscode/.local/lib/python3.10/site-packages/airflow/example_dags/example_short_circuit_decorator.py took 0.083 seconds
[2024-09-19T16:32:59.892+0000] {processor.py:157} INFO - Started process (PID=19488) to work on /home/vscode/.local/lib/python3.10/site-packages/airflow/example_dags/example_short_circuit_decorator.py
[2024-09-19T16:32:59.893+0000] {processor.py:826} INFO - Processing file /home/vscode/.local/lib/python3.10/site-packages/airflow/example_dags/example_short_circuit_decorator.py for tasks to queue
[2024-09-19T16:32:59.894+0000] {logging_mixin.py:150} INFO - [2024-09-19T16:32:59.893+0000] {dagbag.py:541} INFO - Filling up the DagBag from /home/vscode/.local/lib/python3.10/site-packages/airflow/example_dags/example_short_circuit_decorator.py
[2024-09-19T16:32:59.901+0000] {processor.py:836} INFO - DAG(s) dict_keys(['example_short_circuit_decorator']) retrieved from /home/vscode/.local/lib/python3.10/site-packages/airflow/example_dags/example_short_circuit_decorator.py
[2024-09-19T16:32:59.914+0000] {logging_mixin.py:150} INFO - [2024-09-19T16:32:59.913+0000] {dag.py:2742} INFO - Sync 1 DAGs
[2024-09-19T16:32:59.930+0000] {logging_mixin.py:150} INFO - [2024-09-19T16:32:59.930+0000] {dag.py:3504} INFO - Setting next_dagrun for example_short_circuit_decorator to 2024-09-18T16:32:59.930537+00:00, run_after=2024-09-19T16:32:59.930537+00:00
[2024-09-19T16:32:59.974+0000] {processor.py:179} INFO - Processing /home/vscode/.local/lib/python3.10/site-packages/airflow/example_dags/example_short_circuit_decorator.py took 0.084 seconds
[2024-09-19T16:33:42.744+0000] {processor.py:157} INFO - Started process (PID=19836) to work on /home/vscode/.local/lib/python3.10/site-packages/airflow/example_dags/example_short_circuit_decorator.py
[2024-09-19T16:33:42.745+0000] {processor.py:826} INFO - Processing file /home/vscode/.local/lib/python3.10/site-packages/airflow/example_dags/example_short_circuit_decorator.py for tasks to queue
[2024-09-19T16:33:42.745+0000] {logging_mixin.py:150} INFO - [2024-09-19T16:33:42.745+0000] {dagbag.py:541} INFO - Filling up the DagBag from /home/vscode/.local/lib/python3.10/site-packages/airflow/example_dags/example_short_circuit_decorator.py
[2024-09-19T16:33:42.753+0000] {processor.py:836} INFO - DAG(s) dict_keys(['example_short_circuit_decorator']) retrieved from /home/vscode/.local/lib/python3.10/site-packages/airflow/example_dags/example_short_circuit_decorator.py
[2024-09-19T16:33:42.766+0000] {logging_mixin.py:150} INFO - [2024-09-19T16:33:42.766+0000] {dag.py:2742} INFO - Sync 1 DAGs
[2024-09-19T16:33:42.779+0000] {logging_mixin.py:150} INFO - [2024-09-19T16:33:42.779+0000] {dag.py:3504} INFO - Setting next_dagrun for example_short_circuit_decorator to 2024-09-18T16:33:42.779666+00:00, run_after=2024-09-19T16:33:42.779666+00:00
[2024-09-19T16:33:42.813+0000] {processor.py:179} INFO - Processing /home/vscode/.local/lib/python3.10/site-packages/airflow/example_dags/example_short_circuit_decorator.py took 0.071 seconds
