[2024-09-19T16:26:19.566+0000] {processor.py:157} INFO - Started process (PID=16366) to work on /home/vscode/.local/lib/python3.10/site-packages/airflow/example_dags/example_latest_only_with_trigger.py
[2024-09-19T16:26:19.566+0000] {processor.py:826} INFO - Processing file /home/vscode/.local/lib/python3.10/site-packages/airflow/example_dags/example_latest_only_with_trigger.py for tasks to queue
[2024-09-19T16:26:19.567+0000] {logging_mixin.py:150} INFO - [2024-09-19T16:26:19.567+0000] {dagbag.py:541} INFO - Filling up the DagBag from /home/vscode/.local/lib/python3.10/site-packages/airflow/example_dags/example_latest_only_with_trigger.py
[2024-09-19T16:26:19.572+0000] {processor.py:836} INFO - DAG(s) dict_keys(['latest_only_with_trigger']) retrieved from /home/vscode/.local/lib/python3.10/site-packages/airflow/example_dags/example_latest_only_with_trigger.py
[2024-09-19T16:26:19.703+0000] {logging_mixin.py:150} INFO - [2024-09-19T16:26:19.703+0000] {manager.py:504} INFO - Created Permission View: can edit on DAG:latest_only_with_trigger
[2024-09-19T16:26:19.735+0000] {logging_mixin.py:150} INFO - [2024-09-19T16:26:19.735+0000] {manager.py:504} INFO - Created Permission View: can delete on DAG:latest_only_with_trigger
[2024-09-19T16:26:19.764+0000] {logging_mixin.py:150} INFO - [2024-09-19T16:26:19.764+0000] {manager.py:504} INFO - Created Permission View: can read on DAG:latest_only_with_trigger
[2024-09-19T16:26:19.772+0000] {logging_mixin.py:150} INFO - [2024-09-19T16:26:19.772+0000] {dag.py:2742} INFO - Sync 1 DAGs
[2024-09-19T16:26:19.779+0000] {logging_mixin.py:150} INFO - [2024-09-19T16:26:19.778+0000] {dag.py:2763} INFO - Creating ORM DAG for latest_only_with_trigger
[2024-09-19T16:26:19.786+0000] {logging_mixin.py:150} INFO - [2024-09-19T16:26:19.785+0000] {dag.py:3504} INFO - Setting next_dagrun for latest_only_with_trigger to 2024-09-19T12:26:19.784933+00:00, run_after=2024-09-19T16:26:19.784933+00:00
[2024-09-19T16:26:19.825+0000] {processor.py:179} INFO - Processing /home/vscode/.local/lib/python3.10/site-packages/airflow/example_dags/example_latest_only_with_trigger.py took 0.262 seconds
[2024-09-19T16:27:14.775+0000] {processor.py:157} INFO - Started process (PID=16735) to work on /home/vscode/.local/lib/python3.10/site-packages/airflow/example_dags/example_latest_only_with_trigger.py
[2024-09-19T16:27:14.776+0000] {processor.py:826} INFO - Processing file /home/vscode/.local/lib/python3.10/site-packages/airflow/example_dags/example_latest_only_with_trigger.py for tasks to queue
[2024-09-19T16:27:14.776+0000] {logging_mixin.py:150} INFO - [2024-09-19T16:27:14.776+0000] {dagbag.py:541} INFO - Filling up the DagBag from /home/vscode/.local/lib/python3.10/site-packages/airflow/example_dags/example_latest_only_with_trigger.py
[2024-09-19T16:27:14.781+0000] {processor.py:836} INFO - DAG(s) dict_keys(['latest_only_with_trigger']) retrieved from /home/vscode/.local/lib/python3.10/site-packages/airflow/example_dags/example_latest_only_with_trigger.py
[2024-09-19T16:27:14.792+0000] {logging_mixin.py:150} INFO - [2024-09-19T16:27:14.792+0000] {dag.py:2742} INFO - Sync 1 DAGs
[2024-09-19T16:27:14.807+0000] {logging_mixin.py:150} INFO - [2024-09-19T16:27:14.807+0000] {dag.py:3504} INFO - Setting next_dagrun for latest_only_with_trigger to 2024-09-19T12:27:14.807177+00:00, run_after=2024-09-19T16:27:14.807177+00:00
[2024-09-19T16:27:14.840+0000] {processor.py:179} INFO - Processing /home/vscode/.local/lib/python3.10/site-packages/airflow/example_dags/example_latest_only_with_trigger.py took 0.067 seconds
[2024-09-19T16:28:04.155+0000] {processor.py:157} INFO - Started process (PID=17090) to work on /home/vscode/.local/lib/python3.10/site-packages/airflow/example_dags/example_latest_only_with_trigger.py
[2024-09-19T16:28:04.155+0000] {processor.py:826} INFO - Processing file /home/vscode/.local/lib/python3.10/site-packages/airflow/example_dags/example_latest_only_with_trigger.py for tasks to queue
[2024-09-19T16:28:04.156+0000] {logging_mixin.py:150} INFO - [2024-09-19T16:28:04.156+0000] {dagbag.py:541} INFO - Filling up the DagBag from /home/vscode/.local/lib/python3.10/site-packages/airflow/example_dags/example_latest_only_with_trigger.py
[2024-09-19T16:28:04.161+0000] {processor.py:836} INFO - DAG(s) dict_keys(['latest_only_with_trigger']) retrieved from /home/vscode/.local/lib/python3.10/site-packages/airflow/example_dags/example_latest_only_with_trigger.py
[2024-09-19T16:28:04.172+0000] {logging_mixin.py:150} INFO - [2024-09-19T16:28:04.172+0000] {dag.py:2742} INFO - Sync 1 DAGs
[2024-09-19T16:28:04.186+0000] {logging_mixin.py:150} INFO - [2024-09-19T16:28:04.186+0000] {dag.py:3504} INFO - Setting next_dagrun for latest_only_with_trigger to 2024-09-19T12:28:04.185893+00:00, run_after=2024-09-19T16:28:04.185893+00:00
[2024-09-19T16:28:04.219+0000] {processor.py:179} INFO - Processing /home/vscode/.local/lib/python3.10/site-packages/airflow/example_dags/example_latest_only_with_trigger.py took 0.067 seconds
[2024-09-19T16:28:48.611+0000] {processor.py:157} INFO - Started process (PID=17429) to work on /home/vscode/.local/lib/python3.10/site-packages/airflow/example_dags/example_latest_only_with_trigger.py
[2024-09-19T16:28:48.611+0000] {processor.py:826} INFO - Processing file /home/vscode/.local/lib/python3.10/site-packages/airflow/example_dags/example_latest_only_with_trigger.py for tasks to queue
[2024-09-19T16:28:48.612+0000] {logging_mixin.py:150} INFO - [2024-09-19T16:28:48.612+0000] {dagbag.py:541} INFO - Filling up the DagBag from /home/vscode/.local/lib/python3.10/site-packages/airflow/example_dags/example_latest_only_with_trigger.py
[2024-09-19T16:28:48.617+0000] {processor.py:836} INFO - DAG(s) dict_keys(['latest_only_with_trigger']) retrieved from /home/vscode/.local/lib/python3.10/site-packages/airflow/example_dags/example_latest_only_with_trigger.py
[2024-09-19T16:28:48.628+0000] {logging_mixin.py:150} INFO - [2024-09-19T16:28:48.628+0000] {dag.py:2742} INFO - Sync 1 DAGs
[2024-09-19T16:28:48.642+0000] {logging_mixin.py:150} INFO - [2024-09-19T16:28:48.642+0000] {dag.py:3504} INFO - Setting next_dagrun for latest_only_with_trigger to 2024-09-19T12:28:48.642355+00:00, run_after=2024-09-19T16:28:48.642355+00:00
[2024-09-19T16:28:48.681+0000] {processor.py:179} INFO - Processing /home/vscode/.local/lib/python3.10/site-packages/airflow/example_dags/example_latest_only_with_trigger.py took 0.072 seconds
[2024-09-19T16:29:35.440+0000] {processor.py:157} INFO - Started process (PID=17768) to work on /home/vscode/.local/lib/python3.10/site-packages/airflow/example_dags/example_latest_only_with_trigger.py
[2024-09-19T16:29:35.440+0000] {processor.py:826} INFO - Processing file /home/vscode/.local/lib/python3.10/site-packages/airflow/example_dags/example_latest_only_with_trigger.py for tasks to queue
[2024-09-19T16:29:35.441+0000] {logging_mixin.py:150} INFO - [2024-09-19T16:29:35.441+0000] {dagbag.py:541} INFO - Filling up the DagBag from /home/vscode/.local/lib/python3.10/site-packages/airflow/example_dags/example_latest_only_with_trigger.py
[2024-09-19T16:29:35.446+0000] {processor.py:836} INFO - DAG(s) dict_keys(['latest_only_with_trigger']) retrieved from /home/vscode/.local/lib/python3.10/site-packages/airflow/example_dags/example_latest_only_with_trigger.py
[2024-09-19T16:29:35.458+0000] {logging_mixin.py:150} INFO - [2024-09-19T16:29:35.458+0000] {dag.py:2742} INFO - Sync 1 DAGs
[2024-09-19T16:29:35.472+0000] {logging_mixin.py:150} INFO - [2024-09-19T16:29:35.472+0000] {dag.py:3504} INFO - Setting next_dagrun for latest_only_with_trigger to 2024-09-19T12:29:35.472212+00:00, run_after=2024-09-19T16:29:35.472212+00:00
[2024-09-19T16:29:35.510+0000] {processor.py:179} INFO - Processing /home/vscode/.local/lib/python3.10/site-packages/airflow/example_dags/example_latest_only_with_trigger.py took 0.073 seconds
[2024-09-19T16:30:26.566+0000] {processor.py:157} INFO - Started process (PID=18210) to work on /home/vscode/.local/lib/python3.10/site-packages/airflow/example_dags/example_latest_only_with_trigger.py
[2024-09-19T16:30:26.567+0000] {processor.py:826} INFO - Processing file /home/vscode/.local/lib/python3.10/site-packages/airflow/example_dags/example_latest_only_with_trigger.py for tasks to queue
[2024-09-19T16:30:26.568+0000] {logging_mixin.py:150} INFO - [2024-09-19T16:30:26.568+0000] {dagbag.py:541} INFO - Filling up the DagBag from /home/vscode/.local/lib/python3.10/site-packages/airflow/example_dags/example_latest_only_with_trigger.py
[2024-09-19T16:30:26.576+0000] {processor.py:836} INFO - DAG(s) dict_keys(['latest_only_with_trigger']) retrieved from /home/vscode/.local/lib/python3.10/site-packages/airflow/example_dags/example_latest_only_with_trigger.py
[2024-09-19T16:30:26.590+0000] {logging_mixin.py:150} INFO - [2024-09-19T16:30:26.590+0000] {dag.py:2742} INFO - Sync 1 DAGs
[2024-09-19T16:30:26.605+0000] {logging_mixin.py:150} INFO - [2024-09-19T16:30:26.604+0000] {dag.py:3504} INFO - Setting next_dagrun for latest_only_with_trigger to 2024-09-19T12:30:26.604655+00:00, run_after=2024-09-19T16:30:26.604655+00:00
[2024-09-19T16:30:26.638+0000] {processor.py:179} INFO - Processing /home/vscode/.local/lib/python3.10/site-packages/airflow/example_dags/example_latest_only_with_trigger.py took 0.075 seconds
[2024-09-19T16:31:12.519+0000] {processor.py:157} INFO - Started process (PID=18558) to work on /home/vscode/.local/lib/python3.10/site-packages/airflow/example_dags/example_latest_only_with_trigger.py
[2024-09-19T16:31:12.520+0000] {processor.py:826} INFO - Processing file /home/vscode/.local/lib/python3.10/site-packages/airflow/example_dags/example_latest_only_with_trigger.py for tasks to queue
[2024-09-19T16:31:12.520+0000] {logging_mixin.py:150} INFO - [2024-09-19T16:31:12.520+0000] {dagbag.py:541} INFO - Filling up the DagBag from /home/vscode/.local/lib/python3.10/site-packages/airflow/example_dags/example_latest_only_with_trigger.py
[2024-09-19T16:31:12.525+0000] {processor.py:836} INFO - DAG(s) dict_keys(['latest_only_with_trigger']) retrieved from /home/vscode/.local/lib/python3.10/site-packages/airflow/example_dags/example_latest_only_with_trigger.py
[2024-09-19T16:31:12.537+0000] {logging_mixin.py:150} INFO - [2024-09-19T16:31:12.537+0000] {dag.py:2742} INFO - Sync 1 DAGs
[2024-09-19T16:31:12.552+0000] {logging_mixin.py:150} INFO - [2024-09-19T16:31:12.551+0000] {dag.py:3504} INFO - Setting next_dagrun for latest_only_with_trigger to 2024-09-19T12:31:12.551702+00:00, run_after=2024-09-19T16:31:12.551702+00:00
[2024-09-19T16:31:12.597+0000] {processor.py:179} INFO - Processing /home/vscode/.local/lib/python3.10/site-packages/airflow/example_dags/example_latest_only_with_trigger.py took 0.080 seconds
[2024-09-19T16:31:59.196+0000] {processor.py:157} INFO - Started process (PID=18876) to work on /home/vscode/.local/lib/python3.10/site-packages/airflow/example_dags/example_latest_only_with_trigger.py
[2024-09-19T16:31:59.196+0000] {processor.py:826} INFO - Processing file /home/vscode/.local/lib/python3.10/site-packages/airflow/example_dags/example_latest_only_with_trigger.py for tasks to queue
[2024-09-19T16:31:59.197+0000] {logging_mixin.py:150} INFO - [2024-09-19T16:31:59.197+0000] {dagbag.py:541} INFO - Filling up the DagBag from /home/vscode/.local/lib/python3.10/site-packages/airflow/example_dags/example_latest_only_with_trigger.py
[2024-09-19T16:31:59.202+0000] {processor.py:836} INFO - DAG(s) dict_keys(['latest_only_with_trigger']) retrieved from /home/vscode/.local/lib/python3.10/site-packages/airflow/example_dags/example_latest_only_with_trigger.py
[2024-09-19T16:31:59.213+0000] {logging_mixin.py:150} INFO - [2024-09-19T16:31:59.213+0000] {dag.py:2742} INFO - Sync 1 DAGs
[2024-09-19T16:31:59.227+0000] {logging_mixin.py:150} INFO - [2024-09-19T16:31:59.227+0000] {dag.py:3504} INFO - Setting next_dagrun for latest_only_with_trigger to 2024-09-19T12:31:59.227175+00:00, run_after=2024-09-19T16:31:59.227175+00:00
[2024-09-19T16:31:59.258+0000] {processor.py:179} INFO - Processing /home/vscode/.local/lib/python3.10/site-packages/airflow/example_dags/example_latest_only_with_trigger.py took 0.065 seconds
[2024-09-19T16:32:45.063+0000] {processor.py:157} INFO - Started process (PID=19314) to work on /home/vscode/.local/lib/python3.10/site-packages/airflow/example_dags/example_latest_only_with_trigger.py
[2024-09-19T16:32:45.063+0000] {processor.py:826} INFO - Processing file /home/vscode/.local/lib/python3.10/site-packages/airflow/example_dags/example_latest_only_with_trigger.py for tasks to queue
[2024-09-19T16:32:45.064+0000] {logging_mixin.py:150} INFO - [2024-09-19T16:32:45.064+0000] {dagbag.py:541} INFO - Filling up the DagBag from /home/vscode/.local/lib/python3.10/site-packages/airflow/example_dags/example_latest_only_with_trigger.py
[2024-09-19T16:32:45.069+0000] {processor.py:836} INFO - DAG(s) dict_keys(['latest_only_with_trigger']) retrieved from /home/vscode/.local/lib/python3.10/site-packages/airflow/example_dags/example_latest_only_with_trigger.py
[2024-09-19T16:32:45.080+0000] {logging_mixin.py:150} INFO - [2024-09-19T16:32:45.080+0000] {dag.py:2742} INFO - Sync 1 DAGs
[2024-09-19T16:32:45.094+0000] {logging_mixin.py:150} INFO - [2024-09-19T16:32:45.094+0000] {dag.py:3504} INFO - Setting next_dagrun for latest_only_with_trigger to 2024-09-19T12:32:45.094595+00:00, run_after=2024-09-19T16:32:45.094595+00:00
[2024-09-19T16:32:45.134+0000] {processor.py:179} INFO - Processing /home/vscode/.local/lib/python3.10/site-packages/airflow/example_dags/example_latest_only_with_trigger.py took 0.073 seconds
[2024-09-19T16:33:29.458+0000] {processor.py:157} INFO - Started process (PID=19722) to work on /home/vscode/.local/lib/python3.10/site-packages/airflow/example_dags/example_latest_only_with_trigger.py
[2024-09-19T16:33:29.459+0000] {processor.py:826} INFO - Processing file /home/vscode/.local/lib/python3.10/site-packages/airflow/example_dags/example_latest_only_with_trigger.py for tasks to queue
[2024-09-19T16:33:29.459+0000] {logging_mixin.py:150} INFO - [2024-09-19T16:33:29.459+0000] {dagbag.py:541} INFO - Filling up the DagBag from /home/vscode/.local/lib/python3.10/site-packages/airflow/example_dags/example_latest_only_with_trigger.py
[2024-09-19T16:33:29.464+0000] {processor.py:836} INFO - DAG(s) dict_keys(['latest_only_with_trigger']) retrieved from /home/vscode/.local/lib/python3.10/site-packages/airflow/example_dags/example_latest_only_with_trigger.py
[2024-09-19T16:33:29.476+0000] {logging_mixin.py:150} INFO - [2024-09-19T16:33:29.476+0000] {dag.py:2742} INFO - Sync 1 DAGs
[2024-09-19T16:33:29.491+0000] {logging_mixin.py:150} INFO - [2024-09-19T16:33:29.491+0000] {dag.py:3504} INFO - Setting next_dagrun for latest_only_with_trigger to 2024-09-19T12:33:29.490976+00:00, run_after=2024-09-19T16:33:29.490976+00:00
[2024-09-19T16:33:29.537+0000] {processor.py:179} INFO - Processing /home/vscode/.local/lib/python3.10/site-packages/airflow/example_dags/example_latest_only_with_trigger.py took 0.081 seconds
[2024-09-19T16:34:17.730+0000] {processor.py:157} INFO - Started process (PID=20155) to work on /home/vscode/.local/lib/python3.10/site-packages/airflow/example_dags/example_latest_only_with_trigger.py
[2024-09-19T16:34:17.749+0000] {processor.py:826} INFO - Processing file /home/vscode/.local/lib/python3.10/site-packages/airflow/example_dags/example_latest_only_with_trigger.py for tasks to queue
[2024-09-19T16:34:17.750+0000] {logging_mixin.py:150} INFO - [2024-09-19T16:34:17.749+0000] {dagbag.py:541} INFO - Filling up the DagBag from /home/vscode/.local/lib/python3.10/site-packages/airflow/example_dags/example_latest_only_with_trigger.py
[2024-09-19T16:34:17.768+0000] {processor.py:836} INFO - DAG(s) dict_keys(['latest_only_with_trigger']) retrieved from /home/vscode/.local/lib/python3.10/site-packages/airflow/example_dags/example_latest_only_with_trigger.py
[2024-09-19T16:34:17.818+0000] {logging_mixin.py:150} INFO - [2024-09-19T16:34:17.818+0000] {dag.py:2742} INFO - Sync 1 DAGs
[2024-09-19T16:34:17.907+0000] {logging_mixin.py:150} INFO - [2024-09-19T16:34:17.883+0000] {dag.py:3504} INFO - Setting next_dagrun for latest_only_with_trigger to 2024-09-19T12:34:17.882792+00:00, run_after=2024-09-19T16:34:17.882792+00:00
[2024-09-19T16:34:18.025+0000] {processor.py:179} INFO - Processing /home/vscode/.local/lib/python3.10/site-packages/airflow/example_dags/example_latest_only_with_trigger.py took 0.297 seconds
