[2024-09-19T16:25:10.093+0000] {processor.py:186} INFO - Started process (PID=11674) to work on /home/vscode/.local/lib/python3.10/site-packages/airflow/example_dags/example_sensor_decorator.py
[2024-09-19T16:25:10.094+0000] {processor.py:914} INFO - Processing file /home/vscode/.local/lib/python3.10/site-packages/airflow/example_dags/example_sensor_decorator.py for tasks to queue
[2024-09-19T16:25:10.095+0000] {logging_mixin.py:190} INFO - [2024-09-19T16:25:10.095+0000] {dagbag.py:587} INFO - Filling up the DagBag from /home/vscode/.local/lib/python3.10/site-packages/airflow/example_dags/example_sensor_decorator.py
[2024-09-19T16:25:10.102+0000] {processor.py:925} INFO - DAG(s) 'example_sensor_decorator' retrieved from /home/vscode/.local/lib/python3.10/site-packages/airflow/example_dags/example_sensor_decorator.py
[2024-09-19T16:25:10.273+0000] {logging_mixin.py:190} INFO - [2024-09-19T16:25:10.272+0000] {override.py:1900} INFO - Created Permission View: can edit on DAG:example_sensor_decorator
[2024-09-19T16:25:10.305+0000] {logging_mixin.py:190} INFO - [2024-09-19T16:25:10.304+0000] {override.py:1900} INFO - Created Permission View: can read on DAG:example_sensor_decorator
[2024-09-19T16:25:10.328+0000] {logging_mixin.py:190} INFO - [2024-09-19T16:25:10.328+0000] {override.py:1900} INFO - Created Permission View: can delete on DAG:example_sensor_decorator
[2024-09-19T16:25:10.376+0000] {logging_mixin.py:190} INFO - [2024-09-19T16:25:10.376+0000] {override.py:1900} INFO - Created Permission View: menu access on DAG Run:example_sensor_decorator
[2024-09-19T16:25:10.418+0000] {logging_mixin.py:190} INFO - [2024-09-19T16:25:10.418+0000] {override.py:1900} INFO - Created Permission View: can read on DAG Run:example_sensor_decorator
[2024-09-19T16:25:10.448+0000] {logging_mixin.py:190} INFO - [2024-09-19T16:25:10.447+0000] {override.py:1900} INFO - Created Permission View: can create on DAG Run:example_sensor_decorator
[2024-09-19T16:25:10.484+0000] {logging_mixin.py:190} INFO - [2024-09-19T16:25:10.484+0000] {override.py:1900} INFO - Created Permission View: can delete on DAG Run:example_sensor_decorator
[2024-09-19T16:25:10.485+0000] {logging_mixin.py:190} INFO - [2024-09-19T16:25:10.485+0000] {dag.py:3229} INFO - Sync 1 DAGs
[2024-09-19T16:25:10.495+0000] {logging_mixin.py:190} INFO - [2024-09-19T16:25:10.494+0000] {dag.py:3252} INFO - Creating ORM DAG for example_sensor_decorator
[2024-09-19T16:25:10.495+0000] {logging_mixin.py:190} INFO - [2024-09-19T16:25:10.495+0000] {dag.py:4156} INFO - Setting next_dagrun for example_sensor_decorator to None, run_after=None
[2024-09-19T16:25:10.537+0000] {processor.py:208} INFO - Processing /home/vscode/.local/lib/python3.10/site-packages/airflow/example_dags/example_sensor_decorator.py took 0.448 seconds
[2024-09-19T16:26:26.877+0000] {processor.py:186} INFO - Started process (PID=12183) to work on /home/vscode/.local/lib/python3.10/site-packages/airflow/example_dags/example_sensor_decorator.py
[2024-09-19T16:26:26.878+0000] {processor.py:914} INFO - Processing file /home/vscode/.local/lib/python3.10/site-packages/airflow/example_dags/example_sensor_decorator.py for tasks to queue
[2024-09-19T16:26:26.879+0000] {logging_mixin.py:190} INFO - [2024-09-19T16:26:26.879+0000] {dagbag.py:587} INFO - Filling up the DagBag from /home/vscode/.local/lib/python3.10/site-packages/airflow/example_dags/example_sensor_decorator.py
[2024-09-19T16:26:26.885+0000] {processor.py:925} INFO - DAG(s) 'example_sensor_decorator' retrieved from /home/vscode/.local/lib/python3.10/site-packages/airflow/example_dags/example_sensor_decorator.py
[2024-09-19T16:26:26.897+0000] {logging_mixin.py:190} INFO - [2024-09-19T16:26:26.897+0000] {dag.py:3229} INFO - Sync 1 DAGs
[2024-09-19T16:26:26.907+0000] {logging_mixin.py:190} INFO - [2024-09-19T16:26:26.907+0000] {dag.py:4156} INFO - Setting next_dagrun for example_sensor_decorator to None, run_after=None
[2024-09-19T16:26:26.945+0000] {processor.py:208} INFO - Processing /home/vscode/.local/lib/python3.10/site-packages/airflow/example_dags/example_sensor_decorator.py took 0.073 seconds
[2024-09-19T16:27:22.647+0000] {processor.py:186} INFO - Started process (PID=12572) to work on /home/vscode/.local/lib/python3.10/site-packages/airflow/example_dags/example_sensor_decorator.py
[2024-09-19T16:27:22.648+0000] {processor.py:914} INFO - Processing file /home/vscode/.local/lib/python3.10/site-packages/airflow/example_dags/example_sensor_decorator.py for tasks to queue
[2024-09-19T16:27:22.650+0000] {logging_mixin.py:190} INFO - [2024-09-19T16:27:22.649+0000] {dagbag.py:587} INFO - Filling up the DagBag from /home/vscode/.local/lib/python3.10/site-packages/airflow/example_dags/example_sensor_decorator.py
[2024-09-19T16:27:22.656+0000] {processor.py:925} INFO - DAG(s) 'example_sensor_decorator' retrieved from /home/vscode/.local/lib/python3.10/site-packages/airflow/example_dags/example_sensor_decorator.py
[2024-09-19T16:27:22.668+0000] {logging_mixin.py:190} INFO - [2024-09-19T16:27:22.667+0000] {dag.py:3229} INFO - Sync 1 DAGs
[2024-09-19T16:27:22.678+0000] {logging_mixin.py:190} INFO - [2024-09-19T16:27:22.678+0000] {dag.py:4156} INFO - Setting next_dagrun for example_sensor_decorator to None, run_after=None
[2024-09-19T16:27:22.712+0000] {processor.py:208} INFO - Processing /home/vscode/.local/lib/python3.10/site-packages/airflow/example_dags/example_sensor_decorator.py took 0.070 seconds
[2024-09-19T16:28:16.536+0000] {processor.py:186} INFO - Started process (PID=12938) to work on /home/vscode/.local/lib/python3.10/site-packages/airflow/example_dags/example_sensor_decorator.py
[2024-09-19T16:28:16.536+0000] {processor.py:914} INFO - Processing file /home/vscode/.local/lib/python3.10/site-packages/airflow/example_dags/example_sensor_decorator.py for tasks to queue
[2024-09-19T16:28:16.538+0000] {logging_mixin.py:190} INFO - [2024-09-19T16:28:16.538+0000] {dagbag.py:587} INFO - Filling up the DagBag from /home/vscode/.local/lib/python3.10/site-packages/airflow/example_dags/example_sensor_decorator.py
[2024-09-19T16:28:16.545+0000] {processor.py:925} INFO - DAG(s) 'example_sensor_decorator' retrieved from /home/vscode/.local/lib/python3.10/site-packages/airflow/example_dags/example_sensor_decorator.py
[2024-09-19T16:28:16.556+0000] {logging_mixin.py:190} INFO - [2024-09-19T16:28:16.556+0000] {dag.py:3229} INFO - Sync 1 DAGs
[2024-09-19T16:28:16.566+0000] {logging_mixin.py:190} INFO - [2024-09-19T16:28:16.565+0000] {dag.py:4156} INFO - Setting next_dagrun for example_sensor_decorator to None, run_after=None
[2024-09-19T16:28:16.623+0000] {processor.py:208} INFO - Processing /home/vscode/.local/lib/python3.10/site-packages/airflow/example_dags/example_sensor_decorator.py took 0.092 seconds
[2024-09-19T16:29:08.746+0000] {processor.py:186} INFO - Started process (PID=13449) to work on /home/vscode/.local/lib/python3.10/site-packages/airflow/example_dags/example_sensor_decorator.py
[2024-09-19T16:29:08.747+0000] {processor.py:914} INFO - Processing file /home/vscode/.local/lib/python3.10/site-packages/airflow/example_dags/example_sensor_decorator.py for tasks to queue
[2024-09-19T16:29:08.748+0000] {logging_mixin.py:190} INFO - [2024-09-19T16:29:08.748+0000] {dagbag.py:587} INFO - Filling up the DagBag from /home/vscode/.local/lib/python3.10/site-packages/airflow/example_dags/example_sensor_decorator.py
[2024-09-19T16:29:08.755+0000] {processor.py:925} INFO - DAG(s) 'example_sensor_decorator' retrieved from /home/vscode/.local/lib/python3.10/site-packages/airflow/example_dags/example_sensor_decorator.py
[2024-09-19T16:29:08.766+0000] {logging_mixin.py:190} INFO - [2024-09-19T16:29:08.766+0000] {dag.py:3229} INFO - Sync 1 DAGs
[2024-09-19T16:29:08.776+0000] {logging_mixin.py:190} INFO - [2024-09-19T16:29:08.776+0000] {dag.py:4156} INFO - Setting next_dagrun for example_sensor_decorator to None, run_after=None
[2024-09-19T16:29:08.814+0000] {processor.py:208} INFO - Processing /home/vscode/.local/lib/python3.10/site-packages/airflow/example_dags/example_sensor_decorator.py took 0.072 seconds
[2024-09-19T16:29:57.601+0000] {processor.py:186} INFO - Started process (PID=13812) to work on /home/vscode/.local/lib/python3.10/site-packages/airflow/example_dags/example_sensor_decorator.py
[2024-09-19T16:29:57.602+0000] {processor.py:914} INFO - Processing file /home/vscode/.local/lib/python3.10/site-packages/airflow/example_dags/example_sensor_decorator.py for tasks to queue
[2024-09-19T16:29:57.604+0000] {logging_mixin.py:190} INFO - [2024-09-19T16:29:57.604+0000] {dagbag.py:587} INFO - Filling up the DagBag from /home/vscode/.local/lib/python3.10/site-packages/airflow/example_dags/example_sensor_decorator.py
[2024-09-19T16:29:57.614+0000] {processor.py:925} INFO - DAG(s) 'example_sensor_decorator' retrieved from /home/vscode/.local/lib/python3.10/site-packages/airflow/example_dags/example_sensor_decorator.py
[2024-09-19T16:29:57.639+0000] {logging_mixin.py:190} INFO - [2024-09-19T16:29:57.639+0000] {dag.py:3229} INFO - Sync 1 DAGs
[2024-09-19T16:29:57.652+0000] {logging_mixin.py:190} INFO - [2024-09-19T16:29:57.652+0000] {dag.py:4156} INFO - Setting next_dagrun for example_sensor_decorator to None, run_after=None
[2024-09-19T16:29:57.689+0000] {processor.py:208} INFO - Processing /home/vscode/.local/lib/python3.10/site-packages/airflow/example_dags/example_sensor_decorator.py took 0.094 seconds
[2024-09-19T16:30:47.013+0000] {processor.py:186} INFO - Started process (PID=14142) to work on /home/vscode/.local/lib/python3.10/site-packages/airflow/example_dags/example_sensor_decorator.py
[2024-09-19T16:30:47.014+0000] {processor.py:914} INFO - Processing file /home/vscode/.local/lib/python3.10/site-packages/airflow/example_dags/example_sensor_decorator.py for tasks to queue
[2024-09-19T16:30:47.016+0000] {logging_mixin.py:190} INFO - [2024-09-19T16:30:47.015+0000] {dagbag.py:587} INFO - Filling up the DagBag from /home/vscode/.local/lib/python3.10/site-packages/airflow/example_dags/example_sensor_decorator.py
[2024-09-19T16:30:47.022+0000] {processor.py:925} INFO - DAG(s) 'example_sensor_decorator' retrieved from /home/vscode/.local/lib/python3.10/site-packages/airflow/example_dags/example_sensor_decorator.py
[2024-09-19T16:30:47.034+0000] {logging_mixin.py:190} INFO - [2024-09-19T16:30:47.033+0000] {dag.py:3229} INFO - Sync 1 DAGs
[2024-09-19T16:30:47.043+0000] {logging_mixin.py:190} INFO - [2024-09-19T16:30:47.043+0000] {dag.py:4156} INFO - Setting next_dagrun for example_sensor_decorator to None, run_after=None
[2024-09-19T16:30:47.076+0000] {processor.py:208} INFO - Processing /home/vscode/.local/lib/python3.10/site-packages/airflow/example_dags/example_sensor_decorator.py took 0.067 seconds
[2024-09-19T16:31:39.975+0000] {processor.py:186} INFO - Started process (PID=14641) to work on /home/vscode/.local/lib/python3.10/site-packages/airflow/example_dags/example_sensor_decorator.py
[2024-09-19T16:31:39.976+0000] {processor.py:914} INFO - Processing file /home/vscode/.local/lib/python3.10/site-packages/airflow/example_dags/example_sensor_decorator.py for tasks to queue
[2024-09-19T16:31:39.977+0000] {logging_mixin.py:190} INFO - [2024-09-19T16:31:39.977+0000] {dagbag.py:587} INFO - Filling up the DagBag from /home/vscode/.local/lib/python3.10/site-packages/airflow/example_dags/example_sensor_decorator.py
[2024-09-19T16:31:39.985+0000] {processor.py:925} INFO - DAG(s) 'example_sensor_decorator' retrieved from /home/vscode/.local/lib/python3.10/site-packages/airflow/example_dags/example_sensor_decorator.py
[2024-09-19T16:31:40.005+0000] {logging_mixin.py:190} INFO - [2024-09-19T16:31:40.004+0000] {dag.py:3229} INFO - Sync 1 DAGs
[2024-09-19T16:31:40.017+0000] {logging_mixin.py:190} INFO - [2024-09-19T16:31:40.017+0000] {dag.py:4156} INFO - Setting next_dagrun for example_sensor_decorator to None, run_after=None
[2024-09-19T16:31:40.077+0000] {processor.py:208} INFO - Processing /home/vscode/.local/lib/python3.10/site-packages/airflow/example_dags/example_sensor_decorator.py took 0.109 seconds
[2024-09-19T16:32:34.646+0000] {processor.py:186} INFO - Started process (PID=15194) to work on /home/vscode/.local/lib/python3.10/site-packages/airflow/example_dags/example_sensor_decorator.py
[2024-09-19T16:32:34.647+0000] {processor.py:914} INFO - Processing file /home/vscode/.local/lib/python3.10/site-packages/airflow/example_dags/example_sensor_decorator.py for tasks to queue
[2024-09-19T16:32:34.650+0000] {logging_mixin.py:190} INFO - [2024-09-19T16:32:34.649+0000] {dagbag.py:587} INFO - Filling up the DagBag from /home/vscode/.local/lib/python3.10/site-packages/airflow/example_dags/example_sensor_decorator.py
[2024-09-19T16:32:34.659+0000] {processor.py:925} INFO - DAG(s) 'example_sensor_decorator' retrieved from /home/vscode/.local/lib/python3.10/site-packages/airflow/example_dags/example_sensor_decorator.py
[2024-09-19T16:32:34.677+0000] {logging_mixin.py:190} INFO - [2024-09-19T16:32:34.676+0000] {dag.py:3229} INFO - Sync 1 DAGs
[2024-09-19T16:32:34.696+0000] {logging_mixin.py:190} INFO - [2024-09-19T16:32:34.696+0000] {dag.py:4156} INFO - Setting next_dagrun for example_sensor_decorator to None, run_after=None
[2024-09-19T16:32:34.756+0000] {processor.py:208} INFO - Processing /home/vscode/.local/lib/python3.10/site-packages/airflow/example_dags/example_sensor_decorator.py took 0.115 seconds
[2024-09-19T16:33:26.459+0000] {processor.py:186} INFO - Started process (PID=15540) to work on /home/vscode/.local/lib/python3.10/site-packages/airflow/example_dags/example_sensor_decorator.py
[2024-09-19T16:33:26.460+0000] {processor.py:914} INFO - Processing file /home/vscode/.local/lib/python3.10/site-packages/airflow/example_dags/example_sensor_decorator.py for tasks to queue
[2024-09-19T16:33:26.461+0000] {logging_mixin.py:190} INFO - [2024-09-19T16:33:26.461+0000] {dagbag.py:587} INFO - Filling up the DagBag from /home/vscode/.local/lib/python3.10/site-packages/airflow/example_dags/example_sensor_decorator.py
[2024-09-19T16:33:26.468+0000] {processor.py:925} INFO - DAG(s) 'example_sensor_decorator' retrieved from /home/vscode/.local/lib/python3.10/site-packages/airflow/example_dags/example_sensor_decorator.py
[2024-09-19T16:33:26.481+0000] {logging_mixin.py:190} INFO - [2024-09-19T16:33:26.480+0000] {dag.py:3229} INFO - Sync 1 DAGs
[2024-09-19T16:33:26.492+0000] {logging_mixin.py:190} INFO - [2024-09-19T16:33:26.491+0000] {dag.py:4156} INFO - Setting next_dagrun for example_sensor_decorator to None, run_after=None
[2024-09-19T16:33:26.535+0000] {processor.py:208} INFO - Processing /home/vscode/.local/lib/python3.10/site-packages/airflow/example_dags/example_sensor_decorator.py took 0.082 seconds
[2024-09-19T16:34:16.167+0000] {processor.py:186} INFO - Started process (PID=15870) to work on /home/vscode/.local/lib/python3.10/site-packages/airflow/example_dags/example_sensor_decorator.py
[2024-09-19T16:34:16.168+0000] {processor.py:914} INFO - Processing file /home/vscode/.local/lib/python3.10/site-packages/airflow/example_dags/example_sensor_decorator.py for tasks to queue
[2024-09-19T16:34:16.169+0000] {logging_mixin.py:190} INFO - [2024-09-19T16:34:16.169+0000] {dagbag.py:587} INFO - Filling up the DagBag from /home/vscode/.local/lib/python3.10/site-packages/airflow/example_dags/example_sensor_decorator.py
[2024-09-19T16:34:16.176+0000] {processor.py:925} INFO - DAG(s) 'example_sensor_decorator' retrieved from /home/vscode/.local/lib/python3.10/site-packages/airflow/example_dags/example_sensor_decorator.py
[2024-09-19T16:34:16.187+0000] {logging_mixin.py:190} INFO - [2024-09-19T16:34:16.187+0000] {dag.py:3229} INFO - Sync 1 DAGs
[2024-09-19T16:34:16.197+0000] {logging_mixin.py:190} INFO - [2024-09-19T16:34:16.197+0000] {dag.py:4156} INFO - Setting next_dagrun for example_sensor_decorator to None, run_after=None
[2024-09-19T16:34:16.238+0000] {processor.py:208} INFO - Processing /home/vscode/.local/lib/python3.10/site-packages/airflow/example_dags/example_sensor_decorator.py took 0.076 seconds
[2024-09-19T16:35:03.091+0000] {processor.py:186} INFO - Started process (PID=16192) to work on /home/vscode/.local/lib/python3.10/site-packages/airflow/example_dags/example_sensor_decorator.py
[2024-09-19T16:35:03.092+0000] {processor.py:914} INFO - Processing file /home/vscode/.local/lib/python3.10/site-packages/airflow/example_dags/example_sensor_decorator.py for tasks to queue
[2024-09-19T16:35:03.093+0000] {logging_mixin.py:190} INFO - [2024-09-19T16:35:03.093+0000] {dagbag.py:587} INFO - Filling up the DagBag from /home/vscode/.local/lib/python3.10/site-packages/airflow/example_dags/example_sensor_decorator.py
[2024-09-19T16:35:03.100+0000] {processor.py:925} INFO - DAG(s) 'example_sensor_decorator' retrieved from /home/vscode/.local/lib/python3.10/site-packages/airflow/example_dags/example_sensor_decorator.py
[2024-09-19T16:35:03.111+0000] {logging_mixin.py:190} INFO - [2024-09-19T16:35:03.111+0000] {dag.py:3229} INFO - Sync 1 DAGs
[2024-09-19T16:35:03.121+0000] {logging_mixin.py:190} INFO - [2024-09-19T16:35:03.120+0000] {dag.py:4156} INFO - Setting next_dagrun for example_sensor_decorator to None, run_after=None
[2024-09-19T16:35:03.155+0000] {processor.py:208} INFO - Processing /home/vscode/.local/lib/python3.10/site-packages/airflow/example_dags/example_sensor_decorator.py took 0.069 seconds
[2024-09-19T23:22:38.077+0000] {processor.py:186} INFO - Started process (PID=20053) to work on /home/vscode/.local/lib/python3.10/site-packages/airflow/example_dags/example_sensor_decorator.py
[2024-09-19T23:22:38.078+0000] {processor.py:914} INFO - Processing file /home/vscode/.local/lib/python3.10/site-packages/airflow/example_dags/example_sensor_decorator.py for tasks to queue
[2024-09-19T23:22:38.079+0000] {logging_mixin.py:190} INFO - [2024-09-19T23:22:38.079+0000] {dagbag.py:587} INFO - Filling up the DagBag from /home/vscode/.local/lib/python3.10/site-packages/airflow/example_dags/example_sensor_decorator.py
[2024-09-19T23:22:38.085+0000] {processor.py:925} INFO - DAG(s) 'example_sensor_decorator' retrieved from /home/vscode/.local/lib/python3.10/site-packages/airflow/example_dags/example_sensor_decorator.py
[2024-09-19T23:22:38.098+0000] {logging_mixin.py:190} INFO - [2024-09-19T23:22:38.097+0000] {dag.py:3229} INFO - Sync 1 DAGs
[2024-09-19T23:22:38.111+0000] {logging_mixin.py:190} INFO - [2024-09-19T23:22:38.111+0000] {dag.py:4156} INFO - Setting next_dagrun for example_sensor_decorator to None, run_after=None
[2024-09-19T23:22:38.160+0000] {processor.py:208} INFO - Processing /home/vscode/.local/lib/python3.10/site-packages/airflow/example_dags/example_sensor_decorator.py took 0.088 seconds
[2024-09-19T23:23:35.431+0000] {processor.py:186} INFO - Started process (PID=20469) to work on /home/vscode/.local/lib/python3.10/site-packages/airflow/example_dags/example_sensor_decorator.py
[2024-09-19T23:23:35.432+0000] {processor.py:914} INFO - Processing file /home/vscode/.local/lib/python3.10/site-packages/airflow/example_dags/example_sensor_decorator.py for tasks to queue
[2024-09-19T23:23:35.434+0000] {logging_mixin.py:190} INFO - [2024-09-19T23:23:35.433+0000] {dagbag.py:587} INFO - Filling up the DagBag from /home/vscode/.local/lib/python3.10/site-packages/airflow/example_dags/example_sensor_decorator.py
[2024-09-19T23:23:35.440+0000] {processor.py:925} INFO - DAG(s) 'example_sensor_decorator' retrieved from /home/vscode/.local/lib/python3.10/site-packages/airflow/example_dags/example_sensor_decorator.py
[2024-09-19T23:23:35.451+0000] {logging_mixin.py:190} INFO - [2024-09-19T23:23:35.451+0000] {dag.py:3229} INFO - Sync 1 DAGs
[2024-09-19T23:23:35.460+0000] {logging_mixin.py:190} INFO - [2024-09-19T23:23:35.460+0000] {dag.py:4156} INFO - Setting next_dagrun for example_sensor_decorator to None, run_after=None
[2024-09-19T23:23:35.503+0000] {processor.py:208} INFO - Processing /home/vscode/.local/lib/python3.10/site-packages/airflow/example_dags/example_sensor_decorator.py took 0.076 seconds
[2024-09-19T23:24:31.840+0000] {processor.py:186} INFO - Started process (PID=20969) to work on /home/vscode/.local/lib/python3.10/site-packages/airflow/example_dags/example_sensor_decorator.py
[2024-09-19T23:24:31.840+0000] {processor.py:914} INFO - Processing file /home/vscode/.local/lib/python3.10/site-packages/airflow/example_dags/example_sensor_decorator.py for tasks to queue
[2024-09-19T23:24:31.842+0000] {logging_mixin.py:190} INFO - [2024-09-19T23:24:31.842+0000] {dagbag.py:587} INFO - Filling up the DagBag from /home/vscode/.local/lib/python3.10/site-packages/airflow/example_dags/example_sensor_decorator.py
[2024-09-19T23:24:31.848+0000] {processor.py:925} INFO - DAG(s) 'example_sensor_decorator' retrieved from /home/vscode/.local/lib/python3.10/site-packages/airflow/example_dags/example_sensor_decorator.py
[2024-09-19T23:24:31.863+0000] {logging_mixin.py:190} INFO - [2024-09-19T23:24:31.863+0000] {dag.py:3229} INFO - Sync 1 DAGs
[2024-09-19T23:24:31.876+0000] {logging_mixin.py:190} INFO - [2024-09-19T23:24:31.876+0000] {dag.py:4156} INFO - Setting next_dagrun for example_sensor_decorator to None, run_after=None
[2024-09-19T23:24:31.923+0000] {processor.py:208} INFO - Processing /home/vscode/.local/lib/python3.10/site-packages/airflow/example_dags/example_sensor_decorator.py took 0.088 seconds
[2024-09-19T23:25:28.537+0000] {processor.py:186} INFO - Started process (PID=21382) to work on /home/vscode/.local/lib/python3.10/site-packages/airflow/example_dags/example_sensor_decorator.py
[2024-09-19T23:25:28.538+0000] {processor.py:914} INFO - Processing file /home/vscode/.local/lib/python3.10/site-packages/airflow/example_dags/example_sensor_decorator.py for tasks to queue
[2024-09-19T23:25:28.539+0000] {logging_mixin.py:190} INFO - [2024-09-19T23:25:28.539+0000] {dagbag.py:587} INFO - Filling up the DagBag from /home/vscode/.local/lib/python3.10/site-packages/airflow/example_dags/example_sensor_decorator.py
[2024-09-19T23:25:28.546+0000] {processor.py:925} INFO - DAG(s) 'example_sensor_decorator' retrieved from /home/vscode/.local/lib/python3.10/site-packages/airflow/example_dags/example_sensor_decorator.py
[2024-09-19T23:25:28.557+0000] {logging_mixin.py:190} INFO - [2024-09-19T23:25:28.557+0000] {dag.py:3229} INFO - Sync 1 DAGs
[2024-09-19T23:25:28.566+0000] {logging_mixin.py:190} INFO - [2024-09-19T23:25:28.566+0000] {dag.py:4156} INFO - Setting next_dagrun for example_sensor_decorator to None, run_after=None
[2024-09-19T23:25:28.613+0000] {processor.py:208} INFO - Processing /home/vscode/.local/lib/python3.10/site-packages/airflow/example_dags/example_sensor_decorator.py took 0.081 seconds
