[2024-09-19T16:25:50.791+0000] {processor.py:186} INFO - Started process (PID=11940) to work on /home/vscode/.local/lib/python3.10/site-packages/airflow/example_dags/example_display_name.py
[2024-09-19T16:25:50.792+0000] {processor.py:914} INFO - Processing file /home/vscode/.local/lib/python3.10/site-packages/airflow/example_dags/example_display_name.py for tasks to queue
[2024-09-19T16:25:50.793+0000] {logging_mixin.py:190} INFO - [2024-09-19T16:25:50.793+0000] {dagbag.py:587} INFO - Filling up the DagBag from /home/vscode/.local/lib/python3.10/site-packages/airflow/example_dags/example_display_name.py
[2024-09-19T16:25:50.800+0000] {processor.py:925} INFO - DAG(s) 'example_display_name' retrieved from /home/vscode/.local/lib/python3.10/site-packages/airflow/example_dags/example_display_name.py
[2024-09-19T16:25:50.932+0000] {logging_mixin.py:190} INFO - [2024-09-19T16:25:50.931+0000] {override.py:1900} INFO - Created Permission View: can edit on DAG:example_display_name
[2024-09-19T16:25:50.965+0000] {logging_mixin.py:190} INFO - [2024-09-19T16:25:50.964+0000] {override.py:1900} INFO - Created Permission View: can read on DAG:example_display_name
[2024-09-19T16:25:50.994+0000] {logging_mixin.py:190} INFO - [2024-09-19T16:25:50.993+0000] {override.py:1900} INFO - Created Permission View: can delete on DAG:example_display_name
[2024-09-19T16:25:51.053+0000] {logging_mixin.py:190} INFO - [2024-09-19T16:25:51.053+0000] {override.py:1900} INFO - Created Permission View: menu access on DAG Run:example_display_name
[2024-09-19T16:25:51.083+0000] {logging_mixin.py:190} INFO - [2024-09-19T16:25:51.082+0000] {override.py:1900} INFO - Created Permission View: can read on DAG Run:example_display_name
[2024-09-19T16:25:51.114+0000] {logging_mixin.py:190} INFO - [2024-09-19T16:25:51.114+0000] {override.py:1900} INFO - Created Permission View: can create on DAG Run:example_display_name
[2024-09-19T16:25:51.145+0000] {logging_mixin.py:190} INFO - [2024-09-19T16:25:51.144+0000] {override.py:1900} INFO - Created Permission View: can delete on DAG Run:example_display_name
[2024-09-19T16:25:51.145+0000] {logging_mixin.py:190} INFO - [2024-09-19T16:25:51.145+0000] {dag.py:3229} INFO - Sync 1 DAGs
[2024-09-19T16:25:51.157+0000] {logging_mixin.py:190} INFO - [2024-09-19T16:25:51.157+0000] {dag.py:3252} INFO - Creating ORM DAG for example_display_name
[2024-09-19T16:25:51.158+0000] {logging_mixin.py:190} INFO - [2024-09-19T16:25:51.158+0000] {dag.py:4156} INFO - Setting next_dagrun for example_display_name to None, run_after=None
[2024-09-19T16:25:51.200+0000] {processor.py:208} INFO - Processing /home/vscode/.local/lib/python3.10/site-packages/airflow/example_dags/example_display_name.py took 0.414 seconds
[2024-09-19T16:27:02.793+0000] {processor.py:186} INFO - Started process (PID=12422) to work on /home/vscode/.local/lib/python3.10/site-packages/airflow/example_dags/example_display_name.py
[2024-09-19T16:27:02.794+0000] {processor.py:914} INFO - Processing file /home/vscode/.local/lib/python3.10/site-packages/airflow/example_dags/example_display_name.py for tasks to queue
[2024-09-19T16:27:02.796+0000] {logging_mixin.py:190} INFO - [2024-09-19T16:27:02.796+0000] {dagbag.py:587} INFO - Filling up the DagBag from /home/vscode/.local/lib/python3.10/site-packages/airflow/example_dags/example_display_name.py
[2024-09-19T16:27:02.802+0000] {processor.py:925} INFO - DAG(s) 'example_display_name' retrieved from /home/vscode/.local/lib/python3.10/site-packages/airflow/example_dags/example_display_name.py
[2024-09-19T16:27:02.815+0000] {logging_mixin.py:190} INFO - [2024-09-19T16:27:02.815+0000] {dag.py:3229} INFO - Sync 1 DAGs
[2024-09-19T16:27:02.838+0000] {logging_mixin.py:190} INFO - [2024-09-19T16:27:02.838+0000] {dag.py:4156} INFO - Setting next_dagrun for example_display_name to None, run_after=None
[2024-09-19T16:27:02.890+0000] {processor.py:208} INFO - Processing /home/vscode/.local/lib/python3.10/site-packages/airflow/example_dags/example_display_name.py took 0.102 seconds
[2024-09-19T16:27:59.767+0000] {processor.py:186} INFO - Started process (PID=12832) to work on /home/vscode/.local/lib/python3.10/site-packages/airflow/example_dags/example_display_name.py
[2024-09-19T16:27:59.767+0000] {processor.py:914} INFO - Processing file /home/vscode/.local/lib/python3.10/site-packages/airflow/example_dags/example_display_name.py for tasks to queue
[2024-09-19T16:27:59.769+0000] {logging_mixin.py:190} INFO - [2024-09-19T16:27:59.769+0000] {dagbag.py:587} INFO - Filling up the DagBag from /home/vscode/.local/lib/python3.10/site-packages/airflow/example_dags/example_display_name.py
[2024-09-19T16:27:59.775+0000] {processor.py:925} INFO - DAG(s) 'example_display_name' retrieved from /home/vscode/.local/lib/python3.10/site-packages/airflow/example_dags/example_display_name.py
[2024-09-19T16:27:59.786+0000] {logging_mixin.py:190} INFO - [2024-09-19T16:27:59.786+0000] {dag.py:3229} INFO - Sync 1 DAGs
[2024-09-19T16:27:59.796+0000] {logging_mixin.py:190} INFO - [2024-09-19T16:27:59.795+0000] {dag.py:4156} INFO - Setting next_dagrun for example_display_name to None, run_after=None
[2024-09-19T16:27:59.833+0000] {processor.py:208} INFO - Processing /home/vscode/.local/lib/python3.10/site-packages/airflow/example_dags/example_display_name.py took 0.071 seconds
[2024-09-19T16:28:54.400+0000] {processor.py:186} INFO - Started process (PID=13279) to work on /home/vscode/.local/lib/python3.10/site-packages/airflow/example_dags/example_display_name.py
[2024-09-19T16:28:54.401+0000] {processor.py:914} INFO - Processing file /home/vscode/.local/lib/python3.10/site-packages/airflow/example_dags/example_display_name.py for tasks to queue
[2024-09-19T16:28:54.402+0000] {logging_mixin.py:190} INFO - [2024-09-19T16:28:54.402+0000] {dagbag.py:587} INFO - Filling up the DagBag from /home/vscode/.local/lib/python3.10/site-packages/airflow/example_dags/example_display_name.py
[2024-09-19T16:28:54.409+0000] {processor.py:925} INFO - DAG(s) 'example_display_name' retrieved from /home/vscode/.local/lib/python3.10/site-packages/airflow/example_dags/example_display_name.py
[2024-09-19T16:28:54.420+0000] {logging_mixin.py:190} INFO - [2024-09-19T16:28:54.420+0000] {dag.py:3229} INFO - Sync 1 DAGs
[2024-09-19T16:28:54.430+0000] {logging_mixin.py:190} INFO - [2024-09-19T16:28:54.430+0000] {dag.py:4156} INFO - Setting next_dagrun for example_display_name to None, run_after=None
[2024-09-19T16:28:54.467+0000] {processor.py:208} INFO - Processing /home/vscode/.local/lib/python3.10/site-packages/airflow/example_dags/example_display_name.py took 0.072 seconds
[2024-09-19T16:30:09.290+0000] {processor.py:186} INFO - Started process (PID=13889) to work on /home/vscode/.local/lib/python3.10/site-packages/airflow/example_dags/example_display_name.py
[2024-09-19T16:30:09.291+0000] {processor.py:914} INFO - Processing file /home/vscode/.local/lib/python3.10/site-packages/airflow/example_dags/example_display_name.py for tasks to queue
[2024-09-19T16:30:09.292+0000] {logging_mixin.py:190} INFO - [2024-09-19T16:30:09.292+0000] {dagbag.py:587} INFO - Filling up the DagBag from /home/vscode/.local/lib/python3.10/site-packages/airflow/example_dags/example_display_name.py
[2024-09-19T16:30:09.299+0000] {processor.py:925} INFO - DAG(s) 'example_display_name' retrieved from /home/vscode/.local/lib/python3.10/site-packages/airflow/example_dags/example_display_name.py
[2024-09-19T16:30:09.311+0000] {logging_mixin.py:190} INFO - [2024-09-19T16:30:09.311+0000] {dag.py:3229} INFO - Sync 1 DAGs
[2024-09-19T16:30:09.320+0000] {logging_mixin.py:190} INFO - [2024-09-19T16:30:09.320+0000] {dag.py:4156} INFO - Setting next_dagrun for example_display_name to None, run_after=None
[2024-09-19T16:30:09.354+0000] {processor.py:208} INFO - Processing /home/vscode/.local/lib/python3.10/site-packages/airflow/example_dags/example_display_name.py took 0.068 seconds
[2024-09-19T16:31:25.659+0000] {processor.py:186} INFO - Started process (PID=14484) to work on /home/vscode/.local/lib/python3.10/site-packages/airflow/example_dags/example_display_name.py
[2024-09-19T16:31:25.660+0000] {processor.py:914} INFO - Processing file /home/vscode/.local/lib/python3.10/site-packages/airflow/example_dags/example_display_name.py for tasks to queue
[2024-09-19T16:31:25.661+0000] {logging_mixin.py:190} INFO - [2024-09-19T16:31:25.661+0000] {dagbag.py:587} INFO - Filling up the DagBag from /home/vscode/.local/lib/python3.10/site-packages/airflow/example_dags/example_display_name.py
[2024-09-19T16:31:25.667+0000] {processor.py:925} INFO - DAG(s) 'example_display_name' retrieved from /home/vscode/.local/lib/python3.10/site-packages/airflow/example_dags/example_display_name.py
[2024-09-19T16:31:25.680+0000] {logging_mixin.py:190} INFO - [2024-09-19T16:31:25.680+0000] {dag.py:3229} INFO - Sync 1 DAGs
[2024-09-19T16:31:25.693+0000] {logging_mixin.py:190} INFO - [2024-09-19T16:31:25.693+0000] {dag.py:4156} INFO - Setting next_dagrun for example_display_name to None, run_after=None
[2024-09-19T16:31:25.738+0000] {processor.py:208} INFO - Processing /home/vscode/.local/lib/python3.10/site-packages/airflow/example_dags/example_display_name.py took 0.085 seconds
[2024-09-19T16:32:19.524+0000] {processor.py:186} INFO - Started process (PID=15088) to work on /home/vscode/.local/lib/python3.10/site-packages/airflow/example_dags/example_display_name.py
[2024-09-19T16:32:19.525+0000] {processor.py:914} INFO - Processing file /home/vscode/.local/lib/python3.10/site-packages/airflow/example_dags/example_display_name.py for tasks to queue
[2024-09-19T16:32:19.527+0000] {logging_mixin.py:190} INFO - [2024-09-19T16:32:19.526+0000] {dagbag.py:587} INFO - Filling up the DagBag from /home/vscode/.local/lib/python3.10/site-packages/airflow/example_dags/example_display_name.py
[2024-09-19T16:32:19.533+0000] {processor.py:925} INFO - DAG(s) 'example_display_name' retrieved from /home/vscode/.local/lib/python3.10/site-packages/airflow/example_dags/example_display_name.py
[2024-09-19T16:32:19.546+0000] {logging_mixin.py:190} INFO - [2024-09-19T16:32:19.546+0000] {dag.py:3229} INFO - Sync 1 DAGs
[2024-09-19T16:32:19.556+0000] {logging_mixin.py:190} INFO - [2024-09-19T16:32:19.556+0000] {dag.py:4156} INFO - Setting next_dagrun for example_display_name to None, run_after=None
[2024-09-19T16:32:19.590+0000] {processor.py:208} INFO - Processing /home/vscode/.local/lib/python3.10/site-packages/airflow/example_dags/example_display_name.py took 0.071 seconds
[2024-09-19T16:33:12.734+0000] {processor.py:186} INFO - Started process (PID=15453) to work on /home/vscode/.local/lib/python3.10/site-packages/airflow/example_dags/example_display_name.py
[2024-09-19T16:33:12.735+0000] {processor.py:914} INFO - Processing file /home/vscode/.local/lib/python3.10/site-packages/airflow/example_dags/example_display_name.py for tasks to queue
[2024-09-19T16:33:12.737+0000] {logging_mixin.py:190} INFO - [2024-09-19T16:33:12.737+0000] {dagbag.py:587} INFO - Filling up the DagBag from /home/vscode/.local/lib/python3.10/site-packages/airflow/example_dags/example_display_name.py
[2024-09-19T16:33:12.743+0000] {processor.py:925} INFO - DAG(s) 'example_display_name' retrieved from /home/vscode/.local/lib/python3.10/site-packages/airflow/example_dags/example_display_name.py
[2024-09-19T16:33:12.755+0000] {logging_mixin.py:190} INFO - [2024-09-19T16:33:12.755+0000] {dag.py:3229} INFO - Sync 1 DAGs
[2024-09-19T16:33:12.765+0000] {logging_mixin.py:190} INFO - [2024-09-19T16:33:12.765+0000] {dag.py:4156} INFO - Setting next_dagrun for example_display_name to None, run_after=None
[2024-09-19T16:33:12.804+0000] {processor.py:208} INFO - Processing /home/vscode/.local/lib/python3.10/site-packages/airflow/example_dags/example_display_name.py took 0.075 seconds
[2024-09-19T16:34:26.411+0000] {processor.py:186} INFO - Started process (PID=15939) to work on /home/vscode/.local/lib/python3.10/site-packages/airflow/example_dags/example_display_name.py
[2024-09-19T16:34:26.412+0000] {processor.py:914} INFO - Processing file /home/vscode/.local/lib/python3.10/site-packages/airflow/example_dags/example_display_name.py for tasks to queue
[2024-09-19T16:34:26.413+0000] {logging_mixin.py:190} INFO - [2024-09-19T16:34:26.413+0000] {dagbag.py:587} INFO - Filling up the DagBag from /home/vscode/.local/lib/python3.10/site-packages/airflow/example_dags/example_display_name.py
[2024-09-19T16:34:26.420+0000] {processor.py:925} INFO - DAG(s) 'example_display_name' retrieved from /home/vscode/.local/lib/python3.10/site-packages/airflow/example_dags/example_display_name.py
[2024-09-19T16:34:26.432+0000] {logging_mixin.py:190} INFO - [2024-09-19T16:34:26.432+0000] {dag.py:3229} INFO - Sync 1 DAGs
[2024-09-19T16:34:26.443+0000] {logging_mixin.py:190} INFO - [2024-09-19T16:34:26.442+0000] {dag.py:4156} INFO - Setting next_dagrun for example_display_name to None, run_after=None
[2024-09-19T16:34:26.475+0000] {processor.py:208} INFO - Processing /home/vscode/.local/lib/python3.10/site-packages/airflow/example_dags/example_display_name.py took 0.070 seconds
