[2024-09-19T16:26:00.882+0000] {processor.py:186} INFO - Started process (PID=12006) to work on /home/vscode/.local/lib/python3.10/site-packages/airflow/example_dags/example_dataset_alias_with_no_taskflow.py
[2024-09-19T16:26:00.883+0000] {processor.py:914} INFO - Processing file /home/vscode/.local/lib/python3.10/site-packages/airflow/example_dags/example_dataset_alias_with_no_taskflow.py for tasks to queue
[2024-09-19T16:26:00.884+0000] {logging_mixin.py:190} INFO - [2024-09-19T16:26:00.884+0000] {dagbag.py:587} INFO - Filling up the DagBag from /home/vscode/.local/lib/python3.10/site-packages/airflow/example_dags/example_dataset_alias_with_no_taskflow.py
[2024-09-19T16:26:00.898+0000] {processor.py:925} INFO - DAG(s) 'dataset_s3_bucket_consumer_with_no_taskflow', 'dataset_s3_bucket_producer_with_no_taskflow', 'dataset_alias_example_alias_consumer_with_no_taskflow', 'dataset_alias_example_alias_producer_with_no_taskflow' retrieved from /home/vscode/.local/lib/python3.10/site-packages/airflow/example_dags/example_dataset_alias_with_no_taskflow.py
[2024-09-19T16:26:01.018+0000] {logging_mixin.py:190} INFO - [2024-09-19T16:26:01.018+0000] {override.py:1900} INFO - Created Permission View: can edit on DAG:dataset_s3_bucket_consumer_with_no_taskflow
[2024-09-19T16:26:01.045+0000] {logging_mixin.py:190} INFO - [2024-09-19T16:26:01.044+0000] {override.py:1900} INFO - Created Permission View: can read on DAG:dataset_s3_bucket_consumer_with_no_taskflow
[2024-09-19T16:26:01.073+0000] {logging_mixin.py:190} INFO - [2024-09-19T16:26:01.072+0000] {override.py:1900} INFO - Created Permission View: can delete on DAG:dataset_s3_bucket_consumer_with_no_taskflow
[2024-09-19T16:26:01.120+0000] {logging_mixin.py:190} INFO - [2024-09-19T16:26:01.120+0000] {override.py:1900} INFO - Created Permission View: menu access on DAG Run:dataset_s3_bucket_consumer_with_no_taskflow
[2024-09-19T16:26:01.150+0000] {logging_mixin.py:190} INFO - [2024-09-19T16:26:01.150+0000] {override.py:1900} INFO - Created Permission View: can read on DAG Run:dataset_s3_bucket_consumer_with_no_taskflow
[2024-09-19T16:26:01.177+0000] {logging_mixin.py:190} INFO - [2024-09-19T16:26:01.177+0000] {override.py:1900} INFO - Created Permission View: can create on DAG Run:dataset_s3_bucket_consumer_with_no_taskflow
[2024-09-19T16:26:01.238+0000] {logging_mixin.py:190} INFO - [2024-09-19T16:26:01.237+0000] {override.py:1900} INFO - Created Permission View: can delete on DAG Run:dataset_s3_bucket_consumer_with_no_taskflow
[2024-09-19T16:26:01.297+0000] {logging_mixin.py:190} INFO - [2024-09-19T16:26:01.296+0000] {override.py:1900} INFO - Created Permission View: can edit on DAG:dataset_s3_bucket_producer_with_no_taskflow
[2024-09-19T16:26:01.325+0000] {logging_mixin.py:190} INFO - [2024-09-19T16:26:01.324+0000] {override.py:1900} INFO - Created Permission View: can read on DAG:dataset_s3_bucket_producer_with_no_taskflow
[2024-09-19T16:26:01.349+0000] {logging_mixin.py:190} INFO - [2024-09-19T16:26:01.349+0000] {override.py:1900} INFO - Created Permission View: can delete on DAG:dataset_s3_bucket_producer_with_no_taskflow
[2024-09-19T16:26:01.413+0000] {logging_mixin.py:190} INFO - [2024-09-19T16:26:01.413+0000] {override.py:1900} INFO - Created Permission View: menu access on DAG Run:dataset_s3_bucket_producer_with_no_taskflow
[2024-09-19T16:26:01.440+0000] {logging_mixin.py:190} INFO - [2024-09-19T16:26:01.440+0000] {override.py:1900} INFO - Created Permission View: can read on DAG Run:dataset_s3_bucket_producer_with_no_taskflow
[2024-09-19T16:26:01.487+0000] {logging_mixin.py:190} INFO - [2024-09-19T16:26:01.486+0000] {override.py:1900} INFO - Created Permission View: can create on DAG Run:dataset_s3_bucket_producer_with_no_taskflow
[2024-09-19T16:26:01.517+0000] {logging_mixin.py:190} INFO - [2024-09-19T16:26:01.517+0000] {override.py:1900} INFO - Created Permission View: can delete on DAG Run:dataset_s3_bucket_producer_with_no_taskflow
[2024-09-19T16:26:01.644+0000] {logging_mixin.py:190} INFO - [2024-09-19T16:26:01.643+0000] {override.py:1900} INFO - Created Permission View: can edit on DAG:dataset_alias_example_alias_consumer_with_no_taskflow
[2024-09-19T16:26:01.670+0000] {logging_mixin.py:190} INFO - [2024-09-19T16:26:01.670+0000] {override.py:1900} INFO - Created Permission View: can read on DAG:dataset_alias_example_alias_consumer_with_no_taskflow
[2024-09-19T16:26:01.700+0000] {logging_mixin.py:190} INFO - [2024-09-19T16:26:01.699+0000] {override.py:1900} INFO - Created Permission View: can delete on DAG:dataset_alias_example_alias_consumer_with_no_taskflow
[2024-09-19T16:26:01.748+0000] {logging_mixin.py:190} INFO - [2024-09-19T16:26:01.748+0000] {override.py:1900} INFO - Created Permission View: menu access on DAG Run:dataset_alias_example_alias_consumer_with_no_taskflow
[2024-09-19T16:26:01.782+0000] {logging_mixin.py:190} INFO - [2024-09-19T16:26:01.781+0000] {override.py:1900} INFO - Created Permission View: can read on DAG Run:dataset_alias_example_alias_consumer_with_no_taskflow
[2024-09-19T16:26:01.810+0000] {logging_mixin.py:190} INFO - [2024-09-19T16:26:01.810+0000] {override.py:1900} INFO - Created Permission View: can create on DAG Run:dataset_alias_example_alias_consumer_with_no_taskflow
[2024-09-19T16:26:01.834+0000] {logging_mixin.py:190} INFO - [2024-09-19T16:26:01.834+0000] {override.py:1900} INFO - Created Permission View: can delete on DAG Run:dataset_alias_example_alias_consumer_with_no_taskflow
[2024-09-19T16:26:01.886+0000] {logging_mixin.py:190} INFO - [2024-09-19T16:26:01.885+0000] {override.py:1900} INFO - Created Permission View: can edit on DAG:dataset_alias_example_alias_producer_with_no_taskflow
[2024-09-19T16:26:01.914+0000] {logging_mixin.py:190} INFO - [2024-09-19T16:26:01.913+0000] {override.py:1900} INFO - Created Permission View: can read on DAG:dataset_alias_example_alias_producer_with_no_taskflow
[2024-09-19T16:26:01.938+0000] {logging_mixin.py:190} INFO - [2024-09-19T16:26:01.937+0000] {override.py:1900} INFO - Created Permission View: can delete on DAG:dataset_alias_example_alias_producer_with_no_taskflow
[2024-09-19T16:26:01.990+0000] {logging_mixin.py:190} INFO - [2024-09-19T16:26:01.989+0000] {override.py:1900} INFO - Created Permission View: menu access on DAG Run:dataset_alias_example_alias_producer_with_no_taskflow
[2024-09-19T16:26:02.027+0000] {logging_mixin.py:190} INFO - [2024-09-19T16:26:02.026+0000] {override.py:1900} INFO - Created Permission View: can read on DAG Run:dataset_alias_example_alias_producer_with_no_taskflow
[2024-09-19T16:26:02.072+0000] {logging_mixin.py:190} INFO - [2024-09-19T16:26:02.071+0000] {override.py:1900} INFO - Created Permission View: can create on DAG Run:dataset_alias_example_alias_producer_with_no_taskflow
[2024-09-19T16:26:02.109+0000] {logging_mixin.py:190} INFO - [2024-09-19T16:26:02.108+0000] {override.py:1900} INFO - Created Permission View: can delete on DAG Run:dataset_alias_example_alias_producer_with_no_taskflow
[2024-09-19T16:26:02.109+0000] {logging_mixin.py:190} INFO - [2024-09-19T16:26:02.109+0000] {dag.py:3229} INFO - Sync 4 DAGs
[2024-09-19T16:26:02.120+0000] {logging_mixin.py:190} INFO - [2024-09-19T16:26:02.119+0000] {dag.py:3252} INFO - Creating ORM DAG for dataset_s3_bucket_consumer_with_no_taskflow
[2024-09-19T16:26:02.120+0000] {logging_mixin.py:190} INFO - [2024-09-19T16:26:02.120+0000] {dag.py:3252} INFO - Creating ORM DAG for dataset_alias_example_alias_consumer_with_no_taskflow
[2024-09-19T16:26:02.121+0000] {logging_mixin.py:190} INFO - [2024-09-19T16:26:02.121+0000] {dag.py:3252} INFO - Creating ORM DAG for dataset_alias_example_alias_producer_with_no_taskflow
[2024-09-19T16:26:02.121+0000] {logging_mixin.py:190} INFO - [2024-09-19T16:26:02.121+0000] {dag.py:3252} INFO - Creating ORM DAG for dataset_s3_bucket_producer_with_no_taskflow
[2024-09-19T16:26:02.130+0000] {logging_mixin.py:190} INFO - [2024-09-19T16:26:02.130+0000] {dag.py:4156} INFO - Setting next_dagrun for dataset_alias_example_alias_consumer_with_no_taskflow to None, run_after=None
[2024-09-19T16:26:02.131+0000] {logging_mixin.py:190} INFO - [2024-09-19T16:26:02.130+0000] {dag.py:4156} INFO - Setting next_dagrun for dataset_alias_example_alias_producer_with_no_taskflow to None, run_after=None
[2024-09-19T16:26:02.131+0000] {logging_mixin.py:190} INFO - [2024-09-19T16:26:02.131+0000] {dag.py:4156} INFO - Setting next_dagrun for dataset_s3_bucket_consumer_with_no_taskflow to None, run_after=None
[2024-09-19T16:26:02.132+0000] {logging_mixin.py:190} INFO - [2024-09-19T16:26:02.132+0000] {dag.py:4156} INFO - Setting next_dagrun for dataset_s3_bucket_producer_with_no_taskflow to None, run_after=None
[2024-09-19T16:26:02.188+0000] {processor.py:208} INFO - Processing /home/vscode/.local/lib/python3.10/site-packages/airflow/example_dags/example_dataset_alias_with_no_taskflow.py took 1.311 seconds
[2024-09-19T16:27:09.076+0000] {processor.py:186} INFO - Started process (PID=12466) to work on /home/vscode/.local/lib/python3.10/site-packages/airflow/example_dags/example_dataset_alias_with_no_taskflow.py
[2024-09-19T16:27:09.077+0000] {processor.py:914} INFO - Processing file /home/vscode/.local/lib/python3.10/site-packages/airflow/example_dags/example_dataset_alias_with_no_taskflow.py for tasks to queue
[2024-09-19T16:27:09.078+0000] {logging_mixin.py:190} INFO - [2024-09-19T16:27:09.078+0000] {dagbag.py:587} INFO - Filling up the DagBag from /home/vscode/.local/lib/python3.10/site-packages/airflow/example_dags/example_dataset_alias_with_no_taskflow.py
[2024-09-19T16:27:09.096+0000] {processor.py:925} INFO - DAG(s) 'dataset_s3_bucket_producer_with_no_taskflow', 'dataset_alias_example_alias_consumer_with_no_taskflow', 'dataset_s3_bucket_consumer_with_no_taskflow', 'dataset_alias_example_alias_producer_with_no_taskflow' retrieved from /home/vscode/.local/lib/python3.10/site-packages/airflow/example_dags/example_dataset_alias_with_no_taskflow.py
[2024-09-19T16:27:09.112+0000] {logging_mixin.py:190} INFO - [2024-09-19T16:27:09.111+0000] {dag.py:3229} INFO - Sync 4 DAGs
[2024-09-19T16:27:09.128+0000] {logging_mixin.py:190} INFO - [2024-09-19T16:27:09.127+0000] {dag.py:4156} INFO - Setting next_dagrun for dataset_alias_example_alias_consumer_with_no_taskflow to None, run_after=None
[2024-09-19T16:27:09.129+0000] {logging_mixin.py:190} INFO - [2024-09-19T16:27:09.129+0000] {dag.py:4156} INFO - Setting next_dagrun for dataset_alias_example_alias_producer_with_no_taskflow to None, run_after=None
[2024-09-19T16:27:09.130+0000] {logging_mixin.py:190} INFO - [2024-09-19T16:27:09.130+0000] {dag.py:4156} INFO - Setting next_dagrun for dataset_s3_bucket_consumer_with_no_taskflow to None, run_after=None
[2024-09-19T16:27:09.131+0000] {logging_mixin.py:190} INFO - [2024-09-19T16:27:09.131+0000] {dag.py:4156} INFO - Setting next_dagrun for dataset_s3_bucket_producer_with_no_taskflow to None, run_after=None
[2024-09-19T16:27:09.186+0000] {processor.py:208} INFO - Processing /home/vscode/.local/lib/python3.10/site-packages/airflow/example_dags/example_dataset_alias_with_no_taskflow.py took 0.115 seconds
[2024-09-19T16:28:30.081+0000] {processor.py:186} INFO - Started process (PID=13037) to work on /home/vscode/.local/lib/python3.10/site-packages/airflow/example_dags/example_dataset_alias_with_no_taskflow.py
[2024-09-19T16:28:30.082+0000] {processor.py:914} INFO - Processing file /home/vscode/.local/lib/python3.10/site-packages/airflow/example_dags/example_dataset_alias_with_no_taskflow.py for tasks to queue
[2024-09-19T16:28:30.084+0000] {logging_mixin.py:190} INFO - [2024-09-19T16:28:30.083+0000] {dagbag.py:587} INFO - Filling up the DagBag from /home/vscode/.local/lib/python3.10/site-packages/airflow/example_dags/example_dataset_alias_with_no_taskflow.py
[2024-09-19T16:28:30.101+0000] {processor.py:925} INFO - DAG(s) 'dataset_s3_bucket_consumer_with_no_taskflow', 'dataset_s3_bucket_producer_with_no_taskflow', 'dataset_alias_example_alias_consumer_with_no_taskflow', 'dataset_alias_example_alias_producer_with_no_taskflow' retrieved from /home/vscode/.local/lib/python3.10/site-packages/airflow/example_dags/example_dataset_alias_with_no_taskflow.py
[2024-09-19T16:28:30.117+0000] {logging_mixin.py:190} INFO - [2024-09-19T16:28:30.117+0000] {dag.py:3229} INFO - Sync 4 DAGs
[2024-09-19T16:28:30.133+0000] {logging_mixin.py:190} INFO - [2024-09-19T16:28:30.133+0000] {dag.py:4156} INFO - Setting next_dagrun for dataset_alias_example_alias_consumer_with_no_taskflow to None, run_after=None
[2024-09-19T16:28:30.135+0000] {logging_mixin.py:190} INFO - [2024-09-19T16:28:30.135+0000] {dag.py:4156} INFO - Setting next_dagrun for dataset_alias_example_alias_producer_with_no_taskflow to None, run_after=None
[2024-09-19T16:28:30.136+0000] {logging_mixin.py:190} INFO - [2024-09-19T16:28:30.136+0000] {dag.py:4156} INFO - Setting next_dagrun for dataset_s3_bucket_consumer_with_no_taskflow to None, run_after=None
[2024-09-19T16:28:30.137+0000] {logging_mixin.py:190} INFO - [2024-09-19T16:28:30.136+0000] {dag.py:4156} INFO - Setting next_dagrun for dataset_s3_bucket_producer_with_no_taskflow to None, run_after=None
[2024-09-19T16:28:30.171+0000] {processor.py:208} INFO - Processing /home/vscode/.local/lib/python3.10/site-packages/airflow/example_dags/example_dataset_alias_with_no_taskflow.py took 0.095 seconds
[2024-09-19T16:29:45.781+0000] {processor.py:186} INFO - Started process (PID=13733) to work on /home/vscode/.local/lib/python3.10/site-packages/airflow/example_dags/example_dataset_alias_with_no_taskflow.py
[2024-09-19T16:29:45.782+0000] {processor.py:914} INFO - Processing file /home/vscode/.local/lib/python3.10/site-packages/airflow/example_dags/example_dataset_alias_with_no_taskflow.py for tasks to queue
[2024-09-19T16:29:45.784+0000] {logging_mixin.py:190} INFO - [2024-09-19T16:29:45.784+0000] {dagbag.py:587} INFO - Filling up the DagBag from /home/vscode/.local/lib/python3.10/site-packages/airflow/example_dags/example_dataset_alias_with_no_taskflow.py
[2024-09-19T16:29:45.807+0000] {processor.py:925} INFO - DAG(s) 'dataset_alias_example_alias_producer_with_no_taskflow', 'dataset_alias_example_alias_consumer_with_no_taskflow', 'dataset_s3_bucket_producer_with_no_taskflow', 'dataset_s3_bucket_consumer_with_no_taskflow' retrieved from /home/vscode/.local/lib/python3.10/site-packages/airflow/example_dags/example_dataset_alias_with_no_taskflow.py
[2024-09-19T16:29:45.824+0000] {logging_mixin.py:190} INFO - [2024-09-19T16:29:45.824+0000] {dag.py:3229} INFO - Sync 4 DAGs
[2024-09-19T16:29:45.840+0000] {logging_mixin.py:190} INFO - [2024-09-19T16:29:45.839+0000] {dag.py:4156} INFO - Setting next_dagrun for dataset_alias_example_alias_consumer_with_no_taskflow to None, run_after=None
[2024-09-19T16:29:45.842+0000] {logging_mixin.py:190} INFO - [2024-09-19T16:29:45.841+0000] {dag.py:4156} INFO - Setting next_dagrun for dataset_alias_example_alias_producer_with_no_taskflow to None, run_after=None
[2024-09-19T16:29:45.843+0000] {logging_mixin.py:190} INFO - [2024-09-19T16:29:45.843+0000] {dag.py:4156} INFO - Setting next_dagrun for dataset_s3_bucket_consumer_with_no_taskflow to None, run_after=None
[2024-09-19T16:29:45.844+0000] {logging_mixin.py:190} INFO - [2024-09-19T16:29:45.843+0000] {dag.py:4156} INFO - Setting next_dagrun for dataset_s3_bucket_producer_with_no_taskflow to None, run_after=None
[2024-09-19T16:29:45.891+0000] {processor.py:208} INFO - Processing /home/vscode/.local/lib/python3.10/site-packages/airflow/example_dags/example_dataset_alias_with_no_taskflow.py took 0.117 seconds
[2024-09-19T16:31:01.022+0000] {processor.py:186} INFO - Started process (PID=14244) to work on /home/vscode/.local/lib/python3.10/site-packages/airflow/example_dags/example_dataset_alias_with_no_taskflow.py
[2024-09-19T16:31:01.023+0000] {processor.py:914} INFO - Processing file /home/vscode/.local/lib/python3.10/site-packages/airflow/example_dags/example_dataset_alias_with_no_taskflow.py for tasks to queue
[2024-09-19T16:31:01.025+0000] {logging_mixin.py:190} INFO - [2024-09-19T16:31:01.024+0000] {dagbag.py:587} INFO - Filling up the DagBag from /home/vscode/.local/lib/python3.10/site-packages/airflow/example_dags/example_dataset_alias_with_no_taskflow.py
[2024-09-19T16:31:01.042+0000] {processor.py:925} INFO - DAG(s) 'dataset_s3_bucket_consumer_with_no_taskflow', 'dataset_alias_example_alias_consumer_with_no_taskflow', 'dataset_alias_example_alias_producer_with_no_taskflow', 'dataset_s3_bucket_producer_with_no_taskflow' retrieved from /home/vscode/.local/lib/python3.10/site-packages/airflow/example_dags/example_dataset_alias_with_no_taskflow.py
[2024-09-19T16:31:01.058+0000] {logging_mixin.py:190} INFO - [2024-09-19T16:31:01.058+0000] {dag.py:3229} INFO - Sync 4 DAGs
[2024-09-19T16:31:01.073+0000] {logging_mixin.py:190} INFO - [2024-09-19T16:31:01.073+0000] {dag.py:4156} INFO - Setting next_dagrun for dataset_alias_example_alias_consumer_with_no_taskflow to None, run_after=None
[2024-09-19T16:31:01.075+0000] {logging_mixin.py:190} INFO - [2024-09-19T16:31:01.075+0000] {dag.py:4156} INFO - Setting next_dagrun for dataset_alias_example_alias_producer_with_no_taskflow to None, run_after=None
[2024-09-19T16:31:01.076+0000] {logging_mixin.py:190} INFO - [2024-09-19T16:31:01.076+0000] {dag.py:4156} INFO - Setting next_dagrun for dataset_s3_bucket_consumer_with_no_taskflow to None, run_after=None
[2024-09-19T16:31:01.077+0000] {logging_mixin.py:190} INFO - [2024-09-19T16:31:01.077+0000] {dag.py:4156} INFO - Setting next_dagrun for dataset_s3_bucket_producer_with_no_taskflow to None, run_after=None
[2024-09-19T16:31:01.147+0000] {processor.py:208} INFO - Processing /home/vscode/.local/lib/python3.10/site-packages/airflow/example_dags/example_dataset_alias_with_no_taskflow.py took 0.130 seconds
[2024-09-19T16:32:21.085+0000] {processor.py:186} INFO - Started process (PID=15098) to work on /home/vscode/.local/lib/python3.10/site-packages/airflow/example_dags/example_dataset_alias_with_no_taskflow.py
[2024-09-19T16:32:21.087+0000] {processor.py:914} INFO - Processing file /home/vscode/.local/lib/python3.10/site-packages/airflow/example_dags/example_dataset_alias_with_no_taskflow.py for tasks to queue
[2024-09-19T16:32:21.089+0000] {logging_mixin.py:190} INFO - [2024-09-19T16:32:21.089+0000] {dagbag.py:587} INFO - Filling up the DagBag from /home/vscode/.local/lib/python3.10/site-packages/airflow/example_dags/example_dataset_alias_with_no_taskflow.py
[2024-09-19T16:32:21.115+0000] {processor.py:925} INFO - DAG(s) 'dataset_alias_example_alias_producer_with_no_taskflow', 'dataset_s3_bucket_consumer_with_no_taskflow', 'dataset_s3_bucket_producer_with_no_taskflow', 'dataset_alias_example_alias_consumer_with_no_taskflow' retrieved from /home/vscode/.local/lib/python3.10/site-packages/airflow/example_dags/example_dataset_alias_with_no_taskflow.py
[2024-09-19T16:32:21.137+0000] {logging_mixin.py:190} INFO - [2024-09-19T16:32:21.137+0000] {dag.py:3229} INFO - Sync 4 DAGs
[2024-09-19T16:32:21.172+0000] {logging_mixin.py:190} INFO - [2024-09-19T16:32:21.171+0000] {dag.py:4156} INFO - Setting next_dagrun for dataset_alias_example_alias_consumer_with_no_taskflow to None, run_after=None
[2024-09-19T16:32:21.209+0000] {logging_mixin.py:190} INFO - [2024-09-19T16:32:21.209+0000] {dag.py:4156} INFO - Setting next_dagrun for dataset_alias_example_alias_producer_with_no_taskflow to None, run_after=None
[2024-09-19T16:32:21.267+0000] {logging_mixin.py:190} INFO - [2024-09-19T16:32:21.267+0000] {dag.py:4156} INFO - Setting next_dagrun for dataset_s3_bucket_consumer_with_no_taskflow to None, run_after=None
[2024-09-19T16:32:21.268+0000] {logging_mixin.py:190} INFO - [2024-09-19T16:32:21.268+0000] {dag.py:4156} INFO - Setting next_dagrun for dataset_s3_bucket_producer_with_no_taskflow to None, run_after=None
[2024-09-19T16:32:21.308+0000] {processor.py:208} INFO - Processing /home/vscode/.local/lib/python3.10/site-packages/airflow/example_dags/example_dataset_alias_with_no_taskflow.py took 0.230 seconds
[2024-09-19T16:33:37.372+0000] {processor.py:186} INFO - Started process (PID=15611) to work on /home/vscode/.local/lib/python3.10/site-packages/airflow/example_dags/example_dataset_alias_with_no_taskflow.py
[2024-09-19T16:33:37.372+0000] {processor.py:914} INFO - Processing file /home/vscode/.local/lib/python3.10/site-packages/airflow/example_dags/example_dataset_alias_with_no_taskflow.py for tasks to queue
[2024-09-19T16:33:37.374+0000] {logging_mixin.py:190} INFO - [2024-09-19T16:33:37.374+0000] {dagbag.py:587} INFO - Filling up the DagBag from /home/vscode/.local/lib/python3.10/site-packages/airflow/example_dags/example_dataset_alias_with_no_taskflow.py
[2024-09-19T16:33:37.393+0000] {processor.py:925} INFO - DAG(s) 'dataset_alias_example_alias_producer_with_no_taskflow', 'dataset_alias_example_alias_consumer_with_no_taskflow', 'dataset_s3_bucket_consumer_with_no_taskflow', 'dataset_s3_bucket_producer_with_no_taskflow' retrieved from /home/vscode/.local/lib/python3.10/site-packages/airflow/example_dags/example_dataset_alias_with_no_taskflow.py
[2024-09-19T16:33:37.410+0000] {logging_mixin.py:190} INFO - [2024-09-19T16:33:37.409+0000] {dag.py:3229} INFO - Sync 4 DAGs
[2024-09-19T16:33:37.426+0000] {logging_mixin.py:190} INFO - [2024-09-19T16:33:37.425+0000] {dag.py:4156} INFO - Setting next_dagrun for dataset_alias_example_alias_consumer_with_no_taskflow to None, run_after=None
[2024-09-19T16:33:37.427+0000] {logging_mixin.py:190} INFO - [2024-09-19T16:33:37.427+0000] {dag.py:4156} INFO - Setting next_dagrun for dataset_alias_example_alias_producer_with_no_taskflow to None, run_after=None
[2024-09-19T16:33:37.428+0000] {logging_mixin.py:190} INFO - [2024-09-19T16:33:37.428+0000] {dag.py:4156} INFO - Setting next_dagrun for dataset_s3_bucket_consumer_with_no_taskflow to None, run_after=None
[2024-09-19T16:33:37.429+0000] {logging_mixin.py:190} INFO - [2024-09-19T16:33:37.429+0000] {dag.py:4156} INFO - Setting next_dagrun for dataset_s3_bucket_producer_with_no_taskflow to None, run_after=None
[2024-09-19T16:33:37.482+0000] {processor.py:208} INFO - Processing /home/vscode/.local/lib/python3.10/site-packages/airflow/example_dags/example_dataset_alias_with_no_taskflow.py took 0.115 seconds
[2024-09-19T16:34:51.396+0000] {processor.py:186} INFO - Started process (PID=16113) to work on /home/vscode/.local/lib/python3.10/site-packages/airflow/example_dags/example_dataset_alias_with_no_taskflow.py
[2024-09-19T16:34:51.396+0000] {processor.py:914} INFO - Processing file /home/vscode/.local/lib/python3.10/site-packages/airflow/example_dags/example_dataset_alias_with_no_taskflow.py for tasks to queue
[2024-09-19T16:34:51.398+0000] {logging_mixin.py:190} INFO - [2024-09-19T16:34:51.398+0000] {dagbag.py:587} INFO - Filling up the DagBag from /home/vscode/.local/lib/python3.10/site-packages/airflow/example_dags/example_dataset_alias_with_no_taskflow.py
[2024-09-19T16:34:51.417+0000] {processor.py:925} INFO - DAG(s) 'dataset_s3_bucket_consumer_with_no_taskflow', 'dataset_s3_bucket_producer_with_no_taskflow', 'dataset_alias_example_alias_producer_with_no_taskflow', 'dataset_alias_example_alias_consumer_with_no_taskflow' retrieved from /home/vscode/.local/lib/python3.10/site-packages/airflow/example_dags/example_dataset_alias_with_no_taskflow.py
[2024-09-19T16:34:51.433+0000] {logging_mixin.py:190} INFO - [2024-09-19T16:34:51.432+0000] {dag.py:3229} INFO - Sync 4 DAGs
[2024-09-19T16:34:51.448+0000] {logging_mixin.py:190} INFO - [2024-09-19T16:34:51.447+0000] {dag.py:4156} INFO - Setting next_dagrun for dataset_alias_example_alias_consumer_with_no_taskflow to None, run_after=None
[2024-09-19T16:34:51.449+0000] {logging_mixin.py:190} INFO - [2024-09-19T16:34:51.449+0000] {dag.py:4156} INFO - Setting next_dagrun for dataset_alias_example_alias_producer_with_no_taskflow to None, run_after=None
[2024-09-19T16:34:51.450+0000] {logging_mixin.py:190} INFO - [2024-09-19T16:34:51.450+0000] {dag.py:4156} INFO - Setting next_dagrun for dataset_s3_bucket_consumer_with_no_taskflow to None, run_after=None
[2024-09-19T16:34:51.451+0000] {logging_mixin.py:190} INFO - [2024-09-19T16:34:51.451+0000] {dag.py:4156} INFO - Setting next_dagrun for dataset_s3_bucket_producer_with_no_taskflow to None, run_after=None
[2024-09-19T16:34:51.500+0000] {processor.py:208} INFO - Processing /home/vscode/.local/lib/python3.10/site-packages/airflow/example_dags/example_dataset_alias_with_no_taskflow.py took 0.109 seconds
