[2024-09-19T16:24:50.661+0000] {processor.py:186} INFO - Started process (PID=11540) to work on /home/vscode/.local/lib/python3.10/site-packages/airflow/example_dags/example_trigger_target_dag.py
[2024-09-19T16:24:50.662+0000] {processor.py:914} INFO - Processing file /home/vscode/.local/lib/python3.10/site-packages/airflow/example_dags/example_trigger_target_dag.py for tasks to queue
[2024-09-19T16:24:50.664+0000] {logging_mixin.py:190} INFO - [2024-09-19T16:24:50.663+0000] {dagbag.py:587} INFO - Filling up the DagBag from /home/vscode/.local/lib/python3.10/site-packages/airflow/example_dags/example_trigger_target_dag.py
[2024-09-19T16:24:50.670+0000] {processor.py:925} INFO - DAG(s) 'example_trigger_target_dag' retrieved from /home/vscode/.local/lib/python3.10/site-packages/airflow/example_dags/example_trigger_target_dag.py
[2024-09-19T16:24:50.807+0000] {logging_mixin.py:190} INFO - [2024-09-19T16:24:50.807+0000] {override.py:1900} INFO - Created Permission View: can edit on DAG:example_trigger_target_dag
[2024-09-19T16:24:50.838+0000] {logging_mixin.py:190} INFO - [2024-09-19T16:24:50.837+0000] {override.py:1900} INFO - Created Permission View: can read on DAG:example_trigger_target_dag
[2024-09-19T16:24:50.865+0000] {logging_mixin.py:190} INFO - [2024-09-19T16:24:50.865+0000] {override.py:1900} INFO - Created Permission View: can delete on DAG:example_trigger_target_dag
[2024-09-19T16:24:50.918+0000] {logging_mixin.py:190} INFO - [2024-09-19T16:24:50.917+0000] {override.py:1900} INFO - Created Permission View: menu access on DAG Run:example_trigger_target_dag
[2024-09-19T16:24:50.944+0000] {logging_mixin.py:190} INFO - [2024-09-19T16:24:50.944+0000] {override.py:1900} INFO - Created Permission View: can read on DAG Run:example_trigger_target_dag
[2024-09-19T16:24:50.973+0000] {logging_mixin.py:190} INFO - [2024-09-19T16:24:50.973+0000] {override.py:1900} INFO - Created Permission View: can create on DAG Run:example_trigger_target_dag
[2024-09-19T16:24:51.008+0000] {logging_mixin.py:190} INFO - [2024-09-19T16:24:51.008+0000] {override.py:1900} INFO - Created Permission View: can delete on DAG Run:example_trigger_target_dag
[2024-09-19T16:24:51.009+0000] {logging_mixin.py:190} INFO - [2024-09-19T16:24:51.009+0000] {dag.py:3229} INFO - Sync 1 DAGs
[2024-09-19T16:24:51.019+0000] {logging_mixin.py:190} INFO - [2024-09-19T16:24:51.019+0000] {dag.py:3252} INFO - Creating ORM DAG for example_trigger_target_dag
[2024-09-19T16:24:51.019+0000] {logging_mixin.py:190} INFO - [2024-09-19T16:24:51.019+0000] {dag.py:4156} INFO - Setting next_dagrun for example_trigger_target_dag to None, run_after=None
[2024-09-19T16:24:51.059+0000] {processor.py:208} INFO - Processing /home/vscode/.local/lib/python3.10/site-packages/airflow/example_dags/example_trigger_target_dag.py took 0.403 seconds
[2024-09-19T16:26:11.757+0000] {processor.py:186} INFO - Started process (PID=12073) to work on /home/vscode/.local/lib/python3.10/site-packages/airflow/example_dags/example_trigger_target_dag.py
[2024-09-19T16:26:11.757+0000] {processor.py:914} INFO - Processing file /home/vscode/.local/lib/python3.10/site-packages/airflow/example_dags/example_trigger_target_dag.py for tasks to queue
[2024-09-19T16:26:11.759+0000] {logging_mixin.py:190} INFO - [2024-09-19T16:26:11.759+0000] {dagbag.py:587} INFO - Filling up the DagBag from /home/vscode/.local/lib/python3.10/site-packages/airflow/example_dags/example_trigger_target_dag.py
[2024-09-19T16:26:11.765+0000] {processor.py:925} INFO - DAG(s) 'example_trigger_target_dag' retrieved from /home/vscode/.local/lib/python3.10/site-packages/airflow/example_dags/example_trigger_target_dag.py
[2024-09-19T16:26:11.777+0000] {logging_mixin.py:190} INFO - [2024-09-19T16:26:11.776+0000] {dag.py:3229} INFO - Sync 1 DAGs
[2024-09-19T16:26:11.786+0000] {logging_mixin.py:190} INFO - [2024-09-19T16:26:11.786+0000] {dag.py:4156} INFO - Setting next_dagrun for example_trigger_target_dag to None, run_after=None
[2024-09-19T16:26:11.823+0000] {processor.py:208} INFO - Processing /home/vscode/.local/lib/python3.10/site-packages/airflow/example_dags/example_trigger_target_dag.py took 0.071 seconds
[2024-09-19T16:26:49.065+0000] {processor.py:186} INFO - Started process (PID=12328) to work on /home/vscode/.local/lib/python3.10/site-packages/airflow/example_dags/example_trigger_target_dag.py
[2024-09-19T16:26:49.066+0000] {processor.py:914} INFO - Processing file /home/vscode/.local/lib/python3.10/site-packages/airflow/example_dags/example_trigger_target_dag.py for tasks to queue
[2024-09-19T16:26:49.067+0000] {logging_mixin.py:190} INFO - [2024-09-19T16:26:49.067+0000] {dagbag.py:587} INFO - Filling up the DagBag from /home/vscode/.local/lib/python3.10/site-packages/airflow/example_dags/example_trigger_target_dag.py
[2024-09-19T16:26:49.073+0000] {processor.py:925} INFO - DAG(s) 'example_trigger_target_dag' retrieved from /home/vscode/.local/lib/python3.10/site-packages/airflow/example_dags/example_trigger_target_dag.py
[2024-09-19T16:26:49.085+0000] {logging_mixin.py:190} INFO - [2024-09-19T16:26:49.085+0000] {dag.py:3229} INFO - Sync 1 DAGs
[2024-09-19T16:26:49.095+0000] {logging_mixin.py:190} INFO - [2024-09-19T16:26:49.095+0000] {dag.py:4156} INFO - Setting next_dagrun for example_trigger_target_dag to None, run_after=None
[2024-09-19T16:26:49.149+0000] {processor.py:208} INFO - Processing /home/vscode/.local/lib/python3.10/site-packages/airflow/example_dags/example_trigger_target_dag.py took 0.089 seconds
[2024-09-19T16:27:41.886+0000] {processor.py:186} INFO - Started process (PID=12710) to work on /home/vscode/.local/lib/python3.10/site-packages/airflow/example_dags/example_trigger_target_dag.py
[2024-09-19T16:27:41.887+0000] {processor.py:914} INFO - Processing file /home/vscode/.local/lib/python3.10/site-packages/airflow/example_dags/example_trigger_target_dag.py for tasks to queue
[2024-09-19T16:27:41.889+0000] {logging_mixin.py:190} INFO - [2024-09-19T16:27:41.888+0000] {dagbag.py:587} INFO - Filling up the DagBag from /home/vscode/.local/lib/python3.10/site-packages/airflow/example_dags/example_trigger_target_dag.py
[2024-09-19T16:27:41.895+0000] {processor.py:925} INFO - DAG(s) 'example_trigger_target_dag' retrieved from /home/vscode/.local/lib/python3.10/site-packages/airflow/example_dags/example_trigger_target_dag.py
[2024-09-19T16:27:41.906+0000] {logging_mixin.py:190} INFO - [2024-09-19T16:27:41.906+0000] {dag.py:3229} INFO - Sync 1 DAGs
[2024-09-19T16:27:41.916+0000] {logging_mixin.py:190} INFO - [2024-09-19T16:27:41.916+0000] {dag.py:4156} INFO - Setting next_dagrun for example_trigger_target_dag to None, run_after=None
[2024-09-19T16:27:41.954+0000] {processor.py:208} INFO - Processing /home/vscode/.local/lib/python3.10/site-packages/airflow/example_dags/example_trigger_target_dag.py took 0.072 seconds
[2024-09-19T16:28:36.122+0000] {processor.py:186} INFO - Started process (PID=13075) to work on /home/vscode/.local/lib/python3.10/site-packages/airflow/example_dags/example_trigger_target_dag.py
[2024-09-19T16:28:36.123+0000] {processor.py:914} INFO - Processing file /home/vscode/.local/lib/python3.10/site-packages/airflow/example_dags/example_trigger_target_dag.py for tasks to queue
[2024-09-19T16:28:36.125+0000] {logging_mixin.py:190} INFO - [2024-09-19T16:28:36.124+0000] {dagbag.py:587} INFO - Filling up the DagBag from /home/vscode/.local/lib/python3.10/site-packages/airflow/example_dags/example_trigger_target_dag.py
[2024-09-19T16:28:36.131+0000] {processor.py:925} INFO - DAG(s) 'example_trigger_target_dag' retrieved from /home/vscode/.local/lib/python3.10/site-packages/airflow/example_dags/example_trigger_target_dag.py
[2024-09-19T16:28:36.142+0000] {logging_mixin.py:190} INFO - [2024-09-19T16:28:36.142+0000] {dag.py:3229} INFO - Sync 1 DAGs
[2024-09-19T16:28:36.151+0000] {logging_mixin.py:190} INFO - [2024-09-19T16:28:36.151+0000] {dag.py:4156} INFO - Setting next_dagrun for example_trigger_target_dag to None, run_after=None
[2024-09-19T16:28:36.193+0000] {processor.py:208} INFO - Processing /home/vscode/.local/lib/python3.10/site-packages/airflow/example_dags/example_trigger_target_dag.py took 0.075 seconds
[2024-09-19T16:29:25.408+0000] {processor.py:186} INFO - Started process (PID=13593) to work on /home/vscode/.local/lib/python3.10/site-packages/airflow/example_dags/example_trigger_target_dag.py
[2024-09-19T16:29:25.409+0000] {processor.py:914} INFO - Processing file /home/vscode/.local/lib/python3.10/site-packages/airflow/example_dags/example_trigger_target_dag.py for tasks to queue
[2024-09-19T16:29:25.410+0000] {logging_mixin.py:190} INFO - [2024-09-19T16:29:25.410+0000] {dagbag.py:587} INFO - Filling up the DagBag from /home/vscode/.local/lib/python3.10/site-packages/airflow/example_dags/example_trigger_target_dag.py
[2024-09-19T16:29:25.417+0000] {processor.py:925} INFO - DAG(s) 'example_trigger_target_dag' retrieved from /home/vscode/.local/lib/python3.10/site-packages/airflow/example_dags/example_trigger_target_dag.py
[2024-09-19T16:29:25.428+0000] {logging_mixin.py:190} INFO - [2024-09-19T16:29:25.428+0000] {dag.py:3229} INFO - Sync 1 DAGs
[2024-09-19T16:29:25.438+0000] {logging_mixin.py:190} INFO - [2024-09-19T16:29:25.438+0000] {dag.py:4156} INFO - Setting next_dagrun for example_trigger_target_dag to None, run_after=None
[2024-09-19T16:29:25.469+0000] {processor.py:208} INFO - Processing /home/vscode/.local/lib/python3.10/site-packages/airflow/example_dags/example_trigger_target_dag.py took 0.066 seconds
[2024-09-19T16:30:16.063+0000] {processor.py:186} INFO - Started process (PID=13933) to work on /home/vscode/.local/lib/python3.10/site-packages/airflow/example_dags/example_trigger_target_dag.py
[2024-09-19T16:30:16.063+0000] {processor.py:914} INFO - Processing file /home/vscode/.local/lib/python3.10/site-packages/airflow/example_dags/example_trigger_target_dag.py for tasks to queue
[2024-09-19T16:30:16.065+0000] {logging_mixin.py:190} INFO - [2024-09-19T16:30:16.065+0000] {dagbag.py:587} INFO - Filling up the DagBag from /home/vscode/.local/lib/python3.10/site-packages/airflow/example_dags/example_trigger_target_dag.py
[2024-09-19T16:30:16.071+0000] {processor.py:925} INFO - DAG(s) 'example_trigger_target_dag' retrieved from /home/vscode/.local/lib/python3.10/site-packages/airflow/example_dags/example_trigger_target_dag.py
[2024-09-19T16:30:16.083+0000] {logging_mixin.py:190} INFO - [2024-09-19T16:30:16.083+0000] {dag.py:3229} INFO - Sync 1 DAGs
[2024-09-19T16:30:16.092+0000] {logging_mixin.py:190} INFO - [2024-09-19T16:30:16.092+0000] {dag.py:4156} INFO - Setting next_dagrun for example_trigger_target_dag to None, run_after=None
[2024-09-19T16:30:16.130+0000] {processor.py:208} INFO - Processing /home/vscode/.local/lib/python3.10/site-packages/airflow/example_dags/example_trigger_target_dag.py took 0.072 seconds
[2024-09-19T16:31:06.509+0000] {processor.py:186} INFO - Started process (PID=14284) to work on /home/vscode/.local/lib/python3.10/site-packages/airflow/example_dags/example_trigger_target_dag.py
[2024-09-19T16:31:06.510+0000] {processor.py:914} INFO - Processing file /home/vscode/.local/lib/python3.10/site-packages/airflow/example_dags/example_trigger_target_dag.py for tasks to queue
[2024-09-19T16:31:06.511+0000] {logging_mixin.py:190} INFO - [2024-09-19T16:31:06.511+0000] {dagbag.py:587} INFO - Filling up the DagBag from /home/vscode/.local/lib/python3.10/site-packages/airflow/example_dags/example_trigger_target_dag.py
[2024-09-19T16:31:06.517+0000] {processor.py:925} INFO - DAG(s) 'example_trigger_target_dag' retrieved from /home/vscode/.local/lib/python3.10/site-packages/airflow/example_dags/example_trigger_target_dag.py
[2024-09-19T16:31:06.529+0000] {logging_mixin.py:190} INFO - [2024-09-19T16:31:06.528+0000] {dag.py:3229} INFO - Sync 1 DAGs
[2024-09-19T16:31:06.538+0000] {logging_mixin.py:190} INFO - [2024-09-19T16:31:06.538+0000] {dag.py:4156} INFO - Setting next_dagrun for example_trigger_target_dag to None, run_after=None
[2024-09-19T16:31:06.577+0000] {processor.py:208} INFO - Processing /home/vscode/.local/lib/python3.10/site-packages/airflow/example_dags/example_trigger_target_dag.py took 0.073 seconds
[2024-09-19T16:32:00.416+0000] {processor.py:186} INFO - Started process (PID=14910) to work on /home/vscode/.local/lib/python3.10/site-packages/airflow/example_dags/example_trigger_target_dag.py
[2024-09-19T16:32:00.417+0000] {processor.py:914} INFO - Processing file /home/vscode/.local/lib/python3.10/site-packages/airflow/example_dags/example_trigger_target_dag.py for tasks to queue
[2024-09-19T16:32:00.419+0000] {logging_mixin.py:190} INFO - [2024-09-19T16:32:00.419+0000] {dagbag.py:587} INFO - Filling up the DagBag from /home/vscode/.local/lib/python3.10/site-packages/airflow/example_dags/example_trigger_target_dag.py
[2024-09-19T16:32:00.426+0000] {processor.py:925} INFO - DAG(s) 'example_trigger_target_dag' retrieved from /home/vscode/.local/lib/python3.10/site-packages/airflow/example_dags/example_trigger_target_dag.py
[2024-09-19T16:32:00.445+0000] {logging_mixin.py:190} INFO - [2024-09-19T16:32:00.445+0000] {dag.py:3229} INFO - Sync 1 DAGs
[2024-09-19T16:32:00.457+0000] {logging_mixin.py:190} INFO - [2024-09-19T16:32:00.457+0000] {dag.py:4156} INFO - Setting next_dagrun for example_trigger_target_dag to None, run_after=None
[2024-09-19T16:32:00.503+0000] {processor.py:208} INFO - Processing /home/vscode/.local/lib/python3.10/site-packages/airflow/example_dags/example_trigger_target_dag.py took 0.093 seconds
[2024-09-19T16:32:53.780+0000] {processor.py:186} INFO - Started process (PID=15324) to work on /home/vscode/.local/lib/python3.10/site-packages/airflow/example_dags/example_trigger_target_dag.py
[2024-09-19T16:32:53.781+0000] {processor.py:914} INFO - Processing file /home/vscode/.local/lib/python3.10/site-packages/airflow/example_dags/example_trigger_target_dag.py for tasks to queue
[2024-09-19T16:32:53.782+0000] {logging_mixin.py:190} INFO - [2024-09-19T16:32:53.782+0000] {dagbag.py:587} INFO - Filling up the DagBag from /home/vscode/.local/lib/python3.10/site-packages/airflow/example_dags/example_trigger_target_dag.py
[2024-09-19T16:32:53.791+0000] {processor.py:925} INFO - DAG(s) 'example_trigger_target_dag' retrieved from /home/vscode/.local/lib/python3.10/site-packages/airflow/example_dags/example_trigger_target_dag.py
[2024-09-19T16:32:53.804+0000] {logging_mixin.py:190} INFO - [2024-09-19T16:32:53.804+0000] {dag.py:3229} INFO - Sync 1 DAGs
[2024-09-19T16:32:53.814+0000] {logging_mixin.py:190} INFO - [2024-09-19T16:32:53.814+0000] {dag.py:4156} INFO - Setting next_dagrun for example_trigger_target_dag to None, run_after=None
[2024-09-19T16:32:53.846+0000] {processor.py:208} INFO - Processing /home/vscode/.local/lib/python3.10/site-packages/airflow/example_dags/example_trigger_target_dag.py took 0.071 seconds
[2024-09-19T16:33:43.824+0000] {processor.py:186} INFO - Started process (PID=15654) to work on /home/vscode/.local/lib/python3.10/site-packages/airflow/example_dags/example_trigger_target_dag.py
[2024-09-19T16:33:43.825+0000] {processor.py:914} INFO - Processing file /home/vscode/.local/lib/python3.10/site-packages/airflow/example_dags/example_trigger_target_dag.py for tasks to queue
[2024-09-19T16:33:43.827+0000] {logging_mixin.py:190} INFO - [2024-09-19T16:33:43.826+0000] {dagbag.py:587} INFO - Filling up the DagBag from /home/vscode/.local/lib/python3.10/site-packages/airflow/example_dags/example_trigger_target_dag.py
[2024-09-19T16:33:43.833+0000] {processor.py:925} INFO - DAG(s) 'example_trigger_target_dag' retrieved from /home/vscode/.local/lib/python3.10/site-packages/airflow/example_dags/example_trigger_target_dag.py
[2024-09-19T16:33:43.844+0000] {logging_mixin.py:190} INFO - [2024-09-19T16:33:43.844+0000] {dag.py:3229} INFO - Sync 1 DAGs
[2024-09-19T16:33:43.854+0000] {logging_mixin.py:190} INFO - [2024-09-19T16:33:43.853+0000] {dag.py:4156} INFO - Setting next_dagrun for example_trigger_target_dag to None, run_after=None
[2024-09-19T16:33:43.894+0000] {processor.py:208} INFO - Processing /home/vscode/.local/lib/python3.10/site-packages/airflow/example_dags/example_trigger_target_dag.py took 0.074 seconds
[2024-09-19T16:34:33.920+0000] {processor.py:186} INFO - Started process (PID=15998) to work on /home/vscode/.local/lib/python3.10/site-packages/airflow/example_dags/example_trigger_target_dag.py
[2024-09-19T16:34:33.921+0000] {processor.py:914} INFO - Processing file /home/vscode/.local/lib/python3.10/site-packages/airflow/example_dags/example_trigger_target_dag.py for tasks to queue
[2024-09-19T16:34:33.922+0000] {logging_mixin.py:190} INFO - [2024-09-19T16:34:33.922+0000] {dagbag.py:587} INFO - Filling up the DagBag from /home/vscode/.local/lib/python3.10/site-packages/airflow/example_dags/example_trigger_target_dag.py
[2024-09-19T16:34:33.929+0000] {processor.py:925} INFO - DAG(s) 'example_trigger_target_dag' retrieved from /home/vscode/.local/lib/python3.10/site-packages/airflow/example_dags/example_trigger_target_dag.py
[2024-09-19T16:34:33.941+0000] {logging_mixin.py:190} INFO - [2024-09-19T16:34:33.941+0000] {dag.py:3229} INFO - Sync 1 DAGs
[2024-09-19T16:34:33.951+0000] {logging_mixin.py:190} INFO - [2024-09-19T16:34:33.951+0000] {dag.py:4156} INFO - Setting next_dagrun for example_trigger_target_dag to None, run_after=None
[2024-09-19T16:34:33.989+0000] {processor.py:208} INFO - Processing /home/vscode/.local/lib/python3.10/site-packages/airflow/example_dags/example_trigger_target_dag.py took 0.074 seconds
[2024-09-19T16:35:21.242+0000] {processor.py:186} INFO - Started process (PID=16371) to work on /home/vscode/.local/lib/python3.10/site-packages/airflow/example_dags/example_trigger_target_dag.py
[2024-09-19T16:35:21.243+0000] {processor.py:914} INFO - Processing file /home/vscode/.local/lib/python3.10/site-packages/airflow/example_dags/example_trigger_target_dag.py for tasks to queue
[2024-09-19T16:35:21.245+0000] {logging_mixin.py:190} INFO - [2024-09-19T16:35:21.245+0000] {dagbag.py:587} INFO - Filling up the DagBag from /home/vscode/.local/lib/python3.10/site-packages/airflow/example_dags/example_trigger_target_dag.py
[2024-09-19T16:35:21.253+0000] {processor.py:925} INFO - DAG(s) 'example_trigger_target_dag' retrieved from /home/vscode/.local/lib/python3.10/site-packages/airflow/example_dags/example_trigger_target_dag.py
[2024-09-19T16:35:21.269+0000] {logging_mixin.py:190} INFO - [2024-09-19T16:35:21.268+0000] {dag.py:3229} INFO - Sync 1 DAGs
[2024-09-19T16:35:21.281+0000] {logging_mixin.py:190} INFO - [2024-09-19T16:35:21.281+0000] {dag.py:4156} INFO - Setting next_dagrun for example_trigger_target_dag to None, run_after=None
[2024-09-19T16:35:21.319+0000] {processor.py:208} INFO - Processing /home/vscode/.local/lib/python3.10/site-packages/airflow/example_dags/example_trigger_target_dag.py took 0.083 seconds
[2024-09-19T23:22:22.977+0000] {processor.py:186} INFO - Started process (PID=19962) to work on /home/vscode/.local/lib/python3.10/site-packages/airflow/example_dags/example_trigger_target_dag.py
[2024-09-19T23:22:22.978+0000] {processor.py:914} INFO - Processing file /home/vscode/.local/lib/python3.10/site-packages/airflow/example_dags/example_trigger_target_dag.py for tasks to queue
[2024-09-19T23:22:22.980+0000] {logging_mixin.py:190} INFO - [2024-09-19T23:22:22.979+0000] {dagbag.py:587} INFO - Filling up the DagBag from /home/vscode/.local/lib/python3.10/site-packages/airflow/example_dags/example_trigger_target_dag.py
[2024-09-19T23:22:22.986+0000] {processor.py:925} INFO - DAG(s) 'example_trigger_target_dag' retrieved from /home/vscode/.local/lib/python3.10/site-packages/airflow/example_dags/example_trigger_target_dag.py
[2024-09-19T23:22:23.001+0000] {logging_mixin.py:190} INFO - [2024-09-19T23:22:23.001+0000] {dag.py:3229} INFO - Sync 1 DAGs
[2024-09-19T23:22:23.011+0000] {logging_mixin.py:190} INFO - [2024-09-19T23:22:23.011+0000] {dag.py:4156} INFO - Setting next_dagrun for example_trigger_target_dag to None, run_after=None
[2024-09-19T23:22:23.054+0000] {processor.py:208} INFO - Processing /home/vscode/.local/lib/python3.10/site-packages/airflow/example_dags/example_trigger_target_dag.py took 0.081 seconds
[2024-09-19T23:23:19.785+0000] {processor.py:186} INFO - Started process (PID=20338) to work on /home/vscode/.local/lib/python3.10/site-packages/airflow/example_dags/example_trigger_target_dag.py
[2024-09-19T23:23:19.785+0000] {processor.py:914} INFO - Processing file /home/vscode/.local/lib/python3.10/site-packages/airflow/example_dags/example_trigger_target_dag.py for tasks to queue
[2024-09-19T23:23:19.787+0000] {logging_mixin.py:190} INFO - [2024-09-19T23:23:19.787+0000] {dagbag.py:587} INFO - Filling up the DagBag from /home/vscode/.local/lib/python3.10/site-packages/airflow/example_dags/example_trigger_target_dag.py
[2024-09-19T23:23:19.793+0000] {processor.py:925} INFO - DAG(s) 'example_trigger_target_dag' retrieved from /home/vscode/.local/lib/python3.10/site-packages/airflow/example_dags/example_trigger_target_dag.py
[2024-09-19T23:23:19.804+0000] {logging_mixin.py:190} INFO - [2024-09-19T23:23:19.803+0000] {dag.py:3229} INFO - Sync 1 DAGs
[2024-09-19T23:23:19.813+0000] {logging_mixin.py:190} INFO - [2024-09-19T23:23:19.813+0000] {dag.py:4156} INFO - Setting next_dagrun for example_trigger_target_dag to None, run_after=None
[2024-09-19T23:23:19.870+0000] {processor.py:208} INFO - Processing /home/vscode/.local/lib/python3.10/site-packages/airflow/example_dags/example_trigger_target_dag.py took 0.090 seconds
[2024-09-19T23:24:17.652+0000] {processor.py:186} INFO - Started process (PID=20820) to work on /home/vscode/.local/lib/python3.10/site-packages/airflow/example_dags/example_trigger_target_dag.py
[2024-09-19T23:24:17.653+0000] {processor.py:914} INFO - Processing file /home/vscode/.local/lib/python3.10/site-packages/airflow/example_dags/example_trigger_target_dag.py for tasks to queue
[2024-09-19T23:24:17.654+0000] {logging_mixin.py:190} INFO - [2024-09-19T23:24:17.654+0000] {dagbag.py:587} INFO - Filling up the DagBag from /home/vscode/.local/lib/python3.10/site-packages/airflow/example_dags/example_trigger_target_dag.py
[2024-09-19T23:24:17.660+0000] {processor.py:925} INFO - DAG(s) 'example_trigger_target_dag' retrieved from /home/vscode/.local/lib/python3.10/site-packages/airflow/example_dags/example_trigger_target_dag.py
[2024-09-19T23:24:17.671+0000] {logging_mixin.py:190} INFO - [2024-09-19T23:24:17.671+0000] {dag.py:3229} INFO - Sync 1 DAGs
[2024-09-19T23:24:17.680+0000] {logging_mixin.py:190} INFO - [2024-09-19T23:24:17.680+0000] {dag.py:4156} INFO - Setting next_dagrun for example_trigger_target_dag to None, run_after=None
[2024-09-19T23:24:17.727+0000] {processor.py:208} INFO - Processing /home/vscode/.local/lib/python3.10/site-packages/airflow/example_dags/example_trigger_target_dag.py took 0.080 seconds
[2024-09-19T23:25:14.401+0000] {processor.py:186} INFO - Started process (PID=21253) to work on /home/vscode/.local/lib/python3.10/site-packages/airflow/example_dags/example_trigger_target_dag.py
[2024-09-19T23:25:14.402+0000] {processor.py:914} INFO - Processing file /home/vscode/.local/lib/python3.10/site-packages/airflow/example_dags/example_trigger_target_dag.py for tasks to queue
[2024-09-19T23:25:14.404+0000] {logging_mixin.py:190} INFO - [2024-09-19T23:25:14.403+0000] {dagbag.py:587} INFO - Filling up the DagBag from /home/vscode/.local/lib/python3.10/site-packages/airflow/example_dags/example_trigger_target_dag.py
[2024-09-19T23:25:14.410+0000] {processor.py:925} INFO - DAG(s) 'example_trigger_target_dag' retrieved from /home/vscode/.local/lib/python3.10/site-packages/airflow/example_dags/example_trigger_target_dag.py
[2024-09-19T23:25:14.421+0000] {logging_mixin.py:190} INFO - [2024-09-19T23:25:14.421+0000] {dag.py:3229} INFO - Sync 1 DAGs
[2024-09-19T23:25:14.430+0000] {logging_mixin.py:190} INFO - [2024-09-19T23:25:14.430+0000] {dag.py:4156} INFO - Setting next_dagrun for example_trigger_target_dag to None, run_after=None
[2024-09-19T23:25:14.485+0000] {processor.py:208} INFO - Processing /home/vscode/.local/lib/python3.10/site-packages/airflow/example_dags/example_trigger_target_dag.py took 0.088 seconds
