[2024-09-19T16:25:55.761+0000] {processor.py:157} INFO - Started process (PID=16222) to work on /home/vscode/.local/lib/python3.10/site-packages/airflow/example_dags/example_short_circuit_operator.py
[2024-09-19T16:25:55.761+0000] {processor.py:826} INFO - Processing file /home/vscode/.local/lib/python3.10/site-packages/airflow/example_dags/example_short_circuit_operator.py for tasks to queue
[2024-09-19T16:25:55.762+0000] {logging_mixin.py:150} INFO - [2024-09-19T16:25:55.762+0000] {dagbag.py:541} INFO - Filling up the DagBag from /home/vscode/.local/lib/python3.10/site-packages/airflow/example_dags/example_short_circuit_operator.py
[2024-09-19T16:25:55.768+0000] {processor.py:836} INFO - DAG(s) dict_keys(['example_short_circuit_operator']) retrieved from /home/vscode/.local/lib/python3.10/site-packages/airflow/example_dags/example_short_circuit_operator.py
[2024-09-19T16:25:55.982+0000] {logging_mixin.py:150} INFO - [2024-09-19T16:25:55.982+0000] {manager.py:504} INFO - Created Permission View: can edit on DAG:example_short_circuit_operator
[2024-09-19T16:25:56.007+0000] {logging_mixin.py:150} INFO - [2024-09-19T16:25:56.007+0000] {manager.py:504} INFO - Created Permission View: can delete on DAG:example_short_circuit_operator
[2024-09-19T16:25:56.030+0000] {logging_mixin.py:150} INFO - [2024-09-19T16:25:56.030+0000] {manager.py:504} INFO - Created Permission View: can read on DAG:example_short_circuit_operator
[2024-09-19T16:25:56.043+0000] {logging_mixin.py:150} INFO - [2024-09-19T16:25:56.043+0000] {dag.py:2742} INFO - Sync 1 DAGs
[2024-09-19T16:25:56.052+0000] {logging_mixin.py:150} INFO - [2024-09-19T16:25:56.052+0000] {dag.py:2763} INFO - Creating ORM DAG for example_short_circuit_operator
[2024-09-19T16:25:56.060+0000] {logging_mixin.py:150} INFO - [2024-09-19T16:25:56.060+0000] {dag.py:3504} INFO - Setting next_dagrun for example_short_circuit_operator to 2024-09-18T16:25:56.060514+00:00, run_after=2024-09-19T16:25:56.060514+00:00
[2024-09-19T16:25:56.101+0000] {processor.py:179} INFO - Processing /home/vscode/.local/lib/python3.10/site-packages/airflow/example_dags/example_short_circuit_operator.py took 0.342 seconds
[2024-09-19T16:26:46.939+0000] {processor.py:157} INFO - Started process (PID=16554) to work on /home/vscode/.local/lib/python3.10/site-packages/airflow/example_dags/example_short_circuit_operator.py
[2024-09-19T16:26:46.940+0000] {processor.py:826} INFO - Processing file /home/vscode/.local/lib/python3.10/site-packages/airflow/example_dags/example_short_circuit_operator.py for tasks to queue
[2024-09-19T16:26:46.941+0000] {logging_mixin.py:150} INFO - [2024-09-19T16:26:46.940+0000] {dagbag.py:541} INFO - Filling up the DagBag from /home/vscode/.local/lib/python3.10/site-packages/airflow/example_dags/example_short_circuit_operator.py
[2024-09-19T16:26:46.947+0000] {processor.py:836} INFO - DAG(s) dict_keys(['example_short_circuit_operator']) retrieved from /home/vscode/.local/lib/python3.10/site-packages/airflow/example_dags/example_short_circuit_operator.py
[2024-09-19T16:26:46.961+0000] {logging_mixin.py:150} INFO - [2024-09-19T16:26:46.960+0000] {dag.py:2742} INFO - Sync 1 DAGs
[2024-09-19T16:26:46.977+0000] {logging_mixin.py:150} INFO - [2024-09-19T16:26:46.976+0000] {dag.py:3504} INFO - Setting next_dagrun for example_short_circuit_operator to 2024-09-18T16:26:46.975732+00:00, run_after=2024-09-19T16:26:46.975732+00:00
[2024-09-19T16:26:47.025+0000] {processor.py:179} INFO - Processing /home/vscode/.local/lib/python3.10/site-packages/airflow/example_dags/example_short_circuit_operator.py took 0.089 seconds
[2024-09-19T16:27:34.303+0000] {processor.py:157} INFO - Started process (PID=16880) to work on /home/vscode/.local/lib/python3.10/site-packages/airflow/example_dags/example_short_circuit_operator.py
[2024-09-19T16:27:34.304+0000] {processor.py:826} INFO - Processing file /home/vscode/.local/lib/python3.10/site-packages/airflow/example_dags/example_short_circuit_operator.py for tasks to queue
[2024-09-19T16:27:34.304+0000] {logging_mixin.py:150} INFO - [2024-09-19T16:27:34.304+0000] {dagbag.py:541} INFO - Filling up the DagBag from /home/vscode/.local/lib/python3.10/site-packages/airflow/example_dags/example_short_circuit_operator.py
[2024-09-19T16:27:34.310+0000] {processor.py:836} INFO - DAG(s) dict_keys(['example_short_circuit_operator']) retrieved from /home/vscode/.local/lib/python3.10/site-packages/airflow/example_dags/example_short_circuit_operator.py
[2024-09-19T16:27:34.324+0000] {logging_mixin.py:150} INFO - [2024-09-19T16:27:34.324+0000] {dag.py:2742} INFO - Sync 1 DAGs
[2024-09-19T16:27:34.339+0000] {logging_mixin.py:150} INFO - [2024-09-19T16:27:34.339+0000] {dag.py:3504} INFO - Setting next_dagrun for example_short_circuit_operator to 2024-09-18T16:27:34.338849+00:00, run_after=2024-09-19T16:27:34.338849+00:00
[2024-09-19T16:27:34.378+0000] {processor.py:179} INFO - Processing /home/vscode/.local/lib/python3.10/site-packages/airflow/example_dags/example_short_circuit_operator.py took 0.077 seconds
[2024-09-19T16:28:21.677+0000] {processor.py:157} INFO - Started process (PID=17220) to work on /home/vscode/.local/lib/python3.10/site-packages/airflow/example_dags/example_short_circuit_operator.py
[2024-09-19T16:28:21.678+0000] {processor.py:826} INFO - Processing file /home/vscode/.local/lib/python3.10/site-packages/airflow/example_dags/example_short_circuit_operator.py for tasks to queue
[2024-09-19T16:28:21.679+0000] {logging_mixin.py:150} INFO - [2024-09-19T16:28:21.679+0000] {dagbag.py:541} INFO - Filling up the DagBag from /home/vscode/.local/lib/python3.10/site-packages/airflow/example_dags/example_short_circuit_operator.py
[2024-09-19T16:28:21.693+0000] {processor.py:836} INFO - DAG(s) dict_keys(['example_short_circuit_operator']) retrieved from /home/vscode/.local/lib/python3.10/site-packages/airflow/example_dags/example_short_circuit_operator.py
[2024-09-19T16:28:21.723+0000] {logging_mixin.py:150} INFO - [2024-09-19T16:28:21.722+0000] {dag.py:2742} INFO - Sync 1 DAGs
[2024-09-19T16:28:21.737+0000] {logging_mixin.py:150} INFO - [2024-09-19T16:28:21.737+0000] {dag.py:3504} INFO - Setting next_dagrun for example_short_circuit_operator to 2024-09-18T16:28:21.737232+00:00, run_after=2024-09-19T16:28:21.737232+00:00
[2024-09-19T16:28:21.771+0000] {processor.py:179} INFO - Processing /home/vscode/.local/lib/python3.10/site-packages/airflow/example_dags/example_short_circuit_operator.py took 0.097 seconds
[2024-09-19T16:29:05.944+0000] {processor.py:157} INFO - Started process (PID=17549) to work on /home/vscode/.local/lib/python3.10/site-packages/airflow/example_dags/example_short_circuit_operator.py
[2024-09-19T16:29:05.945+0000] {processor.py:826} INFO - Processing file /home/vscode/.local/lib/python3.10/site-packages/airflow/example_dags/example_short_circuit_operator.py for tasks to queue
[2024-09-19T16:29:05.946+0000] {logging_mixin.py:150} INFO - [2024-09-19T16:29:05.945+0000] {dagbag.py:541} INFO - Filling up the DagBag from /home/vscode/.local/lib/python3.10/site-packages/airflow/example_dags/example_short_circuit_operator.py
[2024-09-19T16:29:05.951+0000] {processor.py:836} INFO - DAG(s) dict_keys(['example_short_circuit_operator']) retrieved from /home/vscode/.local/lib/python3.10/site-packages/airflow/example_dags/example_short_circuit_operator.py
[2024-09-19T16:29:05.964+0000] {logging_mixin.py:150} INFO - [2024-09-19T16:29:05.964+0000] {dag.py:2742} INFO - Sync 1 DAGs
[2024-09-19T16:29:05.978+0000] {logging_mixin.py:150} INFO - [2024-09-19T16:29:05.978+0000] {dag.py:3504} INFO - Setting next_dagrun for example_short_circuit_operator to 2024-09-18T16:29:05.977989+00:00, run_after=2024-09-19T16:29:05.977989+00:00
[2024-09-19T16:29:06.020+0000] {processor.py:179} INFO - Processing /home/vscode/.local/lib/python3.10/site-packages/airflow/example_dags/example_short_circuit_operator.py took 0.078 seconds
[2024-09-19T16:29:53.219+0000] {processor.py:157} INFO - Started process (PID=17975) to work on /home/vscode/.local/lib/python3.10/site-packages/airflow/example_dags/example_short_circuit_operator.py
[2024-09-19T16:29:53.220+0000] {processor.py:826} INFO - Processing file /home/vscode/.local/lib/python3.10/site-packages/airflow/example_dags/example_short_circuit_operator.py for tasks to queue
[2024-09-19T16:29:53.221+0000] {logging_mixin.py:150} INFO - [2024-09-19T16:29:53.220+0000] {dagbag.py:541} INFO - Filling up the DagBag from /home/vscode/.local/lib/python3.10/site-packages/airflow/example_dags/example_short_circuit_operator.py
[2024-09-19T16:29:53.227+0000] {processor.py:836} INFO - DAG(s) dict_keys(['example_short_circuit_operator']) retrieved from /home/vscode/.local/lib/python3.10/site-packages/airflow/example_dags/example_short_circuit_operator.py
[2024-09-19T16:29:53.240+0000] {logging_mixin.py:150} INFO - [2024-09-19T16:29:53.240+0000] {dag.py:2742} INFO - Sync 1 DAGs
[2024-09-19T16:29:53.255+0000] {logging_mixin.py:150} INFO - [2024-09-19T16:29:53.255+0000] {dag.py:3504} INFO - Setting next_dagrun for example_short_circuit_operator to 2024-09-18T16:29:53.254906+00:00, run_after=2024-09-19T16:29:53.254906+00:00
[2024-09-19T16:29:53.289+0000] {processor.py:179} INFO - Processing /home/vscode/.local/lib/python3.10/site-packages/airflow/example_dags/example_short_circuit_operator.py took 0.072 seconds
[2024-09-19T16:30:42.116+0000] {processor.py:157} INFO - Started process (PID=18316) to work on /home/vscode/.local/lib/python3.10/site-packages/airflow/example_dags/example_short_circuit_operator.py
[2024-09-19T16:30:42.117+0000] {processor.py:826} INFO - Processing file /home/vscode/.local/lib/python3.10/site-packages/airflow/example_dags/example_short_circuit_operator.py for tasks to queue
[2024-09-19T16:30:42.118+0000] {logging_mixin.py:150} INFO - [2024-09-19T16:30:42.118+0000] {dagbag.py:541} INFO - Filling up the DagBag from /home/vscode/.local/lib/python3.10/site-packages/airflow/example_dags/example_short_circuit_operator.py
[2024-09-19T16:30:42.124+0000] {processor.py:836} INFO - DAG(s) dict_keys(['example_short_circuit_operator']) retrieved from /home/vscode/.local/lib/python3.10/site-packages/airflow/example_dags/example_short_circuit_operator.py
[2024-09-19T16:30:42.138+0000] {logging_mixin.py:150} INFO - [2024-09-19T16:30:42.138+0000] {dag.py:2742} INFO - Sync 1 DAGs
[2024-09-19T16:30:42.153+0000] {logging_mixin.py:150} INFO - [2024-09-19T16:30:42.153+0000] {dag.py:3504} INFO - Setting next_dagrun for example_short_circuit_operator to 2024-09-18T16:30:42.153327+00:00, run_after=2024-09-19T16:30:42.153327+00:00
[2024-09-19T16:30:42.193+0000] {processor.py:179} INFO - Processing /home/vscode/.local/lib/python3.10/site-packages/airflow/example_dags/example_short_circuit_operator.py took 0.078 seconds
[2024-09-19T16:31:28.937+0000] {processor.py:157} INFO - Started process (PID=18670) to work on /home/vscode/.local/lib/python3.10/site-packages/airflow/example_dags/example_short_circuit_operator.py
[2024-09-19T16:31:28.937+0000] {processor.py:826} INFO - Processing file /home/vscode/.local/lib/python3.10/site-packages/airflow/example_dags/example_short_circuit_operator.py for tasks to queue
[2024-09-19T16:31:28.938+0000] {logging_mixin.py:150} INFO - [2024-09-19T16:31:28.938+0000] {dagbag.py:541} INFO - Filling up the DagBag from /home/vscode/.local/lib/python3.10/site-packages/airflow/example_dags/example_short_circuit_operator.py
[2024-09-19T16:31:28.944+0000] {processor.py:836} INFO - DAG(s) dict_keys(['example_short_circuit_operator']) retrieved from /home/vscode/.local/lib/python3.10/site-packages/airflow/example_dags/example_short_circuit_operator.py
[2024-09-19T16:31:28.956+0000] {logging_mixin.py:150} INFO - [2024-09-19T16:31:28.956+0000] {dag.py:2742} INFO - Sync 1 DAGs
[2024-09-19T16:31:28.970+0000] {logging_mixin.py:150} INFO - [2024-09-19T16:31:28.970+0000] {dag.py:3504} INFO - Setting next_dagrun for example_short_circuit_operator to 2024-09-18T16:31:28.970341+00:00, run_after=2024-09-19T16:31:28.970341+00:00
[2024-09-19T16:31:29.018+0000] {processor.py:179} INFO - Processing /home/vscode/.local/lib/python3.10/site-packages/airflow/example_dags/example_short_circuit_operator.py took 0.083 seconds
[2024-09-19T16:32:13.425+0000] {processor.py:157} INFO - Started process (PID=18965) to work on /home/vscode/.local/lib/python3.10/site-packages/airflow/example_dags/example_short_circuit_operator.py
[2024-09-19T16:32:13.426+0000] {processor.py:826} INFO - Processing file /home/vscode/.local/lib/python3.10/site-packages/airflow/example_dags/example_short_circuit_operator.py for tasks to queue
[2024-09-19T16:32:13.426+0000] {logging_mixin.py:150} INFO - [2024-09-19T16:32:13.426+0000] {dagbag.py:541} INFO - Filling up the DagBag from /home/vscode/.local/lib/python3.10/site-packages/airflow/example_dags/example_short_circuit_operator.py
[2024-09-19T16:32:13.432+0000] {processor.py:836} INFO - DAG(s) dict_keys(['example_short_circuit_operator']) retrieved from /home/vscode/.local/lib/python3.10/site-packages/airflow/example_dags/example_short_circuit_operator.py
[2024-09-19T16:32:13.445+0000] {logging_mixin.py:150} INFO - [2024-09-19T16:32:13.445+0000] {dag.py:2742} INFO - Sync 1 DAGs
[2024-09-19T16:32:13.458+0000] {logging_mixin.py:150} INFO - [2024-09-19T16:32:13.458+0000] {dag.py:3504} INFO - Setting next_dagrun for example_short_circuit_operator to 2024-09-18T16:32:13.458425+00:00, run_after=2024-09-19T16:32:13.458425+00:00
[2024-09-19T16:32:13.494+0000] {processor.py:179} INFO - Processing /home/vscode/.local/lib/python3.10/site-packages/airflow/example_dags/example_short_circuit_operator.py took 0.071 seconds
[2024-09-19T16:32:58.759+0000] {processor.py:157} INFO - Started process (PID=19483) to work on /home/vscode/.local/lib/python3.10/site-packages/airflow/example_dags/example_short_circuit_operator.py
[2024-09-19T16:32:58.759+0000] {processor.py:826} INFO - Processing file /home/vscode/.local/lib/python3.10/site-packages/airflow/example_dags/example_short_circuit_operator.py for tasks to queue
[2024-09-19T16:32:58.760+0000] {logging_mixin.py:150} INFO - [2024-09-19T16:32:58.760+0000] {dagbag.py:541} INFO - Filling up the DagBag from /home/vscode/.local/lib/python3.10/site-packages/airflow/example_dags/example_short_circuit_operator.py
[2024-09-19T16:32:58.766+0000] {processor.py:836} INFO - DAG(s) dict_keys(['example_short_circuit_operator']) retrieved from /home/vscode/.local/lib/python3.10/site-packages/airflow/example_dags/example_short_circuit_operator.py
[2024-09-19T16:32:58.779+0000] {logging_mixin.py:150} INFO - [2024-09-19T16:32:58.778+0000] {dag.py:2742} INFO - Sync 1 DAGs
[2024-09-19T16:32:58.792+0000] {logging_mixin.py:150} INFO - [2024-09-19T16:32:58.792+0000] {dag.py:3504} INFO - Setting next_dagrun for example_short_circuit_operator to 2024-09-18T16:32:58.792711+00:00, run_after=2024-09-19T16:32:58.792711+00:00
[2024-09-19T16:32:58.825+0000] {processor.py:179} INFO - Processing /home/vscode/.local/lib/python3.10/site-packages/airflow/example_dags/example_short_circuit_operator.py took 0.068 seconds
[2024-09-19T16:33:42.286+0000] {processor.py:157} INFO - Started process (PID=19834) to work on /home/vscode/.local/lib/python3.10/site-packages/airflow/example_dags/example_short_circuit_operator.py
[2024-09-19T16:33:42.286+0000] {processor.py:826} INFO - Processing file /home/vscode/.local/lib/python3.10/site-packages/airflow/example_dags/example_short_circuit_operator.py for tasks to queue
[2024-09-19T16:33:42.287+0000] {logging_mixin.py:150} INFO - [2024-09-19T16:33:42.287+0000] {dagbag.py:541} INFO - Filling up the DagBag from /home/vscode/.local/lib/python3.10/site-packages/airflow/example_dags/example_short_circuit_operator.py
[2024-09-19T16:33:42.293+0000] {processor.py:836} INFO - DAG(s) dict_keys(['example_short_circuit_operator']) retrieved from /home/vscode/.local/lib/python3.10/site-packages/airflow/example_dags/example_short_circuit_operator.py
[2024-09-19T16:33:42.306+0000] {logging_mixin.py:150} INFO - [2024-09-19T16:33:42.306+0000] {dag.py:2742} INFO - Sync 1 DAGs
[2024-09-19T16:33:42.321+0000] {logging_mixin.py:150} INFO - [2024-09-19T16:33:42.320+0000] {dag.py:3504} INFO - Setting next_dagrun for example_short_circuit_operator to 2024-09-18T16:33:42.320777+00:00, run_after=2024-09-19T16:33:42.320777+00:00
[2024-09-19T16:33:42.354+0000] {processor.py:179} INFO - Processing /home/vscode/.local/lib/python3.10/site-packages/airflow/example_dags/example_short_circuit_operator.py took 0.071 seconds
