[2024-09-19T16:26:07.337+0000] {processor.py:157} INFO - Started process (PID=16291) to work on /home/vscode/.local/lib/python3.10/site-packages/airflow/example_dags/example_nested_branch_dag.py
[2024-09-19T16:26:07.338+0000] {processor.py:826} INFO - Processing file /home/vscode/.local/lib/python3.10/site-packages/airflow/example_dags/example_nested_branch_dag.py for tasks to queue
[2024-09-19T16:26:07.338+0000] {logging_mixin.py:150} INFO - [2024-09-19T16:26:07.338+0000] {dagbag.py:541} INFO - Filling up the DagBag from /home/vscode/.local/lib/python3.10/site-packages/airflow/example_dags/example_nested_branch_dag.py
[2024-09-19T16:26:07.346+0000] {processor.py:836} INFO - DAG(s) dict_keys(['example_nested_branch_dag']) retrieved from /home/vscode/.local/lib/python3.10/site-packages/airflow/example_dags/example_nested_branch_dag.py
[2024-09-19T16:26:07.542+0000] {logging_mixin.py:150} INFO - [2024-09-19T16:26:07.542+0000] {manager.py:504} INFO - Created Permission View: can edit on DAG:example_nested_branch_dag
[2024-09-19T16:26:07.571+0000] {logging_mixin.py:150} INFO - [2024-09-19T16:26:07.571+0000] {manager.py:504} INFO - Created Permission View: can delete on DAG:example_nested_branch_dag
[2024-09-19T16:26:07.600+0000] {logging_mixin.py:150} INFO - [2024-09-19T16:26:07.599+0000] {manager.py:504} INFO - Created Permission View: can read on DAG:example_nested_branch_dag
[2024-09-19T16:26:07.608+0000] {logging_mixin.py:150} INFO - [2024-09-19T16:26:07.608+0000] {dag.py:2742} INFO - Sync 1 DAGs
[2024-09-19T16:26:07.614+0000] {logging_mixin.py:150} INFO - [2024-09-19T16:26:07.614+0000] {dag.py:2763} INFO - Creating ORM DAG for example_nested_branch_dag
[2024-09-19T16:26:07.621+0000] {logging_mixin.py:150} INFO - [2024-09-19T16:26:07.621+0000] {dag.py:3504} INFO - Setting next_dagrun for example_nested_branch_dag to 2024-09-18T00:00:00+00:00, run_after=2024-09-19T00:00:00+00:00
[2024-09-19T16:26:07.661+0000] {processor.py:179} INFO - Processing /home/vscode/.local/lib/python3.10/site-packages/airflow/example_dags/example_nested_branch_dag.py took 0.326 seconds
[2024-09-19T16:26:55.890+0000] {processor.py:157} INFO - Started process (PID=16614) to work on /home/vscode/.local/lib/python3.10/site-packages/airflow/example_dags/example_nested_branch_dag.py
[2024-09-19T16:26:55.890+0000] {processor.py:826} INFO - Processing file /home/vscode/.local/lib/python3.10/site-packages/airflow/example_dags/example_nested_branch_dag.py for tasks to queue
[2024-09-19T16:26:55.891+0000] {logging_mixin.py:150} INFO - [2024-09-19T16:26:55.890+0000] {dagbag.py:541} INFO - Filling up the DagBag from /home/vscode/.local/lib/python3.10/site-packages/airflow/example_dags/example_nested_branch_dag.py
[2024-09-19T16:26:55.898+0000] {processor.py:836} INFO - DAG(s) dict_keys(['example_nested_branch_dag']) retrieved from /home/vscode/.local/lib/python3.10/site-packages/airflow/example_dags/example_nested_branch_dag.py
[2024-09-19T16:26:55.911+0000] {logging_mixin.py:150} INFO - [2024-09-19T16:26:55.911+0000] {dag.py:2742} INFO - Sync 1 DAGs
[2024-09-19T16:26:55.927+0000] {logging_mixin.py:150} INFO - [2024-09-19T16:26:55.927+0000] {dag.py:3504} INFO - Setting next_dagrun for example_nested_branch_dag to 2024-09-18T00:00:00+00:00, run_after=2024-09-19T00:00:00+00:00
[2024-09-19T16:26:55.961+0000] {processor.py:179} INFO - Processing /home/vscode/.local/lib/python3.10/site-packages/airflow/example_dags/example_nested_branch_dag.py took 0.073 seconds
[2024-09-19T16:27:46.186+0000] {processor.py:157} INFO - Started process (PID=16968) to work on /home/vscode/.local/lib/python3.10/site-packages/airflow/example_dags/example_nested_branch_dag.py
[2024-09-19T16:27:46.186+0000] {processor.py:826} INFO - Processing file /home/vscode/.local/lib/python3.10/site-packages/airflow/example_dags/example_nested_branch_dag.py for tasks to queue
[2024-09-19T16:27:46.187+0000] {logging_mixin.py:150} INFO - [2024-09-19T16:27:46.187+0000] {dagbag.py:541} INFO - Filling up the DagBag from /home/vscode/.local/lib/python3.10/site-packages/airflow/example_dags/example_nested_branch_dag.py
[2024-09-19T16:27:46.195+0000] {processor.py:836} INFO - DAG(s) dict_keys(['example_nested_branch_dag']) retrieved from /home/vscode/.local/lib/python3.10/site-packages/airflow/example_dags/example_nested_branch_dag.py
[2024-09-19T16:27:46.208+0000] {logging_mixin.py:150} INFO - [2024-09-19T16:27:46.207+0000] {dag.py:2742} INFO - Sync 1 DAGs
[2024-09-19T16:27:46.223+0000] {logging_mixin.py:150} INFO - [2024-09-19T16:27:46.223+0000] {dag.py:3504} INFO - Setting next_dagrun for example_nested_branch_dag to 2024-09-18T00:00:00+00:00, run_after=2024-09-19T00:00:00+00:00
[2024-09-19T16:27:46.262+0000] {processor.py:179} INFO - Processing /home/vscode/.local/lib/python3.10/site-packages/airflow/example_dags/example_nested_branch_dag.py took 0.079 seconds
[2024-09-19T16:28:29.820+0000] {processor.py:157} INFO - Started process (PID=17283) to work on /home/vscode/.local/lib/python3.10/site-packages/airflow/example_dags/example_nested_branch_dag.py
[2024-09-19T16:28:29.820+0000] {processor.py:826} INFO - Processing file /home/vscode/.local/lib/python3.10/site-packages/airflow/example_dags/example_nested_branch_dag.py for tasks to queue
[2024-09-19T16:28:29.821+0000] {logging_mixin.py:150} INFO - [2024-09-19T16:28:29.821+0000] {dagbag.py:541} INFO - Filling up the DagBag from /home/vscode/.local/lib/python3.10/site-packages/airflow/example_dags/example_nested_branch_dag.py
[2024-09-19T16:28:29.828+0000] {processor.py:836} INFO - DAG(s) dict_keys(['example_nested_branch_dag']) retrieved from /home/vscode/.local/lib/python3.10/site-packages/airflow/example_dags/example_nested_branch_dag.py
[2024-09-19T16:28:29.842+0000] {logging_mixin.py:150} INFO - [2024-09-19T16:28:29.842+0000] {dag.py:2742} INFO - Sync 1 DAGs
[2024-09-19T16:28:29.857+0000] {logging_mixin.py:150} INFO - [2024-09-19T16:28:29.857+0000] {dag.py:3504} INFO - Setting next_dagrun for example_nested_branch_dag to 2024-09-18T00:00:00+00:00, run_after=2024-09-19T00:00:00+00:00
[2024-09-19T16:28:29.889+0000] {processor.py:179} INFO - Processing /home/vscode/.local/lib/python3.10/site-packages/airflow/example_dags/example_nested_branch_dag.py took 0.072 seconds
[2024-09-19T16:29:16.258+0000] {processor.py:157} INFO - Started process (PID=17618) to work on /home/vscode/.local/lib/python3.10/site-packages/airflow/example_dags/example_nested_branch_dag.py
[2024-09-19T16:29:16.259+0000] {processor.py:826} INFO - Processing file /home/vscode/.local/lib/python3.10/site-packages/airflow/example_dags/example_nested_branch_dag.py for tasks to queue
[2024-09-19T16:29:16.259+0000] {logging_mixin.py:150} INFO - [2024-09-19T16:29:16.259+0000] {dagbag.py:541} INFO - Filling up the DagBag from /home/vscode/.local/lib/python3.10/site-packages/airflow/example_dags/example_nested_branch_dag.py
[2024-09-19T16:29:16.266+0000] {processor.py:836} INFO - DAG(s) dict_keys(['example_nested_branch_dag']) retrieved from /home/vscode/.local/lib/python3.10/site-packages/airflow/example_dags/example_nested_branch_dag.py
[2024-09-19T16:29:16.279+0000] {logging_mixin.py:150} INFO - [2024-09-19T16:29:16.279+0000] {dag.py:2742} INFO - Sync 1 DAGs
[2024-09-19T16:29:16.294+0000] {logging_mixin.py:150} INFO - [2024-09-19T16:29:16.294+0000] {dag.py:3504} INFO - Setting next_dagrun for example_nested_branch_dag to 2024-09-18T00:00:00+00:00, run_after=2024-09-19T00:00:00+00:00
[2024-09-19T16:29:16.346+0000] {processor.py:179} INFO - Processing /home/vscode/.local/lib/python3.10/site-packages/airflow/example_dags/example_nested_branch_dag.py took 0.090 seconds
[2024-09-19T16:30:05.958+0000] {processor.py:157} INFO - Started process (PID=18071) to work on /home/vscode/.local/lib/python3.10/site-packages/airflow/example_dags/example_nested_branch_dag.py
[2024-09-19T16:30:05.958+0000] {processor.py:826} INFO - Processing file /home/vscode/.local/lib/python3.10/site-packages/airflow/example_dags/example_nested_branch_dag.py for tasks to queue
[2024-09-19T16:30:05.959+0000] {logging_mixin.py:150} INFO - [2024-09-19T16:30:05.959+0000] {dagbag.py:541} INFO - Filling up the DagBag from /home/vscode/.local/lib/python3.10/site-packages/airflow/example_dags/example_nested_branch_dag.py
[2024-09-19T16:30:05.966+0000] {processor.py:836} INFO - DAG(s) dict_keys(['example_nested_branch_dag']) retrieved from /home/vscode/.local/lib/python3.10/site-packages/airflow/example_dags/example_nested_branch_dag.py
[2024-09-19T16:30:05.979+0000] {logging_mixin.py:150} INFO - [2024-09-19T16:30:05.979+0000] {dag.py:2742} INFO - Sync 1 DAGs
[2024-09-19T16:30:05.996+0000] {logging_mixin.py:150} INFO - [2024-09-19T16:30:05.996+0000] {dag.py:3504} INFO - Setting next_dagrun for example_nested_branch_dag to 2024-09-18T00:00:00+00:00, run_after=2024-09-19T00:00:00+00:00
[2024-09-19T16:30:06.035+0000] {processor.py:179} INFO - Processing /home/vscode/.local/lib/python3.10/site-packages/airflow/example_dags/example_nested_branch_dag.py took 0.080 seconds
[2024-09-19T16:30:54.026+0000] {processor.py:157} INFO - Started process (PID=18425) to work on /home/vscode/.local/lib/python3.10/site-packages/airflow/example_dags/example_nested_branch_dag.py
[2024-09-19T16:30:54.027+0000] {processor.py:826} INFO - Processing file /home/vscode/.local/lib/python3.10/site-packages/airflow/example_dags/example_nested_branch_dag.py for tasks to queue
[2024-09-19T16:30:54.027+0000] {logging_mixin.py:150} INFO - [2024-09-19T16:30:54.027+0000] {dagbag.py:541} INFO - Filling up the DagBag from /home/vscode/.local/lib/python3.10/site-packages/airflow/example_dags/example_nested_branch_dag.py
[2024-09-19T16:30:54.034+0000] {processor.py:836} INFO - DAG(s) dict_keys(['example_nested_branch_dag']) retrieved from /home/vscode/.local/lib/python3.10/site-packages/airflow/example_dags/example_nested_branch_dag.py
[2024-09-19T16:30:54.051+0000] {logging_mixin.py:150} INFO - [2024-09-19T16:30:54.051+0000] {dag.py:2742} INFO - Sync 1 DAGs
[2024-09-19T16:30:54.073+0000] {logging_mixin.py:150} INFO - [2024-09-19T16:30:54.073+0000] {dag.py:3504} INFO - Setting next_dagrun for example_nested_branch_dag to 2024-09-18T00:00:00+00:00, run_after=2024-09-19T00:00:00+00:00
[2024-09-19T16:30:54.111+0000] {processor.py:179} INFO - Processing /home/vscode/.local/lib/python3.10/site-packages/airflow/example_dags/example_nested_branch_dag.py took 0.087 seconds
[2024-09-19T16:31:41.891+0000] {processor.py:157} INFO - Started process (PID=18750) to work on /home/vscode/.local/lib/python3.10/site-packages/airflow/example_dags/example_nested_branch_dag.py
[2024-09-19T16:31:41.892+0000] {processor.py:826} INFO - Processing file /home/vscode/.local/lib/python3.10/site-packages/airflow/example_dags/example_nested_branch_dag.py for tasks to queue
[2024-09-19T16:31:41.892+0000] {logging_mixin.py:150} INFO - [2024-09-19T16:31:41.892+0000] {dagbag.py:541} INFO - Filling up the DagBag from /home/vscode/.local/lib/python3.10/site-packages/airflow/example_dags/example_nested_branch_dag.py
[2024-09-19T16:31:41.899+0000] {processor.py:836} INFO - DAG(s) dict_keys(['example_nested_branch_dag']) retrieved from /home/vscode/.local/lib/python3.10/site-packages/airflow/example_dags/example_nested_branch_dag.py
[2024-09-19T16:31:41.912+0000] {logging_mixin.py:150} INFO - [2024-09-19T16:31:41.912+0000] {dag.py:2742} INFO - Sync 1 DAGs
[2024-09-19T16:31:41.927+0000] {logging_mixin.py:150} INFO - [2024-09-19T16:31:41.927+0000] {dag.py:3504} INFO - Setting next_dagrun for example_nested_branch_dag to 2024-09-18T00:00:00+00:00, run_after=2024-09-19T00:00:00+00:00
[2024-09-19T16:31:41.961+0000] {processor.py:179} INFO - Processing /home/vscode/.local/lib/python3.10/site-packages/airflow/example_dags/example_nested_branch_dag.py took 0.072 seconds
[2024-09-19T16:32:25.785+0000] {processor.py:157} INFO - Started process (PID=19065) to work on /home/vscode/.local/lib/python3.10/site-packages/airflow/example_dags/example_nested_branch_dag.py
[2024-09-19T16:32:25.786+0000] {processor.py:826} INFO - Processing file /home/vscode/.local/lib/python3.10/site-packages/airflow/example_dags/example_nested_branch_dag.py for tasks to queue
[2024-09-19T16:32:25.786+0000] {logging_mixin.py:150} INFO - [2024-09-19T16:32:25.786+0000] {dagbag.py:541} INFO - Filling up the DagBag from /home/vscode/.local/lib/python3.10/site-packages/airflow/example_dags/example_nested_branch_dag.py
[2024-09-19T16:32:25.794+0000] {processor.py:836} INFO - DAG(s) dict_keys(['example_nested_branch_dag']) retrieved from /home/vscode/.local/lib/python3.10/site-packages/airflow/example_dags/example_nested_branch_dag.py
[2024-09-19T16:32:25.806+0000] {logging_mixin.py:150} INFO - [2024-09-19T16:32:25.806+0000] {dag.py:2742} INFO - Sync 1 DAGs
[2024-09-19T16:32:25.821+0000] {logging_mixin.py:150} INFO - [2024-09-19T16:32:25.821+0000] {dag.py:3504} INFO - Setting next_dagrun for example_nested_branch_dag to 2024-09-18T00:00:00+00:00, run_after=2024-09-19T00:00:00+00:00
[2024-09-19T16:32:25.890+0000] {processor.py:179} INFO - Processing /home/vscode/.local/lib/python3.10/site-packages/airflow/example_dags/example_nested_branch_dag.py took 0.107 seconds
[2024-09-19T16:33:10.214+0000] {processor.py:157} INFO - Started process (PID=19585) to work on /home/vscode/.local/lib/python3.10/site-packages/airflow/example_dags/example_nested_branch_dag.py
[2024-09-19T16:33:10.214+0000] {processor.py:826} INFO - Processing file /home/vscode/.local/lib/python3.10/site-packages/airflow/example_dags/example_nested_branch_dag.py for tasks to queue
[2024-09-19T16:33:10.215+0000] {logging_mixin.py:150} INFO - [2024-09-19T16:33:10.215+0000] {dagbag.py:541} INFO - Filling up the DagBag from /home/vscode/.local/lib/python3.10/site-packages/airflow/example_dags/example_nested_branch_dag.py
[2024-09-19T16:33:10.222+0000] {processor.py:836} INFO - DAG(s) dict_keys(['example_nested_branch_dag']) retrieved from /home/vscode/.local/lib/python3.10/site-packages/airflow/example_dags/example_nested_branch_dag.py
[2024-09-19T16:33:10.234+0000] {logging_mixin.py:150} INFO - [2024-09-19T16:33:10.234+0000] {dag.py:2742} INFO - Sync 1 DAGs
[2024-09-19T16:33:10.249+0000] {logging_mixin.py:150} INFO - [2024-09-19T16:33:10.249+0000] {dag.py:3504} INFO - Setting next_dagrun for example_nested_branch_dag to 2024-09-18T00:00:00+00:00, run_after=2024-09-19T00:00:00+00:00
[2024-09-19T16:33:10.282+0000] {processor.py:179} INFO - Processing /home/vscode/.local/lib/python3.10/site-packages/airflow/example_dags/example_nested_branch_dag.py took 0.070 seconds
[2024-09-19T16:33:55.352+0000] {processor.py:157} INFO - Started process (PID=19926) to work on /home/vscode/.local/lib/python3.10/site-packages/airflow/example_dags/example_nested_branch_dag.py
[2024-09-19T16:33:55.353+0000] {processor.py:826} INFO - Processing file /home/vscode/.local/lib/python3.10/site-packages/airflow/example_dags/example_nested_branch_dag.py for tasks to queue
[2024-09-19T16:33:55.353+0000] {logging_mixin.py:150} INFO - [2024-09-19T16:33:55.353+0000] {dagbag.py:541} INFO - Filling up the DagBag from /home/vscode/.local/lib/python3.10/site-packages/airflow/example_dags/example_nested_branch_dag.py
[2024-09-19T16:33:55.361+0000] {processor.py:836} INFO - DAG(s) dict_keys(['example_nested_branch_dag']) retrieved from /home/vscode/.local/lib/python3.10/site-packages/airflow/example_dags/example_nested_branch_dag.py
[2024-09-19T16:33:55.375+0000] {logging_mixin.py:150} INFO - [2024-09-19T16:33:55.374+0000] {dag.py:2742} INFO - Sync 1 DAGs
[2024-09-19T16:33:55.390+0000] {logging_mixin.py:150} INFO - [2024-09-19T16:33:55.390+0000] {dag.py:3504} INFO - Setting next_dagrun for example_nested_branch_dag to 2024-09-18T00:00:00+00:00, run_after=2024-09-19T00:00:00+00:00
[2024-09-19T16:33:55.450+0000] {processor.py:179} INFO - Processing /home/vscode/.local/lib/python3.10/site-packages/airflow/example_dags/example_nested_branch_dag.py took 0.099 seconds
