[2024-09-19T16:25:47.681+0000] {processor.py:186} INFO - Started process (PID=11923) to work on /home/vscode/.local/lib/python3.10/site-packages/airflow/example_dags/example_complex.py
[2024-09-19T16:25:47.681+0000] {processor.py:914} INFO - Processing file /home/vscode/.local/lib/python3.10/site-packages/airflow/example_dags/example_complex.py for tasks to queue
[2024-09-19T16:25:47.683+0000] {logging_mixin.py:190} INFO - [2024-09-19T16:25:47.683+0000] {dagbag.py:587} INFO - Filling up the DagBag from /home/vscode/.local/lib/python3.10/site-packages/airflow/example_dags/example_complex.py
[2024-09-19T16:25:47.694+0000] {processor.py:925} INFO - DAG(s) 'example_complex' retrieved from /home/vscode/.local/lib/python3.10/site-packages/airflow/example_dags/example_complex.py
[2024-09-19T16:25:47.861+0000] {logging_mixin.py:190} INFO - [2024-09-19T16:25:47.860+0000] {override.py:1900} INFO - Created Permission View: can edit on DAG:example_complex
[2024-09-19T16:25:47.896+0000] {logging_mixin.py:190} INFO - [2024-09-19T16:25:47.895+0000] {override.py:1900} INFO - Created Permission View: can read on DAG:example_complex
[2024-09-19T16:25:47.921+0000] {logging_mixin.py:190} INFO - [2024-09-19T16:25:47.920+0000] {override.py:1900} INFO - Created Permission View: can delete on DAG:example_complex
[2024-09-19T16:25:47.970+0000] {logging_mixin.py:190} INFO - [2024-09-19T16:25:47.969+0000] {override.py:1900} INFO - Created Permission View: menu access on DAG Run:example_complex
[2024-09-19T16:25:47.998+0000] {logging_mixin.py:190} INFO - [2024-09-19T16:25:47.997+0000] {override.py:1900} INFO - Created Permission View: can read on DAG Run:example_complex
[2024-09-19T16:25:48.048+0000] {logging_mixin.py:190} INFO - [2024-09-19T16:25:48.048+0000] {override.py:1900} INFO - Created Permission View: can create on DAG Run:example_complex
[2024-09-19T16:25:48.081+0000] {logging_mixin.py:190} INFO - [2024-09-19T16:25:48.081+0000] {override.py:1900} INFO - Created Permission View: can delete on DAG Run:example_complex
[2024-09-19T16:25:48.082+0000] {logging_mixin.py:190} INFO - [2024-09-19T16:25:48.081+0000] {dag.py:3229} INFO - Sync 1 DAGs
[2024-09-19T16:25:48.092+0000] {logging_mixin.py:190} INFO - [2024-09-19T16:25:48.092+0000] {dag.py:3252} INFO - Creating ORM DAG for example_complex
[2024-09-19T16:25:48.093+0000] {logging_mixin.py:190} INFO - [2024-09-19T16:25:48.093+0000] {dag.py:4156} INFO - Setting next_dagrun for example_complex to None, run_after=None
[2024-09-19T16:25:48.150+0000] {processor.py:208} INFO - Processing /home/vscode/.local/lib/python3.10/site-packages/airflow/example_dags/example_complex.py took 0.474 seconds
[2024-09-19T16:27:00.614+0000] {processor.py:186} INFO - Started process (PID=12406) to work on /home/vscode/.local/lib/python3.10/site-packages/airflow/example_dags/example_complex.py
[2024-09-19T16:27:00.614+0000] {processor.py:914} INFO - Processing file /home/vscode/.local/lib/python3.10/site-packages/airflow/example_dags/example_complex.py for tasks to queue
[2024-09-19T16:27:00.616+0000] {logging_mixin.py:190} INFO - [2024-09-19T16:27:00.615+0000] {dagbag.py:587} INFO - Filling up the DagBag from /home/vscode/.local/lib/python3.10/site-packages/airflow/example_dags/example_complex.py
[2024-09-19T16:27:00.626+0000] {processor.py:925} INFO - DAG(s) 'example_complex' retrieved from /home/vscode/.local/lib/python3.10/site-packages/airflow/example_dags/example_complex.py
[2024-09-19T16:27:00.647+0000] {logging_mixin.py:190} INFO - [2024-09-19T16:27:00.647+0000] {dag.py:3229} INFO - Sync 1 DAGs
[2024-09-19T16:27:00.658+0000] {logging_mixin.py:190} INFO - [2024-09-19T16:27:00.657+0000] {dag.py:4156} INFO - Setting next_dagrun for example_complex to None, run_after=None
[2024-09-19T16:27:00.727+0000] {processor.py:208} INFO - Processing /home/vscode/.local/lib/python3.10/site-packages/airflow/example_dags/example_complex.py took 0.118 seconds
[2024-09-19T16:27:57.290+0000] {processor.py:186} INFO - Started process (PID=12822) to work on /home/vscode/.local/lib/python3.10/site-packages/airflow/example_dags/example_complex.py
[2024-09-19T16:27:57.290+0000] {processor.py:914} INFO - Processing file /home/vscode/.local/lib/python3.10/site-packages/airflow/example_dags/example_complex.py for tasks to queue
[2024-09-19T16:27:57.292+0000] {logging_mixin.py:190} INFO - [2024-09-19T16:27:57.292+0000] {dagbag.py:587} INFO - Filling up the DagBag from /home/vscode/.local/lib/python3.10/site-packages/airflow/example_dags/example_complex.py
[2024-09-19T16:27:57.302+0000] {processor.py:925} INFO - DAG(s) 'example_complex' retrieved from /home/vscode/.local/lib/python3.10/site-packages/airflow/example_dags/example_complex.py
[2024-09-19T16:27:57.324+0000] {logging_mixin.py:190} INFO - [2024-09-19T16:27:57.324+0000] {dag.py:3229} INFO - Sync 1 DAGs
[2024-09-19T16:27:57.334+0000] {logging_mixin.py:190} INFO - [2024-09-19T16:27:57.334+0000] {dag.py:4156} INFO - Setting next_dagrun for example_complex to None, run_after=None
[2024-09-19T16:27:57.386+0000] {processor.py:208} INFO - Processing /home/vscode/.local/lib/python3.10/site-packages/airflow/example_dags/example_complex.py took 0.101 seconds
[2024-09-19T16:28:52.667+0000] {processor.py:186} INFO - Started process (PID=13266) to work on /home/vscode/.local/lib/python3.10/site-packages/airflow/example_dags/example_complex.py
[2024-09-19T16:28:52.668+0000] {processor.py:914} INFO - Processing file /home/vscode/.local/lib/python3.10/site-packages/airflow/example_dags/example_complex.py for tasks to queue
[2024-09-19T16:28:52.669+0000] {logging_mixin.py:190} INFO - [2024-09-19T16:28:52.669+0000] {dagbag.py:587} INFO - Filling up the DagBag from /home/vscode/.local/lib/python3.10/site-packages/airflow/example_dags/example_complex.py
[2024-09-19T16:28:52.683+0000] {processor.py:925} INFO - DAG(s) 'example_complex' retrieved from /home/vscode/.local/lib/python3.10/site-packages/airflow/example_dags/example_complex.py
[2024-09-19T16:28:52.709+0000] {logging_mixin.py:190} INFO - [2024-09-19T16:28:52.709+0000] {dag.py:3229} INFO - Sync 1 DAGs
[2024-09-19T16:28:52.719+0000] {logging_mixin.py:190} INFO - [2024-09-19T16:28:52.719+0000] {dag.py:4156} INFO - Setting next_dagrun for example_complex to None, run_after=None
[2024-09-19T16:28:52.753+0000] {processor.py:208} INFO - Processing /home/vscode/.local/lib/python3.10/site-packages/airflow/example_dags/example_complex.py took 0.091 seconds
[2024-09-19T16:30:06.905+0000] {processor.py:186} INFO - Started process (PID=13867) to work on /home/vscode/.local/lib/python3.10/site-packages/airflow/example_dags/example_complex.py
[2024-09-19T16:30:06.906+0000] {processor.py:914} INFO - Processing file /home/vscode/.local/lib/python3.10/site-packages/airflow/example_dags/example_complex.py for tasks to queue
[2024-09-19T16:30:06.908+0000] {logging_mixin.py:190} INFO - [2024-09-19T16:30:06.907+0000] {dagbag.py:587} INFO - Filling up the DagBag from /home/vscode/.local/lib/python3.10/site-packages/airflow/example_dags/example_complex.py
[2024-09-19T16:30:06.918+0000] {processor.py:925} INFO - DAG(s) 'example_complex' retrieved from /home/vscode/.local/lib/python3.10/site-packages/airflow/example_dags/example_complex.py
[2024-09-19T16:30:06.941+0000] {logging_mixin.py:190} INFO - [2024-09-19T16:30:06.940+0000] {dag.py:3229} INFO - Sync 1 DAGs
[2024-09-19T16:30:06.950+0000] {logging_mixin.py:190} INFO - [2024-09-19T16:30:06.950+0000] {dag.py:4156} INFO - Setting next_dagrun for example_complex to None, run_after=None
[2024-09-19T16:30:06.986+0000] {processor.py:208} INFO - Processing /home/vscode/.local/lib/python3.10/site-packages/airflow/example_dags/example_complex.py took 0.085 seconds
[2024-09-19T16:30:58.546+0000] {processor.py:186} INFO - Started process (PID=14220) to work on /home/vscode/.local/lib/python3.10/site-packages/airflow/example_dags/example_complex.py
[2024-09-19T16:30:58.547+0000] {processor.py:914} INFO - Processing file /home/vscode/.local/lib/python3.10/site-packages/airflow/example_dags/example_complex.py for tasks to queue
[2024-09-19T16:30:58.549+0000] {logging_mixin.py:190} INFO - [2024-09-19T16:30:58.549+0000] {dagbag.py:587} INFO - Filling up the DagBag from /home/vscode/.local/lib/python3.10/site-packages/airflow/example_dags/example_complex.py
[2024-09-19T16:30:58.567+0000] {processor.py:925} INFO - DAG(s) 'example_complex' retrieved from /home/vscode/.local/lib/python3.10/site-packages/airflow/example_dags/example_complex.py
[2024-09-19T16:30:58.600+0000] {logging_mixin.py:190} INFO - [2024-09-19T16:30:58.600+0000] {dag.py:3229} INFO - Sync 1 DAGs
[2024-09-19T16:30:58.611+0000] {logging_mixin.py:190} INFO - [2024-09-19T16:30:58.611+0000] {dag.py:4156} INFO - Setting next_dagrun for example_complex to None, run_after=None
[2024-09-19T16:30:58.645+0000] {processor.py:208} INFO - Processing /home/vscode/.local/lib/python3.10/site-packages/airflow/example_dags/example_complex.py took 0.105 seconds
[2024-09-19T16:31:54.082+0000] {processor.py:186} INFO - Started process (PID=14811) to work on /home/vscode/.local/lib/python3.10/site-packages/airflow/example_dags/example_complex.py
[2024-09-19T16:31:54.083+0000] {processor.py:914} INFO - Processing file /home/vscode/.local/lib/python3.10/site-packages/airflow/example_dags/example_complex.py for tasks to queue
[2024-09-19T16:31:54.084+0000] {logging_mixin.py:190} INFO - [2024-09-19T16:31:54.084+0000] {dagbag.py:587} INFO - Filling up the DagBag from /home/vscode/.local/lib/python3.10/site-packages/airflow/example_dags/example_complex.py
[2024-09-19T16:31:54.095+0000] {processor.py:925} INFO - DAG(s) 'example_complex' retrieved from /home/vscode/.local/lib/python3.10/site-packages/airflow/example_dags/example_complex.py
[2024-09-19T16:31:54.117+0000] {logging_mixin.py:190} INFO - [2024-09-19T16:31:54.117+0000] {dag.py:3229} INFO - Sync 1 DAGs
[2024-09-19T16:31:54.127+0000] {logging_mixin.py:190} INFO - [2024-09-19T16:31:54.127+0000] {dag.py:4156} INFO - Setting next_dagrun for example_complex to None, run_after=None
[2024-09-19T16:31:54.170+0000] {processor.py:208} INFO - Processing /home/vscode/.local/lib/python3.10/site-packages/airflow/example_dags/example_complex.py took 0.092 seconds
[2024-09-19T16:32:47.980+0000] {processor.py:186} INFO - Started process (PID=15281) to work on /home/vscode/.local/lib/python3.10/site-packages/airflow/example_dags/example_complex.py
[2024-09-19T16:32:47.981+0000] {processor.py:914} INFO - Processing file /home/vscode/.local/lib/python3.10/site-packages/airflow/example_dags/example_complex.py for tasks to queue
[2024-09-19T16:32:47.982+0000] {logging_mixin.py:190} INFO - [2024-09-19T16:32:47.982+0000] {dagbag.py:587} INFO - Filling up the DagBag from /home/vscode/.local/lib/python3.10/site-packages/airflow/example_dags/example_complex.py
[2024-09-19T16:32:47.993+0000] {processor.py:925} INFO - DAG(s) 'example_complex' retrieved from /home/vscode/.local/lib/python3.10/site-packages/airflow/example_dags/example_complex.py
[2024-09-19T16:32:48.015+0000] {logging_mixin.py:190} INFO - [2024-09-19T16:32:48.015+0000] {dag.py:3229} INFO - Sync 1 DAGs
[2024-09-19T16:32:48.025+0000] {logging_mixin.py:190} INFO - [2024-09-19T16:32:48.025+0000] {dag.py:4156} INFO - Setting next_dagrun for example_complex to None, run_after=None
[2024-09-19T16:32:48.070+0000] {processor.py:208} INFO - Processing /home/vscode/.local/lib/python3.10/site-packages/airflow/example_dags/example_complex.py took 0.094 seconds
[2024-09-19T16:34:03.426+0000] {processor.py:186} INFO - Started process (PID=15789) to work on /home/vscode/.local/lib/python3.10/site-packages/airflow/example_dags/example_complex.py
[2024-09-19T16:34:03.426+0000] {processor.py:914} INFO - Processing file /home/vscode/.local/lib/python3.10/site-packages/airflow/example_dags/example_complex.py for tasks to queue
[2024-09-19T16:34:03.428+0000] {logging_mixin.py:190} INFO - [2024-09-19T16:34:03.428+0000] {dagbag.py:587} INFO - Filling up the DagBag from /home/vscode/.local/lib/python3.10/site-packages/airflow/example_dags/example_complex.py
[2024-09-19T16:34:03.438+0000] {processor.py:925} INFO - DAG(s) 'example_complex' retrieved from /home/vscode/.local/lib/python3.10/site-packages/airflow/example_dags/example_complex.py
[2024-09-19T16:34:03.460+0000] {logging_mixin.py:190} INFO - [2024-09-19T16:34:03.460+0000] {dag.py:3229} INFO - Sync 1 DAGs
[2024-09-19T16:34:03.470+0000] {logging_mixin.py:190} INFO - [2024-09-19T16:34:03.470+0000] {dag.py:4156} INFO - Setting next_dagrun for example_complex to None, run_after=None
[2024-09-19T16:34:03.503+0000] {processor.py:208} INFO - Processing /home/vscode/.local/lib/python3.10/site-packages/airflow/example_dags/example_complex.py took 0.082 seconds
[2024-09-19T16:35:15.780+0000] {processor.py:186} INFO - Started process (PID=16296) to work on /home/vscode/.local/lib/python3.10/site-packages/airflow/example_dags/example_complex.py
[2024-09-19T16:35:15.781+0000] {processor.py:914} INFO - Processing file /home/vscode/.local/lib/python3.10/site-packages/airflow/example_dags/example_complex.py for tasks to queue
[2024-09-19T16:35:15.782+0000] {logging_mixin.py:190} INFO - [2024-09-19T16:35:15.782+0000] {dagbag.py:587} INFO - Filling up the DagBag from /home/vscode/.local/lib/python3.10/site-packages/airflow/example_dags/example_complex.py
[2024-09-19T16:35:15.793+0000] {processor.py:925} INFO - DAG(s) 'example_complex' retrieved from /home/vscode/.local/lib/python3.10/site-packages/airflow/example_dags/example_complex.py
[2024-09-19T16:35:15.815+0000] {logging_mixin.py:190} INFO - [2024-09-19T16:35:15.814+0000] {dag.py:3229} INFO - Sync 1 DAGs
[2024-09-19T16:35:15.824+0000] {logging_mixin.py:190} INFO - [2024-09-19T16:35:15.824+0000] {dag.py:4156} INFO - Setting next_dagrun for example_complex to None, run_after=None
[2024-09-19T16:35:15.859+0000] {processor.py:208} INFO - Processing /home/vscode/.local/lib/python3.10/site-packages/airflow/example_dags/example_complex.py took 0.084 seconds
[2024-09-19T23:23:05.223+0000] {processor.py:186} INFO - Started process (PID=20235) to work on /home/vscode/.local/lib/python3.10/site-packages/airflow/example_dags/example_complex.py
[2024-09-19T23:23:05.224+0000] {processor.py:914} INFO - Processing file /home/vscode/.local/lib/python3.10/site-packages/airflow/example_dags/example_complex.py for tasks to queue
[2024-09-19T23:23:05.226+0000] {logging_mixin.py:190} INFO - [2024-09-19T23:23:05.226+0000] {dagbag.py:587} INFO - Filling up the DagBag from /home/vscode/.local/lib/python3.10/site-packages/airflow/example_dags/example_complex.py
[2024-09-19T23:23:05.245+0000] {processor.py:925} INFO - DAG(s) 'example_complex' retrieved from /home/vscode/.local/lib/python3.10/site-packages/airflow/example_dags/example_complex.py
[2024-09-19T23:23:05.266+0000] {logging_mixin.py:190} INFO - [2024-09-19T23:23:05.266+0000] {dag.py:3229} INFO - Sync 1 DAGs
[2024-09-19T23:23:05.276+0000] {logging_mixin.py:190} INFO - [2024-09-19T23:23:05.275+0000] {dag.py:4156} INFO - Setting next_dagrun for example_complex to None, run_after=None
[2024-09-19T23:23:05.318+0000] {processor.py:208} INFO - Processing /home/vscode/.local/lib/python3.10/site-packages/airflow/example_dags/example_complex.py took 0.104 seconds
[2024-09-19T23:24:03.348+0000] {processor.py:186} INFO - Started process (PID=20690) to work on /home/vscode/.local/lib/python3.10/site-packages/airflow/example_dags/example_complex.py
[2024-09-19T23:24:03.348+0000] {processor.py:914} INFO - Processing file /home/vscode/.local/lib/python3.10/site-packages/airflow/example_dags/example_complex.py for tasks to queue
[2024-09-19T23:24:03.350+0000] {logging_mixin.py:190} INFO - [2024-09-19T23:24:03.350+0000] {dagbag.py:587} INFO - Filling up the DagBag from /home/vscode/.local/lib/python3.10/site-packages/airflow/example_dags/example_complex.py
[2024-09-19T23:24:03.360+0000] {processor.py:925} INFO - DAG(s) 'example_complex' retrieved from /home/vscode/.local/lib/python3.10/site-packages/airflow/example_dags/example_complex.py
[2024-09-19T23:24:03.381+0000] {logging_mixin.py:190} INFO - [2024-09-19T23:24:03.381+0000] {dag.py:3229} INFO - Sync 1 DAGs
[2024-09-19T23:24:03.390+0000] {logging_mixin.py:190} INFO - [2024-09-19T23:24:03.390+0000] {dag.py:4156} INFO - Setting next_dagrun for example_complex to None, run_after=None
[2024-09-19T23:24:03.436+0000] {processor.py:208} INFO - Processing /home/vscode/.local/lib/python3.10/site-packages/airflow/example_dags/example_complex.py took 0.093 seconds
[2024-09-19T23:25:00.715+0000] {processor.py:186} INFO - Started process (PID=21159) to work on /home/vscode/.local/lib/python3.10/site-packages/airflow/example_dags/example_complex.py
[2024-09-19T23:25:00.716+0000] {processor.py:914} INFO - Processing file /home/vscode/.local/lib/python3.10/site-packages/airflow/example_dags/example_complex.py for tasks to queue
[2024-09-19T23:25:00.718+0000] {logging_mixin.py:190} INFO - [2024-09-19T23:25:00.717+0000] {dagbag.py:587} INFO - Filling up the DagBag from /home/vscode/.local/lib/python3.10/site-packages/airflow/example_dags/example_complex.py
[2024-09-19T23:25:00.728+0000] {processor.py:925} INFO - DAG(s) 'example_complex' retrieved from /home/vscode/.local/lib/python3.10/site-packages/airflow/example_dags/example_complex.py
[2024-09-19T23:25:00.749+0000] {logging_mixin.py:190} INFO - [2024-09-19T23:25:00.749+0000] {dag.py:3229} INFO - Sync 1 DAGs
[2024-09-19T23:25:00.758+0000] {logging_mixin.py:190} INFO - [2024-09-19T23:25:00.758+0000] {dag.py:4156} INFO - Setting next_dagrun for example_complex to None, run_after=None
[2024-09-19T23:25:00.802+0000] {processor.py:208} INFO - Processing /home/vscode/.local/lib/python3.10/site-packages/airflow/example_dags/example_complex.py took 0.091 seconds
