[2024-09-19T16:25:46.359+0000] {processor.py:186} INFO - Started process (PID=11915) to work on /home/vscode/.local/lib/python3.10/site-packages/airflow/example_dags/example_branch_python_dop_operator_3.py
[2024-09-19T16:25:46.360+0000] {processor.py:914} INFO - Processing file /home/vscode/.local/lib/python3.10/site-packages/airflow/example_dags/example_branch_python_dop_operator_3.py for tasks to queue
[2024-09-19T16:25:46.362+0000] {logging_mixin.py:190} INFO - [2024-09-19T16:25:46.361+0000] {dagbag.py:587} INFO - Filling up the DagBag from /home/vscode/.local/lib/python3.10/site-packages/airflow/example_dags/example_branch_python_dop_operator_3.py
[2024-09-19T16:25:46.370+0000] {processor.py:925} INFO - DAG(s) 'example_branch_dop_operator_v3' retrieved from /home/vscode/.local/lib/python3.10/site-packages/airflow/example_dags/example_branch_python_dop_operator_3.py
[2024-09-19T16:25:46.514+0000] {logging_mixin.py:190} INFO - [2024-09-19T16:25:46.514+0000] {override.py:1900} INFO - Created Permission View: can edit on DAG:example_branch_dop_operator_v3
[2024-09-19T16:25:46.559+0000] {logging_mixin.py:190} INFO - [2024-09-19T16:25:46.559+0000] {override.py:1900} INFO - Created Permission View: can read on DAG:example_branch_dop_operator_v3
[2024-09-19T16:25:46.597+0000] {logging_mixin.py:190} INFO - [2024-09-19T16:25:46.596+0000] {override.py:1900} INFO - Created Permission View: can delete on DAG:example_branch_dop_operator_v3
[2024-09-19T16:25:46.650+0000] {logging_mixin.py:190} INFO - [2024-09-19T16:25:46.650+0000] {override.py:1900} INFO - Created Permission View: menu access on DAG Run:example_branch_dop_operator_v3
[2024-09-19T16:25:46.681+0000] {logging_mixin.py:190} INFO - [2024-09-19T16:25:46.681+0000] {override.py:1900} INFO - Created Permission View: can read on DAG Run:example_branch_dop_operator_v3
[2024-09-19T16:25:46.705+0000] {logging_mixin.py:190} INFO - [2024-09-19T16:25:46.705+0000] {override.py:1900} INFO - Created Permission View: can create on DAG Run:example_branch_dop_operator_v3
[2024-09-19T16:25:46.738+0000] {logging_mixin.py:190} INFO - [2024-09-19T16:25:46.738+0000] {override.py:1900} INFO - Created Permission View: can delete on DAG Run:example_branch_dop_operator_v3
[2024-09-19T16:25:46.738+0000] {logging_mixin.py:190} INFO - [2024-09-19T16:25:46.738+0000] {dag.py:3229} INFO - Sync 1 DAGs
[2024-09-19T16:25:46.748+0000] {logging_mixin.py:190} INFO - [2024-09-19T16:25:46.748+0000] {dag.py:3252} INFO - Creating ORM DAG for example_branch_dop_operator_v3
[2024-09-19T16:25:46.760+0000] {logging_mixin.py:190} INFO - [2024-09-19T16:25:46.760+0000] {dag.py:4156} INFO - Setting next_dagrun for example_branch_dop_operator_v3 to 2024-09-19 16:24:00+00:00, run_after=2024-09-19 16:25:00+00:00
[2024-09-19T16:25:46.806+0000] {processor.py:208} INFO - Processing /home/vscode/.local/lib/python3.10/site-packages/airflow/example_dags/example_branch_python_dop_operator_3.py took 0.452 seconds
[2024-09-19T16:26:59.447+0000] {processor.py:186} INFO - Started process (PID=12404) to work on /home/vscode/.local/lib/python3.10/site-packages/airflow/example_dags/example_branch_python_dop_operator_3.py
[2024-09-19T16:26:59.447+0000] {processor.py:914} INFO - Processing file /home/vscode/.local/lib/python3.10/site-packages/airflow/example_dags/example_branch_python_dop_operator_3.py for tasks to queue
[2024-09-19T16:26:59.449+0000] {logging_mixin.py:190} INFO - [2024-09-19T16:26:59.449+0000] {dagbag.py:587} INFO - Filling up the DagBag from /home/vscode/.local/lib/python3.10/site-packages/airflow/example_dags/example_branch_python_dop_operator_3.py
[2024-09-19T16:26:59.458+0000] {processor.py:925} INFO - DAG(s) 'example_branch_dop_operator_v3' retrieved from /home/vscode/.local/lib/python3.10/site-packages/airflow/example_dags/example_branch_python_dop_operator_3.py
[2024-09-19T16:26:59.470+0000] {logging_mixin.py:190} INFO - [2024-09-19T16:26:59.470+0000] {dag.py:3229} INFO - Sync 1 DAGs
[2024-09-19T16:26:59.490+0000] {logging_mixin.py:190} INFO - [2024-09-19T16:26:59.489+0000] {dag.py:4156} INFO - Setting next_dagrun for example_branch_dop_operator_v3 to 2024-09-19 16:25:00+00:00, run_after=2024-09-19 16:26:00+00:00
[2024-09-19T16:26:59.531+0000] {processor.py:208} INFO - Processing /home/vscode/.local/lib/python3.10/site-packages/airflow/example_dags/example_branch_python_dop_operator_3.py took 0.090 seconds
[2024-09-19T16:27:56.121+0000] {processor.py:186} INFO - Started process (PID=12801) to work on /home/vscode/.local/lib/python3.10/site-packages/airflow/example_dags/example_branch_python_dop_operator_3.py
[2024-09-19T16:27:56.122+0000] {processor.py:914} INFO - Processing file /home/vscode/.local/lib/python3.10/site-packages/airflow/example_dags/example_branch_python_dop_operator_3.py for tasks to queue
[2024-09-19T16:27:56.123+0000] {logging_mixin.py:190} INFO - [2024-09-19T16:27:56.123+0000] {dagbag.py:587} INFO - Filling up the DagBag from /home/vscode/.local/lib/python3.10/site-packages/airflow/example_dags/example_branch_python_dop_operator_3.py
[2024-09-19T16:27:56.131+0000] {processor.py:925} INFO - DAG(s) 'example_branch_dop_operator_v3' retrieved from /home/vscode/.local/lib/python3.10/site-packages/airflow/example_dags/example_branch_python_dop_operator_3.py
[2024-09-19T16:27:56.143+0000] {logging_mixin.py:190} INFO - [2024-09-19T16:27:56.143+0000] {dag.py:3229} INFO - Sync 1 DAGs
[2024-09-19T16:27:56.162+0000] {logging_mixin.py:190} INFO - [2024-09-19T16:27:56.162+0000] {dag.py:4156} INFO - Setting next_dagrun for example_branch_dop_operator_v3 to 2024-09-19 16:26:00+00:00, run_after=2024-09-19 16:27:00+00:00
[2024-09-19T16:27:56.211+0000] {processor.py:208} INFO - Processing /home/vscode/.local/lib/python3.10/site-packages/airflow/example_dags/example_branch_python_dop_operator_3.py took 0.095 seconds
[2024-09-19T16:28:51.508+0000] {processor.py:186} INFO - Started process (PID=13241) to work on /home/vscode/.local/lib/python3.10/site-packages/airflow/example_dags/example_branch_python_dop_operator_3.py
[2024-09-19T16:28:51.509+0000] {processor.py:914} INFO - Processing file /home/vscode/.local/lib/python3.10/site-packages/airflow/example_dags/example_branch_python_dop_operator_3.py for tasks to queue
[2024-09-19T16:28:51.511+0000] {logging_mixin.py:190} INFO - [2024-09-19T16:28:51.511+0000] {dagbag.py:587} INFO - Filling up the DagBag from /home/vscode/.local/lib/python3.10/site-packages/airflow/example_dags/example_branch_python_dop_operator_3.py
[2024-09-19T16:28:51.520+0000] {processor.py:925} INFO - DAG(s) 'example_branch_dop_operator_v3' retrieved from /home/vscode/.local/lib/python3.10/site-packages/airflow/example_dags/example_branch_python_dop_operator_3.py
[2024-09-19T16:28:51.532+0000] {logging_mixin.py:190} INFO - [2024-09-19T16:28:51.532+0000] {dag.py:3229} INFO - Sync 1 DAGs
[2024-09-19T16:28:51.551+0000] {logging_mixin.py:190} INFO - [2024-09-19T16:28:51.551+0000] {dag.py:4156} INFO - Setting next_dagrun for example_branch_dop_operator_v3 to 2024-09-19 16:27:00+00:00, run_after=2024-09-19 16:28:00+00:00
[2024-09-19T16:28:51.586+0000] {processor.py:208} INFO - Processing /home/vscode/.local/lib/python3.10/site-packages/airflow/example_dags/example_branch_python_dop_operator_3.py took 0.083 seconds
[2024-09-19T16:29:44.841+0000] {processor.py:186} INFO - Started process (PID=13718) to work on /home/vscode/.local/lib/python3.10/site-packages/airflow/example_dags/example_branch_python_dop_operator_3.py
[2024-09-19T16:29:44.842+0000] {processor.py:914} INFO - Processing file /home/vscode/.local/lib/python3.10/site-packages/airflow/example_dags/example_branch_python_dop_operator_3.py for tasks to queue
[2024-09-19T16:29:44.844+0000] {logging_mixin.py:190} INFO - [2024-09-19T16:29:44.843+0000] {dagbag.py:587} INFO - Filling up the DagBag from /home/vscode/.local/lib/python3.10/site-packages/airflow/example_dags/example_branch_python_dop_operator_3.py
[2024-09-19T16:29:44.852+0000] {processor.py:925} INFO - DAG(s) 'example_branch_dop_operator_v3' retrieved from /home/vscode/.local/lib/python3.10/site-packages/airflow/example_dags/example_branch_python_dop_operator_3.py
[2024-09-19T16:29:44.864+0000] {logging_mixin.py:190} INFO - [2024-09-19T16:29:44.864+0000] {dag.py:3229} INFO - Sync 1 DAGs
[2024-09-19T16:29:44.891+0000] {logging_mixin.py:190} INFO - [2024-09-19T16:29:44.891+0000] {dag.py:4156} INFO - Setting next_dagrun for example_branch_dop_operator_v3 to 2024-09-19 16:28:00+00:00, run_after=2024-09-19 16:29:00+00:00
[2024-09-19T16:29:44.924+0000] {processor.py:208} INFO - Processing /home/vscode/.local/lib/python3.10/site-packages/airflow/example_dags/example_branch_python_dop_operator_3.py took 0.087 seconds
[2024-09-19T16:30:57.371+0000] {processor.py:186} INFO - Started process (PID=14211) to work on /home/vscode/.local/lib/python3.10/site-packages/airflow/example_dags/example_branch_python_dop_operator_3.py
[2024-09-19T16:30:57.371+0000] {processor.py:914} INFO - Processing file /home/vscode/.local/lib/python3.10/site-packages/airflow/example_dags/example_branch_python_dop_operator_3.py for tasks to queue
[2024-09-19T16:30:57.373+0000] {logging_mixin.py:190} INFO - [2024-09-19T16:30:57.373+0000] {dagbag.py:587} INFO - Filling up the DagBag from /home/vscode/.local/lib/python3.10/site-packages/airflow/example_dags/example_branch_python_dop_operator_3.py
[2024-09-19T16:30:57.381+0000] {processor.py:925} INFO - DAG(s) 'example_branch_dop_operator_v3' retrieved from /home/vscode/.local/lib/python3.10/site-packages/airflow/example_dags/example_branch_python_dop_operator_3.py
[2024-09-19T16:30:57.393+0000] {logging_mixin.py:190} INFO - [2024-09-19T16:30:57.393+0000] {dag.py:3229} INFO - Sync 1 DAGs
[2024-09-19T16:30:57.412+0000] {logging_mixin.py:190} INFO - [2024-09-19T16:30:57.412+0000] {dag.py:4156} INFO - Setting next_dagrun for example_branch_dop_operator_v3 to 2024-09-19 16:29:00+00:00, run_after=2024-09-19 16:30:00+00:00
[2024-09-19T16:30:57.449+0000] {processor.py:208} INFO - Processing /home/vscode/.local/lib/python3.10/site-packages/airflow/example_dags/example_branch_python_dop_operator_3.py took 0.083 seconds
[2024-09-19T16:31:52.939+0000] {processor.py:186} INFO - Started process (PID=14800) to work on /home/vscode/.local/lib/python3.10/site-packages/airflow/example_dags/example_branch_python_dop_operator_3.py
[2024-09-19T16:31:52.939+0000] {processor.py:914} INFO - Processing file /home/vscode/.local/lib/python3.10/site-packages/airflow/example_dags/example_branch_python_dop_operator_3.py for tasks to queue
[2024-09-19T16:31:52.941+0000] {logging_mixin.py:190} INFO - [2024-09-19T16:31:52.941+0000] {dagbag.py:587} INFO - Filling up the DagBag from /home/vscode/.local/lib/python3.10/site-packages/airflow/example_dags/example_branch_python_dop_operator_3.py
[2024-09-19T16:31:52.949+0000] {processor.py:925} INFO - DAG(s) 'example_branch_dop_operator_v3' retrieved from /home/vscode/.local/lib/python3.10/site-packages/airflow/example_dags/example_branch_python_dop_operator_3.py
[2024-09-19T16:31:52.961+0000] {logging_mixin.py:190} INFO - [2024-09-19T16:31:52.961+0000] {dag.py:3229} INFO - Sync 1 DAGs
[2024-09-19T16:31:52.979+0000] {logging_mixin.py:190} INFO - [2024-09-19T16:31:52.979+0000] {dag.py:4156} INFO - Setting next_dagrun for example_branch_dop_operator_v3 to 2024-09-19 16:30:00+00:00, run_after=2024-09-19 16:31:00+00:00
[2024-09-19T16:31:53.013+0000] {processor.py:208} INFO - Processing /home/vscode/.local/lib/python3.10/site-packages/airflow/example_dags/example_branch_python_dop_operator_3.py took 0.079 seconds
[2024-09-19T16:32:46.840+0000] {processor.py:186} INFO - Started process (PID=15273) to work on /home/vscode/.local/lib/python3.10/site-packages/airflow/example_dags/example_branch_python_dop_operator_3.py
[2024-09-19T16:32:46.841+0000] {processor.py:914} INFO - Processing file /home/vscode/.local/lib/python3.10/site-packages/airflow/example_dags/example_branch_python_dop_operator_3.py for tasks to queue
[2024-09-19T16:32:46.842+0000] {logging_mixin.py:190} INFO - [2024-09-19T16:32:46.842+0000] {dagbag.py:587} INFO - Filling up the DagBag from /home/vscode/.local/lib/python3.10/site-packages/airflow/example_dags/example_branch_python_dop_operator_3.py
[2024-09-19T16:32:46.851+0000] {processor.py:925} INFO - DAG(s) 'example_branch_dop_operator_v3' retrieved from /home/vscode/.local/lib/python3.10/site-packages/airflow/example_dags/example_branch_python_dop_operator_3.py
[2024-09-19T16:32:46.863+0000] {logging_mixin.py:190} INFO - [2024-09-19T16:32:46.863+0000] {dag.py:3229} INFO - Sync 1 DAGs
[2024-09-19T16:32:46.883+0000] {logging_mixin.py:190} INFO - [2024-09-19T16:32:46.882+0000] {dag.py:4156} INFO - Setting next_dagrun for example_branch_dop_operator_v3 to 2024-09-19 16:31:00+00:00, run_after=2024-09-19 16:32:00+00:00
[2024-09-19T16:32:46.922+0000] {processor.py:208} INFO - Processing /home/vscode/.local/lib/python3.10/site-packages/airflow/example_dags/example_branch_python_dop_operator_3.py took 0.087 seconds
[2024-09-19T16:34:02.946+0000] {processor.py:186} INFO - Started process (PID=15788) to work on /home/vscode/.local/lib/python3.10/site-packages/airflow/example_dags/example_branch_python_dop_operator_3.py
[2024-09-19T16:34:02.947+0000] {processor.py:914} INFO - Processing file /home/vscode/.local/lib/python3.10/site-packages/airflow/example_dags/example_branch_python_dop_operator_3.py for tasks to queue
[2024-09-19T16:34:02.948+0000] {logging_mixin.py:190} INFO - [2024-09-19T16:34:02.948+0000] {dagbag.py:587} INFO - Filling up the DagBag from /home/vscode/.local/lib/python3.10/site-packages/airflow/example_dags/example_branch_python_dop_operator_3.py
[2024-09-19T16:34:02.957+0000] {processor.py:925} INFO - DAG(s) 'example_branch_dop_operator_v3' retrieved from /home/vscode/.local/lib/python3.10/site-packages/airflow/example_dags/example_branch_python_dop_operator_3.py
[2024-09-19T16:34:02.969+0000] {logging_mixin.py:190} INFO - [2024-09-19T16:34:02.968+0000] {dag.py:3229} INFO - Sync 1 DAGs
[2024-09-19T16:34:02.994+0000] {logging_mixin.py:190} INFO - [2024-09-19T16:34:02.994+0000] {dag.py:4156} INFO - Setting next_dagrun for example_branch_dop_operator_v3 to 2024-09-19 16:33:00+00:00, run_after=2024-09-19 16:34:00+00:00
[2024-09-19T16:34:03.040+0000] {processor.py:208} INFO - Processing /home/vscode/.local/lib/python3.10/site-packages/airflow/example_dags/example_branch_python_dop_operator_3.py took 0.099 seconds
[2024-09-19T16:35:14.644+0000] {processor.py:186} INFO - Started process (PID=16285) to work on /home/vscode/.local/lib/python3.10/site-packages/airflow/example_dags/example_branch_python_dop_operator_3.py
[2024-09-19T16:35:14.644+0000] {processor.py:914} INFO - Processing file /home/vscode/.local/lib/python3.10/site-packages/airflow/example_dags/example_branch_python_dop_operator_3.py for tasks to queue
[2024-09-19T16:35:14.646+0000] {logging_mixin.py:190} INFO - [2024-09-19T16:35:14.646+0000] {dagbag.py:587} INFO - Filling up the DagBag from /home/vscode/.local/lib/python3.10/site-packages/airflow/example_dags/example_branch_python_dop_operator_3.py
[2024-09-19T16:35:14.654+0000] {processor.py:925} INFO - DAG(s) 'example_branch_dop_operator_v3' retrieved from /home/vscode/.local/lib/python3.10/site-packages/airflow/example_dags/example_branch_python_dop_operator_3.py
[2024-09-19T16:35:14.665+0000] {logging_mixin.py:190} INFO - [2024-09-19T16:35:14.665+0000] {dag.py:3229} INFO - Sync 1 DAGs
[2024-09-19T16:35:14.684+0000] {logging_mixin.py:190} INFO - [2024-09-19T16:35:14.684+0000] {dag.py:4156} INFO - Setting next_dagrun for example_branch_dop_operator_v3 to 2024-09-19 16:34:00+00:00, run_after=2024-09-19 16:35:00+00:00
[2024-09-19T16:35:14.721+0000] {processor.py:208} INFO - Processing /home/vscode/.local/lib/python3.10/site-packages/airflow/example_dags/example_branch_python_dop_operator_3.py took 0.082 seconds
[2024-09-19T23:23:04.035+0000] {processor.py:186} INFO - Started process (PID=20233) to work on /home/vscode/.local/lib/python3.10/site-packages/airflow/example_dags/example_branch_python_dop_operator_3.py
[2024-09-19T23:23:04.036+0000] {processor.py:914} INFO - Processing file /home/vscode/.local/lib/python3.10/site-packages/airflow/example_dags/example_branch_python_dop_operator_3.py for tasks to queue
[2024-09-19T23:23:04.038+0000] {logging_mixin.py:190} INFO - [2024-09-19T23:23:04.037+0000] {dagbag.py:587} INFO - Filling up the DagBag from /home/vscode/.local/lib/python3.10/site-packages/airflow/example_dags/example_branch_python_dop_operator_3.py
[2024-09-19T23:23:04.046+0000] {processor.py:925} INFO - DAG(s) 'example_branch_dop_operator_v3' retrieved from /home/vscode/.local/lib/python3.10/site-packages/airflow/example_dags/example_branch_python_dop_operator_3.py
[2024-09-19T23:23:04.056+0000] {logging_mixin.py:190} INFO - [2024-09-19T23:23:04.056+0000] {dag.py:3229} INFO - Sync 1 DAGs
[2024-09-19T23:23:04.078+0000] {logging_mixin.py:190} INFO - [2024-09-19T23:23:04.078+0000] {dag.py:4156} INFO - Setting next_dagrun for example_branch_dop_operator_v3 to 2024-09-19 23:22:00+00:00, run_after=2024-09-19 23:23:00+00:00
[2024-09-19T23:23:04.120+0000] {processor.py:208} INFO - Processing /home/vscode/.local/lib/python3.10/site-packages/airflow/example_dags/example_branch_python_dop_operator_3.py took 0.090 seconds
[2024-09-19T23:24:02.113+0000] {processor.py:186} INFO - Started process (PID=20682) to work on /home/vscode/.local/lib/python3.10/site-packages/airflow/example_dags/example_branch_python_dop_operator_3.py
[2024-09-19T23:24:02.114+0000] {processor.py:914} INFO - Processing file /home/vscode/.local/lib/python3.10/site-packages/airflow/example_dags/example_branch_python_dop_operator_3.py for tasks to queue
[2024-09-19T23:24:02.115+0000] {logging_mixin.py:190} INFO - [2024-09-19T23:24:02.115+0000] {dagbag.py:587} INFO - Filling up the DagBag from /home/vscode/.local/lib/python3.10/site-packages/airflow/example_dags/example_branch_python_dop_operator_3.py
[2024-09-19T23:24:02.123+0000] {processor.py:925} INFO - DAG(s) 'example_branch_dop_operator_v3' retrieved from /home/vscode/.local/lib/python3.10/site-packages/airflow/example_dags/example_branch_python_dop_operator_3.py
[2024-09-19T23:24:02.134+0000] {logging_mixin.py:190} INFO - [2024-09-19T23:24:02.134+0000] {dag.py:3229} INFO - Sync 1 DAGs
[2024-09-19T23:24:02.152+0000] {logging_mixin.py:190} INFO - [2024-09-19T23:24:02.151+0000] {dag.py:4156} INFO - Setting next_dagrun for example_branch_dop_operator_v3 to 2024-09-19 23:23:00+00:00, run_after=2024-09-19 23:24:00+00:00
[2024-09-19T23:24:02.208+0000] {processor.py:208} INFO - Processing /home/vscode/.local/lib/python3.10/site-packages/airflow/example_dags/example_branch_python_dop_operator_3.py took 0.100 seconds
[2024-09-19T23:25:00.150+0000] {processor.py:186} INFO - Started process (PID=21157) to work on /home/vscode/.local/lib/python3.10/site-packages/airflow/example_dags/example_branch_python_dop_operator_3.py
[2024-09-19T23:25:00.150+0000] {processor.py:914} INFO - Processing file /home/vscode/.local/lib/python3.10/site-packages/airflow/example_dags/example_branch_python_dop_operator_3.py for tasks to queue
[2024-09-19T23:25:00.152+0000] {logging_mixin.py:190} INFO - [2024-09-19T23:25:00.152+0000] {dagbag.py:587} INFO - Filling up the DagBag from /home/vscode/.local/lib/python3.10/site-packages/airflow/example_dags/example_branch_python_dop_operator_3.py
[2024-09-19T23:25:00.160+0000] {processor.py:925} INFO - DAG(s) 'example_branch_dop_operator_v3' retrieved from /home/vscode/.local/lib/python3.10/site-packages/airflow/example_dags/example_branch_python_dop_operator_3.py
[2024-09-19T23:25:00.171+0000] {logging_mixin.py:190} INFO - [2024-09-19T23:25:00.171+0000] {dag.py:3229} INFO - Sync 1 DAGs
[2024-09-19T23:25:00.189+0000] {logging_mixin.py:190} INFO - [2024-09-19T23:25:00.189+0000] {dag.py:4156} INFO - Setting next_dagrun for example_branch_dop_operator_v3 to 2024-09-19 23:24:00+00:00, run_after=2024-09-19 23:25:00+00:00
[2024-09-19T23:25:00.250+0000] {processor.py:208} INFO - Processing /home/vscode/.local/lib/python3.10/site-packages/airflow/example_dags/example_branch_python_dop_operator_3.py took 0.105 seconds
