[2024-09-19T16:24:45.924+0000] {processor.py:186} INFO - Started process (PID=11484) to work on /home/vscode/.local/lib/python3.10/site-packages/airflow/example_dags/example_xcom.py
[2024-09-19T16:24:45.925+0000] {processor.py:914} INFO - Processing file /home/vscode/.local/lib/python3.10/site-packages/airflow/example_dags/example_xcom.py for tasks to queue
[2024-09-19T16:24:45.927+0000] {logging_mixin.py:190} INFO - [2024-09-19T16:24:45.926+0000] {dagbag.py:587} INFO - Filling up the DagBag from /home/vscode/.local/lib/python3.10/site-packages/airflow/example_dags/example_xcom.py
[2024-09-19T16:24:45.934+0000] {processor.py:925} INFO - DAG(s) 'example_xcom' retrieved from /home/vscode/.local/lib/python3.10/site-packages/airflow/example_dags/example_xcom.py
[2024-09-19T16:24:46.097+0000] {logging_mixin.py:190} INFO - [2024-09-19T16:24:46.096+0000] {override.py:1900} INFO - Created Permission View: can edit on DAG:example_xcom
[2024-09-19T16:24:46.128+0000] {logging_mixin.py:190} INFO - [2024-09-19T16:24:46.128+0000] {override.py:1900} INFO - Created Permission View: can read on DAG:example_xcom
[2024-09-19T16:24:46.153+0000] {logging_mixin.py:190} INFO - [2024-09-19T16:24:46.152+0000] {override.py:1900} INFO - Created Permission View: can delete on DAG:example_xcom
[2024-09-19T16:24:46.210+0000] {logging_mixin.py:190} INFO - [2024-09-19T16:24:46.210+0000] {override.py:1900} INFO - Created Permission View: menu access on DAG Run:example_xcom
[2024-09-19T16:24:46.242+0000] {logging_mixin.py:190} INFO - [2024-09-19T16:24:46.242+0000] {override.py:1900} INFO - Created Permission View: can read on DAG Run:example_xcom
[2024-09-19T16:24:46.271+0000] {logging_mixin.py:190} INFO - [2024-09-19T16:24:46.270+0000] {override.py:1900} INFO - Created Permission View: can create on DAG Run:example_xcom
[2024-09-19T16:24:46.298+0000] {logging_mixin.py:190} INFO - [2024-09-19T16:24:46.298+0000] {override.py:1900} INFO - Created Permission View: can delete on DAG Run:example_xcom
[2024-09-19T16:24:46.299+0000] {logging_mixin.py:190} INFO - [2024-09-19T16:24:46.298+0000] {dag.py:3229} INFO - Sync 1 DAGs
[2024-09-19T16:24:46.308+0000] {logging_mixin.py:190} INFO - [2024-09-19T16:24:46.308+0000] {dag.py:3252} INFO - Creating ORM DAG for example_xcom
[2024-09-19T16:24:46.315+0000] {logging_mixin.py:190} INFO - [2024-09-19T16:24:46.315+0000] {dag.py:4156} INFO - Setting next_dagrun for example_xcom to 2021-01-01 00:00:00+00:00, run_after=2021-01-01 00:00:00+00:00
[2024-09-19T16:24:46.378+0000] {processor.py:208} INFO - Processing /home/vscode/.local/lib/python3.10/site-packages/airflow/example_dags/example_xcom.py took 0.459 seconds
[2024-09-19T16:26:08.345+0000] {processor.py:186} INFO - Started process (PID=12061) to work on /home/vscode/.local/lib/python3.10/site-packages/airflow/example_dags/example_xcom.py
[2024-09-19T16:26:08.346+0000] {processor.py:914} INFO - Processing file /home/vscode/.local/lib/python3.10/site-packages/airflow/example_dags/example_xcom.py for tasks to queue
[2024-09-19T16:26:08.348+0000] {logging_mixin.py:190} INFO - [2024-09-19T16:26:08.347+0000] {dagbag.py:587} INFO - Filling up the DagBag from /home/vscode/.local/lib/python3.10/site-packages/airflow/example_dags/example_xcom.py
[2024-09-19T16:26:08.356+0000] {processor.py:925} INFO - DAG(s) 'example_xcom' retrieved from /home/vscode/.local/lib/python3.10/site-packages/airflow/example_dags/example_xcom.py
[2024-09-19T16:26:08.369+0000] {logging_mixin.py:190} INFO - [2024-09-19T16:26:08.369+0000] {dag.py:3229} INFO - Sync 1 DAGs
[2024-09-19T16:26:08.385+0000] {logging_mixin.py:190} INFO - [2024-09-19T16:26:08.385+0000] {dag.py:4156} INFO - Setting next_dagrun for example_xcom to 2021-01-01 00:00:00+00:00, run_after=2021-01-01 00:00:00+00:00
[2024-09-19T16:26:08.430+0000] {processor.py:208} INFO - Processing /home/vscode/.local/lib/python3.10/site-packages/airflow/example_dags/example_xcom.py took 0.089 seconds
[2024-09-19T16:26:46.933+0000] {processor.py:186} INFO - Started process (PID=12316) to work on /home/vscode/.local/lib/python3.10/site-packages/airflow/example_dags/example_xcom.py
[2024-09-19T16:26:46.934+0000] {processor.py:914} INFO - Processing file /home/vscode/.local/lib/python3.10/site-packages/airflow/example_dags/example_xcom.py for tasks to queue
[2024-09-19T16:26:46.936+0000] {logging_mixin.py:190} INFO - [2024-09-19T16:26:46.935+0000] {dagbag.py:587} INFO - Filling up the DagBag from /home/vscode/.local/lib/python3.10/site-packages/airflow/example_dags/example_xcom.py
[2024-09-19T16:26:46.944+0000] {processor.py:925} INFO - DAG(s) 'example_xcom' retrieved from /home/vscode/.local/lib/python3.10/site-packages/airflow/example_dags/example_xcom.py
[2024-09-19T16:26:46.957+0000] {logging_mixin.py:190} INFO - [2024-09-19T16:26:46.957+0000] {dag.py:3229} INFO - Sync 1 DAGs
[2024-09-19T16:26:46.972+0000] {logging_mixin.py:190} INFO - [2024-09-19T16:26:46.971+0000] {dag.py:4156} INFO - Setting next_dagrun for example_xcom to 2021-01-01 00:00:00+00:00, run_after=2021-01-01 00:00:00+00:00
[2024-09-19T16:26:47.008+0000] {processor.py:208} INFO - Processing /home/vscode/.local/lib/python3.10/site-packages/airflow/example_dags/example_xcom.py took 0.081 seconds
[2024-09-19T16:27:39.094+0000] {processor.py:186} INFO - Started process (PID=12692) to work on /home/vscode/.local/lib/python3.10/site-packages/airflow/example_dags/example_xcom.py
[2024-09-19T16:27:39.094+0000] {processor.py:914} INFO - Processing file /home/vscode/.local/lib/python3.10/site-packages/airflow/example_dags/example_xcom.py for tasks to queue
[2024-09-19T16:27:39.096+0000] {logging_mixin.py:190} INFO - [2024-09-19T16:27:39.095+0000] {dagbag.py:587} INFO - Filling up the DagBag from /home/vscode/.local/lib/python3.10/site-packages/airflow/example_dags/example_xcom.py
[2024-09-19T16:27:39.103+0000] {processor.py:925} INFO - DAG(s) 'example_xcom' retrieved from /home/vscode/.local/lib/python3.10/site-packages/airflow/example_dags/example_xcom.py
[2024-09-19T16:27:39.116+0000] {logging_mixin.py:190} INFO - [2024-09-19T16:27:39.116+0000] {dag.py:3229} INFO - Sync 1 DAGs
[2024-09-19T16:27:39.133+0000] {logging_mixin.py:190} INFO - [2024-09-19T16:27:39.133+0000] {dag.py:4156} INFO - Setting next_dagrun for example_xcom to 2021-01-01 00:00:00+00:00, run_after=2021-01-01 00:00:00+00:00
[2024-09-19T16:27:39.173+0000] {processor.py:208} INFO - Processing /home/vscode/.local/lib/python3.10/site-packages/airflow/example_dags/example_xcom.py took 0.084 seconds
[2024-09-19T16:28:33.638+0000] {processor.py:186} INFO - Started process (PID=13056) to work on /home/vscode/.local/lib/python3.10/site-packages/airflow/example_dags/example_xcom.py
[2024-09-19T16:28:33.639+0000] {processor.py:914} INFO - Processing file /home/vscode/.local/lib/python3.10/site-packages/airflow/example_dags/example_xcom.py for tasks to queue
[2024-09-19T16:28:33.641+0000] {logging_mixin.py:190} INFO - [2024-09-19T16:28:33.640+0000] {dagbag.py:587} INFO - Filling up the DagBag from /home/vscode/.local/lib/python3.10/site-packages/airflow/example_dags/example_xcom.py
[2024-09-19T16:28:33.648+0000] {processor.py:925} INFO - DAG(s) 'example_xcom' retrieved from /home/vscode/.local/lib/python3.10/site-packages/airflow/example_dags/example_xcom.py
[2024-09-19T16:28:33.661+0000] {logging_mixin.py:190} INFO - [2024-09-19T16:28:33.661+0000] {dag.py:3229} INFO - Sync 1 DAGs
[2024-09-19T16:28:33.676+0000] {logging_mixin.py:190} INFO - [2024-09-19T16:28:33.676+0000] {dag.py:4156} INFO - Setting next_dagrun for example_xcom to 2021-01-01 00:00:00+00:00, run_after=2021-01-01 00:00:00+00:00
[2024-09-19T16:28:33.714+0000] {processor.py:208} INFO - Processing /home/vscode/.local/lib/python3.10/site-packages/airflow/example_dags/example_xcom.py took 0.080 seconds
[2024-09-19T16:29:22.036+0000] {processor.py:186} INFO - Started process (PID=13568) to work on /home/vscode/.local/lib/python3.10/site-packages/airflow/example_dags/example_xcom.py
[2024-09-19T16:29:22.037+0000] {processor.py:914} INFO - Processing file /home/vscode/.local/lib/python3.10/site-packages/airflow/example_dags/example_xcom.py for tasks to queue
[2024-09-19T16:29:22.039+0000] {logging_mixin.py:190} INFO - [2024-09-19T16:29:22.038+0000] {dagbag.py:587} INFO - Filling up the DagBag from /home/vscode/.local/lib/python3.10/site-packages/airflow/example_dags/example_xcom.py
[2024-09-19T16:29:22.049+0000] {processor.py:925} INFO - DAG(s) 'example_xcom' retrieved from /home/vscode/.local/lib/python3.10/site-packages/airflow/example_dags/example_xcom.py
[2024-09-19T16:29:22.065+0000] {logging_mixin.py:190} INFO - [2024-09-19T16:29:22.065+0000] {dag.py:3229} INFO - Sync 1 DAGs
[2024-09-19T16:29:22.080+0000] {logging_mixin.py:190} INFO - [2024-09-19T16:29:22.080+0000] {dag.py:4156} INFO - Setting next_dagrun for example_xcom to 2021-01-01 00:00:00+00:00, run_after=2021-01-01 00:00:00+00:00
[2024-09-19T16:29:22.119+0000] {processor.py:208} INFO - Processing /home/vscode/.local/lib/python3.10/site-packages/airflow/example_dags/example_xcom.py took 0.090 seconds
[2024-09-19T16:30:12.821+0000] {processor.py:186} INFO - Started process (PID=13909) to work on /home/vscode/.local/lib/python3.10/site-packages/airflow/example_dags/example_xcom.py
[2024-09-19T16:30:12.821+0000] {processor.py:914} INFO - Processing file /home/vscode/.local/lib/python3.10/site-packages/airflow/example_dags/example_xcom.py for tasks to queue
[2024-09-19T16:30:12.823+0000] {logging_mixin.py:190} INFO - [2024-09-19T16:30:12.823+0000] {dagbag.py:587} INFO - Filling up the DagBag from /home/vscode/.local/lib/python3.10/site-packages/airflow/example_dags/example_xcom.py
[2024-09-19T16:30:12.830+0000] {processor.py:925} INFO - DAG(s) 'example_xcom' retrieved from /home/vscode/.local/lib/python3.10/site-packages/airflow/example_dags/example_xcom.py
[2024-09-19T16:30:12.843+0000] {logging_mixin.py:190} INFO - [2024-09-19T16:30:12.843+0000] {dag.py:3229} INFO - Sync 1 DAGs
[2024-09-19T16:30:12.857+0000] {logging_mixin.py:190} INFO - [2024-09-19T16:30:12.857+0000] {dag.py:4156} INFO - Setting next_dagrun for example_xcom to 2021-01-01 00:00:00+00:00, run_after=2021-01-01 00:00:00+00:00
[2024-09-19T16:30:12.904+0000] {processor.py:208} INFO - Processing /home/vscode/.local/lib/python3.10/site-packages/airflow/example_dags/example_xcom.py took 0.088 seconds
[2024-09-19T16:31:03.741+0000] {processor.py:186} INFO - Started process (PID=14262) to work on /home/vscode/.local/lib/python3.10/site-packages/airflow/example_dags/example_xcom.py
[2024-09-19T16:31:03.742+0000] {processor.py:914} INFO - Processing file /home/vscode/.local/lib/python3.10/site-packages/airflow/example_dags/example_xcom.py for tasks to queue
[2024-09-19T16:31:03.744+0000] {logging_mixin.py:190} INFO - [2024-09-19T16:31:03.743+0000] {dagbag.py:587} INFO - Filling up the DagBag from /home/vscode/.local/lib/python3.10/site-packages/airflow/example_dags/example_xcom.py
[2024-09-19T16:31:03.751+0000] {processor.py:925} INFO - DAG(s) 'example_xcom' retrieved from /home/vscode/.local/lib/python3.10/site-packages/airflow/example_dags/example_xcom.py
[2024-09-19T16:31:03.764+0000] {logging_mixin.py:190} INFO - [2024-09-19T16:31:03.763+0000] {dag.py:3229} INFO - Sync 1 DAGs
[2024-09-19T16:31:03.778+0000] {logging_mixin.py:190} INFO - [2024-09-19T16:31:03.778+0000] {dag.py:4156} INFO - Setting next_dagrun for example_xcom to 2021-01-01 00:00:00+00:00, run_after=2021-01-01 00:00:00+00:00
[2024-09-19T16:31:03.818+0000] {processor.py:208} INFO - Processing /home/vscode/.local/lib/python3.10/site-packages/airflow/example_dags/example_xcom.py took 0.081 seconds
[2024-09-19T16:31:57.723+0000] {processor.py:186} INFO - Started process (PID=14862) to work on /home/vscode/.local/lib/python3.10/site-packages/airflow/example_dags/example_xcom.py
[2024-09-19T16:31:57.724+0000] {processor.py:914} INFO - Processing file /home/vscode/.local/lib/python3.10/site-packages/airflow/example_dags/example_xcom.py for tasks to queue
[2024-09-19T16:31:57.725+0000] {logging_mixin.py:190} INFO - [2024-09-19T16:31:57.725+0000] {dagbag.py:587} INFO - Filling up the DagBag from /home/vscode/.local/lib/python3.10/site-packages/airflow/example_dags/example_xcom.py
[2024-09-19T16:31:57.733+0000] {processor.py:925} INFO - DAG(s) 'example_xcom' retrieved from /home/vscode/.local/lib/python3.10/site-packages/airflow/example_dags/example_xcom.py
[2024-09-19T16:31:57.746+0000] {logging_mixin.py:190} INFO - [2024-09-19T16:31:57.745+0000] {dag.py:3229} INFO - Sync 1 DAGs
[2024-09-19T16:31:57.761+0000] {logging_mixin.py:190} INFO - [2024-09-19T16:31:57.761+0000] {dag.py:4156} INFO - Setting next_dagrun for example_xcom to 2021-01-01 00:00:00+00:00, run_after=2021-01-01 00:00:00+00:00
[2024-09-19T16:31:57.808+0000] {processor.py:208} INFO - Processing /home/vscode/.local/lib/python3.10/site-packages/airflow/example_dags/example_xcom.py took 0.089 seconds
[2024-09-19T16:32:51.009+0000] {processor.py:186} INFO - Started process (PID=15306) to work on /home/vscode/.local/lib/python3.10/site-packages/airflow/example_dags/example_xcom.py
[2024-09-19T16:32:51.009+0000] {processor.py:914} INFO - Processing file /home/vscode/.local/lib/python3.10/site-packages/airflow/example_dags/example_xcom.py for tasks to queue
[2024-09-19T16:32:51.011+0000] {logging_mixin.py:190} INFO - [2024-09-19T16:32:51.011+0000] {dagbag.py:587} INFO - Filling up the DagBag from /home/vscode/.local/lib/python3.10/site-packages/airflow/example_dags/example_xcom.py
[2024-09-19T16:32:51.019+0000] {processor.py:925} INFO - DAG(s) 'example_xcom' retrieved from /home/vscode/.local/lib/python3.10/site-packages/airflow/example_dags/example_xcom.py
[2024-09-19T16:32:51.032+0000] {logging_mixin.py:190} INFO - [2024-09-19T16:32:51.032+0000] {dag.py:3229} INFO - Sync 1 DAGs
[2024-09-19T16:32:51.048+0000] {logging_mixin.py:190} INFO - [2024-09-19T16:32:51.047+0000] {dag.py:4156} INFO - Setting next_dagrun for example_xcom to 2021-01-01 00:00:00+00:00, run_after=2021-01-01 00:00:00+00:00
[2024-09-19T16:32:51.086+0000] {processor.py:208} INFO - Processing /home/vscode/.local/lib/python3.10/site-packages/airflow/example_dags/example_xcom.py took 0.082 seconds
[2024-09-19T16:33:41.028+0000] {processor.py:186} INFO - Started process (PID=15642) to work on /home/vscode/.local/lib/python3.10/site-packages/airflow/example_dags/example_xcom.py
[2024-09-19T16:33:41.029+0000] {processor.py:914} INFO - Processing file /home/vscode/.local/lib/python3.10/site-packages/airflow/example_dags/example_xcom.py for tasks to queue
[2024-09-19T16:33:41.031+0000] {logging_mixin.py:190} INFO - [2024-09-19T16:33:41.030+0000] {dagbag.py:587} INFO - Filling up the DagBag from /home/vscode/.local/lib/python3.10/site-packages/airflow/example_dags/example_xcom.py
[2024-09-19T16:33:41.038+0000] {processor.py:925} INFO - DAG(s) 'example_xcom' retrieved from /home/vscode/.local/lib/python3.10/site-packages/airflow/example_dags/example_xcom.py
[2024-09-19T16:33:41.051+0000] {logging_mixin.py:190} INFO - [2024-09-19T16:33:41.050+0000] {dag.py:3229} INFO - Sync 1 DAGs
[2024-09-19T16:33:41.066+0000] {logging_mixin.py:190} INFO - [2024-09-19T16:33:41.065+0000] {dag.py:4156} INFO - Setting next_dagrun for example_xcom to 2021-01-01 00:00:00+00:00, run_after=2021-01-01 00:00:00+00:00
[2024-09-19T16:33:41.100+0000] {processor.py:208} INFO - Processing /home/vscode/.local/lib/python3.10/site-packages/airflow/example_dags/example_xcom.py took 0.077 seconds
[2024-09-19T16:34:30.510+0000] {processor.py:186} INFO - Started process (PID=15972) to work on /home/vscode/.local/lib/python3.10/site-packages/airflow/example_dags/example_xcom.py
[2024-09-19T16:34:30.511+0000] {processor.py:914} INFO - Processing file /home/vscode/.local/lib/python3.10/site-packages/airflow/example_dags/example_xcom.py for tasks to queue
[2024-09-19T16:34:30.513+0000] {logging_mixin.py:190} INFO - [2024-09-19T16:34:30.512+0000] {dagbag.py:587} INFO - Filling up the DagBag from /home/vscode/.local/lib/python3.10/site-packages/airflow/example_dags/example_xcom.py
[2024-09-19T16:34:30.520+0000] {processor.py:925} INFO - DAG(s) 'example_xcom' retrieved from /home/vscode/.local/lib/python3.10/site-packages/airflow/example_dags/example_xcom.py
[2024-09-19T16:34:30.533+0000] {logging_mixin.py:190} INFO - [2024-09-19T16:34:30.533+0000] {dag.py:3229} INFO - Sync 1 DAGs
[2024-09-19T16:34:30.548+0000] {logging_mixin.py:190} INFO - [2024-09-19T16:34:30.548+0000] {dag.py:4156} INFO - Setting next_dagrun for example_xcom to 2021-01-01 00:00:00+00:00, run_after=2021-01-01 00:00:00+00:00
[2024-09-19T16:34:30.579+0000] {processor.py:208} INFO - Processing /home/vscode/.local/lib/python3.10/site-packages/airflow/example_dags/example_xcom.py took 0.073 seconds
[2024-09-19T16:35:17.446+0000] {processor.py:186} INFO - Started process (PID=16317) to work on /home/vscode/.local/lib/python3.10/site-packages/airflow/example_dags/example_xcom.py
[2024-09-19T16:35:17.446+0000] {processor.py:914} INFO - Processing file /home/vscode/.local/lib/python3.10/site-packages/airflow/example_dags/example_xcom.py for tasks to queue
[2024-09-19T16:35:17.448+0000] {logging_mixin.py:190} INFO - [2024-09-19T16:35:17.448+0000] {dagbag.py:587} INFO - Filling up the DagBag from /home/vscode/.local/lib/python3.10/site-packages/airflow/example_dags/example_xcom.py
[2024-09-19T16:35:17.457+0000] {processor.py:925} INFO - DAG(s) 'example_xcom' retrieved from /home/vscode/.local/lib/python3.10/site-packages/airflow/example_dags/example_xcom.py
[2024-09-19T16:35:17.477+0000] {logging_mixin.py:190} INFO - [2024-09-19T16:35:17.477+0000] {dag.py:3229} INFO - Sync 1 DAGs
[2024-09-19T16:35:17.501+0000] {logging_mixin.py:190} INFO - [2024-09-19T16:35:17.501+0000] {dag.py:4156} INFO - Setting next_dagrun for example_xcom to 2021-01-01 00:00:00+00:00, run_after=2021-01-01 00:00:00+00:00
[2024-09-19T16:35:17.543+0000] {processor.py:208} INFO - Processing /home/vscode/.local/lib/python3.10/site-packages/airflow/example_dags/example_xcom.py took 0.102 seconds
