[2024-09-19T16:24:55.312+0000] {processor.py:186} INFO - Started process (PID=11566) to work on /home/vscode/.local/lib/python3.10/site-packages/airflow/example_dags/example_workday_timetable.py
[2024-09-19T16:24:55.312+0000] {processor.py:914} INFO - Processing file /home/vscode/.local/lib/python3.10/site-packages/airflow/example_dags/example_workday_timetable.py for tasks to queue
[2024-09-19T16:24:55.314+0000] {logging_mixin.py:190} INFO - [2024-09-19T16:24:55.314+0000] {dagbag.py:587} INFO - Filling up the DagBag from /home/vscode/.local/lib/python3.10/site-packages/airflow/example_dags/example_workday_timetable.py
[2024-09-19T16:24:55.319+0000] {processor.py:925} INFO - DAG(s) 'example_workday_timetable' retrieved from /home/vscode/.local/lib/python3.10/site-packages/airflow/example_dags/example_workday_timetable.py
[2024-09-19T16:24:55.454+0000] {logging_mixin.py:190} INFO - [2024-09-19T16:24:55.453+0000] {override.py:1900} INFO - Created Permission View: can edit on DAG:example_workday_timetable
[2024-09-19T16:24:55.486+0000] {logging_mixin.py:190} INFO - [2024-09-19T16:24:55.486+0000] {override.py:1900} INFO - Created Permission View: can read on DAG:example_workday_timetable
[2024-09-19T16:24:55.522+0000] {logging_mixin.py:190} INFO - [2024-09-19T16:24:55.521+0000] {override.py:1900} INFO - Created Permission View: can delete on DAG:example_workday_timetable
[2024-09-19T16:24:55.570+0000] {logging_mixin.py:190} INFO - [2024-09-19T16:24:55.569+0000] {override.py:1900} INFO - Created Permission View: menu access on DAG Run:example_workday_timetable
[2024-09-19T16:24:55.610+0000] {logging_mixin.py:190} INFO - [2024-09-19T16:24:55.609+0000] {override.py:1900} INFO - Created Permission View: can read on DAG Run:example_workday_timetable
[2024-09-19T16:24:55.650+0000] {logging_mixin.py:190} INFO - [2024-09-19T16:24:55.650+0000] {override.py:1900} INFO - Created Permission View: can create on DAG Run:example_workday_timetable
[2024-09-19T16:24:55.685+0000] {logging_mixin.py:190} INFO - [2024-09-19T16:24:55.685+0000] {override.py:1900} INFO - Created Permission View: can delete on DAG Run:example_workday_timetable
[2024-09-19T16:24:55.686+0000] {logging_mixin.py:190} INFO - [2024-09-19T16:24:55.686+0000] {dag.py:3229} INFO - Sync 1 DAGs
[2024-09-19T16:24:55.696+0000] {logging_mixin.py:190} INFO - [2024-09-19T16:24:55.696+0000] {dag.py:3252} INFO - Creating ORM DAG for example_workday_timetable
[2024-09-19T16:24:55.703+0000] {logging_mixin.py:190} INFO - [2024-09-19T16:24:55.703+0000] {dag.py:4156} INFO - Setting next_dagrun for example_workday_timetable to 2021-01-01 00:00:00+00:00, run_after=2021-01-02 00:00:00+00:00
[2024-09-19T16:24:55.740+0000] {processor.py:208} INFO - Processing /home/vscode/.local/lib/python3.10/site-packages/airflow/example_dags/example_workday_timetable.py took 0.433 seconds
[2024-09-19T16:26:15.204+0000] {processor.py:186} INFO - Started process (PID=12098) to work on /home/vscode/.local/lib/python3.10/site-packages/airflow/example_dags/example_workday_timetable.py
[2024-09-19T16:26:15.205+0000] {processor.py:914} INFO - Processing file /home/vscode/.local/lib/python3.10/site-packages/airflow/example_dags/example_workday_timetable.py for tasks to queue
[2024-09-19T16:26:15.207+0000] {logging_mixin.py:190} INFO - [2024-09-19T16:26:15.206+0000] {dagbag.py:587} INFO - Filling up the DagBag from /home/vscode/.local/lib/python3.10/site-packages/airflow/example_dags/example_workday_timetable.py
[2024-09-19T16:26:15.211+0000] {processor.py:925} INFO - DAG(s) 'example_workday_timetable' retrieved from /home/vscode/.local/lib/python3.10/site-packages/airflow/example_dags/example_workday_timetable.py
[2024-09-19T16:26:15.223+0000] {logging_mixin.py:190} INFO - [2024-09-19T16:26:15.223+0000] {dag.py:3229} INFO - Sync 1 DAGs
[2024-09-19T16:26:15.240+0000] {logging_mixin.py:190} INFO - [2024-09-19T16:26:15.240+0000] {dag.py:4156} INFO - Setting next_dagrun for example_workday_timetable to 2021-01-01 00:00:00+00:00, run_after=2021-01-02 00:00:00+00:00
[2024-09-19T16:26:15.275+0000] {processor.py:208} INFO - Processing /home/vscode/.local/lib/python3.10/site-packages/airflow/example_dags/example_workday_timetable.py took 0.076 seconds
[2024-09-19T16:26:52.541+0000] {processor.py:186} INFO - Started process (PID=12353) to work on /home/vscode/.local/lib/python3.10/site-packages/airflow/example_dags/example_workday_timetable.py
[2024-09-19T16:26:52.542+0000] {processor.py:914} INFO - Processing file /home/vscode/.local/lib/python3.10/site-packages/airflow/example_dags/example_workday_timetable.py for tasks to queue
[2024-09-19T16:26:52.544+0000] {logging_mixin.py:190} INFO - [2024-09-19T16:26:52.543+0000] {dagbag.py:587} INFO - Filling up the DagBag from /home/vscode/.local/lib/python3.10/site-packages/airflow/example_dags/example_workday_timetable.py
[2024-09-19T16:26:52.548+0000] {processor.py:925} INFO - DAG(s) 'example_workday_timetable' retrieved from /home/vscode/.local/lib/python3.10/site-packages/airflow/example_dags/example_workday_timetable.py
[2024-09-19T16:26:52.559+0000] {logging_mixin.py:190} INFO - [2024-09-19T16:26:52.559+0000] {dag.py:3229} INFO - Sync 1 DAGs
[2024-09-19T16:26:52.574+0000] {logging_mixin.py:190} INFO - [2024-09-19T16:26:52.574+0000] {dag.py:4156} INFO - Setting next_dagrun for example_workday_timetable to 2021-01-01 00:00:00+00:00, run_after=2021-01-02 00:00:00+00:00
[2024-09-19T16:26:52.621+0000] {processor.py:208} INFO - Processing /home/vscode/.local/lib/python3.10/site-packages/airflow/example_dags/example_workday_timetable.py took 0.084 seconds
[2024-09-19T16:27:45.301+0000] {processor.py:186} INFO - Started process (PID=12729) to work on /home/vscode/.local/lib/python3.10/site-packages/airflow/example_dags/example_workday_timetable.py
[2024-09-19T16:27:45.302+0000] {processor.py:914} INFO - Processing file /home/vscode/.local/lib/python3.10/site-packages/airflow/example_dags/example_workday_timetable.py for tasks to queue
[2024-09-19T16:27:45.304+0000] {logging_mixin.py:190} INFO - [2024-09-19T16:27:45.303+0000] {dagbag.py:587} INFO - Filling up the DagBag from /home/vscode/.local/lib/python3.10/site-packages/airflow/example_dags/example_workday_timetable.py
[2024-09-19T16:27:45.309+0000] {processor.py:925} INFO - DAG(s) 'example_workday_timetable' retrieved from /home/vscode/.local/lib/python3.10/site-packages/airflow/example_dags/example_workday_timetable.py
[2024-09-19T16:27:45.320+0000] {logging_mixin.py:190} INFO - [2024-09-19T16:27:45.320+0000] {dag.py:3229} INFO - Sync 1 DAGs
[2024-09-19T16:27:45.337+0000] {logging_mixin.py:190} INFO - [2024-09-19T16:27:45.336+0000] {dag.py:4156} INFO - Setting next_dagrun for example_workday_timetable to 2021-01-01 00:00:00+00:00, run_after=2021-01-02 00:00:00+00:00
[2024-09-19T16:27:45.370+0000] {processor.py:208} INFO - Processing /home/vscode/.local/lib/python3.10/site-packages/airflow/example_dags/example_workday_timetable.py took 0.074 seconds
[2024-09-19T16:28:38.801+0000] {processor.py:186} INFO - Started process (PID=13101) to work on /home/vscode/.local/lib/python3.10/site-packages/airflow/example_dags/example_workday_timetable.py
[2024-09-19T16:28:38.802+0000] {processor.py:914} INFO - Processing file /home/vscode/.local/lib/python3.10/site-packages/airflow/example_dags/example_workday_timetable.py for tasks to queue
[2024-09-19T16:28:38.803+0000] {logging_mixin.py:190} INFO - [2024-09-19T16:28:38.803+0000] {dagbag.py:587} INFO - Filling up the DagBag from /home/vscode/.local/lib/python3.10/site-packages/airflow/example_dags/example_workday_timetable.py
[2024-09-19T16:28:38.808+0000] {processor.py:925} INFO - DAG(s) 'example_workday_timetable' retrieved from /home/vscode/.local/lib/python3.10/site-packages/airflow/example_dags/example_workday_timetable.py
[2024-09-19T16:28:38.819+0000] {logging_mixin.py:190} INFO - [2024-09-19T16:28:38.819+0000] {dag.py:3229} INFO - Sync 1 DAGs
[2024-09-19T16:28:38.834+0000] {logging_mixin.py:190} INFO - [2024-09-19T16:28:38.834+0000] {dag.py:4156} INFO - Setting next_dagrun for example_workday_timetable to 2021-01-01 00:00:00+00:00, run_after=2021-01-02 00:00:00+00:00
[2024-09-19T16:28:38.878+0000] {processor.py:208} INFO - Processing /home/vscode/.local/lib/python3.10/site-packages/airflow/example_dags/example_workday_timetable.py took 0.082 seconds
[2024-09-19T16:29:28.915+0000] {processor.py:186} INFO - Started process (PID=13617) to work on /home/vscode/.local/lib/python3.10/site-packages/airflow/example_dags/example_workday_timetable.py
[2024-09-19T16:29:28.916+0000] {processor.py:914} INFO - Processing file /home/vscode/.local/lib/python3.10/site-packages/airflow/example_dags/example_workday_timetable.py for tasks to queue
[2024-09-19T16:29:28.918+0000] {logging_mixin.py:190} INFO - [2024-09-19T16:29:28.917+0000] {dagbag.py:587} INFO - Filling up the DagBag from /home/vscode/.local/lib/python3.10/site-packages/airflow/example_dags/example_workday_timetable.py
[2024-09-19T16:29:28.923+0000] {processor.py:925} INFO - DAG(s) 'example_workday_timetable' retrieved from /home/vscode/.local/lib/python3.10/site-packages/airflow/example_dags/example_workday_timetable.py
[2024-09-19T16:29:28.934+0000] {logging_mixin.py:190} INFO - [2024-09-19T16:29:28.934+0000] {dag.py:3229} INFO - Sync 1 DAGs
[2024-09-19T16:29:28.950+0000] {logging_mixin.py:190} INFO - [2024-09-19T16:29:28.950+0000] {dag.py:4156} INFO - Setting next_dagrun for example_workday_timetable to 2021-01-01 00:00:00+00:00, run_after=2021-01-02 00:00:00+00:00
[2024-09-19T16:29:29.012+0000] {processor.py:208} INFO - Processing /home/vscode/.local/lib/python3.10/site-packages/airflow/example_dags/example_workday_timetable.py took 0.102 seconds
[2024-09-19T16:30:19.526+0000] {processor.py:186} INFO - Started process (PID=13958) to work on /home/vscode/.local/lib/python3.10/site-packages/airflow/example_dags/example_workday_timetable.py
[2024-09-19T16:30:19.526+0000] {processor.py:914} INFO - Processing file /home/vscode/.local/lib/python3.10/site-packages/airflow/example_dags/example_workday_timetable.py for tasks to queue
[2024-09-19T16:30:19.528+0000] {logging_mixin.py:190} INFO - [2024-09-19T16:30:19.528+0000] {dagbag.py:587} INFO - Filling up the DagBag from /home/vscode/.local/lib/python3.10/site-packages/airflow/example_dags/example_workday_timetable.py
[2024-09-19T16:30:19.533+0000] {processor.py:925} INFO - DAG(s) 'example_workday_timetable' retrieved from /home/vscode/.local/lib/python3.10/site-packages/airflow/example_dags/example_workday_timetable.py
[2024-09-19T16:30:19.543+0000] {logging_mixin.py:190} INFO - [2024-09-19T16:30:19.543+0000] {dag.py:3229} INFO - Sync 1 DAGs
[2024-09-19T16:30:19.558+0000] {logging_mixin.py:190} INFO - [2024-09-19T16:30:19.558+0000] {dag.py:4156} INFO - Setting next_dagrun for example_workday_timetable to 2021-01-01 00:00:00+00:00, run_after=2021-01-02 00:00:00+00:00
[2024-09-19T16:30:19.597+0000] {processor.py:208} INFO - Processing /home/vscode/.local/lib/python3.10/site-packages/airflow/example_dags/example_workday_timetable.py took 0.076 seconds
[2024-09-19T16:31:10.001+0000] {processor.py:186} INFO - Started process (PID=14314) to work on /home/vscode/.local/lib/python3.10/site-packages/airflow/example_dags/example_workday_timetable.py
[2024-09-19T16:31:10.002+0000] {processor.py:914} INFO - Processing file /home/vscode/.local/lib/python3.10/site-packages/airflow/example_dags/example_workday_timetable.py for tasks to queue
[2024-09-19T16:31:10.003+0000] {logging_mixin.py:190} INFO - [2024-09-19T16:31:10.003+0000] {dagbag.py:587} INFO - Filling up the DagBag from /home/vscode/.local/lib/python3.10/site-packages/airflow/example_dags/example_workday_timetable.py
[2024-09-19T16:31:10.008+0000] {processor.py:925} INFO - DAG(s) 'example_workday_timetable' retrieved from /home/vscode/.local/lib/python3.10/site-packages/airflow/example_dags/example_workday_timetable.py
[2024-09-19T16:31:10.019+0000] {logging_mixin.py:190} INFO - [2024-09-19T16:31:10.019+0000] {dag.py:3229} INFO - Sync 1 DAGs
[2024-09-19T16:31:10.034+0000] {logging_mixin.py:190} INFO - [2024-09-19T16:31:10.034+0000] {dag.py:4156} INFO - Setting next_dagrun for example_workday_timetable to 2021-01-01 00:00:00+00:00, run_after=2021-01-02 00:00:00+00:00
[2024-09-19T16:31:10.103+0000] {processor.py:208} INFO - Processing /home/vscode/.local/lib/python3.10/site-packages/airflow/example_dags/example_workday_timetable.py took 0.106 seconds
[2024-09-19T16:32:03.081+0000] {processor.py:186} INFO - Started process (PID=14951) to work on /home/vscode/.local/lib/python3.10/site-packages/airflow/example_dags/example_workday_timetable.py
[2024-09-19T16:32:03.082+0000] {processor.py:914} INFO - Processing file /home/vscode/.local/lib/python3.10/site-packages/airflow/example_dags/example_workday_timetable.py for tasks to queue
[2024-09-19T16:32:03.083+0000] {logging_mixin.py:190} INFO - [2024-09-19T16:32:03.083+0000] {dagbag.py:587} INFO - Filling up the DagBag from /home/vscode/.local/lib/python3.10/site-packages/airflow/example_dags/example_workday_timetable.py
[2024-09-19T16:32:03.088+0000] {processor.py:925} INFO - DAG(s) 'example_workday_timetable' retrieved from /home/vscode/.local/lib/python3.10/site-packages/airflow/example_dags/example_workday_timetable.py
[2024-09-19T16:32:03.100+0000] {logging_mixin.py:190} INFO - [2024-09-19T16:32:03.099+0000] {dag.py:3229} INFO - Sync 1 DAGs
[2024-09-19T16:32:03.115+0000] {logging_mixin.py:190} INFO - [2024-09-19T16:32:03.115+0000] {dag.py:4156} INFO - Setting next_dagrun for example_workday_timetable to 2021-01-01 00:00:00+00:00, run_after=2021-01-02 00:00:00+00:00
[2024-09-19T16:32:03.165+0000] {processor.py:208} INFO - Processing /home/vscode/.local/lib/python3.10/site-packages/airflow/example_dags/example_workday_timetable.py took 0.089 seconds
[2024-09-19T16:32:57.261+0000] {processor.py:186} INFO - Started process (PID=15346) to work on /home/vscode/.local/lib/python3.10/site-packages/airflow/example_dags/example_workday_timetable.py
[2024-09-19T16:32:57.273+0000] {processor.py:914} INFO - Processing file /home/vscode/.local/lib/python3.10/site-packages/airflow/example_dags/example_workday_timetable.py for tasks to queue
[2024-09-19T16:32:57.275+0000] {logging_mixin.py:190} INFO - [2024-09-19T16:32:57.275+0000] {dagbag.py:587} INFO - Filling up the DagBag from /home/vscode/.local/lib/python3.10/site-packages/airflow/example_dags/example_workday_timetable.py
[2024-09-19T16:32:57.284+0000] {processor.py:925} INFO - DAG(s) 'example_workday_timetable' retrieved from /home/vscode/.local/lib/python3.10/site-packages/airflow/example_dags/example_workday_timetable.py
[2024-09-19T16:32:57.300+0000] {logging_mixin.py:190} INFO - [2024-09-19T16:32:57.300+0000] {dag.py:3229} INFO - Sync 1 DAGs
[2024-09-19T16:32:57.316+0000] {logging_mixin.py:190} INFO - [2024-09-19T16:32:57.316+0000] {dag.py:4156} INFO - Setting next_dagrun for example_workday_timetable to 2021-01-01 00:00:00+00:00, run_after=2021-01-02 00:00:00+00:00
[2024-09-19T16:32:57.359+0000] {processor.py:208} INFO - Processing /home/vscode/.local/lib/python3.10/site-packages/airflow/example_dags/example_workday_timetable.py took 0.125 seconds
[2024-09-19T16:33:46.833+0000] {processor.py:186} INFO - Started process (PID=15678) to work on /home/vscode/.local/lib/python3.10/site-packages/airflow/example_dags/example_workday_timetable.py
[2024-09-19T16:33:46.834+0000] {processor.py:914} INFO - Processing file /home/vscode/.local/lib/python3.10/site-packages/airflow/example_dags/example_workday_timetable.py for tasks to queue
[2024-09-19T16:33:46.835+0000] {logging_mixin.py:190} INFO - [2024-09-19T16:33:46.835+0000] {dagbag.py:587} INFO - Filling up the DagBag from /home/vscode/.local/lib/python3.10/site-packages/airflow/example_dags/example_workday_timetable.py
[2024-09-19T16:33:46.840+0000] {processor.py:925} INFO - DAG(s) 'example_workday_timetable' retrieved from /home/vscode/.local/lib/python3.10/site-packages/airflow/example_dags/example_workday_timetable.py
[2024-09-19T16:33:46.851+0000] {logging_mixin.py:190} INFO - [2024-09-19T16:33:46.851+0000] {dag.py:3229} INFO - Sync 1 DAGs
[2024-09-19T16:33:46.867+0000] {logging_mixin.py:190} INFO - [2024-09-19T16:33:46.866+0000] {dag.py:4156} INFO - Setting next_dagrun for example_workday_timetable to 2021-01-01 00:00:00+00:00, run_after=2021-01-02 00:00:00+00:00
[2024-09-19T16:33:46.903+0000] {processor.py:208} INFO - Processing /home/vscode/.local/lib/python3.10/site-packages/airflow/example_dags/example_workday_timetable.py took 0.075 seconds
[2024-09-19T16:34:36.549+0000] {processor.py:186} INFO - Started process (PID=16009) to work on /home/vscode/.local/lib/python3.10/site-packages/airflow/example_dags/example_workday_timetable.py
[2024-09-19T16:34:36.550+0000] {processor.py:914} INFO - Processing file /home/vscode/.local/lib/python3.10/site-packages/airflow/example_dags/example_workday_timetable.py for tasks to queue
[2024-09-19T16:34:36.551+0000] {logging_mixin.py:190} INFO - [2024-09-19T16:34:36.551+0000] {dagbag.py:587} INFO - Filling up the DagBag from /home/vscode/.local/lib/python3.10/site-packages/airflow/example_dags/example_workday_timetable.py
[2024-09-19T16:34:36.556+0000] {processor.py:925} INFO - DAG(s) 'example_workday_timetable' retrieved from /home/vscode/.local/lib/python3.10/site-packages/airflow/example_dags/example_workday_timetable.py
[2024-09-19T16:34:36.567+0000] {logging_mixin.py:190} INFO - [2024-09-19T16:34:36.567+0000] {dag.py:3229} INFO - Sync 1 DAGs
[2024-09-19T16:34:36.583+0000] {logging_mixin.py:190} INFO - [2024-09-19T16:34:36.583+0000] {dag.py:4156} INFO - Setting next_dagrun for example_workday_timetable to 2021-01-01 00:00:00+00:00, run_after=2021-01-02 00:00:00+00:00
[2024-09-19T16:34:36.616+0000] {processor.py:208} INFO - Processing /home/vscode/.local/lib/python3.10/site-packages/airflow/example_dags/example_workday_timetable.py took 0.072 seconds
[2024-09-19T16:35:23.211+0000] {processor.py:186} INFO - Started process (PID=16391) to work on /home/vscode/.local/lib/python3.10/site-packages/airflow/example_dags/example_workday_timetable.py
[2024-09-19T16:35:23.211+0000] {processor.py:914} INFO - Processing file /home/vscode/.local/lib/python3.10/site-packages/airflow/example_dags/example_workday_timetable.py for tasks to queue
[2024-09-19T16:35:23.213+0000] {logging_mixin.py:190} INFO - [2024-09-19T16:35:23.213+0000] {dagbag.py:587} INFO - Filling up the DagBag from /home/vscode/.local/lib/python3.10/site-packages/airflow/example_dags/example_workday_timetable.py
[2024-09-19T16:35:23.219+0000] {processor.py:925} INFO - DAG(s) 'example_workday_timetable' retrieved from /home/vscode/.local/lib/python3.10/site-packages/airflow/example_dags/example_workday_timetable.py
[2024-09-19T16:35:23.233+0000] {logging_mixin.py:190} INFO - [2024-09-19T16:35:23.233+0000] {dag.py:3229} INFO - Sync 1 DAGs
[2024-09-19T16:35:23.251+0000] {logging_mixin.py:190} INFO - [2024-09-19T16:35:23.250+0000] {dag.py:4156} INFO - Setting next_dagrun for example_workday_timetable to 2021-01-01 00:00:00+00:00, run_after=2021-01-02 00:00:00+00:00
[2024-09-19T16:35:23.296+0000] {processor.py:208} INFO - Processing /home/vscode/.local/lib/python3.10/site-packages/airflow/example_dags/example_workday_timetable.py took 0.091 seconds
[2024-09-19T23:22:26.440+0000] {processor.py:186} INFO - Started process (PID=19979) to work on /home/vscode/.local/lib/python3.10/site-packages/airflow/example_dags/example_workday_timetable.py
[2024-09-19T23:22:26.441+0000] {processor.py:914} INFO - Processing file /home/vscode/.local/lib/python3.10/site-packages/airflow/example_dags/example_workday_timetable.py for tasks to queue
[2024-09-19T23:22:26.443+0000] {logging_mixin.py:190} INFO - [2024-09-19T23:22:26.443+0000] {dagbag.py:587} INFO - Filling up the DagBag from /home/vscode/.local/lib/python3.10/site-packages/airflow/example_dags/example_workday_timetable.py
[2024-09-19T23:22:26.448+0000] {processor.py:925} INFO - DAG(s) 'example_workday_timetable' retrieved from /home/vscode/.local/lib/python3.10/site-packages/airflow/example_dags/example_workday_timetable.py
[2024-09-19T23:22:26.459+0000] {logging_mixin.py:190} INFO - [2024-09-19T23:22:26.459+0000] {dag.py:3229} INFO - Sync 1 DAGs
[2024-09-19T23:22:26.474+0000] {logging_mixin.py:190} INFO - [2024-09-19T23:22:26.474+0000] {dag.py:4156} INFO - Setting next_dagrun for example_workday_timetable to 2021-01-01 00:00:00+00:00, run_after=2021-01-02 00:00:00+00:00
[2024-09-19T23:22:26.532+0000] {processor.py:208} INFO - Processing /home/vscode/.local/lib/python3.10/site-packages/airflow/example_dags/example_workday_timetable.py took 0.098 seconds
[2024-09-19T23:23:23.250+0000] {processor.py:186} INFO - Started process (PID=20369) to work on /home/vscode/.local/lib/python3.10/site-packages/airflow/example_dags/example_workday_timetable.py
[2024-09-19T23:23:23.252+0000] {processor.py:914} INFO - Processing file /home/vscode/.local/lib/python3.10/site-packages/airflow/example_dags/example_workday_timetable.py for tasks to queue
[2024-09-19T23:23:23.254+0000] {logging_mixin.py:190} INFO - [2024-09-19T23:23:23.254+0000] {dagbag.py:587} INFO - Filling up the DagBag from /home/vscode/.local/lib/python3.10/site-packages/airflow/example_dags/example_workday_timetable.py
[2024-09-19T23:23:23.264+0000] {processor.py:925} INFO - DAG(s) 'example_workday_timetable' retrieved from /home/vscode/.local/lib/python3.10/site-packages/airflow/example_dags/example_workday_timetable.py
[2024-09-19T23:23:23.279+0000] {logging_mixin.py:190} INFO - [2024-09-19T23:23:23.279+0000] {dag.py:3229} INFO - Sync 1 DAGs
[2024-09-19T23:23:23.295+0000] {logging_mixin.py:190} INFO - [2024-09-19T23:23:23.295+0000] {dag.py:4156} INFO - Setting next_dagrun for example_workday_timetable to 2021-01-01 00:00:00+00:00, run_after=2021-01-02 00:00:00+00:00
[2024-09-19T23:23:23.338+0000] {processor.py:208} INFO - Processing /home/vscode/.local/lib/python3.10/site-packages/airflow/example_dags/example_workday_timetable.py took 0.094 seconds
[2024-09-19T23:24:19.149+0000] {processor.py:186} INFO - Started process (PID=20842) to work on /home/vscode/.local/lib/python3.10/site-packages/airflow/example_dags/example_workday_timetable.py
[2024-09-19T23:24:19.149+0000] {processor.py:914} INFO - Processing file /home/vscode/.local/lib/python3.10/site-packages/airflow/example_dags/example_workday_timetable.py for tasks to queue
[2024-09-19T23:24:19.151+0000] {logging_mixin.py:190} INFO - [2024-09-19T23:24:19.151+0000] {dagbag.py:587} INFO - Filling up the DagBag from /home/vscode/.local/lib/python3.10/site-packages/airflow/example_dags/example_workday_timetable.py
[2024-09-19T23:24:19.156+0000] {processor.py:925} INFO - DAG(s) 'example_workday_timetable' retrieved from /home/vscode/.local/lib/python3.10/site-packages/airflow/example_dags/example_workday_timetable.py
[2024-09-19T23:24:19.166+0000] {logging_mixin.py:190} INFO - [2024-09-19T23:24:19.166+0000] {dag.py:3229} INFO - Sync 1 DAGs
[2024-09-19T23:24:19.180+0000] {logging_mixin.py:190} INFO - [2024-09-19T23:24:19.180+0000] {dag.py:4156} INFO - Setting next_dagrun for example_workday_timetable to 2021-01-01 00:00:00+00:00, run_after=2021-01-02 00:00:00+00:00
[2024-09-19T23:24:19.247+0000] {processor.py:208} INFO - Processing /home/vscode/.local/lib/python3.10/site-packages/airflow/example_dags/example_workday_timetable.py took 0.103 seconds
[2024-09-19T23:25:17.819+0000] {processor.py:186} INFO - Started process (PID=21275) to work on /home/vscode/.local/lib/python3.10/site-packages/airflow/example_dags/example_workday_timetable.py
[2024-09-19T23:25:17.820+0000] {processor.py:914} INFO - Processing file /home/vscode/.local/lib/python3.10/site-packages/airflow/example_dags/example_workday_timetable.py for tasks to queue
[2024-09-19T23:25:17.823+0000] {logging_mixin.py:190} INFO - [2024-09-19T23:25:17.823+0000] {dagbag.py:587} INFO - Filling up the DagBag from /home/vscode/.local/lib/python3.10/site-packages/airflow/example_dags/example_workday_timetable.py
[2024-09-19T23:25:17.830+0000] {processor.py:925} INFO - DAG(s) 'example_workday_timetable' retrieved from /home/vscode/.local/lib/python3.10/site-packages/airflow/example_dags/example_workday_timetable.py
[2024-09-19T23:25:17.844+0000] {logging_mixin.py:190} INFO - [2024-09-19T23:25:17.844+0000] {dag.py:3229} INFO - Sync 1 DAGs
[2024-09-19T23:25:17.860+0000] {logging_mixin.py:190} INFO - [2024-09-19T23:25:17.860+0000] {dag.py:4156} INFO - Setting next_dagrun for example_workday_timetable to 2021-01-01 00:00:00+00:00, run_after=2021-01-02 00:00:00+00:00
[2024-09-19T23:25:17.904+0000] {processor.py:208} INFO - Processing /home/vscode/.local/lib/python3.10/site-packages/airflow/example_dags/example_workday_timetable.py took 0.092 seconds
