[2024-09-19T16:25:35.157+0000] {processor.py:157} INFO - Started process (PID=16088) to work on /home/vscode/.local/lib/python3.10/site-packages/airflow/example_dags/example_subdag_operator.py
[2024-09-19T16:25:35.158+0000] {processor.py:826} INFO - Processing file /home/vscode/.local/lib/python3.10/site-packages/airflow/example_dags/example_subdag_operator.py for tasks to queue
[2024-09-19T16:25:35.159+0000] {logging_mixin.py:150} INFO - [2024-09-19T16:25:35.158+0000] {dagbag.py:541} INFO - Filling up the DagBag from /home/vscode/.local/lib/python3.10/site-packages/airflow/example_dags/example_subdag_operator.py
[2024-09-19T16:25:35.173+0000] {processor.py:836} INFO - DAG(s) dict_keys(['example_subdag_operator.section-1', 'example_subdag_operator.section-2', 'example_subdag_operator']) retrieved from /home/vscode/.local/lib/python3.10/site-packages/airflow/example_dags/example_subdag_operator.py
[2024-09-19T16:25:35.373+0000] {logging_mixin.py:150} INFO - [2024-09-19T16:25:35.373+0000] {manager.py:504} INFO - Created Permission View: can edit on DAG:example_subdag_operator
[2024-09-19T16:25:35.407+0000] {logging_mixin.py:150} INFO - [2024-09-19T16:25:35.407+0000] {manager.py:504} INFO - Created Permission View: can delete on DAG:example_subdag_operator
[2024-09-19T16:25:35.435+0000] {logging_mixin.py:150} INFO - [2024-09-19T16:25:35.435+0000] {manager.py:504} INFO - Created Permission View: can read on DAG:example_subdag_operator
[2024-09-19T16:25:35.445+0000] {logging_mixin.py:150} INFO - [2024-09-19T16:25:35.444+0000] {dag.py:2742} INFO - Sync 3 DAGs
[2024-09-19T16:25:35.451+0000] {logging_mixin.py:150} INFO - [2024-09-19T16:25:35.451+0000] {dag.py:2763} INFO - Creating ORM DAG for example_subdag_operator.section-1
[2024-09-19T16:25:35.451+0000] {logging_mixin.py:150} INFO - [2024-09-19T16:25:35.451+0000] {dag.py:2763} INFO - Creating ORM DAG for example_subdag_operator
[2024-09-19T16:25:35.452+0000] {logging_mixin.py:150} INFO - [2024-09-19T16:25:35.451+0000] {dag.py:2763} INFO - Creating ORM DAG for example_subdag_operator.section-2
[2024-09-19T16:25:35.457+0000] {logging_mixin.py:150} INFO - [2024-09-19T16:25:35.457+0000] {dag.py:3504} INFO - Setting next_dagrun for example_subdag_operator to 2022-01-01T00:00:00+00:00, run_after=2022-01-01T00:00:00+00:00
[2024-09-19T16:25:35.458+0000] {logging_mixin.py:150} INFO - [2024-09-19T16:25:35.457+0000] {dag.py:3504} INFO - Setting next_dagrun for example_subdag_operator.section-1 to None, run_after=None
[2024-09-19T16:25:35.458+0000] {logging_mixin.py:150} INFO - [2024-09-19T16:25:35.458+0000] {dag.py:3504} INFO - Setting next_dagrun for example_subdag_operator.section-2 to None, run_after=None
[2024-09-19T16:25:35.463+0000] {logging_mixin.py:150} INFO - [2024-09-19T16:25:35.463+0000] {dag.py:2742} INFO - Sync 2 DAGs
[2024-09-19T16:25:35.466+0000] {logging_mixin.py:150} INFO - [2024-09-19T16:25:35.465+0000] {dag.py:3504} INFO - Setting next_dagrun for example_subdag_operator.section-1 to None, run_after=None
[2024-09-19T16:25:35.467+0000] {logging_mixin.py:150} INFO - [2024-09-19T16:25:35.467+0000] {dag.py:3504} INFO - Setting next_dagrun for example_subdag_operator.section-2 to None, run_after=None
[2024-09-19T16:25:35.509+0000] {processor.py:179} INFO - Processing /home/vscode/.local/lib/python3.10/site-packages/airflow/example_dags/example_subdag_operator.py took 0.354 seconds
[2024-09-19T16:26:32.501+0000] {processor.py:157} INFO - Started process (PID=16457) to work on /home/vscode/.local/lib/python3.10/site-packages/airflow/example_dags/example_subdag_operator.py
[2024-09-19T16:26:32.502+0000] {processor.py:826} INFO - Processing file /home/vscode/.local/lib/python3.10/site-packages/airflow/example_dags/example_subdag_operator.py for tasks to queue
[2024-09-19T16:26:32.502+0000] {logging_mixin.py:150} INFO - [2024-09-19T16:26:32.502+0000] {dagbag.py:541} INFO - Filling up the DagBag from /home/vscode/.local/lib/python3.10/site-packages/airflow/example_dags/example_subdag_operator.py
[2024-09-19T16:26:32.517+0000] {processor.py:836} INFO - DAG(s) dict_keys(['example_subdag_operator.section-1', 'example_subdag_operator.section-2', 'example_subdag_operator']) retrieved from /home/vscode/.local/lib/python3.10/site-packages/airflow/example_dags/example_subdag_operator.py
[2024-09-19T16:26:32.528+0000] {logging_mixin.py:150} INFO - [2024-09-19T16:26:32.528+0000] {dag.py:2742} INFO - Sync 3 DAGs
[2024-09-19T16:26:32.542+0000] {logging_mixin.py:150} INFO - [2024-09-19T16:26:32.542+0000] {dag.py:3504} INFO - Setting next_dagrun for example_subdag_operator to 2022-01-01T00:00:00+00:00, run_after=2022-01-01T00:00:00+00:00
[2024-09-19T16:26:32.544+0000] {logging_mixin.py:150} INFO - [2024-09-19T16:26:32.544+0000] {dag.py:3504} INFO - Setting next_dagrun for example_subdag_operator.section-1 to None, run_after=None
[2024-09-19T16:26:32.545+0000] {logging_mixin.py:150} INFO - [2024-09-19T16:26:32.545+0000] {dag.py:3504} INFO - Setting next_dagrun for example_subdag_operator.section-2 to None, run_after=None
[2024-09-19T16:26:32.550+0000] {logging_mixin.py:150} INFO - [2024-09-19T16:26:32.550+0000] {dag.py:2742} INFO - Sync 2 DAGs
[2024-09-19T16:26:32.553+0000] {logging_mixin.py:150} INFO - [2024-09-19T16:26:32.553+0000] {dag.py:3504} INFO - Setting next_dagrun for example_subdag_operator.section-1 to None, run_after=None
[2024-09-19T16:26:32.553+0000] {logging_mixin.py:150} INFO - [2024-09-19T16:26:32.553+0000] {dag.py:3504} INFO - Setting next_dagrun for example_subdag_operator.section-2 to None, run_after=None
[2024-09-19T16:26:32.580+0000] {processor.py:179} INFO - Processing /home/vscode/.local/lib/python3.10/site-packages/airflow/example_dags/example_subdag_operator.py took 0.081 seconds
[2024-09-19T16:27:11.379+0000] {processor.py:157} INFO - Started process (PID=16716) to work on /home/vscode/.local/lib/python3.10/site-packages/airflow/example_dags/example_subdag_operator.py
[2024-09-19T16:27:11.380+0000] {processor.py:826} INFO - Processing file /home/vscode/.local/lib/python3.10/site-packages/airflow/example_dags/example_subdag_operator.py for tasks to queue
[2024-09-19T16:27:11.380+0000] {logging_mixin.py:150} INFO - [2024-09-19T16:27:11.380+0000] {dagbag.py:541} INFO - Filling up the DagBag from /home/vscode/.local/lib/python3.10/site-packages/airflow/example_dags/example_subdag_operator.py
[2024-09-19T16:27:11.394+0000] {processor.py:836} INFO - DAG(s) dict_keys(['example_subdag_operator.section-1', 'example_subdag_operator.section-2', 'example_subdag_operator']) retrieved from /home/vscode/.local/lib/python3.10/site-packages/airflow/example_dags/example_subdag_operator.py
[2024-09-19T16:27:11.405+0000] {logging_mixin.py:150} INFO - [2024-09-19T16:27:11.405+0000] {dag.py:2742} INFO - Sync 3 DAGs
[2024-09-19T16:27:11.418+0000] {logging_mixin.py:150} INFO - [2024-09-19T16:27:11.418+0000] {dag.py:3504} INFO - Setting next_dagrun for example_subdag_operator to 2022-01-01T00:00:00+00:00, run_after=2022-01-01T00:00:00+00:00
[2024-09-19T16:27:11.420+0000] {logging_mixin.py:150} INFO - [2024-09-19T16:27:11.420+0000] {dag.py:3504} INFO - Setting next_dagrun for example_subdag_operator.section-1 to None, run_after=None
[2024-09-19T16:27:11.421+0000] {logging_mixin.py:150} INFO - [2024-09-19T16:27:11.421+0000] {dag.py:3504} INFO - Setting next_dagrun for example_subdag_operator.section-2 to None, run_after=None
[2024-09-19T16:27:11.425+0000] {logging_mixin.py:150} INFO - [2024-09-19T16:27:11.425+0000] {dag.py:2742} INFO - Sync 2 DAGs
[2024-09-19T16:27:11.428+0000] {logging_mixin.py:150} INFO - [2024-09-19T16:27:11.428+0000] {dag.py:3504} INFO - Setting next_dagrun for example_subdag_operator.section-1 to None, run_after=None
[2024-09-19T16:27:11.428+0000] {logging_mixin.py:150} INFO - [2024-09-19T16:27:11.428+0000] {dag.py:3504} INFO - Setting next_dagrun for example_subdag_operator.section-2 to None, run_after=None
[2024-09-19T16:27:11.461+0000] {processor.py:179} INFO - Processing /home/vscode/.local/lib/python3.10/site-packages/airflow/example_dags/example_subdag_operator.py took 0.084 seconds
[2024-09-19T16:27:57.708+0000] {processor.py:157} INFO - Started process (PID=17040) to work on /home/vscode/.local/lib/python3.10/site-packages/airflow/example_dags/example_subdag_operator.py
[2024-09-19T16:27:57.709+0000] {processor.py:826} INFO - Processing file /home/vscode/.local/lib/python3.10/site-packages/airflow/example_dags/example_subdag_operator.py for tasks to queue
[2024-09-19T16:27:57.709+0000] {logging_mixin.py:150} INFO - [2024-09-19T16:27:57.709+0000] {dagbag.py:541} INFO - Filling up the DagBag from /home/vscode/.local/lib/python3.10/site-packages/airflow/example_dags/example_subdag_operator.py
[2024-09-19T16:27:57.724+0000] {processor.py:836} INFO - DAG(s) dict_keys(['example_subdag_operator.section-1', 'example_subdag_operator.section-2', 'example_subdag_operator']) retrieved from /home/vscode/.local/lib/python3.10/site-packages/airflow/example_dags/example_subdag_operator.py
[2024-09-19T16:27:57.735+0000] {logging_mixin.py:150} INFO - [2024-09-19T16:27:57.735+0000] {dag.py:2742} INFO - Sync 3 DAGs
[2024-09-19T16:27:57.749+0000] {logging_mixin.py:150} INFO - [2024-09-19T16:27:57.749+0000] {dag.py:3504} INFO - Setting next_dagrun for example_subdag_operator to 2022-01-01T00:00:00+00:00, run_after=2022-01-01T00:00:00+00:00
[2024-09-19T16:27:57.751+0000] {logging_mixin.py:150} INFO - [2024-09-19T16:27:57.751+0000] {dag.py:3504} INFO - Setting next_dagrun for example_subdag_operator.section-1 to None, run_after=None
[2024-09-19T16:27:57.752+0000] {logging_mixin.py:150} INFO - [2024-09-19T16:27:57.752+0000] {dag.py:3504} INFO - Setting next_dagrun for example_subdag_operator.section-2 to None, run_after=None
[2024-09-19T16:27:57.756+0000] {logging_mixin.py:150} INFO - [2024-09-19T16:27:57.756+0000] {dag.py:2742} INFO - Sync 2 DAGs
[2024-09-19T16:27:57.759+0000] {logging_mixin.py:150} INFO - [2024-09-19T16:27:57.758+0000] {dag.py:3504} INFO - Setting next_dagrun for example_subdag_operator.section-1 to None, run_after=None
[2024-09-19T16:27:57.759+0000] {logging_mixin.py:150} INFO - [2024-09-19T16:27:57.759+0000] {dag.py:3504} INFO - Setting next_dagrun for example_subdag_operator.section-2 to None, run_after=None
[2024-09-19T16:27:57.796+0000] {processor.py:179} INFO - Processing /home/vscode/.local/lib/python3.10/site-packages/airflow/example_dags/example_subdag_operator.py took 0.090 seconds
[2024-09-19T16:28:41.371+0000] {processor.py:157} INFO - Started process (PID=17378) to work on /home/vscode/.local/lib/python3.10/site-packages/airflow/example_dags/example_subdag_operator.py
[2024-09-19T16:28:41.372+0000] {processor.py:826} INFO - Processing file /home/vscode/.local/lib/python3.10/site-packages/airflow/example_dags/example_subdag_operator.py for tasks to queue
[2024-09-19T16:28:41.372+0000] {logging_mixin.py:150} INFO - [2024-09-19T16:28:41.372+0000] {dagbag.py:541} INFO - Filling up the DagBag from /home/vscode/.local/lib/python3.10/site-packages/airflow/example_dags/example_subdag_operator.py
[2024-09-19T16:28:41.387+0000] {processor.py:836} INFO - DAG(s) dict_keys(['example_subdag_operator.section-1', 'example_subdag_operator.section-2', 'example_subdag_operator']) retrieved from /home/vscode/.local/lib/python3.10/site-packages/airflow/example_dags/example_subdag_operator.py
[2024-09-19T16:28:41.398+0000] {logging_mixin.py:150} INFO - [2024-09-19T16:28:41.398+0000] {dag.py:2742} INFO - Sync 3 DAGs
[2024-09-19T16:28:41.412+0000] {logging_mixin.py:150} INFO - [2024-09-19T16:28:41.412+0000] {dag.py:3504} INFO - Setting next_dagrun for example_subdag_operator to 2022-01-01T00:00:00+00:00, run_after=2022-01-01T00:00:00+00:00
[2024-09-19T16:28:41.414+0000] {logging_mixin.py:150} INFO - [2024-09-19T16:28:41.414+0000] {dag.py:3504} INFO - Setting next_dagrun for example_subdag_operator.section-1 to None, run_after=None
[2024-09-19T16:28:41.414+0000] {logging_mixin.py:150} INFO - [2024-09-19T16:28:41.414+0000] {dag.py:3504} INFO - Setting next_dagrun for example_subdag_operator.section-2 to None, run_after=None
[2024-09-19T16:28:41.419+0000] {logging_mixin.py:150} INFO - [2024-09-19T16:28:41.418+0000] {dag.py:2742} INFO - Sync 2 DAGs
[2024-09-19T16:28:41.421+0000] {logging_mixin.py:150} INFO - [2024-09-19T16:28:41.421+0000] {dag.py:3504} INFO - Setting next_dagrun for example_subdag_operator.section-1 to None, run_after=None
[2024-09-19T16:28:41.422+0000] {logging_mixin.py:150} INFO - [2024-09-19T16:28:41.422+0000] {dag.py:3504} INFO - Setting next_dagrun for example_subdag_operator.section-2 to None, run_after=None
[2024-09-19T16:28:41.453+0000] {processor.py:179} INFO - Processing /home/vscode/.local/lib/python3.10/site-packages/airflow/example_dags/example_subdag_operator.py took 0.084 seconds
[2024-09-19T16:29:28.699+0000] {processor.py:157} INFO - Started process (PID=17696) to work on /home/vscode/.local/lib/python3.10/site-packages/airflow/example_dags/example_subdag_operator.py
[2024-09-19T16:29:28.699+0000] {processor.py:826} INFO - Processing file /home/vscode/.local/lib/python3.10/site-packages/airflow/example_dags/example_subdag_operator.py for tasks to queue
[2024-09-19T16:29:28.700+0000] {logging_mixin.py:150} INFO - [2024-09-19T16:29:28.700+0000] {dagbag.py:541} INFO - Filling up the DagBag from /home/vscode/.local/lib/python3.10/site-packages/airflow/example_dags/example_subdag_operator.py
[2024-09-19T16:29:28.714+0000] {processor.py:836} INFO - DAG(s) dict_keys(['example_subdag_operator.section-1', 'example_subdag_operator.section-2', 'example_subdag_operator']) retrieved from /home/vscode/.local/lib/python3.10/site-packages/airflow/example_dags/example_subdag_operator.py
[2024-09-19T16:29:28.725+0000] {logging_mixin.py:150} INFO - [2024-09-19T16:29:28.725+0000] {dag.py:2742} INFO - Sync 3 DAGs
[2024-09-19T16:29:28.738+0000] {logging_mixin.py:150} INFO - [2024-09-19T16:29:28.738+0000] {dag.py:3504} INFO - Setting next_dagrun for example_subdag_operator to 2022-01-01T00:00:00+00:00, run_after=2022-01-01T00:00:00+00:00
[2024-09-19T16:29:28.740+0000] {logging_mixin.py:150} INFO - [2024-09-19T16:29:28.740+0000] {dag.py:3504} INFO - Setting next_dagrun for example_subdag_operator.section-1 to None, run_after=None
[2024-09-19T16:29:28.741+0000] {logging_mixin.py:150} INFO - [2024-09-19T16:29:28.741+0000] {dag.py:3504} INFO - Setting next_dagrun for example_subdag_operator.section-2 to None, run_after=None
[2024-09-19T16:29:28.745+0000] {logging_mixin.py:150} INFO - [2024-09-19T16:29:28.745+0000] {dag.py:2742} INFO - Sync 2 DAGs
[2024-09-19T16:29:28.748+0000] {logging_mixin.py:150} INFO - [2024-09-19T16:29:28.747+0000] {dag.py:3504} INFO - Setting next_dagrun for example_subdag_operator.section-1 to None, run_after=None
[2024-09-19T16:29:28.748+0000] {logging_mixin.py:150} INFO - [2024-09-19T16:29:28.748+0000] {dag.py:3504} INFO - Setting next_dagrun for example_subdag_operator.section-2 to None, run_after=None
[2024-09-19T16:29:28.774+0000] {processor.py:179} INFO - Processing /home/vscode/.local/lib/python3.10/site-packages/airflow/example_dags/example_subdag_operator.py took 0.078 seconds
[2024-09-19T16:30:18.067+0000] {processor.py:157} INFO - Started process (PID=18151) to work on /home/vscode/.local/lib/python3.10/site-packages/airflow/example_dags/example_subdag_operator.py
[2024-09-19T16:30:18.068+0000] {processor.py:826} INFO - Processing file /home/vscode/.local/lib/python3.10/site-packages/airflow/example_dags/example_subdag_operator.py for tasks to queue
[2024-09-19T16:30:18.068+0000] {logging_mixin.py:150} INFO - [2024-09-19T16:30:18.068+0000] {dagbag.py:541} INFO - Filling up the DagBag from /home/vscode/.local/lib/python3.10/site-packages/airflow/example_dags/example_subdag_operator.py
[2024-09-19T16:30:18.083+0000] {processor.py:836} INFO - DAG(s) dict_keys(['example_subdag_operator.section-1', 'example_subdag_operator.section-2', 'example_subdag_operator']) retrieved from /home/vscode/.local/lib/python3.10/site-packages/airflow/example_dags/example_subdag_operator.py
[2024-09-19T16:30:18.095+0000] {logging_mixin.py:150} INFO - [2024-09-19T16:30:18.095+0000] {dag.py:2742} INFO - Sync 3 DAGs
[2024-09-19T16:30:18.109+0000] {logging_mixin.py:150} INFO - [2024-09-19T16:30:18.109+0000] {dag.py:3504} INFO - Setting next_dagrun for example_subdag_operator to 2022-01-01T00:00:00+00:00, run_after=2022-01-01T00:00:00+00:00
[2024-09-19T16:30:18.111+0000] {logging_mixin.py:150} INFO - [2024-09-19T16:30:18.111+0000] {dag.py:3504} INFO - Setting next_dagrun for example_subdag_operator.section-1 to None, run_after=None
[2024-09-19T16:30:18.112+0000] {logging_mixin.py:150} INFO - [2024-09-19T16:30:18.112+0000] {dag.py:3504} INFO - Setting next_dagrun for example_subdag_operator.section-2 to None, run_after=None
[2024-09-19T16:30:18.116+0000] {logging_mixin.py:150} INFO - [2024-09-19T16:30:18.116+0000] {dag.py:2742} INFO - Sync 2 DAGs
[2024-09-19T16:30:18.119+0000] {logging_mixin.py:150} INFO - [2024-09-19T16:30:18.119+0000] {dag.py:3504} INFO - Setting next_dagrun for example_subdag_operator.section-1 to None, run_after=None
[2024-09-19T16:30:18.119+0000] {logging_mixin.py:150} INFO - [2024-09-19T16:30:18.119+0000] {dag.py:3504} INFO - Setting next_dagrun for example_subdag_operator.section-2 to None, run_after=None
[2024-09-19T16:30:18.151+0000] {processor.py:179} INFO - Processing /home/vscode/.local/lib/python3.10/site-packages/airflow/example_dags/example_subdag_operator.py took 0.085 seconds
[2024-09-19T16:31:03.205+0000] {processor.py:157} INFO - Started process (PID=18491) to work on /home/vscode/.local/lib/python3.10/site-packages/airflow/example_dags/example_subdag_operator.py
[2024-09-19T16:31:03.205+0000] {processor.py:826} INFO - Processing file /home/vscode/.local/lib/python3.10/site-packages/airflow/example_dags/example_subdag_operator.py for tasks to queue
[2024-09-19T16:31:03.206+0000] {logging_mixin.py:150} INFO - [2024-09-19T16:31:03.206+0000] {dagbag.py:541} INFO - Filling up the DagBag from /home/vscode/.local/lib/python3.10/site-packages/airflow/example_dags/example_subdag_operator.py
[2024-09-19T16:31:03.220+0000] {processor.py:836} INFO - DAG(s) dict_keys(['example_subdag_operator.section-1', 'example_subdag_operator.section-2', 'example_subdag_operator']) retrieved from /home/vscode/.local/lib/python3.10/site-packages/airflow/example_dags/example_subdag_operator.py
[2024-09-19T16:31:03.231+0000] {logging_mixin.py:150} INFO - [2024-09-19T16:31:03.231+0000] {dag.py:2742} INFO - Sync 3 DAGs
[2024-09-19T16:31:03.245+0000] {logging_mixin.py:150} INFO - [2024-09-19T16:31:03.244+0000] {dag.py:3504} INFO - Setting next_dagrun for example_subdag_operator to 2022-01-01T00:00:00+00:00, run_after=2022-01-01T00:00:00+00:00
[2024-09-19T16:31:03.247+0000] {logging_mixin.py:150} INFO - [2024-09-19T16:31:03.246+0000] {dag.py:3504} INFO - Setting next_dagrun for example_subdag_operator.section-1 to None, run_after=None
[2024-09-19T16:31:03.247+0000] {logging_mixin.py:150} INFO - [2024-09-19T16:31:03.247+0000] {dag.py:3504} INFO - Setting next_dagrun for example_subdag_operator.section-2 to None, run_after=None
[2024-09-19T16:31:03.252+0000] {logging_mixin.py:150} INFO - [2024-09-19T16:31:03.252+0000] {dag.py:2742} INFO - Sync 2 DAGs
[2024-09-19T16:31:03.255+0000] {logging_mixin.py:150} INFO - [2024-09-19T16:31:03.255+0000] {dag.py:3504} INFO - Setting next_dagrun for example_subdag_operator.section-1 to None, run_after=None
[2024-09-19T16:31:03.255+0000] {logging_mixin.py:150} INFO - [2024-09-19T16:31:03.255+0000] {dag.py:3504} INFO - Setting next_dagrun for example_subdag_operator.section-2 to None, run_after=None
[2024-09-19T16:31:03.285+0000] {processor.py:179} INFO - Processing /home/vscode/.local/lib/python3.10/site-packages/airflow/example_dags/example_subdag_operator.py took 0.082 seconds
[2024-09-19T16:31:37.562+0000] {processor.py:157} INFO - Started process (PID=18729) to work on /home/vscode/.local/lib/python3.10/site-packages/airflow/example_dags/example_subdag_operator.py
[2024-09-19T16:31:37.562+0000] {processor.py:826} INFO - Processing file /home/vscode/.local/lib/python3.10/site-packages/airflow/example_dags/example_subdag_operator.py for tasks to queue
[2024-09-19T16:31:37.563+0000] {logging_mixin.py:150} INFO - [2024-09-19T16:31:37.563+0000] {dagbag.py:541} INFO - Filling up the DagBag from /home/vscode/.local/lib/python3.10/site-packages/airflow/example_dags/example_subdag_operator.py
[2024-09-19T16:31:37.577+0000] {processor.py:836} INFO - DAG(s) dict_keys(['example_subdag_operator.section-1', 'example_subdag_operator.section-2', 'example_subdag_operator']) retrieved from /home/vscode/.local/lib/python3.10/site-packages/airflow/example_dags/example_subdag_operator.py
[2024-09-19T16:31:37.588+0000] {logging_mixin.py:150} INFO - [2024-09-19T16:31:37.588+0000] {dag.py:2742} INFO - Sync 3 DAGs
[2024-09-19T16:31:37.601+0000] {logging_mixin.py:150} INFO - [2024-09-19T16:31:37.601+0000] {dag.py:3504} INFO - Setting next_dagrun for example_subdag_operator to 2022-01-01T00:00:00+00:00, run_after=2022-01-01T00:00:00+00:00
[2024-09-19T16:31:37.603+0000] {logging_mixin.py:150} INFO - [2024-09-19T16:31:37.603+0000] {dag.py:3504} INFO - Setting next_dagrun for example_subdag_operator.section-1 to None, run_after=None
[2024-09-19T16:31:37.604+0000] {logging_mixin.py:150} INFO - [2024-09-19T16:31:37.604+0000] {dag.py:3504} INFO - Setting next_dagrun for example_subdag_operator.section-2 to None, run_after=None
[2024-09-19T16:31:37.608+0000] {logging_mixin.py:150} INFO - [2024-09-19T16:31:37.608+0000] {dag.py:2742} INFO - Sync 2 DAGs
[2024-09-19T16:31:37.611+0000] {logging_mixin.py:150} INFO - [2024-09-19T16:31:37.611+0000] {dag.py:3504} INFO - Setting next_dagrun for example_subdag_operator.section-1 to None, run_after=None
[2024-09-19T16:31:37.611+0000] {logging_mixin.py:150} INFO - [2024-09-19T16:31:37.611+0000] {dag.py:3504} INFO - Setting next_dagrun for example_subdag_operator.section-2 to None, run_after=None
[2024-09-19T16:31:37.637+0000] {processor.py:179} INFO - Processing /home/vscode/.local/lib/python3.10/site-packages/airflow/example_dags/example_subdag_operator.py took 0.078 seconds
[2024-09-19T16:32:21.297+0000] {processor.py:157} INFO - Started process (PID=19021) to work on /home/vscode/.local/lib/python3.10/site-packages/airflow/example_dags/example_subdag_operator.py
[2024-09-19T16:32:21.298+0000] {processor.py:826} INFO - Processing file /home/vscode/.local/lib/python3.10/site-packages/airflow/example_dags/example_subdag_operator.py for tasks to queue
[2024-09-19T16:32:21.299+0000] {logging_mixin.py:150} INFO - [2024-09-19T16:32:21.299+0000] {dagbag.py:541} INFO - Filling up the DagBag from /home/vscode/.local/lib/python3.10/site-packages/airflow/example_dags/example_subdag_operator.py
[2024-09-19T16:32:21.317+0000] {processor.py:836} INFO - DAG(s) dict_keys(['example_subdag_operator.section-1', 'example_subdag_operator.section-2', 'example_subdag_operator']) retrieved from /home/vscode/.local/lib/python3.10/site-packages/airflow/example_dags/example_subdag_operator.py
[2024-09-19T16:32:21.328+0000] {logging_mixin.py:150} INFO - [2024-09-19T16:32:21.328+0000] {dag.py:2742} INFO - Sync 3 DAGs
[2024-09-19T16:32:21.342+0000] {logging_mixin.py:150} INFO - [2024-09-19T16:32:21.342+0000] {dag.py:3504} INFO - Setting next_dagrun for example_subdag_operator to 2022-01-01T00:00:00+00:00, run_after=2022-01-01T00:00:00+00:00
[2024-09-19T16:32:21.344+0000] {logging_mixin.py:150} INFO - [2024-09-19T16:32:21.344+0000] {dag.py:3504} INFO - Setting next_dagrun for example_subdag_operator.section-1 to None, run_after=None
[2024-09-19T16:32:21.344+0000] {logging_mixin.py:150} INFO - [2024-09-19T16:32:21.344+0000] {dag.py:3504} INFO - Setting next_dagrun for example_subdag_operator.section-2 to None, run_after=None
[2024-09-19T16:32:21.349+0000] {logging_mixin.py:150} INFO - [2024-09-19T16:32:21.348+0000] {dag.py:2742} INFO - Sync 2 DAGs
[2024-09-19T16:32:21.351+0000] {logging_mixin.py:150} INFO - [2024-09-19T16:32:21.351+0000] {dag.py:3504} INFO - Setting next_dagrun for example_subdag_operator.section-1 to None, run_after=None
[2024-09-19T16:32:21.351+0000] {logging_mixin.py:150} INFO - [2024-09-19T16:32:21.351+0000] {dag.py:3504} INFO - Setting next_dagrun for example_subdag_operator.section-2 to None, run_after=None
[2024-09-19T16:32:21.384+0000] {processor.py:179} INFO - Processing /home/vscode/.local/lib/python3.10/site-packages/airflow/example_dags/example_subdag_operator.py took 0.089 seconds
[2024-09-19T16:33:05.234+0000] {processor.py:157} INFO - Started process (PID=19549) to work on /home/vscode/.local/lib/python3.10/site-packages/airflow/example_dags/example_subdag_operator.py
[2024-09-19T16:33:05.235+0000] {processor.py:826} INFO - Processing file /home/vscode/.local/lib/python3.10/site-packages/airflow/example_dags/example_subdag_operator.py for tasks to queue
[2024-09-19T16:33:05.235+0000] {logging_mixin.py:150} INFO - [2024-09-19T16:33:05.235+0000] {dagbag.py:541} INFO - Filling up the DagBag from /home/vscode/.local/lib/python3.10/site-packages/airflow/example_dags/example_subdag_operator.py
[2024-09-19T16:33:05.250+0000] {processor.py:836} INFO - DAG(s) dict_keys(['example_subdag_operator.section-1', 'example_subdag_operator.section-2', 'example_subdag_operator']) retrieved from /home/vscode/.local/lib/python3.10/site-packages/airflow/example_dags/example_subdag_operator.py
[2024-09-19T16:33:05.262+0000] {logging_mixin.py:150} INFO - [2024-09-19T16:33:05.262+0000] {dag.py:2742} INFO - Sync 3 DAGs
[2024-09-19T16:33:05.276+0000] {logging_mixin.py:150} INFO - [2024-09-19T16:33:05.276+0000] {dag.py:3504} INFO - Setting next_dagrun for example_subdag_operator to 2022-01-01T00:00:00+00:00, run_after=2022-01-01T00:00:00+00:00
[2024-09-19T16:33:05.278+0000] {logging_mixin.py:150} INFO - [2024-09-19T16:33:05.278+0000] {dag.py:3504} INFO - Setting next_dagrun for example_subdag_operator.section-1 to None, run_after=None
[2024-09-19T16:33:05.278+0000] {logging_mixin.py:150} INFO - [2024-09-19T16:33:05.278+0000] {dag.py:3504} INFO - Setting next_dagrun for example_subdag_operator.section-2 to None, run_after=None
[2024-09-19T16:33:05.283+0000] {logging_mixin.py:150} INFO - [2024-09-19T16:33:05.283+0000] {dag.py:2742} INFO - Sync 2 DAGs
[2024-09-19T16:33:05.286+0000] {logging_mixin.py:150} INFO - [2024-09-19T16:33:05.286+0000] {dag.py:3504} INFO - Setting next_dagrun for example_subdag_operator.section-1 to None, run_after=None
[2024-09-19T16:33:05.286+0000] {logging_mixin.py:150} INFO - [2024-09-19T16:33:05.286+0000] {dag.py:3504} INFO - Setting next_dagrun for example_subdag_operator.section-2 to None, run_after=None
[2024-09-19T16:33:05.325+0000] {processor.py:179} INFO - Processing /home/vscode/.local/lib/python3.10/site-packages/airflow/example_dags/example_subdag_operator.py took 0.093 seconds
[2024-09-19T16:33:50.202+0000] {processor.py:157} INFO - Started process (PID=19886) to work on /home/vscode/.local/lib/python3.10/site-packages/airflow/example_dags/example_subdag_operator.py
[2024-09-19T16:33:50.203+0000] {processor.py:826} INFO - Processing file /home/vscode/.local/lib/python3.10/site-packages/airflow/example_dags/example_subdag_operator.py for tasks to queue
[2024-09-19T16:33:50.203+0000] {logging_mixin.py:150} INFO - [2024-09-19T16:33:50.203+0000] {dagbag.py:541} INFO - Filling up the DagBag from /home/vscode/.local/lib/python3.10/site-packages/airflow/example_dags/example_subdag_operator.py
[2024-09-19T16:33:50.218+0000] {processor.py:836} INFO - DAG(s) dict_keys(['example_subdag_operator.section-1', 'example_subdag_operator.section-2', 'example_subdag_operator']) retrieved from /home/vscode/.local/lib/python3.10/site-packages/airflow/example_dags/example_subdag_operator.py
[2024-09-19T16:33:50.229+0000] {logging_mixin.py:150} INFO - [2024-09-19T16:33:50.229+0000] {dag.py:2742} INFO - Sync 3 DAGs
[2024-09-19T16:33:50.242+0000] {logging_mixin.py:150} INFO - [2024-09-19T16:33:50.242+0000] {dag.py:3504} INFO - Setting next_dagrun for example_subdag_operator to 2022-01-01T00:00:00+00:00, run_after=2022-01-01T00:00:00+00:00
[2024-09-19T16:33:50.245+0000] {logging_mixin.py:150} INFO - [2024-09-19T16:33:50.245+0000] {dag.py:3504} INFO - Setting next_dagrun for example_subdag_operator.section-1 to None, run_after=None
[2024-09-19T16:33:50.246+0000] {logging_mixin.py:150} INFO - [2024-09-19T16:33:50.246+0000] {dag.py:3504} INFO - Setting next_dagrun for example_subdag_operator.section-2 to None, run_after=None
[2024-09-19T16:33:50.255+0000] {logging_mixin.py:150} INFO - [2024-09-19T16:33:50.255+0000] {dag.py:2742} INFO - Sync 2 DAGs
[2024-09-19T16:33:50.261+0000] {logging_mixin.py:150} INFO - [2024-09-19T16:33:50.260+0000] {dag.py:3504} INFO - Setting next_dagrun for example_subdag_operator.section-1 to None, run_after=None
[2024-09-19T16:33:50.261+0000] {logging_mixin.py:150} INFO - [2024-09-19T16:33:50.261+0000] {dag.py:3504} INFO - Setting next_dagrun for example_subdag_operator.section-2 to None, run_after=None
[2024-09-19T16:33:50.294+0000] {processor.py:179} INFO - Processing /home/vscode/.local/lib/python3.10/site-packages/airflow/example_dags/example_subdag_operator.py took 0.094 seconds
[2024-09-19T16:34:26.159+0000] {processor.py:157} INFO - Started process (PID=20260) to work on /home/vscode/.local/lib/python3.10/site-packages/airflow/example_dags/example_subdag_operator.py
[2024-09-19T16:34:26.160+0000] {processor.py:826} INFO - Processing file /home/vscode/.local/lib/python3.10/site-packages/airflow/example_dags/example_subdag_operator.py for tasks to queue
[2024-09-19T16:34:26.160+0000] {logging_mixin.py:150} INFO - [2024-09-19T16:34:26.160+0000] {dagbag.py:541} INFO - Filling up the DagBag from /home/vscode/.local/lib/python3.10/site-packages/airflow/example_dags/example_subdag_operator.py
[2024-09-19T16:34:26.174+0000] {processor.py:836} INFO - DAG(s) dict_keys(['example_subdag_operator.section-1', 'example_subdag_operator.section-2', 'example_subdag_operator']) retrieved from /home/vscode/.local/lib/python3.10/site-packages/airflow/example_dags/example_subdag_operator.py
[2024-09-19T16:34:26.185+0000] {logging_mixin.py:150} INFO - [2024-09-19T16:34:26.185+0000] {dag.py:2742} INFO - Sync 3 DAGs
[2024-09-19T16:34:26.199+0000] {logging_mixin.py:150} INFO - [2024-09-19T16:34:26.199+0000] {dag.py:3504} INFO - Setting next_dagrun for example_subdag_operator to 2022-01-01T00:00:00+00:00, run_after=2022-01-01T00:00:00+00:00
[2024-09-19T16:34:26.201+0000] {logging_mixin.py:150} INFO - [2024-09-19T16:34:26.201+0000] {dag.py:3504} INFO - Setting next_dagrun for example_subdag_operator.section-1 to None, run_after=None
[2024-09-19T16:34:26.202+0000] {logging_mixin.py:150} INFO - [2024-09-19T16:34:26.202+0000] {dag.py:3504} INFO - Setting next_dagrun for example_subdag_operator.section-2 to None, run_after=None
[2024-09-19T16:34:26.206+0000] {logging_mixin.py:150} INFO - [2024-09-19T16:34:26.206+0000] {dag.py:2742} INFO - Sync 2 DAGs
[2024-09-19T16:34:26.209+0000] {logging_mixin.py:150} INFO - [2024-09-19T16:34:26.209+0000] {dag.py:3504} INFO - Setting next_dagrun for example_subdag_operator.section-1 to None, run_after=None
[2024-09-19T16:34:26.209+0000] {logging_mixin.py:150} INFO - [2024-09-19T16:34:26.209+0000] {dag.py:3504} INFO - Setting next_dagrun for example_subdag_operator.section-2 to None, run_after=None
[2024-09-19T16:34:26.494+0000] {processor.py:179} INFO - Processing /home/vscode/.local/lib/python3.10/site-packages/airflow/example_dags/example_subdag_operator.py took 0.338 seconds
