[2024-09-19T16:24:57.799+0000] {processor.py:186} INFO - Started process (PID=11589) to work on /home/vscode/.local/lib/python3.10/site-packages/airflow/example_dags/tutorial_taskflow_api_virtualenv.py
[2024-09-19T16:24:57.800+0000] {processor.py:914} INFO - Processing file /home/vscode/.local/lib/python3.10/site-packages/airflow/example_dags/tutorial_taskflow_api_virtualenv.py for tasks to queue
[2024-09-19T16:24:57.801+0000] {logging_mixin.py:190} INFO - [2024-09-19T16:24:57.801+0000] {dagbag.py:587} INFO - Filling up the DagBag from /home/vscode/.local/lib/python3.10/site-packages/airflow/example_dags/tutorial_taskflow_api_virtualenv.py
[2024-09-19T16:24:57.821+0000] {processor.py:925} INFO - DAG(s) 'tutorial_taskflow_api_virtualenv' retrieved from /home/vscode/.local/lib/python3.10/site-packages/airflow/example_dags/tutorial_taskflow_api_virtualenv.py
[2024-09-19T16:24:57.954+0000] {logging_mixin.py:190} INFO - [2024-09-19T16:24:57.954+0000] {override.py:1900} INFO - Created Permission View: can edit on DAG:tutorial_taskflow_api_virtualenv
[2024-09-19T16:24:57.994+0000] {logging_mixin.py:190} INFO - [2024-09-19T16:24:57.993+0000] {override.py:1900} INFO - Created Permission View: can read on DAG:tutorial_taskflow_api_virtualenv
[2024-09-19T16:24:58.027+0000] {logging_mixin.py:190} INFO - [2024-09-19T16:24:58.026+0000] {override.py:1900} INFO - Created Permission View: can delete on DAG:tutorial_taskflow_api_virtualenv
[2024-09-19T16:24:58.076+0000] {logging_mixin.py:190} INFO - [2024-09-19T16:24:58.075+0000] {override.py:1900} INFO - Created Permission View: menu access on DAG Run:tutorial_taskflow_api_virtualenv
[2024-09-19T16:24:58.105+0000] {logging_mixin.py:190} INFO - [2024-09-19T16:24:58.104+0000] {override.py:1900} INFO - Created Permission View: can read on DAG Run:tutorial_taskflow_api_virtualenv
[2024-09-19T16:24:58.142+0000] {logging_mixin.py:190} INFO - [2024-09-19T16:24:58.142+0000] {override.py:1900} INFO - Created Permission View: can create on DAG Run:tutorial_taskflow_api_virtualenv
[2024-09-19T16:24:58.222+0000] {logging_mixin.py:190} INFO - [2024-09-19T16:24:58.222+0000] {override.py:1900} INFO - Created Permission View: can delete on DAG Run:tutorial_taskflow_api_virtualenv
[2024-09-19T16:24:58.223+0000] {logging_mixin.py:190} INFO - [2024-09-19T16:24:58.223+0000] {dag.py:3229} INFO - Sync 1 DAGs
[2024-09-19T16:24:58.233+0000] {logging_mixin.py:190} INFO - [2024-09-19T16:24:58.233+0000] {dag.py:3252} INFO - Creating ORM DAG for tutorial_taskflow_api_virtualenv
[2024-09-19T16:24:58.233+0000] {logging_mixin.py:190} INFO - [2024-09-19T16:24:58.233+0000] {dag.py:4156} INFO - Setting next_dagrun for tutorial_taskflow_api_virtualenv to None, run_after=None
[2024-09-19T16:24:58.271+0000] {processor.py:208} INFO - Processing /home/vscode/.local/lib/python3.10/site-packages/airflow/example_dags/tutorial_taskflow_api_virtualenv.py took 0.478 seconds
[2024-09-19T16:26:17.373+0000] {processor.py:186} INFO - Started process (PID=12114) to work on /home/vscode/.local/lib/python3.10/site-packages/airflow/example_dags/tutorial_taskflow_api_virtualenv.py
[2024-09-19T16:26:17.374+0000] {processor.py:914} INFO - Processing file /home/vscode/.local/lib/python3.10/site-packages/airflow/example_dags/tutorial_taskflow_api_virtualenv.py for tasks to queue
[2024-09-19T16:26:17.376+0000] {logging_mixin.py:190} INFO - [2024-09-19T16:26:17.376+0000] {dagbag.py:587} INFO - Filling up the DagBag from /home/vscode/.local/lib/python3.10/site-packages/airflow/example_dags/tutorial_taskflow_api_virtualenv.py
[2024-09-19T16:26:17.386+0000] {processor.py:925} INFO - DAG(s) 'tutorial_taskflow_api_virtualenv' retrieved from /home/vscode/.local/lib/python3.10/site-packages/airflow/example_dags/tutorial_taskflow_api_virtualenv.py
[2024-09-19T16:26:17.398+0000] {logging_mixin.py:190} INFO - [2024-09-19T16:26:17.398+0000] {dag.py:3229} INFO - Sync 1 DAGs
[2024-09-19T16:26:17.409+0000] {logging_mixin.py:190} INFO - [2024-09-19T16:26:17.409+0000] {dag.py:4156} INFO - Setting next_dagrun for tutorial_taskflow_api_virtualenv to None, run_after=None
[2024-09-19T16:26:17.460+0000] {processor.py:208} INFO - Processing /home/vscode/.local/lib/python3.10/site-packages/airflow/example_dags/tutorial_taskflow_api_virtualenv.py took 0.095 seconds
[2024-09-19T16:27:12.179+0000] {processor.py:186} INFO - Started process (PID=12484) to work on /home/vscode/.local/lib/python3.10/site-packages/airflow/example_dags/tutorial_taskflow_api_virtualenv.py
[2024-09-19T16:27:12.180+0000] {processor.py:914} INFO - Processing file /home/vscode/.local/lib/python3.10/site-packages/airflow/example_dags/tutorial_taskflow_api_virtualenv.py for tasks to queue
[2024-09-19T16:27:12.181+0000] {logging_mixin.py:190} INFO - [2024-09-19T16:27:12.181+0000] {dagbag.py:587} INFO - Filling up the DagBag from /home/vscode/.local/lib/python3.10/site-packages/airflow/example_dags/tutorial_taskflow_api_virtualenv.py
[2024-09-19T16:27:12.191+0000] {processor.py:925} INFO - DAG(s) 'tutorial_taskflow_api_virtualenv' retrieved from /home/vscode/.local/lib/python3.10/site-packages/airflow/example_dags/tutorial_taskflow_api_virtualenv.py
[2024-09-19T16:27:12.203+0000] {logging_mixin.py:190} INFO - [2024-09-19T16:27:12.203+0000] {dag.py:3229} INFO - Sync 1 DAGs
[2024-09-19T16:27:12.213+0000] {logging_mixin.py:190} INFO - [2024-09-19T16:27:12.213+0000] {dag.py:4156} INFO - Setting next_dagrun for tutorial_taskflow_api_virtualenv to None, run_after=None
[2024-09-19T16:27:12.247+0000] {processor.py:208} INFO - Processing /home/vscode/.local/lib/python3.10/site-packages/airflow/example_dags/tutorial_taskflow_api_virtualenv.py took 0.073 seconds
[2024-09-19T16:28:05.936+0000] {processor.py:186} INFO - Started process (PID=12868) to work on /home/vscode/.local/lib/python3.10/site-packages/airflow/example_dags/tutorial_taskflow_api_virtualenv.py
[2024-09-19T16:28:05.937+0000] {processor.py:914} INFO - Processing file /home/vscode/.local/lib/python3.10/site-packages/airflow/example_dags/tutorial_taskflow_api_virtualenv.py for tasks to queue
[2024-09-19T16:28:05.939+0000] {logging_mixin.py:190} INFO - [2024-09-19T16:28:05.938+0000] {dagbag.py:587} INFO - Filling up the DagBag from /home/vscode/.local/lib/python3.10/site-packages/airflow/example_dags/tutorial_taskflow_api_virtualenv.py
[2024-09-19T16:28:05.948+0000] {processor.py:925} INFO - DAG(s) 'tutorial_taskflow_api_virtualenv' retrieved from /home/vscode/.local/lib/python3.10/site-packages/airflow/example_dags/tutorial_taskflow_api_virtualenv.py
[2024-09-19T16:28:05.960+0000] {logging_mixin.py:190} INFO - [2024-09-19T16:28:05.960+0000] {dag.py:3229} INFO - Sync 1 DAGs
[2024-09-19T16:28:05.970+0000] {logging_mixin.py:190} INFO - [2024-09-19T16:28:05.970+0000] {dag.py:4156} INFO - Setting next_dagrun for tutorial_taskflow_api_virtualenv to None, run_after=None
[2024-09-19T16:28:06.010+0000] {processor.py:208} INFO - Processing /home/vscode/.local/lib/python3.10/site-packages/airflow/example_dags/tutorial_taskflow_api_virtualenv.py took 0.078 seconds
[2024-09-19T16:28:58.399+0000] {processor.py:186} INFO - Started process (PID=13332) to work on /home/vscode/.local/lib/python3.10/site-packages/airflow/example_dags/tutorial_taskflow_api_virtualenv.py
[2024-09-19T16:28:58.400+0000] {processor.py:914} INFO - Processing file /home/vscode/.local/lib/python3.10/site-packages/airflow/example_dags/tutorial_taskflow_api_virtualenv.py for tasks to queue
[2024-09-19T16:28:58.401+0000] {logging_mixin.py:190} INFO - [2024-09-19T16:28:58.401+0000] {dagbag.py:587} INFO - Filling up the DagBag from /home/vscode/.local/lib/python3.10/site-packages/airflow/example_dags/tutorial_taskflow_api_virtualenv.py
[2024-09-19T16:28:58.411+0000] {processor.py:925} INFO - DAG(s) 'tutorial_taskflow_api_virtualenv' retrieved from /home/vscode/.local/lib/python3.10/site-packages/airflow/example_dags/tutorial_taskflow_api_virtualenv.py
[2024-09-19T16:28:58.423+0000] {logging_mixin.py:190} INFO - [2024-09-19T16:28:58.423+0000] {dag.py:3229} INFO - Sync 1 DAGs
[2024-09-19T16:28:58.433+0000] {logging_mixin.py:190} INFO - [2024-09-19T16:28:58.433+0000] {dag.py:4156} INFO - Setting next_dagrun for tutorial_taskflow_api_virtualenv to None, run_after=None
[2024-09-19T16:28:58.469+0000] {processor.py:208} INFO - Processing /home/vscode/.local/lib/python3.10/site-packages/airflow/example_dags/tutorial_taskflow_api_virtualenv.py took 0.075 seconds
[2024-09-19T16:29:48.604+0000] {processor.py:186} INFO - Started process (PID=13751) to work on /home/vscode/.local/lib/python3.10/site-packages/airflow/example_dags/tutorial_taskflow_api_virtualenv.py
[2024-09-19T16:29:48.605+0000] {processor.py:914} INFO - Processing file /home/vscode/.local/lib/python3.10/site-packages/airflow/example_dags/tutorial_taskflow_api_virtualenv.py for tasks to queue
[2024-09-19T16:29:48.606+0000] {logging_mixin.py:190} INFO - [2024-09-19T16:29:48.606+0000] {dagbag.py:587} INFO - Filling up the DagBag from /home/vscode/.local/lib/python3.10/site-packages/airflow/example_dags/tutorial_taskflow_api_virtualenv.py
[2024-09-19T16:29:48.616+0000] {processor.py:925} INFO - DAG(s) 'tutorial_taskflow_api_virtualenv' retrieved from /home/vscode/.local/lib/python3.10/site-packages/airflow/example_dags/tutorial_taskflow_api_virtualenv.py
[2024-09-19T16:29:48.628+0000] {logging_mixin.py:190} INFO - [2024-09-19T16:29:48.627+0000] {dag.py:3229} INFO - Sync 1 DAGs
[2024-09-19T16:29:48.637+0000] {logging_mixin.py:190} INFO - [2024-09-19T16:29:48.637+0000] {dag.py:4156} INFO - Setting next_dagrun for tutorial_taskflow_api_virtualenv to None, run_after=None
[2024-09-19T16:29:48.673+0000] {processor.py:208} INFO - Processing /home/vscode/.local/lib/python3.10/site-packages/airflow/example_dags/tutorial_taskflow_api_virtualenv.py took 0.074 seconds
[2024-09-19T16:30:39.083+0000] {processor.py:186} INFO - Started process (PID=14087) to work on /home/vscode/.local/lib/python3.10/site-packages/airflow/example_dags/tutorial_taskflow_api_virtualenv.py
[2024-09-19T16:30:39.083+0000] {processor.py:914} INFO - Processing file /home/vscode/.local/lib/python3.10/site-packages/airflow/example_dags/tutorial_taskflow_api_virtualenv.py for tasks to queue
[2024-09-19T16:30:39.085+0000] {logging_mixin.py:190} INFO - [2024-09-19T16:30:39.085+0000] {dagbag.py:587} INFO - Filling up the DagBag from /home/vscode/.local/lib/python3.10/site-packages/airflow/example_dags/tutorial_taskflow_api_virtualenv.py
[2024-09-19T16:30:39.095+0000] {processor.py:925} INFO - DAG(s) 'tutorial_taskflow_api_virtualenv' retrieved from /home/vscode/.local/lib/python3.10/site-packages/airflow/example_dags/tutorial_taskflow_api_virtualenv.py
[2024-09-19T16:30:39.106+0000] {logging_mixin.py:190} INFO - [2024-09-19T16:30:39.106+0000] {dag.py:3229} INFO - Sync 1 DAGs
[2024-09-19T16:30:39.116+0000] {logging_mixin.py:190} INFO - [2024-09-19T16:30:39.115+0000] {dag.py:4156} INFO - Setting next_dagrun for tutorial_taskflow_api_virtualenv to None, run_after=None
[2024-09-19T16:30:39.149+0000] {processor.py:208} INFO - Processing /home/vscode/.local/lib/python3.10/site-packages/airflow/example_dags/tutorial_taskflow_api_virtualenv.py took 0.071 seconds
[2024-09-19T16:31:29.608+0000] {processor.py:186} INFO - Started process (PID=14530) to work on /home/vscode/.local/lib/python3.10/site-packages/airflow/example_dags/tutorial_taskflow_api_virtualenv.py
[2024-09-19T16:31:29.609+0000] {processor.py:914} INFO - Processing file /home/vscode/.local/lib/python3.10/site-packages/airflow/example_dags/tutorial_taskflow_api_virtualenv.py for tasks to queue
[2024-09-19T16:31:29.611+0000] {logging_mixin.py:190} INFO - [2024-09-19T16:31:29.611+0000] {dagbag.py:587} INFO - Filling up the DagBag from /home/vscode/.local/lib/python3.10/site-packages/airflow/example_dags/tutorial_taskflow_api_virtualenv.py
[2024-09-19T16:31:29.622+0000] {processor.py:925} INFO - DAG(s) 'tutorial_taskflow_api_virtualenv' retrieved from /home/vscode/.local/lib/python3.10/site-packages/airflow/example_dags/tutorial_taskflow_api_virtualenv.py
[2024-09-19T16:31:29.634+0000] {logging_mixin.py:190} INFO - [2024-09-19T16:31:29.634+0000] {dag.py:3229} INFO - Sync 1 DAGs
[2024-09-19T16:31:29.644+0000] {logging_mixin.py:190} INFO - [2024-09-19T16:31:29.644+0000] {dag.py:4156} INFO - Setting next_dagrun for tutorial_taskflow_api_virtualenv to None, run_after=None
[2024-09-19T16:31:29.675+0000] {processor.py:208} INFO - Processing /home/vscode/.local/lib/python3.10/site-packages/airflow/example_dags/tutorial_taskflow_api_virtualenv.py took 0.072 seconds
[2024-09-19T16:32:24.402+0000] {processor.py:186} INFO - Started process (PID=15125) to work on /home/vscode/.local/lib/python3.10/site-packages/airflow/example_dags/tutorial_taskflow_api_virtualenv.py
[2024-09-19T16:32:24.403+0000] {processor.py:914} INFO - Processing file /home/vscode/.local/lib/python3.10/site-packages/airflow/example_dags/tutorial_taskflow_api_virtualenv.py for tasks to queue
[2024-09-19T16:32:24.404+0000] {logging_mixin.py:190} INFO - [2024-09-19T16:32:24.404+0000] {dagbag.py:587} INFO - Filling up the DagBag from /home/vscode/.local/lib/python3.10/site-packages/airflow/example_dags/tutorial_taskflow_api_virtualenv.py
[2024-09-19T16:32:24.414+0000] {processor.py:925} INFO - DAG(s) 'tutorial_taskflow_api_virtualenv' retrieved from /home/vscode/.local/lib/python3.10/site-packages/airflow/example_dags/tutorial_taskflow_api_virtualenv.py
[2024-09-19T16:32:24.425+0000] {logging_mixin.py:190} INFO - [2024-09-19T16:32:24.425+0000] {dag.py:3229} INFO - Sync 1 DAGs
[2024-09-19T16:32:24.435+0000] {logging_mixin.py:190} INFO - [2024-09-19T16:32:24.435+0000] {dag.py:4156} INFO - Setting next_dagrun for tutorial_taskflow_api_virtualenv to None, run_after=None
[2024-09-19T16:32:24.473+0000] {processor.py:208} INFO - Processing /home/vscode/.local/lib/python3.10/site-packages/airflow/example_dags/tutorial_taskflow_api_virtualenv.py took 0.075 seconds
[2024-09-19T16:33:16.342+0000] {processor.py:186} INFO - Started process (PID=15472) to work on /home/vscode/.local/lib/python3.10/site-packages/airflow/example_dags/tutorial_taskflow_api_virtualenv.py
[2024-09-19T16:33:16.343+0000] {processor.py:914} INFO - Processing file /home/vscode/.local/lib/python3.10/site-packages/airflow/example_dags/tutorial_taskflow_api_virtualenv.py for tasks to queue
[2024-09-19T16:33:16.344+0000] {logging_mixin.py:190} INFO - [2024-09-19T16:33:16.344+0000] {dagbag.py:587} INFO - Filling up the DagBag from /home/vscode/.local/lib/python3.10/site-packages/airflow/example_dags/tutorial_taskflow_api_virtualenv.py
[2024-09-19T16:33:16.353+0000] {processor.py:925} INFO - DAG(s) 'tutorial_taskflow_api_virtualenv' retrieved from /home/vscode/.local/lib/python3.10/site-packages/airflow/example_dags/tutorial_taskflow_api_virtualenv.py
[2024-09-19T16:33:16.365+0000] {logging_mixin.py:190} INFO - [2024-09-19T16:33:16.365+0000] {dag.py:3229} INFO - Sync 1 DAGs
[2024-09-19T16:33:16.375+0000] {logging_mixin.py:190} INFO - [2024-09-19T16:33:16.375+0000] {dag.py:4156} INFO - Setting next_dagrun for tutorial_taskflow_api_virtualenv to None, run_after=None
[2024-09-19T16:33:16.409+0000] {processor.py:208} INFO - Processing /home/vscode/.local/lib/python3.10/site-packages/airflow/example_dags/tutorial_taskflow_api_virtualenv.py took 0.072 seconds
[2024-09-19T16:34:05.978+0000] {processor.py:186} INFO - Started process (PID=15801) to work on /home/vscode/.local/lib/python3.10/site-packages/airflow/example_dags/tutorial_taskflow_api_virtualenv.py
[2024-09-19T16:34:05.978+0000] {processor.py:914} INFO - Processing file /home/vscode/.local/lib/python3.10/site-packages/airflow/example_dags/tutorial_taskflow_api_virtualenv.py for tasks to queue
[2024-09-19T16:34:05.980+0000] {logging_mixin.py:190} INFO - [2024-09-19T16:34:05.980+0000] {dagbag.py:587} INFO - Filling up the DagBag from /home/vscode/.local/lib/python3.10/site-packages/airflow/example_dags/tutorial_taskflow_api_virtualenv.py
[2024-09-19T16:34:05.990+0000] {processor.py:925} INFO - DAG(s) 'tutorial_taskflow_api_virtualenv' retrieved from /home/vscode/.local/lib/python3.10/site-packages/airflow/example_dags/tutorial_taskflow_api_virtualenv.py
[2024-09-19T16:34:06.005+0000] {logging_mixin.py:190} INFO - [2024-09-19T16:34:06.005+0000] {dag.py:3229} INFO - Sync 1 DAGs
[2024-09-19T16:34:06.015+0000] {logging_mixin.py:190} INFO - [2024-09-19T16:34:06.015+0000] {dag.py:4156} INFO - Setting next_dagrun for tutorial_taskflow_api_virtualenv to None, run_after=None
[2024-09-19T16:34:06.053+0000] {processor.py:208} INFO - Processing /home/vscode/.local/lib/python3.10/site-packages/airflow/example_dags/tutorial_taskflow_api_virtualenv.py took 0.080 seconds
[2024-09-19T16:34:54.065+0000] {processor.py:186} INFO - Started process (PID=16131) to work on /home/vscode/.local/lib/python3.10/site-packages/airflow/example_dags/tutorial_taskflow_api_virtualenv.py
[2024-09-19T16:34:54.065+0000] {processor.py:914} INFO - Processing file /home/vscode/.local/lib/python3.10/site-packages/airflow/example_dags/tutorial_taskflow_api_virtualenv.py for tasks to queue
[2024-09-19T16:34:54.067+0000] {logging_mixin.py:190} INFO - [2024-09-19T16:34:54.067+0000] {dagbag.py:587} INFO - Filling up the DagBag from /home/vscode/.local/lib/python3.10/site-packages/airflow/example_dags/tutorial_taskflow_api_virtualenv.py
[2024-09-19T16:34:54.076+0000] {processor.py:925} INFO - DAG(s) 'tutorial_taskflow_api_virtualenv' retrieved from /home/vscode/.local/lib/python3.10/site-packages/airflow/example_dags/tutorial_taskflow_api_virtualenv.py
[2024-09-19T16:34:54.088+0000] {logging_mixin.py:190} INFO - [2024-09-19T16:34:54.088+0000] {dag.py:3229} INFO - Sync 1 DAGs
[2024-09-19T16:34:54.097+0000] {logging_mixin.py:190} INFO - [2024-09-19T16:34:54.097+0000] {dag.py:4156} INFO - Setting next_dagrun for tutorial_taskflow_api_virtualenv to None, run_after=None
[2024-09-19T16:34:54.138+0000] {processor.py:208} INFO - Processing /home/vscode/.local/lib/python3.10/site-packages/airflow/example_dags/tutorial_taskflow_api_virtualenv.py took 0.078 seconds
