[2024-09-19T16:25:33.997+0000] {processor.py:157} INFO - Started process (PID=16080) to work on /home/vscode/.local/lib/python3.10/site-packages/airflow/example_dags/tutorial_dag.py
[2024-09-19T16:25:33.998+0000] {processor.py:826} INFO - Processing file /home/vscode/.local/lib/python3.10/site-packages/airflow/example_dags/tutorial_dag.py for tasks to queue
[2024-09-19T16:25:33.998+0000] {logging_mixin.py:150} INFO - [2024-09-19T16:25:33.998+0000] {dagbag.py:541} INFO - Filling up the DagBag from /home/vscode/.local/lib/python3.10/site-packages/airflow/example_dags/tutorial_dag.py
[2024-09-19T16:25:34.004+0000] {processor.py:836} INFO - DAG(s) dict_keys(['tutorial_dag']) retrieved from /home/vscode/.local/lib/python3.10/site-packages/airflow/example_dags/tutorial_dag.py
[2024-09-19T16:25:34.212+0000] {logging_mixin.py:150} INFO - [2024-09-19T16:25:34.212+0000] {manager.py:504} INFO - Created Permission View: can edit on DAG:tutorial_dag
[2024-09-19T16:25:34.251+0000] {logging_mixin.py:150} INFO - [2024-09-19T16:25:34.251+0000] {manager.py:504} INFO - Created Permission View: can delete on DAG:tutorial_dag
[2024-09-19T16:25:34.283+0000] {logging_mixin.py:150} INFO - [2024-09-19T16:25:34.283+0000] {manager.py:504} INFO - Created Permission View: can read on DAG:tutorial_dag
[2024-09-19T16:25:34.291+0000] {logging_mixin.py:150} INFO - [2024-09-19T16:25:34.291+0000] {dag.py:2742} INFO - Sync 1 DAGs
[2024-09-19T16:25:34.299+0000] {logging_mixin.py:150} INFO - [2024-09-19T16:25:34.299+0000] {dag.py:2763} INFO - Creating ORM DAG for tutorial_dag
[2024-09-19T16:25:34.305+0000] {logging_mixin.py:150} INFO - [2024-09-19T16:25:34.304+0000] {dag.py:3504} INFO - Setting next_dagrun for tutorial_dag to None, run_after=None
[2024-09-19T16:25:34.353+0000] {processor.py:179} INFO - Processing /home/vscode/.local/lib/python3.10/site-packages/airflow/example_dags/tutorial_dag.py took 0.358 seconds
[2024-09-19T16:26:31.369+0000] {processor.py:157} INFO - Started process (PID=16443) to work on /home/vscode/.local/lib/python3.10/site-packages/airflow/example_dags/tutorial_dag.py
[2024-09-19T16:26:31.370+0000] {processor.py:826} INFO - Processing file /home/vscode/.local/lib/python3.10/site-packages/airflow/example_dags/tutorial_dag.py for tasks to queue
[2024-09-19T16:26:31.370+0000] {logging_mixin.py:150} INFO - [2024-09-19T16:26:31.370+0000] {dagbag.py:541} INFO - Filling up the DagBag from /home/vscode/.local/lib/python3.10/site-packages/airflow/example_dags/tutorial_dag.py
[2024-09-19T16:26:31.374+0000] {processor.py:836} INFO - DAG(s) dict_keys(['tutorial_dag']) retrieved from /home/vscode/.local/lib/python3.10/site-packages/airflow/example_dags/tutorial_dag.py
[2024-09-19T16:26:31.386+0000] {logging_mixin.py:150} INFO - [2024-09-19T16:26:31.386+0000] {dag.py:2742} INFO - Sync 1 DAGs
[2024-09-19T16:26:31.399+0000] {logging_mixin.py:150} INFO - [2024-09-19T16:26:31.399+0000] {dag.py:3504} INFO - Setting next_dagrun for tutorial_dag to None, run_after=None
[2024-09-19T16:26:31.447+0000] {processor.py:179} INFO - Processing /home/vscode/.local/lib/python3.10/site-packages/airflow/example_dags/tutorial_dag.py took 0.080 seconds
[2024-09-19T16:27:10.789+0000] {processor.py:157} INFO - Started process (PID=16703) to work on /home/vscode/.local/lib/python3.10/site-packages/airflow/example_dags/tutorial_dag.py
[2024-09-19T16:27:10.790+0000] {processor.py:826} INFO - Processing file /home/vscode/.local/lib/python3.10/site-packages/airflow/example_dags/tutorial_dag.py for tasks to queue
[2024-09-19T16:27:10.791+0000] {logging_mixin.py:150} INFO - [2024-09-19T16:27:10.791+0000] {dagbag.py:541} INFO - Filling up the DagBag from /home/vscode/.local/lib/python3.10/site-packages/airflow/example_dags/tutorial_dag.py
[2024-09-19T16:27:10.798+0000] {processor.py:836} INFO - DAG(s) dict_keys(['tutorial_dag']) retrieved from /home/vscode/.local/lib/python3.10/site-packages/airflow/example_dags/tutorial_dag.py
[2024-09-19T16:27:10.819+0000] {logging_mixin.py:150} INFO - [2024-09-19T16:27:10.819+0000] {dag.py:2742} INFO - Sync 1 DAGs
[2024-09-19T16:27:10.836+0000] {logging_mixin.py:150} INFO - [2024-09-19T16:27:10.836+0000] {dag.py:3504} INFO - Setting next_dagrun for tutorial_dag to None, run_after=None
[2024-09-19T16:27:10.878+0000] {processor.py:179} INFO - Processing /home/vscode/.local/lib/python3.10/site-packages/airflow/example_dags/tutorial_dag.py took 0.092 seconds
[2024-09-19T16:27:57.210+0000] {processor.py:157} INFO - Started process (PID=17039) to work on /home/vscode/.local/lib/python3.10/site-packages/airflow/example_dags/tutorial_dag.py
[2024-09-19T16:27:57.210+0000] {processor.py:826} INFO - Processing file /home/vscode/.local/lib/python3.10/site-packages/airflow/example_dags/tutorial_dag.py for tasks to queue
[2024-09-19T16:27:57.211+0000] {logging_mixin.py:150} INFO - [2024-09-19T16:27:57.211+0000] {dagbag.py:541} INFO - Filling up the DagBag from /home/vscode/.local/lib/python3.10/site-packages/airflow/example_dags/tutorial_dag.py
[2024-09-19T16:27:57.215+0000] {processor.py:836} INFO - DAG(s) dict_keys(['tutorial_dag']) retrieved from /home/vscode/.local/lib/python3.10/site-packages/airflow/example_dags/tutorial_dag.py
[2024-09-19T16:27:57.227+0000] {logging_mixin.py:150} INFO - [2024-09-19T16:27:57.227+0000] {dag.py:2742} INFO - Sync 1 DAGs
[2024-09-19T16:27:57.241+0000] {logging_mixin.py:150} INFO - [2024-09-19T16:27:57.241+0000] {dag.py:3504} INFO - Setting next_dagrun for tutorial_dag to None, run_after=None
[2024-09-19T16:27:57.287+0000] {processor.py:179} INFO - Processing /home/vscode/.local/lib/python3.10/site-packages/airflow/example_dags/tutorial_dag.py took 0.080 seconds
[2024-09-19T16:28:40.139+0000] {processor.py:157} INFO - Started process (PID=17370) to work on /home/vscode/.local/lib/python3.10/site-packages/airflow/example_dags/tutorial_dag.py
[2024-09-19T16:28:40.139+0000] {processor.py:826} INFO - Processing file /home/vscode/.local/lib/python3.10/site-packages/airflow/example_dags/tutorial_dag.py for tasks to queue
[2024-09-19T16:28:40.140+0000] {logging_mixin.py:150} INFO - [2024-09-19T16:28:40.140+0000] {dagbag.py:541} INFO - Filling up the DagBag from /home/vscode/.local/lib/python3.10/site-packages/airflow/example_dags/tutorial_dag.py
[2024-09-19T16:28:40.145+0000] {processor.py:836} INFO - DAG(s) dict_keys(['tutorial_dag']) retrieved from /home/vscode/.local/lib/python3.10/site-packages/airflow/example_dags/tutorial_dag.py
[2024-09-19T16:28:40.157+0000] {logging_mixin.py:150} INFO - [2024-09-19T16:28:40.157+0000] {dag.py:2742} INFO - Sync 1 DAGs
[2024-09-19T16:28:40.171+0000] {logging_mixin.py:150} INFO - [2024-09-19T16:28:40.171+0000] {dag.py:3504} INFO - Setting next_dagrun for tutorial_dag to None, run_after=None
[2024-09-19T16:28:40.242+0000] {processor.py:179} INFO - Processing /home/vscode/.local/lib/python3.10/site-packages/airflow/example_dags/tutorial_dag.py took 0.105 seconds
[2024-09-19T16:29:27.565+0000] {processor.py:157} INFO - Started process (PID=17688) to work on /home/vscode/.local/lib/python3.10/site-packages/airflow/example_dags/tutorial_dag.py
[2024-09-19T16:29:27.566+0000] {processor.py:826} INFO - Processing file /home/vscode/.local/lib/python3.10/site-packages/airflow/example_dags/tutorial_dag.py for tasks to queue
[2024-09-19T16:29:27.567+0000] {logging_mixin.py:150} INFO - [2024-09-19T16:29:27.566+0000] {dagbag.py:541} INFO - Filling up the DagBag from /home/vscode/.local/lib/python3.10/site-packages/airflow/example_dags/tutorial_dag.py
[2024-09-19T16:29:27.571+0000] {processor.py:836} INFO - DAG(s) dict_keys(['tutorial_dag']) retrieved from /home/vscode/.local/lib/python3.10/site-packages/airflow/example_dags/tutorial_dag.py
[2024-09-19T16:29:27.583+0000] {logging_mixin.py:150} INFO - [2024-09-19T16:29:27.582+0000] {dag.py:2742} INFO - Sync 1 DAGs
[2024-09-19T16:29:27.596+0000] {logging_mixin.py:150} INFO - [2024-09-19T16:29:27.596+0000] {dag.py:3504} INFO - Setting next_dagrun for tutorial_dag to None, run_after=None
[2024-09-19T16:29:27.633+0000] {processor.py:179} INFO - Processing /home/vscode/.local/lib/python3.10/site-packages/airflow/example_dags/tutorial_dag.py took 0.069 seconds
[2024-09-19T16:30:16.878+0000] {processor.py:157} INFO - Started process (PID=18148) to work on /home/vscode/.local/lib/python3.10/site-packages/airflow/example_dags/tutorial_dag.py
[2024-09-19T16:30:16.878+0000] {processor.py:826} INFO - Processing file /home/vscode/.local/lib/python3.10/site-packages/airflow/example_dags/tutorial_dag.py for tasks to queue
[2024-09-19T16:30:16.879+0000] {logging_mixin.py:150} INFO - [2024-09-19T16:30:16.879+0000] {dagbag.py:541} INFO - Filling up the DagBag from /home/vscode/.local/lib/python3.10/site-packages/airflow/example_dags/tutorial_dag.py
[2024-09-19T16:30:16.883+0000] {processor.py:836} INFO - DAG(s) dict_keys(['tutorial_dag']) retrieved from /home/vscode/.local/lib/python3.10/site-packages/airflow/example_dags/tutorial_dag.py
[2024-09-19T16:30:16.895+0000] {logging_mixin.py:150} INFO - [2024-09-19T16:30:16.895+0000] {dag.py:2742} INFO - Sync 1 DAGs
[2024-09-19T16:30:16.909+0000] {logging_mixin.py:150} INFO - [2024-09-19T16:30:16.909+0000] {dag.py:3504} INFO - Setting next_dagrun for tutorial_dag to None, run_after=None
[2024-09-19T16:30:16.946+0000] {processor.py:179} INFO - Processing /home/vscode/.local/lib/python3.10/site-packages/airflow/example_dags/tutorial_dag.py took 0.070 seconds
[2024-09-19T16:31:02.384+0000] {processor.py:157} INFO - Started process (PID=18489) to work on /home/vscode/.local/lib/python3.10/site-packages/airflow/example_dags/tutorial_dag.py
[2024-09-19T16:31:02.384+0000] {processor.py:826} INFO - Processing file /home/vscode/.local/lib/python3.10/site-packages/airflow/example_dags/tutorial_dag.py for tasks to queue
[2024-09-19T16:31:02.385+0000] {logging_mixin.py:150} INFO - [2024-09-19T16:31:02.385+0000] {dagbag.py:541} INFO - Filling up the DagBag from /home/vscode/.local/lib/python3.10/site-packages/airflow/example_dags/tutorial_dag.py
[2024-09-19T16:31:02.389+0000] {processor.py:836} INFO - DAG(s) dict_keys(['tutorial_dag']) retrieved from /home/vscode/.local/lib/python3.10/site-packages/airflow/example_dags/tutorial_dag.py
[2024-09-19T16:31:02.400+0000] {logging_mixin.py:150} INFO - [2024-09-19T16:31:02.400+0000] {dag.py:2742} INFO - Sync 1 DAGs
[2024-09-19T16:31:02.418+0000] {logging_mixin.py:150} INFO - [2024-09-19T16:31:02.418+0000] {dag.py:3504} INFO - Setting next_dagrun for tutorial_dag to None, run_after=None
[2024-09-19T16:31:02.451+0000] {processor.py:179} INFO - Processing /home/vscode/.local/lib/python3.10/site-packages/airflow/example_dags/tutorial_dag.py took 0.069 seconds
[2024-09-19T16:31:36.334+0000] {processor.py:157} INFO - Started process (PID=18716) to work on /home/vscode/.local/lib/python3.10/site-packages/airflow/example_dags/tutorial_dag.py
[2024-09-19T16:31:36.341+0000] {processor.py:826} INFO - Processing file /home/vscode/.local/lib/python3.10/site-packages/airflow/example_dags/tutorial_dag.py for tasks to queue
[2024-09-19T16:31:36.342+0000] {logging_mixin.py:150} INFO - [2024-09-19T16:31:36.341+0000] {dagbag.py:541} INFO - Filling up the DagBag from /home/vscode/.local/lib/python3.10/site-packages/airflow/example_dags/tutorial_dag.py
[2024-09-19T16:31:36.347+0000] {processor.py:836} INFO - DAG(s) dict_keys(['tutorial_dag']) retrieved from /home/vscode/.local/lib/python3.10/site-packages/airflow/example_dags/tutorial_dag.py
[2024-09-19T16:31:36.365+0000] {logging_mixin.py:150} INFO - [2024-09-19T16:31:36.365+0000] {dag.py:2742} INFO - Sync 1 DAGs
[2024-09-19T16:31:36.386+0000] {logging_mixin.py:150} INFO - [2024-09-19T16:31:36.386+0000] {dag.py:3504} INFO - Setting next_dagrun for tutorial_dag to None, run_after=None
[2024-09-19T16:31:36.438+0000] {processor.py:179} INFO - Processing /home/vscode/.local/lib/python3.10/site-packages/airflow/example_dags/tutorial_dag.py took 0.107 seconds
[2024-09-19T16:32:20.372+0000] {processor.py:157} INFO - Started process (PID=19016) to work on /home/vscode/.local/lib/python3.10/site-packages/airflow/example_dags/tutorial_dag.py
[2024-09-19T16:32:20.373+0000] {processor.py:826} INFO - Processing file /home/vscode/.local/lib/python3.10/site-packages/airflow/example_dags/tutorial_dag.py for tasks to queue
[2024-09-19T16:32:20.374+0000] {logging_mixin.py:150} INFO - [2024-09-19T16:32:20.373+0000] {dagbag.py:541} INFO - Filling up the DagBag from /home/vscode/.local/lib/python3.10/site-packages/airflow/example_dags/tutorial_dag.py
[2024-09-19T16:32:20.377+0000] {processor.py:836} INFO - DAG(s) dict_keys(['tutorial_dag']) retrieved from /home/vscode/.local/lib/python3.10/site-packages/airflow/example_dags/tutorial_dag.py
[2024-09-19T16:32:20.389+0000] {logging_mixin.py:150} INFO - [2024-09-19T16:32:20.389+0000] {dag.py:2742} INFO - Sync 1 DAGs
[2024-09-19T16:32:20.402+0000] {logging_mixin.py:150} INFO - [2024-09-19T16:32:20.402+0000] {dag.py:3504} INFO - Setting next_dagrun for tutorial_dag to None, run_after=None
[2024-09-19T16:32:20.433+0000] {processor.py:179} INFO - Processing /home/vscode/.local/lib/python3.10/site-packages/airflow/example_dags/tutorial_dag.py took 0.063 seconds
[2024-09-19T16:33:04.101+0000] {processor.py:157} INFO - Started process (PID=19535) to work on /home/vscode/.local/lib/python3.10/site-packages/airflow/example_dags/tutorial_dag.py
[2024-09-19T16:33:04.102+0000] {processor.py:826} INFO - Processing file /home/vscode/.local/lib/python3.10/site-packages/airflow/example_dags/tutorial_dag.py for tasks to queue
[2024-09-19T16:33:04.103+0000] {logging_mixin.py:150} INFO - [2024-09-19T16:33:04.102+0000] {dagbag.py:541} INFO - Filling up the DagBag from /home/vscode/.local/lib/python3.10/site-packages/airflow/example_dags/tutorial_dag.py
[2024-09-19T16:33:04.106+0000] {processor.py:836} INFO - DAG(s) dict_keys(['tutorial_dag']) retrieved from /home/vscode/.local/lib/python3.10/site-packages/airflow/example_dags/tutorial_dag.py
[2024-09-19T16:33:04.118+0000] {logging_mixin.py:150} INFO - [2024-09-19T16:33:04.118+0000] {dag.py:2742} INFO - Sync 1 DAGs
[2024-09-19T16:33:04.132+0000] {logging_mixin.py:150} INFO - [2024-09-19T16:33:04.132+0000] {dag.py:3504} INFO - Setting next_dagrun for tutorial_dag to None, run_after=None
[2024-09-19T16:33:04.162+0000] {processor.py:179} INFO - Processing /home/vscode/.local/lib/python3.10/site-packages/airflow/example_dags/tutorial_dag.py took 0.063 seconds
[2024-09-19T16:33:49.063+0000] {processor.py:157} INFO - Started process (PID=19878) to work on /home/vscode/.local/lib/python3.10/site-packages/airflow/example_dags/tutorial_dag.py
[2024-09-19T16:33:49.064+0000] {processor.py:826} INFO - Processing file /home/vscode/.local/lib/python3.10/site-packages/airflow/example_dags/tutorial_dag.py for tasks to queue
[2024-09-19T16:33:49.065+0000] {logging_mixin.py:150} INFO - [2024-09-19T16:33:49.064+0000] {dagbag.py:541} INFO - Filling up the DagBag from /home/vscode/.local/lib/python3.10/site-packages/airflow/example_dags/tutorial_dag.py
[2024-09-19T16:33:49.068+0000] {processor.py:836} INFO - DAG(s) dict_keys(['tutorial_dag']) retrieved from /home/vscode/.local/lib/python3.10/site-packages/airflow/example_dags/tutorial_dag.py
[2024-09-19T16:33:49.080+0000] {logging_mixin.py:150} INFO - [2024-09-19T16:33:49.079+0000] {dag.py:2742} INFO - Sync 1 DAGs
[2024-09-19T16:33:49.093+0000] {logging_mixin.py:150} INFO - [2024-09-19T16:33:49.093+0000] {dag.py:3504} INFO - Setting next_dagrun for tutorial_dag to None, run_after=None
[2024-09-19T16:33:49.129+0000] {processor.py:179} INFO - Processing /home/vscode/.local/lib/python3.10/site-packages/airflow/example_dags/tutorial_dag.py took 0.067 seconds
[2024-09-19T16:34:24.851+0000] {processor.py:157} INFO - Started process (PID=20237) to work on /home/vscode/.local/lib/python3.10/site-packages/airflow/example_dags/tutorial_dag.py
[2024-09-19T16:34:24.851+0000] {processor.py:826} INFO - Processing file /home/vscode/.local/lib/python3.10/site-packages/airflow/example_dags/tutorial_dag.py for tasks to queue
[2024-09-19T16:34:24.852+0000] {logging_mixin.py:150} INFO - [2024-09-19T16:34:24.852+0000] {dagbag.py:541} INFO - Filling up the DagBag from /home/vscode/.local/lib/python3.10/site-packages/airflow/example_dags/tutorial_dag.py
[2024-09-19T16:34:24.858+0000] {processor.py:836} INFO - DAG(s) dict_keys(['tutorial_dag']) retrieved from /home/vscode/.local/lib/python3.10/site-packages/airflow/example_dags/tutorial_dag.py
[2024-09-19T16:34:24.876+0000] {logging_mixin.py:150} INFO - [2024-09-19T16:34:24.876+0000] {dag.py:2742} INFO - Sync 1 DAGs
[2024-09-19T16:34:24.899+0000] {logging_mixin.py:150} INFO - [2024-09-19T16:34:24.898+0000] {dag.py:3504} INFO - Setting next_dagrun for tutorial_dag to None, run_after=None
[2024-09-19T16:34:25.101+0000] {processor.py:179} INFO - Processing /home/vscode/.local/lib/python3.10/site-packages/airflow/example_dags/tutorial_dag.py took 0.254 seconds
