[2024-09-19T23:56:38.284+0000] {local_task_job_runner.py:123} INFO - ::group::Pre task execution logs
[2024-09-19T23:56:38.292+0000] {taskinstance.py:2612} INFO - Dependencies all met for dep_context=non-requeueable deps ti=<TaskInstance: two_task_dag.bash_task_0 manual__2024-09-19T23:56:35.701007+00:00 [queued]>
[2024-09-19T23:56:38.296+0000] {taskinstance.py:2612} INFO - Dependencies all met for dep_context=requeueable deps ti=<TaskInstance: two_task_dag.bash_task_0 manual__2024-09-19T23:56:35.701007+00:00 [queued]>
[2024-09-19T23:56:38.297+0000] {taskinstance.py:2865} INFO - Starting attempt 1 of 1
[2024-09-19T23:56:38.337+0000] {taskinstance.py:2888} INFO - Executing <Task(BashOperator): bash_task_0> on 2024-09-19 23:56:35.701007+00:00
[2024-09-19T23:56:38.339+0000] {standard_task_runner.py:72} INFO - Started process 36084 to run task
[2024-09-19T23:56:38.342+0000] {standard_task_runner.py:104} INFO - Running: ['airflow', 'tasks', 'run', 'two_task_dag', 'bash_task_0', 'manual__2024-09-19T23:56:35.701007+00:00', '--job-id', '2', '--raw', '--subdir', 'DAGS_FOLDER/two_task_dag.py', '--cfg-path', '/tmp/tmpe1u47_rf']
[2024-09-19T23:56:38.344+0000] {standard_task_runner.py:105} INFO - Job 2: Subtask bash_task_0
[2024-09-19T23:56:38.410+0000] {task_command.py:467} INFO - Running <TaskInstance: two_task_dag.bash_task_0 manual__2024-09-19T23:56:35.701007+00:00 [running]> on host codespaces-af8981
[2024-09-19T23:56:38.529+0000] {taskinstance.py:3131} INFO - Exporting env vars: AIRFLOW_CTX_DAG_OWNER='Rama' AIRFLOW_CTX_DAG_ID='two_task_dag' AIRFLOW_CTX_TASK_ID='bash_task_0' AIRFLOW_CTX_EXECUTION_DATE='2024-09-19T23:56:35.701007+00:00' AIRFLOW_CTX_TRY_NUMBER='1' AIRFLOW_CTX_DAG_RUN_ID='manual__2024-09-19T23:56:35.701007+00:00'
[2024-09-19T23:56:38.529+0000] {taskinstance.py:731} INFO - ::endgroup::
[2024-09-19T23:56:38.540+0000] {subprocess.py:63} INFO - Tmp dir root location: /tmp
[2024-09-19T23:56:38.540+0000] {subprocess.py:75} INFO - Running command: ['/usr/bin/bash', '-c', 'echo "First Airflow task!"']
[2024-09-19T23:56:38.546+0000] {subprocess.py:86} INFO - Output:
[2024-09-19T23:56:38.551+0000] {subprocess.py:93} INFO - First Airflow task!
[2024-09-19T23:56:38.551+0000] {subprocess.py:97} INFO - Command exited with return code 0
[2024-09-19T23:56:38.606+0000] {taskinstance.py:340} INFO - ::group::Post task execution logs
[2024-09-19T23:56:38.606+0000] {taskinstance.py:352} INFO - Marking task as SUCCESS. dag_id=two_task_dag, task_id=bash_task_0, run_id=manual__2024-09-19T23:56:35.701007+00:00, execution_date=20240919T235635, start_date=20240919T235638, end_date=20240919T235638
[2024-09-19T23:56:38.675+0000] {local_task_job_runner.py:266} INFO - Task exited with return code 0
[2024-09-19T23:56:38.687+0000] {taskinstance.py:3900} INFO - 1 downstream tasks scheduled from follow-on schedule check
[2024-09-19T23:56:38.718+0000] {local_task_job_runner.py:245} INFO - ::endgroup::
