[2024-09-20T00:00:07.082+0000] {processor.py:186} INFO - Started process (PID=37313) to work on /workspaces/hands-on-introduction-data-engineering-4395021/airflow/dags/two_task_dag.py
[2024-09-20T00:00:07.083+0000] {processor.py:914} INFO - Processing file /workspaces/hands-on-introduction-data-engineering-4395021/airflow/dags/two_task_dag.py for tasks to queue
[2024-09-20T00:00:07.084+0000] {logging_mixin.py:190} INFO - [2024-09-20T00:00:07.084+0000] {dagbag.py:587} INFO - Filling up the DagBag from /workspaces/hands-on-introduction-data-engineering-4395021/airflow/dags/two_task_dag.py
[2024-09-20T00:00:07.091+0000] {processor.py:925} INFO - DAG(s) 'two_task_dag' retrieved from /workspaces/hands-on-introduction-data-engineering-4395021/airflow/dags/two_task_dag.py
[2024-09-20T00:00:07.105+0000] {logging_mixin.py:190} INFO - [2024-09-20T00:00:07.105+0000] {dag.py:3229} INFO - Sync 1 DAGs
[2024-09-20T00:00:07.114+0000] {logging_mixin.py:190} INFO - [2024-09-20T00:00:07.114+0000] {dag.py:4156} INFO - Setting next_dagrun for two_task_dag to None, run_after=None
[2024-09-20T00:00:07.171+0000] {processor.py:208} INFO - Processing /workspaces/hands-on-introduction-data-engineering-4395021/airflow/dags/two_task_dag.py took 0.094 seconds
[2024-09-20T00:00:37.272+0000] {processor.py:186} INFO - Started process (PID=37483) to work on /workspaces/hands-on-introduction-data-engineering-4395021/airflow/dags/two_task_dag.py
[2024-09-20T00:00:37.273+0000] {processor.py:914} INFO - Processing file /workspaces/hands-on-introduction-data-engineering-4395021/airflow/dags/two_task_dag.py for tasks to queue
[2024-09-20T00:00:37.274+0000] {logging_mixin.py:190} INFO - [2024-09-20T00:00:37.274+0000] {dagbag.py:587} INFO - Filling up the DagBag from /workspaces/hands-on-introduction-data-engineering-4395021/airflow/dags/two_task_dag.py
[2024-09-20T00:00:37.281+0000] {processor.py:925} INFO - DAG(s) 'two_task_dag' retrieved from /workspaces/hands-on-introduction-data-engineering-4395021/airflow/dags/two_task_dag.py
[2024-09-20T00:00:37.296+0000] {logging_mixin.py:190} INFO - [2024-09-20T00:00:37.296+0000] {dag.py:3229} INFO - Sync 1 DAGs
[2024-09-20T00:00:37.306+0000] {logging_mixin.py:190} INFO - [2024-09-20T00:00:37.305+0000] {dag.py:4156} INFO - Setting next_dagrun for two_task_dag to None, run_after=None
[2024-09-20T00:00:37.350+0000] {processor.py:208} INFO - Processing /workspaces/hands-on-introduction-data-engineering-4395021/airflow/dags/two_task_dag.py took 0.082 seconds
[2024-09-20T00:01:07.470+0000] {processor.py:186} INFO - Started process (PID=37654) to work on /workspaces/hands-on-introduction-data-engineering-4395021/airflow/dags/two_task_dag.py
[2024-09-20T00:01:07.471+0000] {processor.py:914} INFO - Processing file /workspaces/hands-on-introduction-data-engineering-4395021/airflow/dags/two_task_dag.py for tasks to queue
[2024-09-20T00:01:07.472+0000] {logging_mixin.py:190} INFO - [2024-09-20T00:01:07.471+0000] {dagbag.py:587} INFO - Filling up the DagBag from /workspaces/hands-on-introduction-data-engineering-4395021/airflow/dags/two_task_dag.py
[2024-09-20T00:01:07.480+0000] {processor.py:925} INFO - DAG(s) 'two_task_dag' retrieved from /workspaces/hands-on-introduction-data-engineering-4395021/airflow/dags/two_task_dag.py
[2024-09-20T00:01:07.501+0000] {logging_mixin.py:190} INFO - [2024-09-20T00:01:07.501+0000] {dag.py:3229} INFO - Sync 1 DAGs
[2024-09-20T00:01:07.515+0000] {logging_mixin.py:190} INFO - [2024-09-20T00:01:07.515+0000] {dag.py:4156} INFO - Setting next_dagrun for two_task_dag to None, run_after=None
[2024-09-20T00:01:07.570+0000] {processor.py:208} INFO - Processing /workspaces/hands-on-introduction-data-engineering-4395021/airflow/dags/two_task_dag.py took 0.104 seconds
[2024-09-20T00:01:37.764+0000] {processor.py:186} INFO - Started process (PID=37832) to work on /workspaces/hands-on-introduction-data-engineering-4395021/airflow/dags/two_task_dag.py
[2024-09-20T00:01:37.764+0000] {processor.py:914} INFO - Processing file /workspaces/hands-on-introduction-data-engineering-4395021/airflow/dags/two_task_dag.py for tasks to queue
[2024-09-20T00:01:37.765+0000] {logging_mixin.py:190} INFO - [2024-09-20T00:01:37.765+0000] {dagbag.py:587} INFO - Filling up the DagBag from /workspaces/hands-on-introduction-data-engineering-4395021/airflow/dags/two_task_dag.py
[2024-09-20T00:01:37.774+0000] {processor.py:925} INFO - DAG(s) 'two_task_dag' retrieved from /workspaces/hands-on-introduction-data-engineering-4395021/airflow/dags/two_task_dag.py
[2024-09-20T00:01:37.797+0000] {logging_mixin.py:190} INFO - [2024-09-20T00:01:37.796+0000] {dag.py:3229} INFO - Sync 1 DAGs
[2024-09-20T00:01:37.809+0000] {logging_mixin.py:190} INFO - [2024-09-20T00:01:37.808+0000] {dag.py:4156} INFO - Setting next_dagrun for two_task_dag to None, run_after=None
[2024-09-20T00:01:37.856+0000] {processor.py:208} INFO - Processing /workspaces/hands-on-introduction-data-engineering-4395021/airflow/dags/two_task_dag.py took 0.097 seconds
[2024-09-20T00:02:07.966+0000] {processor.py:186} INFO - Started process (PID=38002) to work on /workspaces/hands-on-introduction-data-engineering-4395021/airflow/dags/two_task_dag.py
[2024-09-20T00:02:07.967+0000] {processor.py:914} INFO - Processing file /workspaces/hands-on-introduction-data-engineering-4395021/airflow/dags/two_task_dag.py for tasks to queue
[2024-09-20T00:02:07.968+0000] {logging_mixin.py:190} INFO - [2024-09-20T00:02:07.967+0000] {dagbag.py:587} INFO - Filling up the DagBag from /workspaces/hands-on-introduction-data-engineering-4395021/airflow/dags/two_task_dag.py
[2024-09-20T00:02:07.975+0000] {processor.py:925} INFO - DAG(s) 'two_task_dag' retrieved from /workspaces/hands-on-introduction-data-engineering-4395021/airflow/dags/two_task_dag.py
[2024-09-20T00:02:07.991+0000] {logging_mixin.py:190} INFO - [2024-09-20T00:02:07.991+0000] {dag.py:3229} INFO - Sync 1 DAGs
[2024-09-20T00:02:08.000+0000] {logging_mixin.py:190} INFO - [2024-09-20T00:02:08.000+0000] {dag.py:4156} INFO - Setting next_dagrun for two_task_dag to None, run_after=None
[2024-09-20T00:02:08.071+0000] {processor.py:208} INFO - Processing /workspaces/hands-on-introduction-data-engineering-4395021/airflow/dags/two_task_dag.py took 0.110 seconds
[2024-09-20T00:02:38.256+0000] {processor.py:186} INFO - Started process (PID=38178) to work on /workspaces/hands-on-introduction-data-engineering-4395021/airflow/dags/two_task_dag.py
[2024-09-20T00:02:38.257+0000] {processor.py:914} INFO - Processing file /workspaces/hands-on-introduction-data-engineering-4395021/airflow/dags/two_task_dag.py for tasks to queue
[2024-09-20T00:02:38.258+0000] {logging_mixin.py:190} INFO - [2024-09-20T00:02:38.258+0000] {dagbag.py:587} INFO - Filling up the DagBag from /workspaces/hands-on-introduction-data-engineering-4395021/airflow/dags/two_task_dag.py
[2024-09-20T00:02:38.265+0000] {processor.py:925} INFO - DAG(s) 'two_task_dag' retrieved from /workspaces/hands-on-introduction-data-engineering-4395021/airflow/dags/two_task_dag.py
[2024-09-20T00:02:38.281+0000] {logging_mixin.py:190} INFO - [2024-09-20T00:02:38.281+0000] {dag.py:3229} INFO - Sync 1 DAGs
[2024-09-20T00:02:38.290+0000] {logging_mixin.py:190} INFO - [2024-09-20T00:02:38.290+0000] {dag.py:4156} INFO - Setting next_dagrun for two_task_dag to None, run_after=None
[2024-09-20T00:02:38.340+0000] {processor.py:208} INFO - Processing /workspaces/hands-on-introduction-data-engineering-4395021/airflow/dags/two_task_dag.py took 0.089 seconds
[2024-09-20T00:03:08.445+0000] {processor.py:186} INFO - Started process (PID=38349) to work on /workspaces/hands-on-introduction-data-engineering-4395021/airflow/dags/two_task_dag.py
[2024-09-20T00:03:08.446+0000] {processor.py:914} INFO - Processing file /workspaces/hands-on-introduction-data-engineering-4395021/airflow/dags/two_task_dag.py for tasks to queue
[2024-09-20T00:03:08.447+0000] {logging_mixin.py:190} INFO - [2024-09-20T00:03:08.447+0000] {dagbag.py:587} INFO - Filling up the DagBag from /workspaces/hands-on-introduction-data-engineering-4395021/airflow/dags/two_task_dag.py
[2024-09-20T00:03:08.454+0000] {processor.py:925} INFO - DAG(s) 'two_task_dag' retrieved from /workspaces/hands-on-introduction-data-engineering-4395021/airflow/dags/two_task_dag.py
[2024-09-20T00:03:08.469+0000] {logging_mixin.py:190} INFO - [2024-09-20T00:03:08.469+0000] {dag.py:3229} INFO - Sync 1 DAGs
[2024-09-20T00:03:08.478+0000] {logging_mixin.py:190} INFO - [2024-09-20T00:03:08.478+0000] {dag.py:4156} INFO - Setting next_dagrun for two_task_dag to None, run_after=None
[2024-09-20T00:03:08.519+0000] {processor.py:208} INFO - Processing /workspaces/hands-on-introduction-data-engineering-4395021/airflow/dags/two_task_dag.py took 0.078 seconds
[2024-09-20T00:03:38.611+0000] {processor.py:186} INFO - Started process (PID=38527) to work on /workspaces/hands-on-introduction-data-engineering-4395021/airflow/dags/two_task_dag.py
[2024-09-20T00:03:38.612+0000] {processor.py:914} INFO - Processing file /workspaces/hands-on-introduction-data-engineering-4395021/airflow/dags/two_task_dag.py for tasks to queue
[2024-09-20T00:03:38.613+0000] {logging_mixin.py:190} INFO - [2024-09-20T00:03:38.613+0000] {dagbag.py:587} INFO - Filling up the DagBag from /workspaces/hands-on-introduction-data-engineering-4395021/airflow/dags/two_task_dag.py
[2024-09-20T00:03:38.620+0000] {processor.py:925} INFO - DAG(s) 'two_task_dag' retrieved from /workspaces/hands-on-introduction-data-engineering-4395021/airflow/dags/two_task_dag.py
[2024-09-20T00:03:38.635+0000] {logging_mixin.py:190} INFO - [2024-09-20T00:03:38.634+0000] {dag.py:3229} INFO - Sync 1 DAGs
[2024-09-20T00:03:38.644+0000] {logging_mixin.py:190} INFO - [2024-09-20T00:03:38.643+0000] {dag.py:4156} INFO - Setting next_dagrun for two_task_dag to None, run_after=None
[2024-09-20T00:03:38.696+0000] {processor.py:208} INFO - Processing /workspaces/hands-on-introduction-data-engineering-4395021/airflow/dags/two_task_dag.py took 0.090 seconds
[2024-09-20T00:04:08.802+0000] {processor.py:186} INFO - Started process (PID=38692) to work on /workspaces/hands-on-introduction-data-engineering-4395021/airflow/dags/two_task_dag.py
[2024-09-20T00:04:08.803+0000] {processor.py:914} INFO - Processing file /workspaces/hands-on-introduction-data-engineering-4395021/airflow/dags/two_task_dag.py for tasks to queue
[2024-09-20T00:04:08.804+0000] {logging_mixin.py:190} INFO - [2024-09-20T00:04:08.803+0000] {dagbag.py:587} INFO - Filling up the DagBag from /workspaces/hands-on-introduction-data-engineering-4395021/airflow/dags/two_task_dag.py
[2024-09-20T00:04:08.811+0000] {processor.py:925} INFO - DAG(s) 'two_task_dag' retrieved from /workspaces/hands-on-introduction-data-engineering-4395021/airflow/dags/two_task_dag.py
[2024-09-20T00:04:08.826+0000] {logging_mixin.py:190} INFO - [2024-09-20T00:04:08.825+0000] {dag.py:3229} INFO - Sync 1 DAGs
[2024-09-20T00:04:08.835+0000] {logging_mixin.py:190} INFO - [2024-09-20T00:04:08.834+0000] {dag.py:4156} INFO - Setting next_dagrun for two_task_dag to None, run_after=None
[2024-09-20T00:04:08.875+0000] {processor.py:208} INFO - Processing /workspaces/hands-on-introduction-data-engineering-4395021/airflow/dags/two_task_dag.py took 0.077 seconds
[2024-09-20T00:04:38.993+0000] {processor.py:186} INFO - Started process (PID=38869) to work on /workspaces/hands-on-introduction-data-engineering-4395021/airflow/dags/two_task_dag.py
[2024-09-20T00:04:38.993+0000] {processor.py:914} INFO - Processing file /workspaces/hands-on-introduction-data-engineering-4395021/airflow/dags/two_task_dag.py for tasks to queue
[2024-09-20T00:04:38.994+0000] {logging_mixin.py:190} INFO - [2024-09-20T00:04:38.994+0000] {dagbag.py:587} INFO - Filling up the DagBag from /workspaces/hands-on-introduction-data-engineering-4395021/airflow/dags/two_task_dag.py
[2024-09-20T00:04:39.001+0000] {processor.py:925} INFO - DAG(s) 'two_task_dag' retrieved from /workspaces/hands-on-introduction-data-engineering-4395021/airflow/dags/two_task_dag.py
[2024-09-20T00:04:39.016+0000] {logging_mixin.py:190} INFO - [2024-09-20T00:04:39.016+0000] {dag.py:3229} INFO - Sync 1 DAGs
[2024-09-20T00:04:39.025+0000] {logging_mixin.py:190} INFO - [2024-09-20T00:04:39.025+0000] {dag.py:4156} INFO - Setting next_dagrun for two_task_dag to None, run_after=None
[2024-09-20T00:04:39.070+0000] {processor.py:208} INFO - Processing /workspaces/hands-on-introduction-data-engineering-4395021/airflow/dags/two_task_dag.py took 0.083 seconds
[2024-09-20T00:05:09.182+0000] {processor.py:186} INFO - Started process (PID=39045) to work on /workspaces/hands-on-introduction-data-engineering-4395021/airflow/dags/two_task_dag.py
[2024-09-20T00:05:09.182+0000] {processor.py:914} INFO - Processing file /workspaces/hands-on-introduction-data-engineering-4395021/airflow/dags/two_task_dag.py for tasks to queue
[2024-09-20T00:05:09.183+0000] {logging_mixin.py:190} INFO - [2024-09-20T00:05:09.183+0000] {dagbag.py:587} INFO - Filling up the DagBag from /workspaces/hands-on-introduction-data-engineering-4395021/airflow/dags/two_task_dag.py
[2024-09-20T00:05:09.191+0000] {processor.py:925} INFO - DAG(s) 'two_task_dag' retrieved from /workspaces/hands-on-introduction-data-engineering-4395021/airflow/dags/two_task_dag.py
[2024-09-20T00:05:09.205+0000] {logging_mixin.py:190} INFO - [2024-09-20T00:05:09.205+0000] {dag.py:3229} INFO - Sync 1 DAGs
[2024-09-20T00:05:09.215+0000] {logging_mixin.py:190} INFO - [2024-09-20T00:05:09.215+0000] {dag.py:4156} INFO - Setting next_dagrun for two_task_dag to None, run_after=None
[2024-09-20T00:05:09.268+0000] {processor.py:208} INFO - Processing /workspaces/hands-on-introduction-data-engineering-4395021/airflow/dags/two_task_dag.py took 0.091 seconds
[2024-09-20T00:05:39.393+0000] {processor.py:186} INFO - Started process (PID=39216) to work on /workspaces/hands-on-introduction-data-engineering-4395021/airflow/dags/two_task_dag.py
[2024-09-20T00:05:39.394+0000] {processor.py:914} INFO - Processing file /workspaces/hands-on-introduction-data-engineering-4395021/airflow/dags/two_task_dag.py for tasks to queue
[2024-09-20T00:05:39.394+0000] {logging_mixin.py:190} INFO - [2024-09-20T00:05:39.394+0000] {dagbag.py:587} INFO - Filling up the DagBag from /workspaces/hands-on-introduction-data-engineering-4395021/airflow/dags/two_task_dag.py
[2024-09-20T00:05:39.401+0000] {processor.py:925} INFO - DAG(s) 'two_task_dag' retrieved from /workspaces/hands-on-introduction-data-engineering-4395021/airflow/dags/two_task_dag.py
[2024-09-20T00:05:39.416+0000] {logging_mixin.py:190} INFO - [2024-09-20T00:05:39.416+0000] {dag.py:3229} INFO - Sync 1 DAGs
[2024-09-20T00:05:39.427+0000] {logging_mixin.py:190} INFO - [2024-09-20T00:05:39.426+0000] {dag.py:4156} INFO - Setting next_dagrun for two_task_dag to None, run_after=None
[2024-09-20T00:05:39.485+0000] {processor.py:208} INFO - Processing /workspaces/hands-on-introduction-data-engineering-4395021/airflow/dags/two_task_dag.py took 0.097 seconds
[2024-09-20T00:06:09.620+0000] {processor.py:186} INFO - Started process (PID=39393) to work on /workspaces/hands-on-introduction-data-engineering-4395021/airflow/dags/two_task_dag.py
[2024-09-20T00:06:09.621+0000] {processor.py:914} INFO - Processing file /workspaces/hands-on-introduction-data-engineering-4395021/airflow/dags/two_task_dag.py for tasks to queue
[2024-09-20T00:06:09.621+0000] {logging_mixin.py:190} INFO - [2024-09-20T00:06:09.621+0000] {dagbag.py:587} INFO - Filling up the DagBag from /workspaces/hands-on-introduction-data-engineering-4395021/airflow/dags/two_task_dag.py
[2024-09-20T00:06:09.628+0000] {processor.py:925} INFO - DAG(s) 'two_task_dag' retrieved from /workspaces/hands-on-introduction-data-engineering-4395021/airflow/dags/two_task_dag.py
[2024-09-20T00:06:09.643+0000] {logging_mixin.py:190} INFO - [2024-09-20T00:06:09.643+0000] {dag.py:3229} INFO - Sync 1 DAGs
[2024-09-20T00:06:09.652+0000] {logging_mixin.py:190} INFO - [2024-09-20T00:06:09.652+0000] {dag.py:4156} INFO - Setting next_dagrun for two_task_dag to None, run_after=None
[2024-09-20T00:06:09.692+0000] {processor.py:208} INFO - Processing /workspaces/hands-on-introduction-data-engineering-4395021/airflow/dags/two_task_dag.py took 0.076 seconds
[2024-09-20T00:06:39.815+0000] {processor.py:186} INFO - Started process (PID=39556) to work on /workspaces/hands-on-introduction-data-engineering-4395021/airflow/dags/two_task_dag.py
[2024-09-20T00:06:39.816+0000] {processor.py:914} INFO - Processing file /workspaces/hands-on-introduction-data-engineering-4395021/airflow/dags/two_task_dag.py for tasks to queue
[2024-09-20T00:06:39.817+0000] {logging_mixin.py:190} INFO - [2024-09-20T00:06:39.816+0000] {dagbag.py:587} INFO - Filling up the DagBag from /workspaces/hands-on-introduction-data-engineering-4395021/airflow/dags/two_task_dag.py
[2024-09-20T00:06:39.824+0000] {processor.py:925} INFO - DAG(s) 'two_task_dag' retrieved from /workspaces/hands-on-introduction-data-engineering-4395021/airflow/dags/two_task_dag.py
[2024-09-20T00:06:39.838+0000] {logging_mixin.py:190} INFO - [2024-09-20T00:06:39.838+0000] {dag.py:3229} INFO - Sync 1 DAGs
[2024-09-20T00:06:39.847+0000] {logging_mixin.py:190} INFO - [2024-09-20T00:06:39.847+0000] {dag.py:4156} INFO - Setting next_dagrun for two_task_dag to None, run_after=None
[2024-09-20T00:06:39.896+0000] {processor.py:208} INFO - Processing /workspaces/hands-on-introduction-data-engineering-4395021/airflow/dags/two_task_dag.py took 0.086 seconds
[2024-09-20T00:07:10.004+0000] {processor.py:186} INFO - Started process (PID=39735) to work on /workspaces/hands-on-introduction-data-engineering-4395021/airflow/dags/two_task_dag.py
[2024-09-20T00:07:10.005+0000] {processor.py:914} INFO - Processing file /workspaces/hands-on-introduction-data-engineering-4395021/airflow/dags/two_task_dag.py for tasks to queue
[2024-09-20T00:07:10.006+0000] {logging_mixin.py:190} INFO - [2024-09-20T00:07:10.005+0000] {dagbag.py:587} INFO - Filling up the DagBag from /workspaces/hands-on-introduction-data-engineering-4395021/airflow/dags/two_task_dag.py
[2024-09-20T00:07:10.012+0000] {processor.py:925} INFO - DAG(s) 'two_task_dag' retrieved from /workspaces/hands-on-introduction-data-engineering-4395021/airflow/dags/two_task_dag.py
[2024-09-20T00:07:10.027+0000] {logging_mixin.py:190} INFO - [2024-09-20T00:07:10.027+0000] {dag.py:3229} INFO - Sync 1 DAGs
[2024-09-20T00:07:10.036+0000] {logging_mixin.py:190} INFO - [2024-09-20T00:07:10.036+0000] {dag.py:4156} INFO - Setting next_dagrun for two_task_dag to None, run_after=None
[2024-09-20T00:07:10.081+0000] {processor.py:208} INFO - Processing /workspaces/hands-on-introduction-data-engineering-4395021/airflow/dags/two_task_dag.py took 0.082 seconds
[2024-09-20T00:07:40.201+0000] {processor.py:186} INFO - Started process (PID=39907) to work on /workspaces/hands-on-introduction-data-engineering-4395021/airflow/dags/two_task_dag.py
[2024-09-20T00:07:40.202+0000] {processor.py:914} INFO - Processing file /workspaces/hands-on-introduction-data-engineering-4395021/airflow/dags/two_task_dag.py for tasks to queue
[2024-09-20T00:07:40.203+0000] {logging_mixin.py:190} INFO - [2024-09-20T00:07:40.202+0000] {dagbag.py:587} INFO - Filling up the DagBag from /workspaces/hands-on-introduction-data-engineering-4395021/airflow/dags/two_task_dag.py
[2024-09-20T00:07:40.210+0000] {processor.py:925} INFO - DAG(s) 'two_task_dag' retrieved from /workspaces/hands-on-introduction-data-engineering-4395021/airflow/dags/two_task_dag.py
[2024-09-20T00:07:40.225+0000] {logging_mixin.py:190} INFO - [2024-09-20T00:07:40.225+0000] {dag.py:3229} INFO - Sync 1 DAGs
[2024-09-20T00:07:40.234+0000] {logging_mixin.py:190} INFO - [2024-09-20T00:07:40.234+0000] {dag.py:4156} INFO - Setting next_dagrun for two_task_dag to None, run_after=None
[2024-09-20T00:07:40.313+0000] {processor.py:208} INFO - Processing /workspaces/hands-on-introduction-data-engineering-4395021/airflow/dags/two_task_dag.py took 0.116 seconds
[2024-09-20T00:08:10.493+0000] {processor.py:186} INFO - Started process (PID=40124) to work on /workspaces/hands-on-introduction-data-engineering-4395021/airflow/dags/two_task_dag.py
[2024-09-20T00:08:10.493+0000] {processor.py:914} INFO - Processing file /workspaces/hands-on-introduction-data-engineering-4395021/airflow/dags/two_task_dag.py for tasks to queue
[2024-09-20T00:08:10.494+0000] {logging_mixin.py:190} INFO - [2024-09-20T00:08:10.494+0000] {dagbag.py:587} INFO - Filling up the DagBag from /workspaces/hands-on-introduction-data-engineering-4395021/airflow/dags/two_task_dag.py
[2024-09-20T00:08:10.501+0000] {processor.py:925} INFO - DAG(s) 'two_task_dag' retrieved from /workspaces/hands-on-introduction-data-engineering-4395021/airflow/dags/two_task_dag.py
[2024-09-20T00:08:10.516+0000] {logging_mixin.py:190} INFO - [2024-09-20T00:08:10.516+0000] {dag.py:3229} INFO - Sync 1 DAGs
[2024-09-20T00:08:10.525+0000] {logging_mixin.py:190} INFO - [2024-09-20T00:08:10.525+0000] {dag.py:4156} INFO - Setting next_dagrun for two_task_dag to None, run_after=None
[2024-09-20T00:08:10.572+0000] {processor.py:208} INFO - Processing /workspaces/hands-on-introduction-data-engineering-4395021/airflow/dags/two_task_dag.py took 0.084 seconds
[2024-09-20T00:08:40.682+0000] {processor.py:186} INFO - Started process (PID=40340) to work on /workspaces/hands-on-introduction-data-engineering-4395021/airflow/dags/two_task_dag.py
[2024-09-20T00:08:40.683+0000] {processor.py:914} INFO - Processing file /workspaces/hands-on-introduction-data-engineering-4395021/airflow/dags/two_task_dag.py for tasks to queue
[2024-09-20T00:08:40.683+0000] {logging_mixin.py:190} INFO - [2024-09-20T00:08:40.683+0000] {dagbag.py:587} INFO - Filling up the DagBag from /workspaces/hands-on-introduction-data-engineering-4395021/airflow/dags/two_task_dag.py
[2024-09-20T00:08:40.691+0000] {processor.py:925} INFO - DAG(s) 'two_task_dag' retrieved from /workspaces/hands-on-introduction-data-engineering-4395021/airflow/dags/two_task_dag.py
[2024-09-20T00:08:40.706+0000] {logging_mixin.py:190} INFO - [2024-09-20T00:08:40.706+0000] {dag.py:3229} INFO - Sync 1 DAGs
[2024-09-20T00:08:40.716+0000] {logging_mixin.py:190} INFO - [2024-09-20T00:08:40.716+0000] {dag.py:4156} INFO - Setting next_dagrun for two_task_dag to None, run_after=None
[2024-09-20T00:08:40.760+0000] {processor.py:208} INFO - Processing /workspaces/hands-on-introduction-data-engineering-4395021/airflow/dags/two_task_dag.py took 0.082 seconds
[2024-09-20T00:09:10.849+0000] {processor.py:186} INFO - Started process (PID=40511) to work on /workspaces/hands-on-introduction-data-engineering-4395021/airflow/dags/two_task_dag.py
[2024-09-20T00:09:10.850+0000] {processor.py:914} INFO - Processing file /workspaces/hands-on-introduction-data-engineering-4395021/airflow/dags/two_task_dag.py for tasks to queue
[2024-09-20T00:09:10.851+0000] {logging_mixin.py:190} INFO - [2024-09-20T00:09:10.851+0000] {dagbag.py:587} INFO - Filling up the DagBag from /workspaces/hands-on-introduction-data-engineering-4395021/airflow/dags/two_task_dag.py
[2024-09-20T00:09:10.858+0000] {processor.py:925} INFO - DAG(s) 'two_task_dag' retrieved from /workspaces/hands-on-introduction-data-engineering-4395021/airflow/dags/two_task_dag.py
[2024-09-20T00:09:10.874+0000] {logging_mixin.py:190} INFO - [2024-09-20T00:09:10.874+0000] {dag.py:3229} INFO - Sync 1 DAGs
[2024-09-20T00:09:10.883+0000] {logging_mixin.py:190} INFO - [2024-09-20T00:09:10.883+0000] {dag.py:4156} INFO - Setting next_dagrun for two_task_dag to None, run_after=None
[2024-09-20T00:09:10.939+0000] {processor.py:208} INFO - Processing /workspaces/hands-on-introduction-data-engineering-4395021/airflow/dags/two_task_dag.py took 0.095 seconds
[2024-09-20T00:09:41.052+0000] {processor.py:186} INFO - Started process (PID=40682) to work on /workspaces/hands-on-introduction-data-engineering-4395021/airflow/dags/two_task_dag.py
[2024-09-20T00:09:41.053+0000] {processor.py:914} INFO - Processing file /workspaces/hands-on-introduction-data-engineering-4395021/airflow/dags/two_task_dag.py for tasks to queue
[2024-09-20T00:09:41.053+0000] {logging_mixin.py:190} INFO - [2024-09-20T00:09:41.053+0000] {dagbag.py:587} INFO - Filling up the DagBag from /workspaces/hands-on-introduction-data-engineering-4395021/airflow/dags/two_task_dag.py
[2024-09-20T00:09:41.062+0000] {processor.py:925} INFO - DAG(s) 'two_task_dag' retrieved from /workspaces/hands-on-introduction-data-engineering-4395021/airflow/dags/two_task_dag.py
[2024-09-20T00:09:41.078+0000] {logging_mixin.py:190} INFO - [2024-09-20T00:09:41.078+0000] {dag.py:3229} INFO - Sync 1 DAGs
[2024-09-20T00:09:41.087+0000] {logging_mixin.py:190} INFO - [2024-09-20T00:09:41.087+0000] {dag.py:4156} INFO - Setting next_dagrun for two_task_dag to None, run_after=None
[2024-09-20T00:09:41.142+0000] {processor.py:208} INFO - Processing /workspaces/hands-on-introduction-data-engineering-4395021/airflow/dags/two_task_dag.py took 0.095 seconds
[2024-09-20T00:10:11.246+0000] {processor.py:186} INFO - Started process (PID=40851) to work on /workspaces/hands-on-introduction-data-engineering-4395021/airflow/dags/two_task_dag.py
[2024-09-20T00:10:11.246+0000] {processor.py:914} INFO - Processing file /workspaces/hands-on-introduction-data-engineering-4395021/airflow/dags/two_task_dag.py for tasks to queue
[2024-09-20T00:10:11.247+0000] {logging_mixin.py:190} INFO - [2024-09-20T00:10:11.247+0000] {dagbag.py:587} INFO - Filling up the DagBag from /workspaces/hands-on-introduction-data-engineering-4395021/airflow/dags/two_task_dag.py
[2024-09-20T00:10:11.255+0000] {processor.py:925} INFO - DAG(s) 'two_task_dag' retrieved from /workspaces/hands-on-introduction-data-engineering-4395021/airflow/dags/two_task_dag.py
[2024-09-20T00:10:11.274+0000] {logging_mixin.py:190} INFO - [2024-09-20T00:10:11.273+0000] {dag.py:3229} INFO - Sync 1 DAGs
[2024-09-20T00:10:11.283+0000] {logging_mixin.py:190} INFO - [2024-09-20T00:10:11.282+0000] {dag.py:4156} INFO - Setting next_dagrun for two_task_dag to None, run_after=None
[2024-09-20T00:10:11.343+0000] {processor.py:208} INFO - Processing /workspaces/hands-on-introduction-data-engineering-4395021/airflow/dags/two_task_dag.py took 0.103 seconds
[2024-09-20T00:10:41.535+0000] {processor.py:186} INFO - Started process (PID=41032) to work on /workspaces/hands-on-introduction-data-engineering-4395021/airflow/dags/two_task_dag.py
[2024-09-20T00:10:41.536+0000] {processor.py:914} INFO - Processing file /workspaces/hands-on-introduction-data-engineering-4395021/airflow/dags/two_task_dag.py for tasks to queue
[2024-09-20T00:10:41.537+0000] {logging_mixin.py:190} INFO - [2024-09-20T00:10:41.537+0000] {dagbag.py:587} INFO - Filling up the DagBag from /workspaces/hands-on-introduction-data-engineering-4395021/airflow/dags/two_task_dag.py
[2024-09-20T00:10:41.544+0000] {processor.py:925} INFO - DAG(s) 'two_task_dag' retrieved from /workspaces/hands-on-introduction-data-engineering-4395021/airflow/dags/two_task_dag.py
[2024-09-20T00:10:41.565+0000] {logging_mixin.py:190} INFO - [2024-09-20T00:10:41.565+0000] {dag.py:3229} INFO - Sync 1 DAGs
[2024-09-20T00:10:41.578+0000] {logging_mixin.py:190} INFO - [2024-09-20T00:10:41.578+0000] {dag.py:4156} INFO - Setting next_dagrun for two_task_dag to None, run_after=None
[2024-09-20T00:10:41.643+0000] {processor.py:208} INFO - Processing /workspaces/hands-on-introduction-data-engineering-4395021/airflow/dags/two_task_dag.py took 0.112 seconds
[2024-09-20T00:11:11.825+0000] {processor.py:186} INFO - Started process (PID=41202) to work on /workspaces/hands-on-introduction-data-engineering-4395021/airflow/dags/two_task_dag.py
[2024-09-20T00:11:11.826+0000] {processor.py:914} INFO - Processing file /workspaces/hands-on-introduction-data-engineering-4395021/airflow/dags/two_task_dag.py for tasks to queue
[2024-09-20T00:11:11.827+0000] {logging_mixin.py:190} INFO - [2024-09-20T00:11:11.826+0000] {dagbag.py:587} INFO - Filling up the DagBag from /workspaces/hands-on-introduction-data-engineering-4395021/airflow/dags/two_task_dag.py
[2024-09-20T00:11:11.833+0000] {processor.py:925} INFO - DAG(s) 'two_task_dag' retrieved from /workspaces/hands-on-introduction-data-engineering-4395021/airflow/dags/two_task_dag.py
[2024-09-20T00:11:11.848+0000] {logging_mixin.py:190} INFO - [2024-09-20T00:11:11.848+0000] {dag.py:3229} INFO - Sync 1 DAGs
[2024-09-20T00:11:11.859+0000] {logging_mixin.py:190} INFO - [2024-09-20T00:11:11.858+0000] {dag.py:4156} INFO - Setting next_dagrun for two_task_dag to None, run_after=None
[2024-09-20T00:11:11.906+0000] {processor.py:208} INFO - Processing /workspaces/hands-on-introduction-data-engineering-4395021/airflow/dags/two_task_dag.py took 0.086 seconds
[2024-09-20T00:11:42.016+0000] {processor.py:186} INFO - Started process (PID=41377) to work on /workspaces/hands-on-introduction-data-engineering-4395021/airflow/dags/two_task_dag.py
[2024-09-20T00:11:42.017+0000] {processor.py:914} INFO - Processing file /workspaces/hands-on-introduction-data-engineering-4395021/airflow/dags/two_task_dag.py for tasks to queue
[2024-09-20T00:11:42.019+0000] {logging_mixin.py:190} INFO - [2024-09-20T00:11:42.019+0000] {dagbag.py:587} INFO - Filling up the DagBag from /workspaces/hands-on-introduction-data-engineering-4395021/airflow/dags/two_task_dag.py
[2024-09-20T00:11:42.027+0000] {processor.py:925} INFO - DAG(s) 'two_task_dag' retrieved from /workspaces/hands-on-introduction-data-engineering-4395021/airflow/dags/two_task_dag.py
[2024-09-20T00:11:42.042+0000] {logging_mixin.py:190} INFO - [2024-09-20T00:11:42.042+0000] {dag.py:3229} INFO - Sync 1 DAGs
[2024-09-20T00:11:42.051+0000] {logging_mixin.py:190} INFO - [2024-09-20T00:11:42.051+0000] {dag.py:4156} INFO - Setting next_dagrun for two_task_dag to None, run_after=None
[2024-09-20T00:11:42.095+0000] {processor.py:208} INFO - Processing /workspaces/hands-on-introduction-data-engineering-4395021/airflow/dags/two_task_dag.py took 0.086 seconds
[2024-09-20T00:12:12.208+0000] {processor.py:186} INFO - Started process (PID=41551) to work on /workspaces/hands-on-introduction-data-engineering-4395021/airflow/dags/two_task_dag.py
[2024-09-20T00:12:12.209+0000] {processor.py:914} INFO - Processing file /workspaces/hands-on-introduction-data-engineering-4395021/airflow/dags/two_task_dag.py for tasks to queue
[2024-09-20T00:12:12.209+0000] {logging_mixin.py:190} INFO - [2024-09-20T00:12:12.209+0000] {dagbag.py:587} INFO - Filling up the DagBag from /workspaces/hands-on-introduction-data-engineering-4395021/airflow/dags/two_task_dag.py
[2024-09-20T00:12:12.217+0000] {processor.py:925} INFO - DAG(s) 'two_task_dag' retrieved from /workspaces/hands-on-introduction-data-engineering-4395021/airflow/dags/two_task_dag.py
[2024-09-20T00:12:12.231+0000] {logging_mixin.py:190} INFO - [2024-09-20T00:12:12.231+0000] {dag.py:3229} INFO - Sync 1 DAGs
[2024-09-20T00:12:12.240+0000] {logging_mixin.py:190} INFO - [2024-09-20T00:12:12.240+0000] {dag.py:4156} INFO - Setting next_dagrun for two_task_dag to None, run_after=None
[2024-09-20T00:12:12.286+0000] {processor.py:208} INFO - Processing /workspaces/hands-on-introduction-data-engineering-4395021/airflow/dags/two_task_dag.py took 0.082 seconds
[2024-09-20T00:12:42.409+0000] {processor.py:186} INFO - Started process (PID=41722) to work on /workspaces/hands-on-introduction-data-engineering-4395021/airflow/dags/two_task_dag.py
[2024-09-20T00:12:42.409+0000] {processor.py:914} INFO - Processing file /workspaces/hands-on-introduction-data-engineering-4395021/airflow/dags/two_task_dag.py for tasks to queue
[2024-09-20T00:12:42.410+0000] {logging_mixin.py:190} INFO - [2024-09-20T00:12:42.410+0000] {dagbag.py:587} INFO - Filling up the DagBag from /workspaces/hands-on-introduction-data-engineering-4395021/airflow/dags/two_task_dag.py
[2024-09-20T00:12:42.417+0000] {processor.py:925} INFO - DAG(s) 'two_task_dag' retrieved from /workspaces/hands-on-introduction-data-engineering-4395021/airflow/dags/two_task_dag.py
[2024-09-20T00:12:42.432+0000] {logging_mixin.py:190} INFO - [2024-09-20T00:12:42.432+0000] {dag.py:3229} INFO - Sync 1 DAGs
[2024-09-20T00:12:42.442+0000] {logging_mixin.py:190} INFO - [2024-09-20T00:12:42.442+0000] {dag.py:4156} INFO - Setting next_dagrun for two_task_dag to None, run_after=None
[2024-09-20T00:12:42.485+0000] {processor.py:208} INFO - Processing /workspaces/hands-on-introduction-data-engineering-4395021/airflow/dags/two_task_dag.py took 0.081 seconds
[2024-09-20T00:13:12.600+0000] {processor.py:186} INFO - Started process (PID=41899) to work on /workspaces/hands-on-introduction-data-engineering-4395021/airflow/dags/two_task_dag.py
[2024-09-20T00:13:12.601+0000] {processor.py:914} INFO - Processing file /workspaces/hands-on-introduction-data-engineering-4395021/airflow/dags/two_task_dag.py for tasks to queue
[2024-09-20T00:13:12.602+0000] {logging_mixin.py:190} INFO - [2024-09-20T00:13:12.602+0000] {dagbag.py:587} INFO - Filling up the DagBag from /workspaces/hands-on-introduction-data-engineering-4395021/airflow/dags/two_task_dag.py
[2024-09-20T00:13:12.609+0000] {processor.py:925} INFO - DAG(s) 'two_task_dag' retrieved from /workspaces/hands-on-introduction-data-engineering-4395021/airflow/dags/two_task_dag.py
[2024-09-20T00:13:12.624+0000] {logging_mixin.py:190} INFO - [2024-09-20T00:13:12.623+0000] {dag.py:3229} INFO - Sync 1 DAGs
[2024-09-20T00:13:12.633+0000] {logging_mixin.py:190} INFO - [2024-09-20T00:13:12.633+0000] {dag.py:4156} INFO - Setting next_dagrun for two_task_dag to None, run_after=None
[2024-09-20T00:13:12.675+0000] {processor.py:208} INFO - Processing /workspaces/hands-on-introduction-data-engineering-4395021/airflow/dags/two_task_dag.py took 0.079 seconds
[2024-09-20T00:13:42.796+0000] {processor.py:186} INFO - Started process (PID=42069) to work on /workspaces/hands-on-introduction-data-engineering-4395021/airflow/dags/two_task_dag.py
[2024-09-20T00:13:42.797+0000] {processor.py:914} INFO - Processing file /workspaces/hands-on-introduction-data-engineering-4395021/airflow/dags/two_task_dag.py for tasks to queue
[2024-09-20T00:13:42.798+0000] {logging_mixin.py:190} INFO - [2024-09-20T00:13:42.798+0000] {dagbag.py:587} INFO - Filling up the DagBag from /workspaces/hands-on-introduction-data-engineering-4395021/airflow/dags/two_task_dag.py
[2024-09-20T00:13:42.805+0000] {processor.py:925} INFO - DAG(s) 'two_task_dag' retrieved from /workspaces/hands-on-introduction-data-engineering-4395021/airflow/dags/two_task_dag.py
[2024-09-20T00:13:42.820+0000] {logging_mixin.py:190} INFO - [2024-09-20T00:13:42.820+0000] {dag.py:3229} INFO - Sync 1 DAGs
[2024-09-20T00:13:42.829+0000] {logging_mixin.py:190} INFO - [2024-09-20T00:13:42.829+0000] {dag.py:4156} INFO - Setting next_dagrun for two_task_dag to None, run_after=None
[2024-09-20T00:13:42.870+0000] {processor.py:208} INFO - Processing /workspaces/hands-on-introduction-data-engineering-4395021/airflow/dags/two_task_dag.py took 0.079 seconds
[2024-09-20T00:14:12.986+0000] {processor.py:186} INFO - Started process (PID=42246) to work on /workspaces/hands-on-introduction-data-engineering-4395021/airflow/dags/two_task_dag.py
[2024-09-20T00:14:12.986+0000] {processor.py:914} INFO - Processing file /workspaces/hands-on-introduction-data-engineering-4395021/airflow/dags/two_task_dag.py for tasks to queue
[2024-09-20T00:14:12.987+0000] {logging_mixin.py:190} INFO - [2024-09-20T00:14:12.987+0000] {dagbag.py:587} INFO - Filling up the DagBag from /workspaces/hands-on-introduction-data-engineering-4395021/airflow/dags/two_task_dag.py
[2024-09-20T00:14:12.994+0000] {processor.py:925} INFO - DAG(s) 'two_task_dag' retrieved from /workspaces/hands-on-introduction-data-engineering-4395021/airflow/dags/two_task_dag.py
[2024-09-20T00:14:13.009+0000] {logging_mixin.py:190} INFO - [2024-09-20T00:14:13.009+0000] {dag.py:3229} INFO - Sync 1 DAGs
[2024-09-20T00:14:13.018+0000] {logging_mixin.py:190} INFO - [2024-09-20T00:14:13.018+0000] {dag.py:4156} INFO - Setting next_dagrun for two_task_dag to None, run_after=None
[2024-09-20T00:14:13.069+0000] {processor.py:208} INFO - Processing /workspaces/hands-on-introduction-data-engineering-4395021/airflow/dags/two_task_dag.py took 0.087 seconds
[2024-09-20T00:14:43.179+0000] {processor.py:186} INFO - Started process (PID=42409) to work on /workspaces/hands-on-introduction-data-engineering-4395021/airflow/dags/two_task_dag.py
[2024-09-20T00:14:43.180+0000] {processor.py:914} INFO - Processing file /workspaces/hands-on-introduction-data-engineering-4395021/airflow/dags/two_task_dag.py for tasks to queue
[2024-09-20T00:14:43.181+0000] {logging_mixin.py:190} INFO - [2024-09-20T00:14:43.181+0000] {dagbag.py:587} INFO - Filling up the DagBag from /workspaces/hands-on-introduction-data-engineering-4395021/airflow/dags/two_task_dag.py
[2024-09-20T00:14:43.192+0000] {processor.py:925} INFO - DAG(s) 'two_task_dag' retrieved from /workspaces/hands-on-introduction-data-engineering-4395021/airflow/dags/two_task_dag.py
[2024-09-20T00:14:43.215+0000] {logging_mixin.py:190} INFO - [2024-09-20T00:14:43.215+0000] {dag.py:3229} INFO - Sync 1 DAGs
[2024-09-20T00:14:43.227+0000] {logging_mixin.py:190} INFO - [2024-09-20T00:14:43.227+0000] {dag.py:4156} INFO - Setting next_dagrun for two_task_dag to None, run_after=None
[2024-09-20T00:14:43.273+0000] {processor.py:208} INFO - Processing /workspaces/hands-on-introduction-data-engineering-4395021/airflow/dags/two_task_dag.py took 0.101 seconds
[2024-09-20T00:15:13.462+0000] {processor.py:186} INFO - Started process (PID=42587) to work on /workspaces/hands-on-introduction-data-engineering-4395021/airflow/dags/two_task_dag.py
[2024-09-20T00:15:13.462+0000] {processor.py:914} INFO - Processing file /workspaces/hands-on-introduction-data-engineering-4395021/airflow/dags/two_task_dag.py for tasks to queue
[2024-09-20T00:15:13.463+0000] {logging_mixin.py:190} INFO - [2024-09-20T00:15:13.463+0000] {dagbag.py:587} INFO - Filling up the DagBag from /workspaces/hands-on-introduction-data-engineering-4395021/airflow/dags/two_task_dag.py
[2024-09-20T00:15:13.470+0000] {processor.py:925} INFO - DAG(s) 'two_task_dag' retrieved from /workspaces/hands-on-introduction-data-engineering-4395021/airflow/dags/two_task_dag.py
[2024-09-20T00:15:13.487+0000] {logging_mixin.py:190} INFO - [2024-09-20T00:15:13.486+0000] {dag.py:3229} INFO - Sync 1 DAGs
[2024-09-20T00:15:13.496+0000] {logging_mixin.py:190} INFO - [2024-09-20T00:15:13.496+0000] {dag.py:4156} INFO - Setting next_dagrun for two_task_dag to None, run_after=None
[2024-09-20T00:15:13.539+0000] {processor.py:208} INFO - Processing /workspaces/hands-on-introduction-data-engineering-4395021/airflow/dags/two_task_dag.py took 0.082 seconds
[2024-09-20T00:15:43.745+0000] {processor.py:186} INFO - Started process (PID=42765) to work on /workspaces/hands-on-introduction-data-engineering-4395021/airflow/dags/two_task_dag.py
[2024-09-20T00:15:43.746+0000] {processor.py:914} INFO - Processing file /workspaces/hands-on-introduction-data-engineering-4395021/airflow/dags/two_task_dag.py for tasks to queue
[2024-09-20T00:15:43.747+0000] {logging_mixin.py:190} INFO - [2024-09-20T00:15:43.746+0000] {dagbag.py:587} INFO - Filling up the DagBag from /workspaces/hands-on-introduction-data-engineering-4395021/airflow/dags/two_task_dag.py
[2024-09-20T00:15:43.753+0000] {processor.py:925} INFO - DAG(s) 'two_task_dag' retrieved from /workspaces/hands-on-introduction-data-engineering-4395021/airflow/dags/two_task_dag.py
[2024-09-20T00:15:43.768+0000] {logging_mixin.py:190} INFO - [2024-09-20T00:15:43.768+0000] {dag.py:3229} INFO - Sync 1 DAGs
[2024-09-20T00:15:43.777+0000] {logging_mixin.py:190} INFO - [2024-09-20T00:15:43.777+0000] {dag.py:4156} INFO - Setting next_dagrun for two_task_dag to None, run_after=None
[2024-09-20T00:15:43.835+0000] {processor.py:208} INFO - Processing /workspaces/hands-on-introduction-data-engineering-4395021/airflow/dags/two_task_dag.py took 0.095 seconds
[2024-09-20T00:16:13.935+0000] {processor.py:186} INFO - Started process (PID=42935) to work on /workspaces/hands-on-introduction-data-engineering-4395021/airflow/dags/two_task_dag.py
[2024-09-20T00:16:13.936+0000] {processor.py:914} INFO - Processing file /workspaces/hands-on-introduction-data-engineering-4395021/airflow/dags/two_task_dag.py for tasks to queue
[2024-09-20T00:16:13.937+0000] {logging_mixin.py:190} INFO - [2024-09-20T00:16:13.936+0000] {dagbag.py:587} INFO - Filling up the DagBag from /workspaces/hands-on-introduction-data-engineering-4395021/airflow/dags/two_task_dag.py
[2024-09-20T00:16:13.944+0000] {processor.py:925} INFO - DAG(s) 'two_task_dag' retrieved from /workspaces/hands-on-introduction-data-engineering-4395021/airflow/dags/two_task_dag.py
[2024-09-20T00:16:13.959+0000] {logging_mixin.py:190} INFO - [2024-09-20T00:16:13.959+0000] {dag.py:3229} INFO - Sync 1 DAGs
[2024-09-20T00:16:13.968+0000] {logging_mixin.py:190} INFO - [2024-09-20T00:16:13.968+0000] {dag.py:4156} INFO - Setting next_dagrun for two_task_dag to None, run_after=None
[2024-09-20T00:16:14.014+0000] {processor.py:208} INFO - Processing /workspaces/hands-on-introduction-data-engineering-4395021/airflow/dags/two_task_dag.py took 0.084 seconds
[2024-09-20T00:16:44.095+0000] {processor.py:186} INFO - Started process (PID=43112) to work on /workspaces/hands-on-introduction-data-engineering-4395021/airflow/dags/two_task_dag.py
[2024-09-20T00:16:44.096+0000] {processor.py:914} INFO - Processing file /workspaces/hands-on-introduction-data-engineering-4395021/airflow/dags/two_task_dag.py for tasks to queue
[2024-09-20T00:16:44.097+0000] {logging_mixin.py:190} INFO - [2024-09-20T00:16:44.097+0000] {dagbag.py:587} INFO - Filling up the DagBag from /workspaces/hands-on-introduction-data-engineering-4395021/airflow/dags/two_task_dag.py
[2024-09-20T00:16:44.104+0000] {processor.py:925} INFO - DAG(s) 'two_task_dag' retrieved from /workspaces/hands-on-introduction-data-engineering-4395021/airflow/dags/two_task_dag.py
[2024-09-20T00:16:44.119+0000] {logging_mixin.py:190} INFO - [2024-09-20T00:16:44.119+0000] {dag.py:3229} INFO - Sync 1 DAGs
[2024-09-20T00:16:44.129+0000] {logging_mixin.py:190} INFO - [2024-09-20T00:16:44.128+0000] {dag.py:4156} INFO - Setting next_dagrun for two_task_dag to None, run_after=None
[2024-09-20T00:16:44.174+0000] {processor.py:208} INFO - Processing /workspaces/hands-on-introduction-data-engineering-4395021/airflow/dags/two_task_dag.py took 0.083 seconds
[2024-09-20T00:17:14.296+0000] {processor.py:186} INFO - Started process (PID=43285) to work on /workspaces/hands-on-introduction-data-engineering-4395021/airflow/dags/two_task_dag.py
[2024-09-20T00:17:14.296+0000] {processor.py:914} INFO - Processing file /workspaces/hands-on-introduction-data-engineering-4395021/airflow/dags/two_task_dag.py for tasks to queue
[2024-09-20T00:17:14.297+0000] {logging_mixin.py:190} INFO - [2024-09-20T00:17:14.297+0000] {dagbag.py:587} INFO - Filling up the DagBag from /workspaces/hands-on-introduction-data-engineering-4395021/airflow/dags/two_task_dag.py
[2024-09-20T00:17:14.304+0000] {processor.py:925} INFO - DAG(s) 'two_task_dag' retrieved from /workspaces/hands-on-introduction-data-engineering-4395021/airflow/dags/two_task_dag.py
[2024-09-20T00:17:14.318+0000] {logging_mixin.py:190} INFO - [2024-09-20T00:17:14.318+0000] {dag.py:3229} INFO - Sync 1 DAGs
[2024-09-20T00:17:14.328+0000] {logging_mixin.py:190} INFO - [2024-09-20T00:17:14.328+0000] {dag.py:4156} INFO - Setting next_dagrun for two_task_dag to None, run_after=None
[2024-09-20T00:17:14.378+0000] {processor.py:208} INFO - Processing /workspaces/hands-on-introduction-data-engineering-4395021/airflow/dags/two_task_dag.py took 0.087 seconds
[2024-09-20T00:17:44.495+0000] {processor.py:186} INFO - Started process (PID=43457) to work on /workspaces/hands-on-introduction-data-engineering-4395021/airflow/dags/two_task_dag.py
[2024-09-20T00:17:44.495+0000] {processor.py:914} INFO - Processing file /workspaces/hands-on-introduction-data-engineering-4395021/airflow/dags/two_task_dag.py for tasks to queue
[2024-09-20T00:17:44.496+0000] {logging_mixin.py:190} INFO - [2024-09-20T00:17:44.496+0000] {dagbag.py:587} INFO - Filling up the DagBag from /workspaces/hands-on-introduction-data-engineering-4395021/airflow/dags/two_task_dag.py
[2024-09-20T00:17:44.503+0000] {processor.py:925} INFO - DAG(s) 'two_task_dag' retrieved from /workspaces/hands-on-introduction-data-engineering-4395021/airflow/dags/two_task_dag.py
[2024-09-20T00:17:44.518+0000] {logging_mixin.py:190} INFO - [2024-09-20T00:17:44.518+0000] {dag.py:3229} INFO - Sync 1 DAGs
[2024-09-20T00:17:44.527+0000] {logging_mixin.py:190} INFO - [2024-09-20T00:17:44.527+0000] {dag.py:4156} INFO - Setting next_dagrun for two_task_dag to None, run_after=None
[2024-09-20T00:17:44.573+0000] {processor.py:208} INFO - Processing /workspaces/hands-on-introduction-data-engineering-4395021/airflow/dags/two_task_dag.py took 0.082 seconds
[2024-09-20T00:18:14.687+0000] {processor.py:186} INFO - Started process (PID=43629) to work on /workspaces/hands-on-introduction-data-engineering-4395021/airflow/dags/two_task_dag.py
[2024-09-20T00:18:14.688+0000] {processor.py:914} INFO - Processing file /workspaces/hands-on-introduction-data-engineering-4395021/airflow/dags/two_task_dag.py for tasks to queue
[2024-09-20T00:18:14.689+0000] {logging_mixin.py:190} INFO - [2024-09-20T00:18:14.688+0000] {dagbag.py:587} INFO - Filling up the DagBag from /workspaces/hands-on-introduction-data-engineering-4395021/airflow/dags/two_task_dag.py
[2024-09-20T00:18:14.699+0000] {processor.py:925} INFO - DAG(s) 'two_task_dag' retrieved from /workspaces/hands-on-introduction-data-engineering-4395021/airflow/dags/two_task_dag.py
[2024-09-20T00:18:14.719+0000] {logging_mixin.py:190} INFO - [2024-09-20T00:18:14.719+0000] {dag.py:3229} INFO - Sync 1 DAGs
[2024-09-20T00:18:14.732+0000] {logging_mixin.py:190} INFO - [2024-09-20T00:18:14.732+0000] {dag.py:4156} INFO - Setting next_dagrun for two_task_dag to None, run_after=None
[2024-09-20T00:18:14.784+0000] {processor.py:208} INFO - Processing /workspaces/hands-on-introduction-data-engineering-4395021/airflow/dags/two_task_dag.py took 0.103 seconds
[2024-09-20T00:18:44.981+0000] {processor.py:186} INFO - Started process (PID=43807) to work on /workspaces/hands-on-introduction-data-engineering-4395021/airflow/dags/two_task_dag.py
[2024-09-20T00:18:44.982+0000] {processor.py:914} INFO - Processing file /workspaces/hands-on-introduction-data-engineering-4395021/airflow/dags/two_task_dag.py for tasks to queue
[2024-09-20T00:18:44.982+0000] {logging_mixin.py:190} INFO - [2024-09-20T00:18:44.982+0000] {dagbag.py:587} INFO - Filling up the DagBag from /workspaces/hands-on-introduction-data-engineering-4395021/airflow/dags/two_task_dag.py
[2024-09-20T00:18:44.990+0000] {processor.py:925} INFO - DAG(s) 'two_task_dag' retrieved from /workspaces/hands-on-introduction-data-engineering-4395021/airflow/dags/two_task_dag.py
[2024-09-20T00:18:45.004+0000] {logging_mixin.py:190} INFO - [2024-09-20T00:18:45.004+0000] {dag.py:3229} INFO - Sync 1 DAGs
[2024-09-20T00:18:45.013+0000] {logging_mixin.py:190} INFO - [2024-09-20T00:18:45.013+0000] {dag.py:4156} INFO - Setting next_dagrun for two_task_dag to None, run_after=None
[2024-09-20T00:18:45.073+0000] {processor.py:208} INFO - Processing /workspaces/hands-on-introduction-data-engineering-4395021/airflow/dags/two_task_dag.py took 0.097 seconds
[2024-09-20T00:19:15.174+0000] {processor.py:186} INFO - Started process (PID=43983) to work on /workspaces/hands-on-introduction-data-engineering-4395021/airflow/dags/two_task_dag.py
[2024-09-20T00:19:15.174+0000] {processor.py:914} INFO - Processing file /workspaces/hands-on-introduction-data-engineering-4395021/airflow/dags/two_task_dag.py for tasks to queue
[2024-09-20T00:19:15.175+0000] {logging_mixin.py:190} INFO - [2024-09-20T00:19:15.175+0000] {dagbag.py:587} INFO - Filling up the DagBag from /workspaces/hands-on-introduction-data-engineering-4395021/airflow/dags/two_task_dag.py
[2024-09-20T00:19:15.182+0000] {processor.py:925} INFO - DAG(s) 'two_task_dag' retrieved from /workspaces/hands-on-introduction-data-engineering-4395021/airflow/dags/two_task_dag.py
[2024-09-20T00:19:15.197+0000] {logging_mixin.py:190} INFO - [2024-09-20T00:19:15.197+0000] {dag.py:3229} INFO - Sync 1 DAGs
[2024-09-20T00:19:15.206+0000] {logging_mixin.py:190} INFO - [2024-09-20T00:19:15.206+0000] {dag.py:4156} INFO - Setting next_dagrun for two_task_dag to None, run_after=None
[2024-09-20T00:19:15.261+0000] {processor.py:208} INFO - Processing /workspaces/hands-on-introduction-data-engineering-4395021/airflow/dags/two_task_dag.py took 0.092 seconds
[2024-09-20T00:19:45.361+0000] {processor.py:186} INFO - Started process (PID=44153) to work on /workspaces/hands-on-introduction-data-engineering-4395021/airflow/dags/two_task_dag.py
[2024-09-20T00:19:45.362+0000] {processor.py:914} INFO - Processing file /workspaces/hands-on-introduction-data-engineering-4395021/airflow/dags/two_task_dag.py for tasks to queue
[2024-09-20T00:19:45.363+0000] {logging_mixin.py:190} INFO - [2024-09-20T00:19:45.362+0000] {dagbag.py:587} INFO - Filling up the DagBag from /workspaces/hands-on-introduction-data-engineering-4395021/airflow/dags/two_task_dag.py
[2024-09-20T00:19:45.371+0000] {processor.py:925} INFO - DAG(s) 'two_task_dag' retrieved from /workspaces/hands-on-introduction-data-engineering-4395021/airflow/dags/two_task_dag.py
[2024-09-20T00:19:45.386+0000] {logging_mixin.py:190} INFO - [2024-09-20T00:19:45.386+0000] {dag.py:3229} INFO - Sync 1 DAGs
[2024-09-20T00:19:45.395+0000] {logging_mixin.py:190} INFO - [2024-09-20T00:19:45.395+0000] {dag.py:4156} INFO - Setting next_dagrun for two_task_dag to None, run_after=None
[2024-09-20T00:19:45.452+0000] {processor.py:208} INFO - Processing /workspaces/hands-on-introduction-data-engineering-4395021/airflow/dags/two_task_dag.py took 0.095 seconds
[2024-09-20T00:20:15.554+0000] {processor.py:186} INFO - Started process (PID=44330) to work on /workspaces/hands-on-introduction-data-engineering-4395021/airflow/dags/two_task_dag.py
[2024-09-20T00:20:15.554+0000] {processor.py:914} INFO - Processing file /workspaces/hands-on-introduction-data-engineering-4395021/airflow/dags/two_task_dag.py for tasks to queue
[2024-09-20T00:20:15.555+0000] {logging_mixin.py:190} INFO - [2024-09-20T00:20:15.555+0000] {dagbag.py:587} INFO - Filling up the DagBag from /workspaces/hands-on-introduction-data-engineering-4395021/airflow/dags/two_task_dag.py
[2024-09-20T00:20:15.562+0000] {processor.py:925} INFO - DAG(s) 'two_task_dag' retrieved from /workspaces/hands-on-introduction-data-engineering-4395021/airflow/dags/two_task_dag.py
[2024-09-20T00:20:15.584+0000] {logging_mixin.py:190} INFO - [2024-09-20T00:20:15.583+0000] {dag.py:3229} INFO - Sync 1 DAGs
[2024-09-20T00:20:15.596+0000] {logging_mixin.py:190} INFO - [2024-09-20T00:20:15.596+0000] {dag.py:4156} INFO - Setting next_dagrun for two_task_dag to None, run_after=None
[2024-09-20T00:20:15.639+0000] {processor.py:208} INFO - Processing /workspaces/hands-on-introduction-data-engineering-4395021/airflow/dags/two_task_dag.py took 0.090 seconds
[2024-09-20T00:20:45.725+0000] {processor.py:186} INFO - Started process (PID=44496) to work on /workspaces/hands-on-introduction-data-engineering-4395021/airflow/dags/two_task_dag.py
[2024-09-20T00:20:45.726+0000] {processor.py:914} INFO - Processing file /workspaces/hands-on-introduction-data-engineering-4395021/airflow/dags/two_task_dag.py for tasks to queue
[2024-09-20T00:20:45.727+0000] {logging_mixin.py:190} INFO - [2024-09-20T00:20:45.726+0000] {dagbag.py:587} INFO - Filling up the DagBag from /workspaces/hands-on-introduction-data-engineering-4395021/airflow/dags/two_task_dag.py
[2024-09-20T00:20:45.734+0000] {processor.py:925} INFO - DAG(s) 'two_task_dag' retrieved from /workspaces/hands-on-introduction-data-engineering-4395021/airflow/dags/two_task_dag.py
[2024-09-20T00:20:45.749+0000] {logging_mixin.py:190} INFO - [2024-09-20T00:20:45.749+0000] {dag.py:3229} INFO - Sync 1 DAGs
[2024-09-20T00:20:45.758+0000] {logging_mixin.py:190} INFO - [2024-09-20T00:20:45.758+0000] {dag.py:4156} INFO - Setting next_dagrun for two_task_dag to None, run_after=None
[2024-09-20T00:20:45.803+0000] {processor.py:208} INFO - Processing /workspaces/hands-on-introduction-data-engineering-4395021/airflow/dags/two_task_dag.py took 0.082 seconds
[2024-09-20T00:21:15.918+0000] {processor.py:186} INFO - Started process (PID=44672) to work on /workspaces/hands-on-introduction-data-engineering-4395021/airflow/dags/two_task_dag.py
[2024-09-20T00:21:15.919+0000] {processor.py:914} INFO - Processing file /workspaces/hands-on-introduction-data-engineering-4395021/airflow/dags/two_task_dag.py for tasks to queue
[2024-09-20T00:21:15.921+0000] {logging_mixin.py:190} INFO - [2024-09-20T00:21:15.920+0000] {dagbag.py:587} INFO - Filling up the DagBag from /workspaces/hands-on-introduction-data-engineering-4395021/airflow/dags/two_task_dag.py
[2024-09-20T00:21:15.935+0000] {processor.py:925} INFO - DAG(s) 'two_task_dag' retrieved from /workspaces/hands-on-introduction-data-engineering-4395021/airflow/dags/two_task_dag.py
[2024-09-20T00:21:15.958+0000] {logging_mixin.py:190} INFO - [2024-09-20T00:21:15.958+0000] {dag.py:3229} INFO - Sync 1 DAGs
[2024-09-20T00:21:15.975+0000] {logging_mixin.py:190} INFO - [2024-09-20T00:21:15.975+0000] {dag.py:4156} INFO - Setting next_dagrun for two_task_dag to None, run_after=None
[2024-09-20T00:21:16.025+0000] {processor.py:208} INFO - Processing /workspaces/hands-on-introduction-data-engineering-4395021/airflow/dags/two_task_dag.py took 0.113 seconds
[2024-09-20T00:21:46.224+0000] {processor.py:186} INFO - Started process (PID=44843) to work on /workspaces/hands-on-introduction-data-engineering-4395021/airflow/dags/two_task_dag.py
[2024-09-20T00:21:46.224+0000] {processor.py:914} INFO - Processing file /workspaces/hands-on-introduction-data-engineering-4395021/airflow/dags/two_task_dag.py for tasks to queue
[2024-09-20T00:21:46.225+0000] {logging_mixin.py:190} INFO - [2024-09-20T00:21:46.225+0000] {dagbag.py:587} INFO - Filling up the DagBag from /workspaces/hands-on-introduction-data-engineering-4395021/airflow/dags/two_task_dag.py
[2024-09-20T00:21:46.232+0000] {processor.py:925} INFO - DAG(s) 'two_task_dag' retrieved from /workspaces/hands-on-introduction-data-engineering-4395021/airflow/dags/two_task_dag.py
[2024-09-20T00:21:46.252+0000] {logging_mixin.py:190} INFO - [2024-09-20T00:21:46.251+0000] {dag.py:3229} INFO - Sync 1 DAGs
[2024-09-20T00:21:46.265+0000] {logging_mixin.py:190} INFO - [2024-09-20T00:21:46.265+0000] {dag.py:4156} INFO - Setting next_dagrun for two_task_dag to None, run_after=None
[2024-09-20T00:21:46.315+0000] {processor.py:208} INFO - Processing /workspaces/hands-on-introduction-data-engineering-4395021/airflow/dags/two_task_dag.py took 0.096 seconds
[2024-09-20T00:22:16.520+0000] {processor.py:186} INFO - Started process (PID=45022) to work on /workspaces/hands-on-introduction-data-engineering-4395021/airflow/dags/two_task_dag.py
[2024-09-20T00:22:16.520+0000] {processor.py:914} INFO - Processing file /workspaces/hands-on-introduction-data-engineering-4395021/airflow/dags/two_task_dag.py for tasks to queue
[2024-09-20T00:22:16.521+0000] {logging_mixin.py:190} INFO - [2024-09-20T00:22:16.521+0000] {dagbag.py:587} INFO - Filling up the DagBag from /workspaces/hands-on-introduction-data-engineering-4395021/airflow/dags/two_task_dag.py
[2024-09-20T00:22:16.528+0000] {processor.py:925} INFO - DAG(s) 'two_task_dag' retrieved from /workspaces/hands-on-introduction-data-engineering-4395021/airflow/dags/two_task_dag.py
[2024-09-20T00:22:16.543+0000] {logging_mixin.py:190} INFO - [2024-09-20T00:22:16.543+0000] {dag.py:3229} INFO - Sync 1 DAGs
[2024-09-20T00:22:16.552+0000] {logging_mixin.py:190} INFO - [2024-09-20T00:22:16.552+0000] {dag.py:4156} INFO - Setting next_dagrun for two_task_dag to None, run_after=None
[2024-09-20T00:22:16.593+0000] {processor.py:208} INFO - Processing /workspaces/hands-on-introduction-data-engineering-4395021/airflow/dags/two_task_dag.py took 0.077 seconds
[2024-09-20T00:22:46.714+0000] {processor.py:186} INFO - Started process (PID=45201) to work on /workspaces/hands-on-introduction-data-engineering-4395021/airflow/dags/two_task_dag.py
[2024-09-20T00:22:46.714+0000] {processor.py:914} INFO - Processing file /workspaces/hands-on-introduction-data-engineering-4395021/airflow/dags/two_task_dag.py for tasks to queue
[2024-09-20T00:22:46.715+0000] {logging_mixin.py:190} INFO - [2024-09-20T00:22:46.715+0000] {dagbag.py:587} INFO - Filling up the DagBag from /workspaces/hands-on-introduction-data-engineering-4395021/airflow/dags/two_task_dag.py
[2024-09-20T00:22:46.722+0000] {processor.py:925} INFO - DAG(s) 'two_task_dag' retrieved from /workspaces/hands-on-introduction-data-engineering-4395021/airflow/dags/two_task_dag.py
[2024-09-20T00:22:46.737+0000] {logging_mixin.py:190} INFO - [2024-09-20T00:22:46.737+0000] {dag.py:3229} INFO - Sync 1 DAGs
[2024-09-20T00:22:46.746+0000] {logging_mixin.py:190} INFO - [2024-09-20T00:22:46.746+0000] {dag.py:4156} INFO - Setting next_dagrun for two_task_dag to None, run_after=None
[2024-09-20T00:22:46.799+0000] {processor.py:208} INFO - Processing /workspaces/hands-on-introduction-data-engineering-4395021/airflow/dags/two_task_dag.py took 0.091 seconds
[2024-09-20T00:23:16.895+0000] {processor.py:186} INFO - Started process (PID=45364) to work on /workspaces/hands-on-introduction-data-engineering-4395021/airflow/dags/two_task_dag.py
[2024-09-20T00:23:16.896+0000] {processor.py:914} INFO - Processing file /workspaces/hands-on-introduction-data-engineering-4395021/airflow/dags/two_task_dag.py for tasks to queue
[2024-09-20T00:23:16.898+0000] {logging_mixin.py:190} INFO - [2024-09-20T00:23:16.897+0000] {dagbag.py:587} INFO - Filling up the DagBag from /workspaces/hands-on-introduction-data-engineering-4395021/airflow/dags/two_task_dag.py
[2024-09-20T00:23:16.907+0000] {processor.py:925} INFO - DAG(s) 'two_task_dag' retrieved from /workspaces/hands-on-introduction-data-engineering-4395021/airflow/dags/two_task_dag.py
[2024-09-20T00:23:16.929+0000] {logging_mixin.py:190} INFO - [2024-09-20T00:23:16.929+0000] {dag.py:3229} INFO - Sync 1 DAGs
[2024-09-20T00:23:16.943+0000] {logging_mixin.py:190} INFO - [2024-09-20T00:23:16.943+0000] {dag.py:4156} INFO - Setting next_dagrun for two_task_dag to None, run_after=None
[2024-09-20T00:23:16.989+0000] {processor.py:208} INFO - Processing /workspaces/hands-on-introduction-data-engineering-4395021/airflow/dags/two_task_dag.py took 0.100 seconds
[2024-09-20T00:23:47.194+0000] {processor.py:186} INFO - Started process (PID=45539) to work on /workspaces/hands-on-introduction-data-engineering-4395021/airflow/dags/two_task_dag.py
[2024-09-20T00:23:47.194+0000] {processor.py:914} INFO - Processing file /workspaces/hands-on-introduction-data-engineering-4395021/airflow/dags/two_task_dag.py for tasks to queue
[2024-09-20T00:23:47.195+0000] {logging_mixin.py:190} INFO - [2024-09-20T00:23:47.195+0000] {dagbag.py:587} INFO - Filling up the DagBag from /workspaces/hands-on-introduction-data-engineering-4395021/airflow/dags/two_task_dag.py
[2024-09-20T00:23:47.202+0000] {processor.py:925} INFO - DAG(s) 'two_task_dag' retrieved from /workspaces/hands-on-introduction-data-engineering-4395021/airflow/dags/two_task_dag.py
[2024-09-20T00:23:47.217+0000] {logging_mixin.py:190} INFO - [2024-09-20T00:23:47.217+0000] {dag.py:3229} INFO - Sync 1 DAGs
[2024-09-20T00:23:47.226+0000] {logging_mixin.py:190} INFO - [2024-09-20T00:23:47.226+0000] {dag.py:4156} INFO - Setting next_dagrun for two_task_dag to None, run_after=None
[2024-09-20T00:23:47.269+0000] {processor.py:208} INFO - Processing /workspaces/hands-on-introduction-data-engineering-4395021/airflow/dags/two_task_dag.py took 0.081 seconds
[2024-09-20T00:24:17.394+0000] {processor.py:186} INFO - Started process (PID=45708) to work on /workspaces/hands-on-introduction-data-engineering-4395021/airflow/dags/two_task_dag.py
[2024-09-20T00:24:17.394+0000] {processor.py:914} INFO - Processing file /workspaces/hands-on-introduction-data-engineering-4395021/airflow/dags/two_task_dag.py for tasks to queue
[2024-09-20T00:24:17.395+0000] {logging_mixin.py:190} INFO - [2024-09-20T00:24:17.395+0000] {dagbag.py:587} INFO - Filling up the DagBag from /workspaces/hands-on-introduction-data-engineering-4395021/airflow/dags/two_task_dag.py
[2024-09-20T00:24:17.402+0000] {processor.py:925} INFO - DAG(s) 'two_task_dag' retrieved from /workspaces/hands-on-introduction-data-engineering-4395021/airflow/dags/two_task_dag.py
[2024-09-20T00:24:17.417+0000] {logging_mixin.py:190} INFO - [2024-09-20T00:24:17.417+0000] {dag.py:3229} INFO - Sync 1 DAGs
[2024-09-20T00:24:17.427+0000] {logging_mixin.py:190} INFO - [2024-09-20T00:24:17.426+0000] {dag.py:4156} INFO - Setting next_dagrun for two_task_dag to None, run_after=None
[2024-09-20T00:24:17.466+0000] {processor.py:208} INFO - Processing /workspaces/hands-on-introduction-data-engineering-4395021/airflow/dags/two_task_dag.py took 0.078 seconds
[2024-09-20T00:24:47.582+0000] {processor.py:186} INFO - Started process (PID=45885) to work on /workspaces/hands-on-introduction-data-engineering-4395021/airflow/dags/two_task_dag.py
[2024-09-20T00:24:47.583+0000] {processor.py:914} INFO - Processing file /workspaces/hands-on-introduction-data-engineering-4395021/airflow/dags/two_task_dag.py for tasks to queue
[2024-09-20T00:24:47.584+0000] {logging_mixin.py:190} INFO - [2024-09-20T00:24:47.584+0000] {dagbag.py:587} INFO - Filling up the DagBag from /workspaces/hands-on-introduction-data-engineering-4395021/airflow/dags/two_task_dag.py
[2024-09-20T00:24:47.591+0000] {processor.py:925} INFO - DAG(s) 'two_task_dag' retrieved from /workspaces/hands-on-introduction-data-engineering-4395021/airflow/dags/two_task_dag.py
[2024-09-20T00:24:47.605+0000] {logging_mixin.py:190} INFO - [2024-09-20T00:24:47.605+0000] {dag.py:3229} INFO - Sync 1 DAGs
[2024-09-20T00:24:47.615+0000] {logging_mixin.py:190} INFO - [2024-09-20T00:24:47.614+0000] {dag.py:4156} INFO - Setting next_dagrun for two_task_dag to None, run_after=None
[2024-09-20T00:24:47.660+0000] {processor.py:208} INFO - Processing /workspaces/hands-on-introduction-data-engineering-4395021/airflow/dags/two_task_dag.py took 0.082 seconds
